#
# There is insufficient memory for the Java Runtime Environment to continue.
# Native memory allocation (malloc) failed to allocate 883408 bytes for Chunk::new
# Possible reasons:
#   The system is out of physical RAM or swap space
#   In 32 bit mode, the process size limit was hit
# Possible solutions:
#   Reduce memory load on the system
#   Increase physical memory or swap space
#   Check if swap backing store is full
#   Use 64 bit Java on a 64 bit OS
#   Decrease Java heap size (-Xmx/-Xms)
#   Decrease number of Java threads
#   Decrease Java thread stack sizes (-Xss)
#   Set larger code cache with -XX:ReservedCodeCacheSize=
# This output file may be truncated or incomplete.
#
#  Out of Memory Error (allocation.cpp:390), pid=5272, tid=8008
#
# JRE version: Java(TM) SE Runtime Environment (8.0_73-b02) (build 1.8.0_73-b02)
# Java VM: Java HotSpot(TM) 64-Bit Server VM (25.73-b02 mixed mode windows-amd64 compressed oops)
# Failed to write core dump. Minidumps are not enabled by default on client versions of Windows
#

---------------  T H R E A D  ---------------

Current thread (0x0000000056375000):  JavaThread "C2 CompilerThread1" daemon [_thread_in_native, id=8008, stack(0x0000000056da0000,0x0000000056ea0000)]

Stack: [0x0000000056da0000,0x0000000056ea0000]
[error occurred during error reporting (printing stack bounds), id 0xc0000005]

Native frames: (J=compiled Java code, j=interpreted, Vv=VM code, C=native code)


Current CompileTask:
C2:   2948 1530       4       com.android.dx.ssa.SCCP::simulatePhi (169 bytes)


---------------  P R O C E S S  ---------------

Java Threads: ( => current thread )
  0x000000005660f000 JavaThread "pool-1-thread-4" [_thread_in_Java, id=3396, stack(0x0000000057980000,0x0000000057a80000)]
  0x0000000056631000 JavaThread "pool-1-thread-3" [_thread_blocked, id=7568, stack(0x00000000577f0000,0x00000000578f0000)]
  0x0000000056630000 JavaThread "pool-1-thread-2" [_thread_blocked, id=7512, stack(0x00000000576a0000,0x00000000577a0000)]
  0x000000005662f800 JavaThread "pool-2-thread-1" [_thread_blocked, id=8168, stack(0x0000000057490000,0x0000000057590000)]
  0x000000005662b800 JavaThread "pool-1-thread-1" [_thread_blocked, id=5028, stack(0x0000000056ab0000,0x0000000056bb0000)]
  0x00000000563ef000 JavaThread "Service Thread" daemon [_thread_blocked, id=3736, stack(0x0000000057120000,0x0000000057220000)]
  0x00000000563c9000 JavaThread "C1 CompilerThread2" daemon [_thread_blocked, id=7608, stack(0x0000000056f30000,0x0000000057030000)]
=>0x0000000056375000 JavaThread "C2 CompilerThread1" daemon [_thread_in_native, id=8008, stack(0x0000000056da0000,0x0000000056ea0000)]
  0x0000000056373000 JavaThread "C2 CompilerThread0" daemon [_thread_in_native, id=7372, stack(0x0000000056bb0000,0x0000000056cb0000)]
  0x0000000054e32800 JavaThread "Attach Listener" daemon [_thread_blocked, id=6056, stack(0x0000000056970000,0x0000000056a70000)]
  0x0000000054e31000 JavaThread "Signal Dispatcher" daemon [_thread_blocked, id=6012, stack(0x00000000567b0000,0x00000000568b0000)]
  0x0000000054dd2000 JavaThread "Finalizer" daemon [_thread_blocked, id=7444, stack(0x0000000055eb0000,0x0000000055fb0000)]
  0x0000000054dd0800 JavaThread "Reference Handler" daemon [_thread_blocked, id=4060, stack(0x00000000561a0000,0x00000000562a0000)]
  0x0000000001ffe800 JavaThread "main" [_thread_blocked, id=7248, stack(0x0000000002280000,0x0000000002380000)]

Other Threads:
  0x0000000054dcb000 VMThread [stack: 0x0000000055ff0000,0x00000000560f0000] [id=7744]
  0x00000000563f9800 WatcherThread [stack: 0x0000000057360000,0x0000000057460000] [id=7824]

VM state:not at safepoint (normal execution)

VM Mutex/Monitor currently owned by a thread: None

Heap:
 PSYoungGen      total 34304K, used 9883K [0x00000000eab00000, 0x00000000ecf00000, 0x0000000100000000)
  eden space 31744K, 23% used [0x00000000eab00000,0x00000000eb22ee98,0x00000000eca00000)
  from space 2560K, 98% used [0x00000000eca00000,0x00000000ecc78048,0x00000000ecc80000)
  to   space 2560K, 0% used [0x00000000ecc80000,0x00000000ecc80000,0x00000000ecf00000)
 ParOldGen       total 42496K, used 8756K [0x00000000c0000000, 0x00000000c2980000, 0x00000000eab00000)
  object space 42496K, 20% used [0x00000000c0000000,0x00000000c088d270,0x00000000c2980000)
 Metaspace       used 6255K, capacity 7064K, committed 7424K, reserved 1056768K
  class space    used 618K, capacity 656K, committed 768K, reserved 1048576K

Card table byte_map: [0x0000000011a10000,0x0000000011c20000] byte_map_base: 0x0000000011410000

Marking Bits: (ParMarkBitMap*) 0x000000005cdd0600
 Begin Bits: [0x0000000012240000, 0x0000000013240000)
 End Bits:   [0x0000000013240000, 0x0000000014240000)

Polling page: 0x0000000000440000

CodeCache: size=245760Kb used=6261Kb max_used=6261Kb free=239498Kb
 bounds [0x0000000002650000, 0x0000000002c80000, 0x0000000011650000]
 total_blobs=1799 nmethods=1530 adapters=182
 compilation: enabled

Compilation events (10 events):
Event: 2.904 Thread 0x00000000563c9000 1564       2       com.android.dx.ssa.back.SsaToRop::convert (99 bytes)
Event: 2.906 Thread 0x00000000563c9000 nmethod 1564 0x0000000002c6e3d0 code [0x0000000002c6e5e0, 0x0000000002c6ecd8]
Event: 2.906 Thread 0x00000000563c9000 1571       2       java.util.Arrays::sort (47 bytes)
Event: 2.906 Thread 0x00000000563c9000 nmethod 1571 0x0000000002c6f410 code [0x0000000002c6f5a0, 0x0000000002c6f818]
Event: 2.906 Thread 0x00000000563c9000 1575       2       com.android.dx.cf.code.ValueAwareMachine::<init> (6 bytes)
Event: 2.906 Thread 0x00000000563c9000 nmethod 1575 0x0000000002c46a50 code [0x0000000002c46bc0, 0x0000000002c46d28]
Event: 2.906 Thread 0x00000000563c9000 1576       2       com.android.dx.rop.cst.CstBaseMethodRef::getParameterWordCount (12 bytes)
Event: 2.907 Thread 0x00000000563c9000 nmethod 1576 0x0000000002c6f990 code [0x0000000002c6fb20, 0x0000000002c6fda8]
Event: 2.907 Thread 0x00000000563c9000 1569       2       com.android.dx.dex.code.RopTranslator$LocalVariableAwareTranslationVisitor::visitThrowingInsn (11 bytes)
Event: 2.907 Thread 0x00000000563c9000 nmethod 1569 0x0000000002c70010 code [0x0000000002c701c0, 0x0000000002c705b8]

GC Heap History (6 events):
Event: 0.983 GC heap before
{Heap before GC invocations=1 (full 0):
 PSYoungGen      total 18432K, used 15872K [0x00000000eab00000, 0x00000000ebf80000, 0x0000000100000000)
  eden space 15872K, 100% used [0x00000000eab00000,0x00000000eba80000,0x00000000eba80000)
  from space 2560K, 0% used [0x00000000ebd00000,0x00000000ebd00000,0x00000000ebf80000)
  to   space 2560K, 0% used [0x00000000eba80000,0x00000000eba80000,0x00000000ebd00000)
 ParOldGen       total 42496K, used 0K [0x00000000c0000000, 0x00000000c2980000, 0x00000000eab00000)
  object space 42496K, 0% used [0x00000000c0000000,0x00000000c0000000,0x00000000c2980000)
 Metaspace       used 5716K, capacity 6640K, committed 6784K, reserved 1056768K
  class space    used 596K, capacity 616K, committed 640K, reserved 1048576K
Event: 1.004 GC heap after
Heap after GC invocations=1 (full 0):
 PSYoungGen      total 18432K, used 2535K [0x00000000eab00000, 0x00000000ecf00000, 0x0000000100000000)
  eden space 15872K, 0% used [0x00000000eab00000,0x00000000eab00000,0x00000000eba80000)
  from space 2560K, 99% used [0x00000000eba80000,0x00000000ebcf9fa0,0x00000000ebd00000)
  to   space 2560K, 0% used [0x00000000ecc80000,0x00000000ecc80000,0x00000000ecf00000)
 ParOldGen       total 42496K, used 1361K [0x00000000c0000000, 0x00000000c2980000, 0x00000000eab00000)
  object space 42496K, 3% used [0x00000000c0000000,0x00000000c0154468,0x00000000c2980000)
 Metaspace       used 5716K, capacity 6640K, committed 6784K, reserved 1056768K
  class space    used 596K, capacity 616K, committed 640K, reserved 1048576K
}
Event: 1.443 GC heap before
{Heap before GC invocations=2 (full 0):
 PSYoungGen      total 18432K, used 18407K [0x00000000eab00000, 0x00000000ecf00000, 0x0000000100000000)
  eden space 15872K, 100% used [0x00000000eab00000,0x00000000eba80000,0x00000000eba80000)
  from space 2560K, 99% used [0x00000000eba80000,0x00000000ebcf9fa0,0x00000000ebd00000)
  to   space 2560K, 0% used [0x00000000ecc80000,0x00000000ecc80000,0x00000000ecf00000)
 ParOldGen       total 42496K, used 1361K [0x00000000c0000000, 0x00000000c2980000, 0x00000000eab00000)
  object space 42496K, 3% used [0x00000000c0000000,0x00000000c0154468,0x00000000c2980000)
 Metaspace       used 5926K, capacity 6832K, committed 7040K, reserved 1056768K
  class space    used 596K, capacity 616K, committed 640K, reserved 1048576K
Event: 1.464 GC heap after
Heap after GC invocations=2 (full 0):
 PSYoungGen      total 34304K, used 2551K [0x00000000eab00000, 0x00000000ecf00000, 0x0000000100000000)
  eden space 31744K, 0% used [0x00000000eab00000,0x00000000eab00000,0x00000000eca00000)
  from space 2560K, 99% used [0x00000000ecc80000,0x00000000ecefdc88,0x00000000ecf00000)
  to   space 2560K, 0% used [0x00000000eca00000,0x00000000eca00000,0x00000000ecc80000)
 ParOldGen       total 42496K, used 4189K [0x00000000c0000000, 0x00000000c2980000, 0x00000000eab00000)
  object space 42496K, 9% used [0x00000000c0000000,0x00000000c0417528,0x00000000c2980000)
 Metaspace       used 5926K, capacity 6832K, committed 7040K, reserved 1056768K
  class space    used 596K, capacity 616K, committed 640K, reserved 1048576K
}
Event: 2.632 GC heap before
{Heap before GC invocations=3 (full 0):
 PSYoungGen      total 34304K, used 34295K [0x00000000eab00000, 0x00000000ecf00000, 0x0000000100000000)
  eden space 31744K, 100% used [0x00000000eab00000,0x00000000eca00000,0x00000000eca00000)
  from space 2560K, 99% used [0x00000000ecc80000,0x00000000ecefdc88,0x00000000ecf00000)
  to   space 2560K, 0% used [0x00000000eca00000,0x00000000eca00000,0x00000000ecc80000)
 ParOldGen       total 42496K, used 4189K [0x00000000c0000000, 0x00000000c2980000, 0x00000000eab00000)
  object space 42496K, 9% used [0x00000000c0000000,0x00000000c0417528,0x00000000c2980000)
 Metaspace       used 6236K, capacity 7064K, committed 7424K, reserved 1056768K
  class space    used 618K, capacity 656K, committed 768K, reserved 1048576K
Event: 2.671 GC heap after
Heap after GC invocations=3 (full 0):
 PSYoungGen      total 34304K, used 2528K [0x00000000eab00000, 0x00000000ecf00000, 0x0000000100000000)
  eden space 31744K, 0% used [0x00000000eab00000,0x00000000eab00000,0x00000000eca00000)
  from space 2560K, 98% used [0x00000000eca00000,0x00000000ecc78048,0x00000000ecc80000)
  to   space 2560K, 0% used [0x00000000ecc80000,0x00000000ecc80000,0x00000000ecf00000)
 ParOldGen       total 42496K, used 8756K [0x00000000c0000000, 0x00000000c2980000, 0x00000000eab00000)
  object space 42496K, 20% used [0x00000000c0000000,0x00000000c088d270,0x00000000c2980000)
 Metaspace       used 6236K, capacity 7064K, committed 7424K, reserved 1056768K
  class space    used 618K, capacity 656K, committed 768K, reserved 1048576K
}

Deoptimization events (10 events):
Event: 1.624 Thread 0x000000005660f000 Uncommon trap: reason=unstable_if action=reinterpret pc=0x0000000002ae4c84 method=com.android.dx.ssa.SCCP.simulateStmt(Lcom/android/dx/ssa/SsaInsn;)V @ 53
Event: 2.169 Thread 0x0000000056631000 Uncommon trap: reason=unstable_if action=reinterpret pc=0x000000000294503c method=java.util.HashMap.putVal(ILjava/lang/Object;Ljava/lang/Object;ZZ)Ljava/lang/Object; @ 162
Event: 2.173 Thread 0x0000000056631000 Uncommon trap: reason=unstable_if action=reinterpret pc=0x0000000002ae1b3c method=java.util.HashMap.getNode(ILjava/lang/Object;)Ljava/util/HashMap$Node; @ 84
Event: 2.600 Thread 0x000000005662b800 Uncommon trap: reason=unstable_if action=reinterpret pc=0x0000000002b8d058 method=java.util.HashMap.putVal(ILjava/lang/Object;Ljava/lang/Object;ZZ)Ljava/lang/Object; @ 162
Event: 2.600 Thread 0x000000005662b800 Uncommon trap: reason=unstable_if action=reinterpret pc=0x0000000002af07c8 method=java.util.HashMap.getNode(ILjava/lang/Object;)Ljava/util/HashMap$Node; @ 84
Event: 2.604 Thread 0x000000005660f000 Uncommon trap: reason=bimorphic action=maybe_recompile pc=0x0000000002c139a8 method=com.android.dx.cf.code.BytecodeArray.parseInstruction(ILcom/android/dx/cf/code/BytecodeArray$Visitor;)I @ 2281
Event: 2.605 Thread 0x000000005660f000 Uncommon trap: reason=bimorphic action=maybe_recompile pc=0x0000000002c139a8 method=com.android.dx.cf.code.BytecodeArray.parseInstruction(ILcom/android/dx/cf/code/BytecodeArray$Visitor;)I @ 2281
Event: 2.847 Thread 0x000000005662b800 Uncommon trap: reason=bimorphic action=maybe_recompile pc=0x0000000002c149e4 method=com.android.dx.cf.code.BytecodeArray.parseInstruction(ILcom/android/dx/cf/code/BytecodeArray$Visitor;)I @ 1130
Event: 2.848 Thread 0x000000005662b800 Uncommon trap: reason=bimorphic action=maybe_recompile pc=0x0000000002c14614 method=com.android.dx.cf.code.BytecodeArray.parseInstruction(ILcom/android/dx/cf/code/BytecodeArray$Visitor;)I @ 907
Event: 2.848 Thread 0x000000005662b800 Uncommon trap: reason=bimorphic action=maybe_recompile pc=0x0000000002c149e4 method=com.android.dx.cf.code.BytecodeArray.parseInstruction(ILcom/android/dx/cf/code/BytecodeArray$Visitor;)I @ 1130

Internal exceptions (6 events):
Event: 0.057 Thread 0x0000000001ffe800 Exception <a 'java/lang/NoSuchMethodError': Method sun.misc.Unsafe.defineClass(Ljava/lang/String;[BII)Ljava/lang/Class; name or signature does not match> (0x00000000eab130d8) thrown at [D:\re\puppet\workspace\8-2-build-windows-amd64-cygwin\jdk8u73\6086\hotw@Í‹G&≠?
Event: 0.057 Thread 0x0000000001ffe800 Exception <a 'java/lang/NoSuchMethodError': Method sun.misc.Unsafe.prefetchRead(Ljava/lang/Object;J)V name or signature does not match> (0x00000000eab133c0) thrown at [D:\re\puppet\workspace\8-2-build-windows-amd64-cygwin\jdk8u73\6086\hotspot\src\share\vm\üz@DÔ?
Event: 0.971 Thread 0x000000005660f000 Implicit null exception at 0x0000000002929ada to 0x000000000292b369
Event: 2.171 Thread 0x0000000056631000 Exception <a 'java/lang/ArrayIndexOutOfBoundsException': 18> (0x00000000ec53b890) thrown at [D:\re\puppet\workspace\8-2-build-windows-amd64-cygwin\jdk8u73\6086\hotspot\src\share\vm\interpreter\interpreterRuntime.cpp, line 366]
Event: 2.172 Thread 0x0000000056631000 Exception <a 'java/lang/ArrayIndexOutOfBoundsException': 145> (0x00000000ec53d410) thrown at [D:\re\puppet\workspace\8-2-build-windows-amd64-cygwin\jdk8u73\6086\hotspot\src\share\vm\interpreter\interpreterRuntime.cpp, line 366]
Event: 2.173 Thread 0x0000000056631000 Exception <a 'java/lang/ArrayIndexOutOfBoundsException'> (0x00000000ec53e6f8) thrown at [D:\re\puppet\workspace\8-2-build-windows-amd64-cygwin\jdk8u73\6086\hotspot\src\share\vm\runtime\sharedRuntime.cpp, line 605]

Events (10 events):
Event: 2.821 loading class com/android/dx/cf/code/SwitchList done
Event: 2.847 Thread 0x000000005662b800 Uncommon trap: trap_request=0xffffffc6 fr.pc=0x0000000002c149e4
Event: 2.847 Thread 0x000000005662b800 DEOPT PACKING pc=0x0000000002c149e4 sp=0x0000000056bae970
Event: 2.847 Thread 0x000000005662b800 DEOPT UNPACKING pc=0x000000000269582a sp=0x0000000056bae918 mode 2
Event: 2.848 Thread 0x000000005662b800 Uncommon trap: trap_request=0xffffffc6 fr.pc=0x0000000002c14614
Event: 2.848 Thread 0x000000005662b800 DEOPT PACKING pc=0x0000000002c14614 sp=0x0000000056bae970
Event: 2.848 Thread 0x000000005662b800 DEOPT UNPACKING pc=0x000000000269582a sp=0x0000000056bae918 mode 2
Event: 2.848 Thread 0x000000005662b800 Uncommon trap: trap_request=0xffffffc6 fr.pc=0x0000000002c149e4
Event: 2.848 Thread 0x000000005662b800 DEOPT PACKING pc=0x0000000002c149e4 sp=0x0000000056bae970
Event: 2.848 Thread 0x000000005662b800 DEOPT UNPACKING pc=0x000000000269582a sp=0x0000000056bae918 mode 2


Dynamic libraries:
0x000000013f4c0000 - 0x000000013f4f7000 	C:\Program Files\Java\jdk1.8.0_73\bin\java.exe
0x0000000077b10000 - 0x0000000077cba000 	C:\Windows\SYSTEM32\ntdll.dll
0x00000000779f0000 - 0x0000000077b0f000 	C:\Windows\system32\kernel32.dll
0x000007fefdb40000 - 0x000007fefdbaa000 	C:\Windows\system32\KERNELBASE.dll
0x0000000075540000 - 0x00000000755c7000 	C:\Windows\System32\SYSFER.DLL
0x000007fefe560000 - 0x000007fefe63b000 	C:\Windows\system32\ADVAPI32.dll
0x000007fefe1a0000 - 0x000007fefe23f000 	C:\Windows\system32\msvcrt.dll
0x000007fefe180000 - 0x000007fefe19f000 	C:\Windows\SYSTEM32\sechost.dll
0x000007fefeb60000 - 0x000007fefec8d000 	C:\Windows\system32\RPCRT4.dll
0x00000000778f0000 - 0x00000000779ea000 	C:\Windows\system32\USER32.dll
0x000007fefe440000 - 0x000007fefe4a7000 	C:\Windows\system32\GDI32.dll
0x000007fefded0000 - 0x000007fefdede000 	C:\Windows\system32\LPK.dll
0x000007fefdee0000 - 0x000007fefdfaa000 	C:\Windows\system32\USP10.dll
0x000007fefc7e0000 - 0x000007fefc9d4000 	C:\Windows\WinSxS\amd64_microsoft.windows.common-controls_6595b64144ccf1df_6.0.7601.18837_none_fa3b1e3d17594757\COMCTL32.dll
0x000007feff010000 - 0x000007feff081000 	C:\Windows\system32\SHLWAPI.dll
0x000007fefe4b0000 - 0x000007fefe4de000 	C:\Windows\system32\IMM32.DLL
0x000007fefe070000 - 0x000007fefe179000 	C:\Windows\system32\MSCTF.dll
0x00000000593b0000 - 0x0000000059482000 	C:\Program Files\Java\jdk1.8.0_73\jre\bin\msvcr100.dll
0x000000005c5c0000 - 0x000000005ce50000 	C:\Program Files\Java\jdk1.8.0_73\jre\bin\server\jvm.dll
0x000007feeca20000 - 0x000007feeca29000 	C:\Windows\system32\WSOCK32.dll
0x000007fefe640000 - 0x000007fefe68d000 	C:\Windows\system32\WS2_32.dll
0x000007fefe430000 - 0x000007fefe438000 	C:\Windows\system32\NSI.dll
0x000007fefc4a0000 - 0x000007fefc4db000 	C:\Windows\system32\WINMM.dll
0x000007fefcbc0000 - 0x000007fefcbcc000 	C:\Windows\system32\VERSION.dll
0x0000000077cd0000 - 0x0000000077cd7000 	C:\Windows\system32\PSAPI.DLL
0x00000000617e0000 - 0x00000000617ef000 	C:\Program Files\Java\jdk1.8.0_73\jre\bin\verify.dll
0x00000000605c0000 - 0x00000000605e9000 	C:\Program Files\Java\jdk1.8.0_73\jre\bin\java.dll
0x00000000605a0000 - 0x00000000605b6000 	C:\Program Files\Java\jdk1.8.0_73\jre\bin\zip.dll
0x000007feff090000 - 0x000007feffe1a000 	C:\Windows\system32\SHELL32.dll
0x000007fefe950000 - 0x000007fefeb53000 	C:\Windows\system32\ole32.dll
0x000007fefd850000 - 0x000007fefd85f000 	C:\Windows\system32\profapi.dll

VM Arguments:
jvm_args: -Djava.awt.headless=true -Xmx1024M -Dfile.encoding=windows-1251 -Duser.country=RU -Duser.language=ru -Duser.variant 
java_command: com.android.dx.command.Main --dex --force-jumbo --num-threads=4 --output C:\asp\NGS_vacancy\app\build\intermediates\pre-dexed\debug\okhttp-3.3.0_5cbcb67160bc879b5b35a7a0c40f7b9748595ab1.jar C:\Users\avtseben\.gradle\caches\modules-2\files-2.1\com.squareup.okhttp3\okhttp\3.3.0\2b802460eea20f8f2ad9c08c74e0f14718e88aa9\okhttp-3.3.0.jar
java_class_path (initial): C:\Users\avtseben\AppData\Local\Android\Sdk\build-tools\23.0.3\lib\dx.jar
Launcher Type: SUN_STANDARD

Environment Variables:
PATH=C:\Program Files\Broadcom\Broadcom 802.11;c:\Program Files (x86)\Intel\iCLS Client\;c:\Program Files\Intel\iCLS Client\;C:\ProgramData\Oracle\Java\javapath;C:\Windows\system32;C:\Windows;C:\Windows\System32\Wbem;C:\Windows\System32\WindowsPowerShell\v1.0\;C:\Program Files\Intel\Intel(R) Management Engine Components\DAL;C:\Program Files\Intel\Intel(R) Management Engine Components\IPT;C:\Program Files (x86)\Intel\Intel(R) Management Engine Components\DAL;C:\Program Files (x86)\Intel\Intel(R) Management Engine Components\IPT;c:\Program Files\WIDCOMM\Bluetooth Software\;c:\Program Files\WIDCOMM\Bluetooth Software\syswow64;C:\Program Files (x86)\Hewlett-Packard\HP ProtectTools Security Manager\Bin\;C:\Program Files (x86)\Skype\Phone\;C:\Program Files\OpenVPN\bin;C:\androidSDK\platform-tools\;C:\Program Files\Broadcom\Broadcom 802.11;c:\Program Files (x86)\Intel\iCLS Client\;c:\Program Files\Intel\iCLS Client\;C:\ProgramData\Oracle\Java\javapath;C:\Windows\system32;C:\Windows;C:\Windows\System32\Wbem;C:\Windows\System32\WindowsPowerShell\v1.0\;C:\Program Files\Intel\Intel(R) Management Engine Components\DAL;C:\Program Files\Intel\Intel(R) Management Engine Components\IPT;C:\Program Files (x86)\Intel\Intel(R) Management Engine Components\DAL;C:\Program Files (x86)\Intel\Intel(R) Management Engine Components\IPT;c:\Program Files\WIDCOMM\Bluetooth Software\;c:\Program Files\WIDCOMM\Bluetooth Software\syswow64;C:\Program Files (x86)\Hewlett-Packard\HP ProtectTools Security Manager\Bin\;C:\Program Files (x86)\Brackets\command;C:\Program Files (x86)\Skype\Phone\;C:\Program Files (x86)\ufs2tools-0.8\ufs2tools\;C:\Program Files\Git\bin\;C:\androidSDK\platform-tools;C:\gradle\bin
USERNAME=avtseben
OS=Windows_NT
PROCESSOR_IDENTIFIER=Intel64 Family 6 Model 58 Stepping 9, GenuineIntel



---------------  S Y S T E M  ---------------

OS: Windows 7 , 64 bit Build 7601 (6.1.7601.23572)

CPU:total 4 (2 cores per cpu, 2 threads per core) family 6 model 58 stepping 9, cmov, cx8, fxsr, mmx, sse, sse2, sse3, ssse3, sse4.1, sse4.2, popcnt, avx, aes, clmul, erms, ht, tsc, tscinvbit, tscinv

Memory: 4k page, physical 4056748k(154860k free), swap 4727752k(5392k free)

vm_info: Java HotSpot(TM) 64-Bit Server VM (25.73-b02) for windows-amd64 JRE (1.8.0_73-b02), built on Jan 29 2016 17:38:49 by "java_re" with MS VC++ 10.0 (VS2010)

time: Tue Dec 20 23:11:00 2016
elapsed time: 2 seconds (0d 0h 0m 2s)

