#
# There is insufficient memory for the Java Runtime Environment to continue.
# Native memory allocation (malloc) failed to allocate 32784 bytes for Chunk::new
# Possible reasons:
#   The system is out of physical RAM or swap space
#   In 32 bit mode, the process size limit was hit
# Possible solutions:
#   Reduce memory load on the system
#   Increase physical memory or swap space
#   Check if swap backing store is full
#   Use 64 bit Java on a 64 bit OS
#   Decrease Java heap size (-Xmx/-Xms)
#   Decrease number of Java threads
#   Decrease Java thread stack sizes (-Xss)
#   Set larger code cache with -XX:ReservedCodeCacheSize=
# This output file may be truncated or incomplete.
#
#  Out of Memory Error (allocation.cpp:390), pid=6684, tid=7304
#
# JRE version: Java(TM) SE Runtime Environment (8.0_73-b02) (build 1.8.0_73-b02)
# Java VM: Java HotSpot(TM) 64-Bit Server VM (25.73-b02 mixed mode windows-amd64 compressed oops)
# Failed to write core dump. Minidumps are not enabled by default on client versions of Windows
#

---------------  T H R E A D  ---------------

Current thread (0x00000000563e4800):  JavaThread "C2 CompilerThread0" daemon [_thread_in_native, id=7304, stack(0x0000000056ab0000,0x0000000056bb0000)]

Stack: [0x0000000056ab0000,0x0000000056bb0000]
[error occurred during error reporting (printing stack bounds), id 0xc0000005]

Native frames: (J=compiled Java code, j=interpreted, Vv=VM code, C=native code)


Current CompileTask:
C2:   2871  904       4       com.android.dx.ssa.SsaMethod::deleteInsns (239 bytes)


---------------  P R O C E S S  ---------------

Java Threads: ( => current thread )
  0x0000000056674800 JavaThread "pool-1-thread-2" [_thread_in_Java, id=5300, stack(0x00000000573e0000,0x00000000574e0000)]
  0x000000005656d000 JavaThread "pool-2-thread-1" [_thread_blocked, id=7400, stack(0x00000000572e0000,0x00000000573e0000)]
  0x000000005646f000 JavaThread "Service Thread" daemon [_thread_blocked, id=228, stack(0x0000000056180000,0x0000000056280000)]
  0x00000000563ea800 JavaThread "C1 CompilerThread2" daemon [_thread_blocked, id=7260, stack(0x0000000056e20000,0x0000000056f20000)]
  0x00000000563ea000 JavaThread "C2 CompilerThread1" daemon [_thread_blocked, id=4204, stack(0x0000000056ce0000,0x0000000056de0000)]
=>0x00000000563e4800 JavaThread "C2 CompilerThread0" daemon [_thread_in_native, id=7304, stack(0x0000000056ab0000,0x0000000056bb0000)]
  0x00000000563e1800 JavaThread "Attach Listener" daemon [_thread_blocked, id=1292, stack(0x0000000056960000,0x0000000056a60000)]
  0x0000000054e45000 JavaThread "Signal Dispatcher" daemon [_thread_blocked, id=7280, stack(0x00000000567e0000,0x00000000568e0000)]
  0x0000000054de5000 JavaThread "Finalizer" daemon [_thread_blocked, id=5036, stack(0x00000000562e0000,0x00000000563e0000)]
  0x0000000054de4000 JavaThread "Reference Handler" daemon [_thread_blocked, id=7052, stack(0x0000000056080000,0x0000000056180000)]
  0x000000000214e800 JavaThread "main" [_thread_blocked, id=2920, stack(0x0000000002360000,0x0000000002460000)]

Other Threads:
  0x0000000054ddf000 VMThread [stack: 0x0000000055e70000,0x0000000055f70000] [id=260]
  0x0000000056478800 WatcherThread [stack: 0x0000000056f60000,0x0000000057060000] [id=7200]

VM state:not at safepoint (normal execution)

VM Mutex/Monitor currently owned by a thread: None

Heap:
 PSYoungGen      total 18432K, used 6874K [0x00000000eab00000, 0x00000000ecf00000, 0x0000000100000000)
  eden space 15872K, 27% used [0x00000000eab00000,0x00000000eaf38588,0x00000000eba80000)
  from space 2560K, 99% used [0x00000000eba80000,0x00000000ebcfe3d0,0x00000000ebd00000)
  to   space 2560K, 0% used [0x00000000ecc80000,0x00000000ecc80000,0x00000000ecf00000)
 ParOldGen       total 42496K, used 1195K [0x00000000c0000000, 0x00000000c2980000, 0x00000000eab00000)
  object space 42496K, 2% used [0x00000000c0000000,0x00000000c012af80,0x00000000c2980000)
 Metaspace       used 5658K, capacity 6768K, committed 7040K, reserved 1056768K
  class space    used 584K, capacity 616K, committed 640K, reserved 1048576K

Card table byte_map: [0x0000000011af0000,0x0000000011d00000] byte_map_base: 0x00000000114f0000

Marking Bits: (ParMarkBitMap*) 0x000000005cc80600
 Begin Bits: [0x0000000012250000, 0x0000000013250000)
 End Bits:   [0x0000000013250000, 0x0000000014250000)

Polling page: 0x0000000000340000

CodeCache: size=245760Kb used=3374Kb max_used=3385Kb free=242385Kb
 bounds [0x0000000002730000, 0x0000000002a90000, 0x0000000011730000]
 total_blobs=1130 nmethods=866 adapters=176
 compilation: enabled

Compilation events (10 events):
Event: 2.856 Thread 0x00000000563ea800 nmethod 899 0x0000000002a7a2d0 code [0x0000000002a7a4e0, 0x0000000002a7ae48]
Event: 2.856 Thread 0x00000000563ea800  874       3       com.android.dx.cf.code.ByteBlock::<init> (181 bytes)
Event: 2.857 Thread 0x00000000563ea800 nmethod 874 0x0000000002a7d1d0 code [0x0000000002a7d4a0, 0x0000000002a7e768]
Event: 2.857 Thread 0x00000000563e4800 

Event: 2.857 Thread 0x00000000563e4800  904       4       com.android.dx.ssa.SsaMethod::deleteInsns (239 bytes)
Event: 2.858 Thread 0x00000000563ea000 nmethod 881 0x0000000002a79d10 code [0x0000000002a79e60, 0x0000000002a7a0f8]
Event: 2.858 Thread 0x00000000563ea000  907       4       java.util.ArrayList::ensureCapacity (28 bytes)
Event: 2.861 Thread 0x00000000563ea000 nmethod 907 0x0000000002a797d0 code [0x0000000002a79920, 0x0000000002a79b78]
Event: 2.861 Thread 0x00000000563ea000  906       4       java.util.BitSet::expandTo (23 bytes)
Event: 2.862 Thread 0x00000000563ea000 nmethod 906 0x0000000002a79490 code [0x0000000002a795e0, 0x0000000002a796c8]

GC Heap History (2 events):
Event: 2.108 GC heap before
{Heap before GC invocations=1 (full 0):
 PSYoungGen      total 18432K, used 15872K [0x00000000eab00000, 0x00000000ebf80000, 0x0000000100000000)
  eden space 15872K, 100% used [0x00000000eab00000,0x00000000eba80000,0x00000000eba80000)
  from space 2560K, 0% used [0x00000000ebd00000,0x00000000ebd00000,0x00000000ebf80000)
  to   space 2560K, 0% used [0x00000000eba80000,0x00000000eba80000,0x00000000ebd00000)
 ParOldGen       total 42496K, used 0K [0x00000000c0000000, 0x00000000c2980000, 0x00000000eab00000)
  object space 42496K, 0% used [0x00000000c0000000,0x00000000c0000000,0x00000000c2980000)
 Metaspace       used 5603K, capacity 6704K, committed 6784K, reserved 1056768K
  class space    used 584K, capacity 616K, committed 640K, reserved 1048576K
Event: 2.583 GC heap after
Heap after GC invocations=1 (full 0):
 PSYoungGen      total 18432K, used 2552K [0x00000000eab00000, 0x00000000ecf00000, 0x0000000100000000)
  eden space 15872K, 0% used [0x00000000eab00000,0x00000000eab00000,0x00000000eba80000)
  from space 2560K, 99% used [0x00000000eba80000,0x00000000ebcfe3d0,0x00000000ebd00000)
  to   space 2560K, 0% used [0x00000000ecc80000,0x00000000ecc80000,0x00000000ecf00000)
 ParOldGen       total 42496K, used 1195K [0x00000000c0000000, 0x00000000c2980000, 0x00000000eab00000)
  object space 42496K, 2% used [0x00000000c0000000,0x00000000c012af80,0x00000000c2980000)
 Metaspace       used 5603K, capacity 6704K, committed 6784K, reserved 1056768K
  class space    used 584K, capacity 616K, committed 640K, reserved 1048576K
}

Deoptimization events (10 events):
Event: 1.894 Thread 0x0000000056674800 Uncommon trap: reason=bimorphic action=maybe_recompile pc=0x00000000029ef630 method=com.android.dx.ssa.NormalSsaInsn.accept(Lcom/android/dx/ssa/SsaInsn$Visitor;)V @ 9
Event: 1.894 Thread 0x0000000056674800 Uncommon trap: reason=bimorphic action=maybe_recompile pc=0x00000000029ef630 method=com.android.dx.ssa.NormalSsaInsn.accept(Lcom/android/dx/ssa/SsaInsn$Visitor;)V @ 9
Event: 1.895 Thread 0x0000000056674800 Uncommon trap: reason=bimorphic action=maybe_recompile pc=0x00000000029ef630 method=com.android.dx.ssa.NormalSsaInsn.accept(Lcom/android/dx/ssa/SsaInsn$Visitor;)V @ 9
Event: 1.912 Thread 0x0000000056674800 Uncommon trap: reason=bimorphic action=maybe_recompile pc=0x00000000029ef630 method=com.android.dx.ssa.NormalSsaInsn.accept(Lcom/android/dx/ssa/SsaInsn$Visitor;)V @ 9
Event: 1.913 Thread 0x0000000056674800 Uncommon trap: reason=unstable_if action=reinterpret pc=0x0000000002957d14 method=java.util.HashMap.getNode(ILjava/lang/Object;)Ljava/util/HashMap$Node; @ 62
Event: 2.837 Thread 0x0000000056674800 Uncommon trap: reason=bimorphic action=maybe_recompile pc=0x0000000002a4c824 method=java.util.HashMap.getNode(ILjava/lang/Object;)Ljava/util/HashMap$Node; @ 126
Event: 2.837 Thread 0x0000000056674800 Uncommon trap: reason=bimorphic action=maybe_recompile pc=0x0000000002a4c824 method=java.util.HashMap.getNode(ILjava/lang/Object;)Ljava/util/HashMap$Node; @ 126
Event: 2.837 Thread 0x0000000056674800 Uncommon trap: reason=bimorphic action=maybe_recompile pc=0x0000000002a4c824 method=java.util.HashMap.getNode(ILjava/lang/Object;)Ljava/util/HashMap$Node; @ 126
Event: 2.837 Thread 0x0000000056674800 Uncommon trap: reason=bimorphic action=maybe_recompile pc=0x0000000002a4c824 method=java.util.HashMap.getNode(ILjava/lang/Object;)Ljava/util/HashMap$Node; @ 126
Event: 2.853 Thread 0x0000000056674800 Uncommon trap: reason=unstable_if action=reinterpret pc=0x0000000002996864 method=java.util.BitSet.ensureCapacity(I)V @ 6

Internal exceptions (2 events):
Event: 0.993 Thread 0x000000000214e800 Exception <a 'java/lang/NoSuchMethodError': Method sun.misc.Unsafe.defineClass(Ljava/lang/String;[BII)Ljava/lang/Class; name or signature does not match> (0x00000000eab130d8) thrown at [D:\re\puppet\workspace\8-2-build-windows-amd64-cygwin\jdk8u73\6086\hotDŠ~*ÃÆï?
Event: 0.993 Thread 0x000000000214e800 Exception <a 'java/lang/NoSuchMethodError': Method sun.misc.Unsafe.prefetchRead(Ljava/lang/Object;J)V name or signature does not match> (0x00000000eab133c0) thrown at [D:\re\puppet\workspace\8-2-build-windows-amd64-cygwin\jdk8u73\6086\hotspot\src\share\vm\

Events (10 events):
Event: 2.837 Thread 0x0000000056674800 DEOPT UNPACKING pc=0x000000000277582a sp=0x00000000574de930 mode 2
Event: 2.837 Thread 0x0000000056674800 Uncommon trap: trap_request=0xffffffc6 fr.pc=0x0000000002a4c824
Event: 2.837 Thread 0x0000000056674800 DEOPT PACKING pc=0x0000000002a4c824 sp=0x00000000574de670
Event: 2.837 Thread 0x0000000056674800 DEOPT UNPACKING pc=0x000000000277582a sp=0x00000000574de5f0 mode 2
Event: 2.837 Thread 0x0000000056674800 Uncommon trap: trap_request=0xffffffc6 fr.pc=0x0000000002a4c824
Event: 2.837 Thread 0x0000000056674800 DEOPT PACKING pc=0x0000000002a4c824 sp=0x00000000574de680
Event: 2.837 Thread 0x0000000056674800 DEOPT UNPACKING pc=0x000000000277582a sp=0x00000000574de600 mode 2
Event: 2.853 Thread 0x0000000056674800 Uncommon trap: trap_request=0xffffff65 fr.pc=0x0000000002996864
Event: 2.853 Thread 0x0000000056674800 DEOPT PACKING pc=0x0000000002996864 sp=0x00000000574deaf0
Event: 2.854 Thread 0x0000000056674800 DEOPT UNPACKING pc=0x000000000277582a sp=0x00000000574de9c8 mode 2


Dynamic libraries:
0x000000013fc90000 - 0x000000013fcc7000 	C:\Program Files\Java\jdk1.8.0_73\bin\java.exe
0x0000000077270000 - 0x000000007741a000 	C:\Windows\SYSTEM32\ntdll.dll
0x0000000077150000 - 0x000000007726f000 	C:\Windows\system32\kernel32.dll
0x000007fefcfd0000 - 0x000007fefd03a000 	C:\Windows\system32\KERNELBASE.dll
0x0000000074ca0000 - 0x0000000074d27000 	C:\Windows\System32\SYSFER.DLL
0x000007fefdc80000 - 0x000007fefdd5b000 	C:\Windows\system32\ADVAPI32.dll
0x000007fefdd60000 - 0x000007fefddff000 	C:\Windows\system32\msvcrt.dll
0x000007feff560000 - 0x000007feff57f000 	C:\Windows\SYSTEM32\sechost.dll
0x000007fefd450000 - 0x000007fefd57d000 	C:\Windows\system32\RPCRT4.dll
0x0000000077050000 - 0x000000007714a000 	C:\Windows\system32\USER32.dll
0x000007fefd7e0000 - 0x000007fefd847000 	C:\Windows\system32\GDI32.dll
0x000007fefd430000 - 0x000007fefd43e000 	C:\Windows\system32\LPK.dll
0x000007fefd360000 - 0x000007fefd42a000 	C:\Windows\system32\USP10.dll
0x000007fefbf40000 - 0x000007fefc134000 	C:\Windows\WinSxS\amd64_microsoft.windows.common-controls_6595b64144ccf1df_6.0.7601.18837_none_fa3b1e3d17594757\COMCTL32.dll
0x000007fefe2e0000 - 0x000007fefe351000 	C:\Windows\system32\SHLWAPI.dll
0x000007fefd580000 - 0x000007fefd5ae000 	C:\Windows\system32\IMM32.DLL
0x000007fefdea0000 - 0x000007fefdfa9000 	C:\Windows\system32\MSCTF.dll
0x000000005bef0000 - 0x000000005bfc2000 	C:\Program Files\Java\jdk1.8.0_73\jre\bin\msvcr100.dll
0x000000005c470000 - 0x000000005cd00000 	C:\Program Files\Java\jdk1.8.0_73\jre\bin\server\jvm.dll
0x000007feef9c0000 - 0x000007feef9c9000 	C:\Windows\system32\WSOCK32.dll
0x000007fefdfb0000 - 0x000007fefdffd000 	C:\Windows\system32\WS2_32.dll
0x000007fefd440000 - 0x000007fefd448000 	C:\Windows\system32\NSI.dll
0x000007fefbc00000 - 0x000007fefbc3b000 	C:\Windows\system32\WINMM.dll
0x000007fefc330000 - 0x000007fefc33c000 	C:\Windows\system32\VERSION.dll
0x0000000077430000 - 0x0000000077437000 	C:\Windows\system32\PSAPI.DLL
0x000000005ff30000 - 0x000000005ff3f000 	C:\Program Files\Java\jdk1.8.0_73\jre\bin\verify.dll
0x000000005c440000 - 0x000000005c469000 	C:\Program Files\Java\jdk1.8.0_73\jre\bin\java.dll
0x000000005c420000 - 0x000000005c436000 	C:\Program Files\Java\jdk1.8.0_73\jre\bin\zip.dll
0x000007fefe360000 - 0x000007feff0ea000 	C:\Windows\system32\SHELL32.dll
0x000007fefd5b0000 - 0x000007fefd7b3000 	C:\Windows\system32\ole32.dll
0x000007fefcfa0000 - 0x000007fefcfaf000 	C:\Windows\system32\profapi.dll

VM Arguments:
jvm_args: -Djava.awt.headless=true -Xmx1024M -Dfile.encoding=windows-1251 -Duser.country=RU -Duser.language=ru -Duser.variant 
java_command: com.android.dx.command.Main --dex --force-jumbo --num-threads=4 --output C:\asp\NGS_vacancy\app\build\intermediates\pre-dexed\debug\com.android.support-cardview-v7-24.2.1_7ebd9509001e7497e57de230defeb4e5d8db4ef7.jar C:\asp\NGS_vacancy\app\build\intermediates\exploded-aar\com.android.support\cardview-v7\24.2.1\jars\classes.jar
java_class_path (initial): C:\Users\avtseben\AppData\Local\Android\Sdk\build-tools\23.0.3\lib\dx.jar
Launcher Type: SUN_STANDARD

Environment Variables:
PATH=C:\Program Files\Broadcom\Broadcom 802.11;c:\Program Files (x86)\Intel\iCLS Client\;c:\Program Files\Intel\iCLS Client\;C:\ProgramData\Oracle\Java\javapath;C:\Windows\system32;C:\Windows;C:\Windows\System32\Wbem;C:\Windows\System32\WindowsPowerShell\v1.0\;C:\Program Files\Intel\Intel(R) Management Engine Components\DAL;C:\Program Files\Intel\Intel(R) Management Engine Components\IPT;C:\Program Files (x86)\Intel\Intel(R) Management Engine Components\DAL;C:\Program Files (x86)\Intel\Intel(R) Management Engine Components\IPT;c:\Program Files\WIDCOMM\Bluetooth Software\;c:\Program Files\WIDCOMM\Bluetooth Software\syswow64;C:\Program Files (x86)\Hewlett-Packard\HP ProtectTools Security Manager\Bin\;C:\Program Files (x86)\Skype\Phone\;C:\Program Files\OpenVPN\bin;C:\androidSDK\platform-tools\;C:\Program Files\Broadcom\Broadcom 802.11;c:\Program Files (x86)\Intel\iCLS Client\;c:\Program Files\Intel\iCLS Client\;C:\ProgramData\Oracle\Java\javapath;C:\Windows\system32;C:\Windows;C:\Windows\System32\Wbem;C:\Windows\System32\WindowsPowerShell\v1.0\;C:\Program Files\Intel\Intel(R) Management Engine Components\DAL;C:\Program Files\Intel\Intel(R) Management Engine Components\IPT;C:\Program Files (x86)\Intel\Intel(R) Management Engine Components\DAL;C:\Program Files (x86)\Intel\Intel(R) Management Engine Components\IPT;c:\Program Files\WIDCOMM\Bluetooth Software\;c:\Program Files\WIDCOMM\Bluetooth Software\syswow64;C:\Program Files (x86)\Hewlett-Packard\HP ProtectTools Security Manager\Bin\;C:\Program Files (x86)\Brackets\command;C:\Program Files (x86)\Skype\Phone\;C:\Program Files (x86)\ufs2tools-0.8\ufs2tools\;C:\Program Files\Git\bin\;C:\androidSDK\platform-tools;C:\gradle\bin
USERNAME=avtseben
OS=Windows_NT
PROCESSOR_IDENTIFIER=Intel64 Family 6 Model 58 Stepping 9, GenuineIntel



---------------  S Y S T E M  ---------------

OS: Windows 7 , 64 bit Build 7601 (6.1.7601.23572)

CPU:total 4 (2 cores per cpu, 2 threads per core) family 6 model 58 stepping 9, cmov, cx8, fxsr, mmx, sse, sse2, sse3, ssse3, sse4.1, sse4.2, popcnt, avx, aes, clmul, erms, ht, tsc, tscinvbit, tscinv

Memory: 4k page, physical 4056748k(582164k free), swap 4734624k(5116k free)

vm_info: Java HotSpot(TM) 64-Bit Server VM (25.73-b02) for windows-amd64 JRE (1.8.0_73-b02), built on Jan 29 2016 17:38:49 by "java_re" with MS VC++ 10.0 (VS2010)

time: Sat Dec 24 12:14:07 2016
elapsed time: 2 seconds (0d 0h 0m 2s)

