#
# There is insufficient memory for the Java Runtime Environment to continue.
# Native memory allocation (malloc) failed to allocate 32744 bytes for ChunkPool::allocate
# Possible reasons:
#   The system is out of physical RAM or swap space
#   In 32 bit mode, the process size limit was hit
# Possible solutions:
#   Reduce memory load on the system
#   Increase physical memory or swap space
#   Check if swap backing store is full
#   Use 64 bit Java on a 64 bit OS
#   Decrease Java heap size (-Xmx/-Xms)
#   Decrease number of Java threads
#   Decrease Java thread stack sizes (-Xss)
#   Set larger code cache with -XX:ReservedCodeCacheSize=
# This output file may be truncated or incomplete.
#
#  Out of Memory Error (allocation.cpp:273), pid=7844, tid=7572
#
# JRE version: Java(TM) SE Runtime Environment (8.0_73-b02) (build 1.8.0_73-b02)
# Java VM: Java HotSpot(TM) 64-Bit Server VM (25.73-b02 mixed mode windows-amd64 compressed oops)
# Failed to write core dump. Minidumps are not enabled by default on client versions of Windows
#

---------------  T H R E A D  ---------------

Current thread (0x0000000056427000):  JavaThread "C2 CompilerThread1" daemon [_thread_in_native, id=7572, stack(0x0000000056e60000,0x0000000056f60000)]

Stack: [0x0000000056e60000,0x0000000056f60000]
[error occurred during error reporting (printing stack bounds), id 0xc0000005]

Native frames: (J=compiled Java code, j=interpreted, Vv=VM code, C=native code)


Current CompileTask:
C2:    743   91       4       java.lang.String::indexOf (70 bytes)


---------------  P R O C E S S  ---------------

Java Threads: ( => current thread )
  0x0000000056479800 JavaThread "Service Thread" daemon [_thread_blocked, id=6056, stack(0x0000000057290000,0x0000000057390000)]
  0x0000000056428000 JavaThread "C1 CompilerThread2" daemon [_thread_in_native, id=8132, stack(0x0000000057050000,0x0000000057150000)]
=>0x0000000056427000 JavaThread "C2 CompilerThread1" daemon [_thread_in_native, id=7572, stack(0x0000000056e60000,0x0000000056f60000)]
  0x0000000056424800 JavaThread "C2 CompilerThread0" daemon [_thread_blocked, id=8348, stack(0x0000000056d30000,0x0000000056e30000)]
  0x0000000056421800 JavaThread "Attach Listener" daemon [_thread_blocked, id=5256, stack(0x0000000056b00000,0x0000000056c00000)]
  0x00000000550f4000 JavaThread "Signal Dispatcher" daemon [_thread_blocked, id=7316, stack(0x00000000568b0000,0x00000000569b0000)]
  0x0000000055092000 JavaThread "Finalizer" daemon [_thread_blocked, id=8200, stack(0x0000000055fe0000,0x00000000560e0000)]
  0x0000000055090800 JavaThread "Reference Handler" daemon [_thread_blocked, id=8824, stack(0x0000000056320000,0x0000000056420000)]
  0x000000000229e800 JavaThread "main" [_thread_in_Java, id=5540, stack(0x0000000002460000,0x0000000002560000)]

Other Threads:
  0x000000005508b000 VMThread [stack: 0x0000000056120000,0x0000000056220000] [id=8052]
  0x0000000056484800 WatcherThread [stack: 0x0000000056c00000,0x0000000056d00000] [id=8372]

VM state:not at safepoint (normal execution)

VM Mutex/Monitor currently owned by a thread: None

Heap:
 PSYoungGen      total 18432K, used 2547K [0x00000000eab00000, 0x00000000ebf80000, 0x0000000100000000)
  eden space 15872K, 16% used [0x00000000eab00000,0x00000000ead7cc68,0x00000000eba80000)
  from space 2560K, 0% used [0x00000000ebd00000,0x00000000ebd00000,0x00000000ebf80000)
  to   space 2560K, 0% used [0x00000000eba80000,0x00000000eba80000,0x00000000ebd00000)
 ParOldGen       total 42496K, used 0K [0x00000000c0000000, 0x00000000c2980000, 0x00000000eab00000)
  object space 42496K, 0% used [0x00000000c0000000,0x00000000c0000000,0x00000000c2980000)
 Metaspace       used 3374K, capacity 4720K, committed 4864K, reserved 1056768K
  class space    used 372K, capacity 424K, committed 512K, reserved 1048576K

Card table byte_map: [0x0000000011bf0000,0x0000000011e00000] byte_map_base: 0x00000000115f0000

Marking Bits: (ParMarkBitMap*) 0x000000005b950600
 Begin Bits: [0x0000000012500000, 0x0000000013500000)
 End Bits:   [0x0000000013500000, 0x0000000014500000)

Polling page: 0x0000000000230000

CodeCache: size=245760Kb used=1241Kb max_used=1241Kb free=244519Kb
 bounds [0x0000000002830000, 0x0000000002aa0000, 0x0000000011830000]
 total_blobs=340 nmethods=96 adapters=157
 compilation: enabled

Compilation events (10 events):
Event: 0.734 Thread 0x0000000056428000   87       3       java.util.regex.Pattern::has (15 bytes)
Event: 0.734 Thread 0x0000000056428000 nmethod 87 0x000000000295e650 code [0x000000000295e7a0, 0x000000000295e950]
Event: 0.734 Thread 0x0000000056428000   88       3       java.util.regex.Matcher::search (109 bytes)
Event: 0.735 Thread 0x0000000056428000 nmethod 88 0x000000000295e9d0 code [0x000000000295eb60, 0x000000000295ef68]
Event: 0.735 Thread 0x0000000056428000   89       3       java.util.regex.Pattern$BnM::optimize (179 bytes)
Event: 0.736 Thread 0x0000000056428000 nmethod 89 0x000000000295f0d0 code [0x000000000295f2e0, 0x000000000295fec8]
Event: 0.736 Thread 0x0000000056428000   90       1       java.util.zip.ZipEntry::getName (5 bytes)
Event: 0.736 Thread 0x0000000056428000 nmethod 90 0x0000000002960490 code [0x00000000029605e0, 0x00000000029606f0]
Event: 0.737 Thread 0x0000000056427000   91       4       java.lang.String::indexOf (70 bytes)
Event: 0.737 Thread 0x0000000056428000   92       3       java.util.regex.Pattern::compile (406 bytes)

GC Heap History (0 events):
No events

Deoptimization events (0 events):
No events

Internal exceptions (2 events):
Event: 0.431 Thread 0x000000000229e800 Exception <a 'java/lang/NoSuchMethodError': Method sun.misc.Unsafe.defineClass(Ljava/lang/String;[BII)Ljava/lang/Class; name or signature does not match> (0x00000000eab130d8) thrown at [D:\re\puppet\workspace\8-2-build-windows-amd64-cygwin\jdk8u73\6086\hotH¯hù€?
Event: 0.431 Thread 0x000000000229e800 Exception <a 'java/lang/NoSuchMethodError': Method sun.misc.Unsafe.prefetchRead(Ljava/lang/Object;J)V name or signature does not match> (0x00000000eab133c0) thrown at [D:\re\puppet\workspace\8-2-build-windows-amd64-cygwin\jdk8u73\6086\hotspot\src\share\vm\

Events (10 events):
Event: 0.728 loading class java/util/regex/Pattern$SliceNode done
Event: 0.728 loading class java/util/regex/Pattern$Slice done
Event: 0.729 loading class java/util/regex/Pattern$BnM
Event: 0.729 loading class java/util/regex/Pattern$BnM done
Event: 0.729 loading class java/util/regex/Pattern$SliceS
Event: 0.729 loading class java/util/regex/Pattern$SliceS done
Event: 0.729 loading class java/util/regex/Matcher
Event: 0.729 loading class java/util/regex/MatchResult
Event: 0.729 loading class java/util/regex/MatchResult done
Event: 0.729 loading class java/util/regex/Matcher done


Dynamic libraries:
0x000000013f180000 - 0x000000013f1b7000 	C:\Program Files\Java\jdk1.8.0_73\bin\java.exe
0x00000000774d0000 - 0x000000007767a000 	C:\Windows\SYSTEM32\ntdll.dll
0x00000000772b0000 - 0x00000000773cf000 	C:\Windows\system32\kernel32.dll
0x000007fefd550000 - 0x000007fefd5ba000 	C:\Windows\system32\KERNELBASE.dll
0x0000000074f00000 - 0x0000000074f87000 	C:\Windows\System32\SYSFER.DLL
0x000007fefef40000 - 0x000007feff01b000 	C:\Windows\system32\ADVAPI32.dll
0x000007feff6d0000 - 0x000007feff76f000 	C:\Windows\system32\msvcrt.dll
0x000007fefdf20000 - 0x000007fefdf3f000 	C:\Windows\SYSTEM32\sechost.dll
0x000007fefd830000 - 0x000007fefd95d000 	C:\Windows\system32\RPCRT4.dll
0x00000000773d0000 - 0x00000000774ca000 	C:\Windows\system32\USER32.dll
0x000007feff770000 - 0x000007feff7d7000 	C:\Windows\system32\GDI32.dll
0x000007fefdc30000 - 0x000007fefdc3e000 	C:\Windows\system32\LPK.dll
0x000007feff580000 - 0x000007feff64a000 	C:\Windows\system32\USP10.dll
0x000007fefc280000 - 0x000007fefc474000 	C:\Windows\WinSxS\amd64_microsoft.windows.common-controls_6595b64144ccf1df_6.0.7601.18837_none_fa3b1e3d17594757\COMCTL32.dll
0x000007feff280000 - 0x000007feff2f1000 	C:\Windows\system32\SHLWAPI.dll
0x000007feff020000 - 0x000007feff04e000 	C:\Windows\system32\IMM32.DLL
0x000007fefd6a0000 - 0x000007fefd7a9000 	C:\Windows\system32\MSCTF.dll
0x0000000065910000 - 0x00000000659e2000 	C:\Program Files\Java\jdk1.8.0_73\jre\bin\msvcr100.dll
0x000000005b140000 - 0x000000005b9d0000 	C:\Program Files\Java\jdk1.8.0_73\jre\bin\server\jvm.dll
0x000007fefacb0000 - 0x000007fefacb9000 	C:\Windows\system32\WSOCK32.dll
0x000007fefe160000 - 0x000007fefe1ad000 	C:\Windows\system32\WS2_32.dll
0x000007fefe150000 - 0x000007fefe158000 	C:\Windows\system32\NSI.dll
0x000007fefbb40000 - 0x000007fefbb7b000 	C:\Windows\system32\WINMM.dll
0x000007fefc620000 - 0x000007fefc62c000 	C:\Windows\system32\VERSION.dll
0x00000000776a0000 - 0x00000000776a7000 	C:\Windows\system32\PSAPI.DLL
0x0000000073d80000 - 0x0000000073d8f000 	C:\Program Files\Java\jdk1.8.0_73\jre\bin\verify.dll
0x0000000073640000 - 0x0000000073669000 	C:\Program Files\Java\jdk1.8.0_73\jre\bin\java.dll
0x0000000073620000 - 0x0000000073636000 	C:\Program Files\Java\jdk1.8.0_73\jre\bin\zip.dll
0x000007fefe1b0000 - 0x000007fefef3a000 	C:\Windows\system32\SHELL32.dll
0x000007fefdf40000 - 0x000007fefe143000 	C:\Windows\system32\ole32.dll
0x000007fefd210000 - 0x000007fefd21f000 	C:\Windows\system32\profapi.dll

VM Arguments:
jvm_args: -Djava.awt.headless=true -Xmx1024M -Dfile.encoding=windows-1251 -Duser.country=RU -Duser.language=ru -Duser.variant 
java_command: com.android.dx.command.Main --dex --force-jumbo --num-threads=4 --output C:\asp\NGS_vacancy\app\build\intermediates\pre-dexed\debug\com.android.support-support-core-utils-24.2.1_ad066250bac37d23de6986d3b83d6cc9638c7422.jar C:\asp\NGS_vacancy\app\build\intermediates\exploded-aar\com.android.support\support-core-utils\24.2.1\jars\classes.jar
java_class_path (initial): C:\Users\avtseben\AppData\Local\Android\Sdk\build-tools\23.0.3\lib\dx.jar
Launcher Type: SUN_STANDARD

Environment Variables:
PATH=C:\Program Files\Broadcom\Broadcom 802.11;c:\Program Files (x86)\Intel\iCLS Client\;c:\Program Files\Intel\iCLS Client\;C:\ProgramData\Oracle\Java\javapath;C:\Windows\system32;C:\Windows;C:\Windows\System32\Wbem;C:\Windows\System32\WindowsPowerShell\v1.0\;C:\Program Files\Intel\Intel(R) Management Engine Components\DAL;C:\Program Files\Intel\Intel(R) Management Engine Components\IPT;C:\Program Files (x86)\Intel\Intel(R) Management Engine Components\DAL;C:\Program Files (x86)\Intel\Intel(R) Management Engine Components\IPT;c:\Program Files\WIDCOMM\Bluetooth Software\;c:\Program Files\WIDCOMM\Bluetooth Software\syswow64;C:\Program Files (x86)\Hewlett-Packard\HP ProtectTools Security Manager\Bin\;C:\Program Files (x86)\Skype\Phone\;C:\Program Files\OpenVPN\bin;C:\androidSDK\platform-tools\;C:\Program Files\Broadcom\Broadcom 802.11;c:\Program Files (x86)\Intel\iCLS Client\;c:\Program Files\Intel\iCLS Client\;C:\ProgramData\Oracle\Java\javapath;C:\Windows\system32;C:\Windows;C:\Windows\System32\Wbem;C:\Windows\System32\WindowsPowerShell\v1.0\;C:\Program Files\Intel\Intel(R) Management Engine Components\DAL;C:\Program Files\Intel\Intel(R) Management Engine Components\IPT;C:\Program Files (x86)\Intel\Intel(R) Management Engine Components\DAL;C:\Program Files (x86)\Intel\Intel(R) Management Engine Components\IPT;c:\Program Files\WIDCOMM\Bluetooth Software\;c:\Program Files\WIDCOMM\Bluetooth Software\syswow64;C:\Program Files (x86)\Hewlett-Packard\HP ProtectTools Security Manager\Bin\;C:\Program Files (x86)\Brackets\command;C:\Program Files (x86)\Skype\Phone\;C:\Program Files (x86)\ufs2tools-0.8\ufs2tools\;C:\Program Files\Git\bin\;C:\androidSDK\platform-tools;C:\gradle\bin
USERNAME=avtseben
OS=Windows_NT
PROCESSOR_IDENTIFIER=Intel64 Family 6 Model 58 Stepping 9, GenuineIntel



---------------  S Y S T E M  ---------------

OS: Windows 7 , 64 bit Build 7601 (6.1.7601.23569)

CPU:total 4 (2 cores per cpu, 2 threads per core) family 6 model 58 stepping 9, cmov, cx8, fxsr, mmx, sse, sse2, sse3, ssse3, sse4.1, sse4.2, popcnt, avx, aes, clmul, erms, ht, tsc, tscinvbit, tscinv

Memory: 4k page, physical 4056748k(459588k free), swap 5111208k(4440k free)

vm_info: Java HotSpot(TM) 64-Bit Server VM (25.73-b02) for windows-amd64 JRE (1.8.0_73-b02), built on Jan 29 2016 17:38:49 by "java_re" with MS VC++ 10.0 (VS2010)

time: Mon Dec 19 19:45:20 2016
elapsed time: 0 seconds (0d 0h 0m 0s)

