#
# There is insufficient memory for the Java Runtime Environment to continue.
# Native memory allocation (malloc) failed to allocate 822976 bytes for Chunk::new
# Possible reasons:
#   The system is out of physical RAM or swap space
#   In 32 bit mode, the process size limit was hit
# Possible solutions:
#   Reduce memory load on the system
#   Increase physical memory or swap space
#   Check if swap backing store is full
#   Use 64 bit Java on a 64 bit OS
#   Decrease Java heap size (-Xmx/-Xms)
#   Decrease number of Java threads
#   Decrease Java thread stack sizes (-Xss)
#   Set larger code cache with -XX:ReservedCodeCacheSize=
# This output file may be truncated or incomplete.
#
#  Out of Memory Error (allocation.cpp:390), pid=7780, tid=7904
#
# JRE version: Java(TM) SE Runtime Environment (8.0_73-b02) (build 1.8.0_73-b02)
# Java VM: Java HotSpot(TM) 64-Bit Server VM (25.73-b02 mixed mode windows-amd64 compressed oops)
# Failed to write core dump. Minidumps are not enabled by default on client versions of Windows
#

---------------  T H R E A D  ---------------

Current thread (0x0000000056383000):  JavaThread "C2 CompilerThread0" daemon [_thread_in_native, id=7904, stack(0x0000000056be0000,0x0000000056ce0000)]

Stack: [0x0000000056be0000,0x0000000056ce0000]
[error occurred during error reporting (printing stack bounds), id 0xc0000005]

Native frames: (J=compiled Java code, j=interpreted, Vv=VM code, C=native code)


Current CompileTask:
C2:  24803 2047       4       com.android.dx.ssa.ConstCollector::getConstsSortedByCountUse (386 bytes)


---------------  P R O C E S S  ---------------

Java Threads: ( => current thread )
  0x00000000573a6000 JavaThread "pool-1-thread-4" [_thread_blocked, id=7652, stack(0x00000000581c0000,0x00000000582c0000)]
  0x00000000573a3800 JavaThread "pool-1-thread-3" [_thread_blocked, id=7648, stack(0x0000000057110000,0x0000000057210000)]
  0x000000005663f800 JavaThread "pool-1-thread-2" [_thread_blocked, id=7644, stack(0x0000000057ee0000,0x0000000057fe0000)]
  0x000000005663e800 JavaThread "pool-2-thread-1" [_thread_blocked, id=7640, stack(0x0000000057dc0000,0x0000000057ec0000)]
  0x0000000056641000 JavaThread "pool-1-thread-1" [_thread_blocked, id=8044, stack(0x0000000057c80000,0x0000000057d80000)]
  0x00000000550bf800 JavaThread "Service Thread" daemon [_thread_blocked, id=7688, stack(0x0000000056d30000,0x0000000056e30000)]
  0x0000000056386000 JavaThread "C1 CompilerThread2" daemon [_thread_in_vm, id=7728, stack(0x0000000057010000,0x0000000057110000)]
  0x0000000056385000 JavaThread "C2 CompilerThread1" daemon [_thread_blocked, id=7836, stack(0x0000000056e50000,0x0000000056f50000)]
=>0x0000000056383000 JavaThread "C2 CompilerThread0" daemon [_thread_in_native, id=7904, stack(0x0000000056be0000,0x0000000056ce0000)]
  0x00000000550b2800 JavaThread "Attach Listener" daemon [_thread_blocked, id=7892, stack(0x0000000056a20000,0x0000000056b20000)]
  0x00000000550b0800 JavaThread "Signal Dispatcher" daemon [_thread_blocked, id=7888, stack(0x0000000056850000,0x0000000056950000)]
  0x0000000055052000 JavaThread "Finalizer" daemon [_thread_blocked, id=7884, stack(0x0000000055ff0000,0x00000000560f0000)]
  0x0000000055050800 JavaThread "Reference Handler" daemon [_thread_blocked, id=7880, stack(0x0000000056280000,0x0000000056380000)]
  0x000000000084e800 JavaThread "main" [_thread_blocked, id=7628, stack(0x0000000002380000,0x0000000002480000)]

Other Threads:
  0x000000005504b000 VMThread [stack: 0x0000000056130000,0x0000000056230000] [id=7864]
  0x00000000563f4800 WatcherThread [stack: 0x00000000572a0000,0x00000000573a0000] [id=7676]

VM state:not at safepoint (normal execution)

VM Mutex/Monitor currently owned by a thread:  ([mutex/lock_event])
[0x000000000084d280] Heap_lock - owner thread: 0x00000000573a3800

Heap:
 PSYoungGen      total 66048K, used 5654K [0x00000000eab00000, 0x00000000f4400000, 0x0000000100000000)
  eden space 63488K, 4% used [0x00000000eab00000,0x00000000eae0bd10,0x00000000ee900000)
  from space 2560K, 99% used [0x00000000ee900000,0x00000000eeb79c80,0x00000000eeb80000)
  to   space 14848K, 0% used [0x00000000f3580000,0x00000000f3580000,0x00000000f4400000)
 ParOldGen       total 42496K, used 23058K [0x00000000c0000000, 0x00000000c2980000, 0x00000000eab00000)
  object space 42496K, 54% used [0x00000000c0000000,0x00000000c1684860,0x00000000c2980000)
 Metaspace       used 6319K, capacity 7152K, committed 7296K, reserved 1056768K
  class space    used 600K, capacity 616K, committed 640K, reserved 1048576K

Card table byte_map: [0x0000000011b10000,0x0000000011d20000] byte_map_base: 0x0000000011510000

Marking Bits: (ParMarkBitMap*) 0x000000005cc80600
 Begin Bits: [0x00000000124c0000, 0x00000000134c0000)
 End Bits:   [0x00000000134c0000, 0x00000000144c0000)

Polling page: 0x0000000000130000

CodeCache: size=245760Kb used=9880Kb max_used=9880Kb free=235879Kb
 bounds [0x0000000002750000, 0x0000000003110000, 0x0000000011750000]
 total_blobs=2296 nmethods=2026 adapters=182
 compilation: enabled

Compilation events (10 events):
Event: 24.501 Thread 0x0000000056386000 nmethod 2046 0x00000000030e1f10 code [0x00000000030e20c0, 0x00000000030e2568]
Event: 24.514 Thread 0x0000000056385000 nmethod 2045 0x00000000030f7350 code [0x00000000030f7520, 0x00000000030f8298]
Event: 24.760 Thread 0x0000000056383000 2047       4       com.android.dx.ssa.ConstCollector::getConstsSortedByCountUse (386 bytes)
Event: 24.766 Thread 0x0000000056385000 2048       4       com.android.dx.rop.code.PlainCstInsn::withNewRegisters (22 bytes)
Event: 24.769 Thread 0x0000000056385000 nmethod 2048 0x00000000030dd290 code [0x00000000030dd3e0, 0x00000000030dd5d8]
Event: 24.772 Thread 0x0000000056386000 2049       3       com.android.dx.rop.annotation.Annotations::combine (24 bytes)
Event: 24.772 Thread 0x0000000056386000 nmethod 2049 0x00000000030e1410 code [0x00000000030e15c0, 0x00000000030e1c38]
Event: 24.774 Thread 0x0000000056385000 2050       4       com.android.dx.ssa.LocalVariableExtractor::doit (59 bytes)
Event: 24.781 Thread 0x0000000056385000 nmethod 2050 0x00000000030f1990 code [0x00000000030f1b00, 0x00000000030f1e08]
Event: 24.786 Thread 0x0000000056386000 2054   !   3       com.android.dx.dex.cf.CfTranslator::processMethods (583 bytes)

GC Heap History (10 events):
Event: 0.819 GC heap before
{Heap before GC invocations=1 (full 0):
 PSYoungGen      total 18432K, used 15872K [0x00000000eab00000, 0x00000000ebf80000, 0x0000000100000000)
  eden space 15872K, 100% used [0x00000000eab00000,0x00000000eba80000,0x00000000eba80000)
  from space 2560K, 0% used [0x00000000ebd00000,0x00000000ebd00000,0x00000000ebf80000)
  to   space 2560K, 0% used [0x00000000eba80000,0x00000000eba80000,0x00000000ebd00000)
 ParOldGen       total 42496K, used 0K [0x00000000c0000000, 0x00000000c2980000, 0x00000000eab00000)
  object space 42496K, 0% used [0x00000000c0000000,0x00000000c0000000,0x00000000c2980000)
 Metaspace       used 4134K, capacity 5232K, committed 5376K, reserved 1056768K
  class space    used 466K, capacity 488K, committed 512K, reserved 1048576K
Event: 1.028 GC heap after
Heap after GC invocations=1 (full 0):
 PSYoungGen      total 18432K, used 1766K [0x00000000eab00000, 0x00000000ecf00000, 0x0000000100000000)
  eden space 15872K, 0% used [0x00000000eab00000,0x00000000eab00000,0x00000000eba80000)
  from space 2560K, 68% used [0x00000000eba80000,0x00000000ebc39900,0x00000000ebd00000)
  to   space 2560K, 0% used [0x00000000ecc80000,0x00000000ecc80000,0x00000000ecf00000)
 ParOldGen       total 42496K, used 0K [0x00000000c0000000, 0x00000000c2980000, 0x00000000eab00000)
  object space 42496K, 0% used [0x00000000c0000000,0x00000000c0000000,0x00000000c2980000)
 Metaspace       used 4134K, capacity 5232K, committed 5376K, reserved 1056768K
  class space    used 466K, capacity 488K, committed 512K, reserved 1048576K
}
Event: 2.039 GC heap before
{Heap before GC invocations=2 (full 0):
 PSYoungGen      total 18432K, used 17638K [0x00000000eab00000, 0x00000000ecf00000, 0x0000000100000000)
  eden space 15872K, 100% used [0x00000000eab00000,0x00000000eba80000,0x00000000eba80000)
  from space 2560K, 68% used [0x00000000eba80000,0x00000000ebc39900,0x00000000ebd00000)
  to   space 2560K, 0% used [0x00000000ecc80000,0x00000000ecc80000,0x00000000ecf00000)
 ParOldGen       total 42496K, used 0K [0x00000000c0000000, 0x00000000c2980000, 0x00000000eab00000)
  object space 42496K, 0% used [0x00000000c0000000,0x00000000c0000000,0x00000000c2980000)
 Metaspace       used 5857K, capacity 6832K, committed 7040K, reserved 1056768K
  class space    used 598K, capacity 616K, committed 640K, reserved 1048576K
Event: 2.689 GC heap after
Heap after GC invocations=2 (full 0):
 PSYoungGen      total 34304K, used 2551K [0x00000000eab00000, 0x00000000ecf00000, 0x0000000100000000)
  eden space 31744K, 0% used [0x00000000eab00000,0x00000000eab00000,0x00000000eca00000)
  from space 2560K, 99% used [0x00000000ecc80000,0x00000000ecefdc60,0x00000000ecf00000)
  to   space 2560K, 0% used [0x00000000eca00000,0x00000000eca00000,0x00000000ecc80000)
 ParOldGen       total 42496K, used 1622K [0x00000000c0000000, 0x00000000c2980000, 0x00000000eab00000)
  object space 42496K, 3% used [0x00000000c0000000,0x00000000c01959e8,0x00000000c2980000)
 Metaspace       used 5857K, capacity 6832K, committed 7040K, reserved 1056768K
  class space    used 598K, capacity 616K, committed 640K, reserved 1048576K
}
Event: 6.216 GC heap before
{Heap before GC invocations=3 (full 0):
 PSYoungGen      total 34304K, used 34295K [0x00000000eab00000, 0x00000000ecf00000, 0x0000000100000000)
  eden space 31744K, 100% used [0x00000000eab00000,0x00000000eca00000,0x00000000eca00000)
  from space 2560K, 99% used [0x00000000ecc80000,0x00000000ecefdc60,0x00000000ecf00000)
  to   space 2560K, 0% used [0x00000000eca00000,0x00000000eca00000,0x00000000ecc80000)
 ParOldGen       total 42496K, used 1622K [0x00000000c0000000, 0x00000000c2980000, 0x00000000eab00000)
  object space 42496K, 3% used [0x00000000c0000000,0x00000000c01959e8,0x00000000c2980000)
 Metaspace       used 6126K, capacity 7024K, committed 7296K, reserved 1056768K
  class space    used 598K, capacity 616K, committed 640K, reserved 1048576K
Event: 6.901 GC heap after
Heap after GC invocations=3 (full 0):
 PSYoungGen      total 34304K, used 2539K [0x00000000eab00000, 0x00000000eee00000, 0x0000000100000000)
  eden space 31744K, 0% used [0x00000000eab00000,0x00000000eab00000,0x00000000eca00000)
  from space 2560K, 99% used [0x00000000eca00000,0x00000000ecc7af58,0x00000000ecc80000)
  to   space 2560K, 0% used [0x00000000eeb80000,0x00000000eeb80000,0x00000000eee00000)
 ParOldGen       total 42496K, used 7095K [0x00000000c0000000, 0x00000000c2980000, 0x00000000eab00000)
  object space 42496K, 16% used [0x00000000c0000000,0x00000000c06edf98,0x00000000c2980000)
 Metaspace       used 6126K, capacity 7024K, committed 7296K, reserved 1056768K
  class space    used 598K, capacity 616K, committed 640K, reserved 1048576K
}
Event: 18.475 GC heap before
{Heap before GC invocations=4 (full 0):
 PSYoungGen      total 34304K, used 34283K [0x00000000eab00000, 0x00000000eee00000, 0x0000000100000000)
  eden space 31744K, 100% used [0x00000000eab00000,0x00000000eca00000,0x00000000eca00000)
  from space 2560K, 99% used [0x00000000eca00000,0x00000000ecc7af58,0x00000000ecc80000)
  to   space 2560K, 0% used [0x00000000eeb80000,0x00000000eeb80000,0x00000000eee00000)
 ParOldGen       total 42496K, used 7095K [0x00000000c0000000, 0x00000000c2980000, 0x00000000eab00000)
  object space 42496K, 16% used [0x00000000c0000000,0x00000000c06edf98,0x00000000c2980000)
 Metaspace       used 6233K, capacity 7088K, committed 7296K, reserved 1056768K
  class space    used 599K, capacity 616K, committed 640K, reserved 1048576K
Event: 18.764 GC heap after
Heap after GC invocations=4 (full 0):
 PSYoungGen      total 66048K, used 2535K [0x00000000eab00000, 0x00000000eee00000, 0x0000000100000000)
  eden space 63488K, 0% used [0x00000000eab00000,0x00000000eab00000,0x00000000ee900000)
  from space 2560K, 99% used [0x00000000eeb80000,0x00000000eedf9c80,0x00000000eee00000)
  to   space 2560K, 0% used [0x00000000ee900000,0x00000000ee900000,0x00000000eeb80000)
 ParOldGen       total 42496K, used 12684K [0x00000000c0000000, 0x00000000c2980000, 0x00000000eab00000)
  object space 42496K, 29% used [0x00000000c0000000,0x00000000c0c63250,0x00000000c2980000)
 Metaspace       used 6233K, capacity 7088K, committed 7296K, reserved 1056768K
  class space    used 599K, capacity 616K, committed 640K, reserved 1048576K
}
Event: 24.552 GC heap before
{Heap before GC invocations=5 (full 0):
 PSYoungGen      total 66048K, used 66023K [0x00000000eab00000, 0x00000000eee00000, 0x0000000100000000)
  eden space 63488K, 100% used [0x00000000eab00000,0x00000000ee900000,0x00000000ee900000)
  from space 2560K, 99% used [0x00000000eeb80000,0x00000000eedf9c80,0x00000000eee00000)
  to   space 2560K, 0% used [0x00000000ee900000,0x00000000ee900000,0x00000000eeb80000)
 ParOldGen       total 42496K, used 12684K [0x00000000c0000000, 0x00000000c2980000, 0x00000000eab00000)
  object space 42496K, 29% used [0x00000000c0000000,0x00000000c0c63250,0x00000000c2980000)
 Metaspace       used 6318K, capacity 7152K, committed 7296K, reserved 1056768K
  class space    used 600K, capacity 616K, committed 640K, reserved 1048576K
Event: 24.738 GC heap after
Heap after GC invocations=5 (full 0):
 PSYoungGen      total 66048K, used 2535K [0x00000000eab00000, 0x00000000f4400000, 0x0000000100000000)
  eden space 63488K, 0% used [0x00000000eab00000,0x00000000eab00000,0x00000000ee900000)
  from space 2560K, 99% used [0x00000000ee900000,0x00000000eeb79c80,0x00000000eeb80000)
  to   space 14848K, 0% used [0x00000000f3580000,0x00000000f3580000,0x00000000f4400000)
 ParOldGen       total 42496K, used 23058K [0x00000000c0000000, 0x00000000c2980000, 0x00000000eab00000)
  object space 42496K, 54% used [0x00000000c0000000,0x00000000c1684860,0x00000000c2980000)
 Metaspace       used 6318K, capacity 7152K, committed 7296K, reserved 1056768K
  class space    used 600K, capacity 616K, committed 640K, reserved 1048576K
}

Deoptimization events (10 events):
Event: 19.407 Thread 0x00000000573a6000 Uncommon trap: reason=bimorphic action=maybe_recompile pc=0x0000000002ea75cc method=com.android.dx.ssa.SCCP.setLatticeValueTo(IILcom/android/dx/rop/cst/Constant;)Z @ 43
Event: 19.445 Thread 0x00000000573a6000 Uncommon trap: reason=bimorphic action=maybe_recompile pc=0x0000000002921de0 method=java.util.HashMap.getNode(ILjava/lang/Object;)Ljava/util/HashMap$Node; @ 126
Event: 19.445 Thread 0x00000000573a6000 Uncommon trap: reason=class_check action=maybe_recompile pc=0x0000000002bfb934 method=java.util.HashMap.putVal(ILjava/lang/Object;Ljava/lang/Object;ZZ)Ljava/lang/Object; @ 203
Event: 19.445 Thread 0x00000000573a6000 Uncommon trap: reason=bimorphic action=maybe_recompile pc=0x0000000002921de0 method=java.util.HashMap.getNode(ILjava/lang/Object;)Ljava/util/HashMap$Node; @ 126
Event: 19.445 Thread 0x00000000573a6000 Uncommon trap: reason=class_check action=maybe_recompile pc=0x0000000002bfb934 method=java.util.HashMap.putVal(ILjava/lang/Object;Ljava/lang/Object;ZZ)Ljava/lang/Object; @ 203
Event: 20.452 Thread 0x00000000573a6000 Uncommon trap: reason=unstable_if action=reinterpret pc=0x0000000002cea978 method=com.android.dx.rop.code.LocalItem.compareHandlesNulls(Lcom/android/dx/rop/cst/CstString;Lcom/android/dx/rop/cst/CstString;)I @ 14
Event: 20.664 Thread 0x00000000573a6000 Uncommon trap: reason=unstable_if action=reinterpret pc=0x0000000002a6671c method=com.android.dx.rop.code.RegisterSpec.equals(ILcom/android/dx/rop/type/TypeBearer;Lcom/android/dx/rop/code/LocalItem;)Z @ 42
Event: 20.664 Thread 0x00000000573a6000 Uncommon trap: reason=unstable_if action=reinterpret pc=0x0000000002fa3f44 method=com.android.dx.rop.code.RegisterSpec.equals(ILcom/android/dx/rop/type/TypeBearer;Lcom/android/dx/rop/code/LocalItem;)Z @ 42
Event: 20.665 Thread 0x00000000573a6000 Uncommon trap: reason=unstable_if action=reinterpret pc=0x0000000002a0f208 method=com.android.dx.rop.code.RegisterSpec.equals(ILcom/android/dx/rop/type/TypeBearer;Lcom/android/dx/rop/code/LocalItem;)Z @ 42
Event: 24.486 Thread 0x00000000573a3800 Uncommon trap: reason=bimorphic action=maybe_recompile pc=0x0000000002ea75cc method=com.android.dx.ssa.SCCP.setLatticeValueTo(IILcom/android/dx/rop/cst/Constant;)Z @ 43

Internal exceptions (6 events):
Event: 0.251 Thread 0x000000000084e800 Exception <a 'java/lang/NoSuchMethodError': Method sun.misc.Unsafe.defineClass(Ljava/lang/String;[BII)Ljava/lang/Class; name or signature does not match> (0x00000000eab130d8) thrown at [D:\re\puppet\workspace\8-2-build-windows-amd64-cygwin\jdk8u73\6086\hotg£|¡Ð?
Event: 0.251 Thread 0x000000000084e800 Exception <a 'java/lang/NoSuchMethodError': Method sun.misc.Unsafe.prefetchRead(Ljava/lang/Object;J)V name or signature does not match> (0x00000000eab133c0) thrown at [D:\re\puppet\workspace\8-2-build-windows-amd64-cygwin\jdk8u73\6086\hotspot\src\share\vm\w_Nûgá
@
Event: 3.360 Thread 0x0000000056641000 Implicit null exception at 0x0000000002aad739 to 0x0000000002aae2f9
Event: 3.360 Thread 0x0000000056641000 Implicit null exception at 0x0000000002ace716 to 0x0000000002acf0a9
Event: 11.570 Thread 0x00000000573a6000 Implicit null exception at 0x00000000029df212 to 0x00000000029df302
Event: 20.452 Thread 0x00000000573a6000 Implicit null exception at 0x0000000002ce94f2 to 0x0000000002cea94d

Events (10 events):
Event: 20.789 Thread 0x0000000056386000 flushing nmethod 0x0000000002898450
Event: 22.043 Thread 0x00000000573a6000 DEOPT PACKING pc=0x0000000002fe6d7d sp=0x00000000582be7c0
Event: 22.043 Thread 0x00000000573a6000 DEOPT UNPACKING pc=0x000000000279787f sp=0x00000000582be600 mode 0
Event: 23.553 Thread 0x000000005663f800 DEOPT PACKING pc=0x0000000002f72e63 sp=0x0000000057fde8f0
Event: 23.553 Thread 0x000000005663f800 DEOPT UNPACKING pc=0x000000000279787f sp=0x0000000057fde700 mode 0
Event: 24.486 Thread 0x00000000573a3800 Uncommon trap: trap_request=0xffffffc6 fr.pc=0x0000000002ea75cc
Event: 24.486 Thread 0x00000000573a3800 DEOPT PACKING pc=0x0000000002ea75cc sp=0x000000005720eaa0
Event: 24.486 Thread 0x00000000573a3800 DEOPT UNPACKING pc=0x000000000279582a sp=0x000000005720e9a8 mode 2
Event: 24.552 Executing VM operation: ParallelGCFailedAllocation
Event: 24.738 Executing VM operation: ParallelGCFailedAllocation done


Dynamic libraries:
0x000000013fc90000 - 0x000000013fcc7000 	C:\Program Files\Java\jdk1.8.0_73\bin\java.exe
0x0000000077270000 - 0x000000007741a000 	C:\Windows\SYSTEM32\ntdll.dll
0x0000000077150000 - 0x000000007726f000 	C:\Windows\system32\kernel32.dll
0x000007fefcfd0000 - 0x000007fefd03a000 	C:\Windows\system32\KERNELBASE.dll
0x0000000074ca0000 - 0x0000000074d27000 	C:\Windows\System32\SYSFER.DLL
0x000007fefdc80000 - 0x000007fefdd5b000 	C:\Windows\system32\ADVAPI32.dll
0x000007fefdd60000 - 0x000007fefddff000 	C:\Windows\system32\msvcrt.dll
0x000007feff560000 - 0x000007feff57f000 	C:\Windows\SYSTEM32\sechost.dll
0x000007fefd450000 - 0x000007fefd57d000 	C:\Windows\system32\RPCRT4.dll
0x0000000077050000 - 0x000000007714a000 	C:\Windows\system32\USER32.dll
0x000007fefd7e0000 - 0x000007fefd847000 	C:\Windows\system32\GDI32.dll
0x000007fefd430000 - 0x000007fefd43e000 	C:\Windows\system32\LPK.dll
0x000007fefd360000 - 0x000007fefd42a000 	C:\Windows\system32\USP10.dll
0x000007fefbf40000 - 0x000007fefc134000 	C:\Windows\WinSxS\amd64_microsoft.windows.common-controls_6595b64144ccf1df_6.0.7601.18837_none_fa3b1e3d17594757\COMCTL32.dll
0x000007fefe2e0000 - 0x000007fefe351000 	C:\Windows\system32\SHLWAPI.dll
0x000007fefd580000 - 0x000007fefd5ae000 	C:\Windows\system32\IMM32.DLL
0x000007fefdea0000 - 0x000007fefdfa9000 	C:\Windows\system32\MSCTF.dll
0x000000005bef0000 - 0x000000005bfc2000 	C:\Program Files\Java\jdk1.8.0_73\jre\bin\msvcr100.dll
0x000000005c470000 - 0x000000005cd00000 	C:\Program Files\Java\jdk1.8.0_73\jre\bin\server\jvm.dll
0x000007feef9c0000 - 0x000007feef9c9000 	C:\Windows\system32\WSOCK32.dll
0x000007fefdfb0000 - 0x000007fefdffd000 	C:\Windows\system32\WS2_32.dll
0x000007fefd440000 - 0x000007fefd448000 	C:\Windows\system32\NSI.dll
0x000007fefbc00000 - 0x000007fefbc3b000 	C:\Windows\system32\WINMM.dll
0x000007fefc330000 - 0x000007fefc33c000 	C:\Windows\system32\VERSION.dll
0x0000000077430000 - 0x0000000077437000 	C:\Windows\system32\PSAPI.DLL
0x000000005ff30000 - 0x000000005ff3f000 	C:\Program Files\Java\jdk1.8.0_73\jre\bin\verify.dll
0x000000005c440000 - 0x000000005c469000 	C:\Program Files\Java\jdk1.8.0_73\jre\bin\java.dll
0x000000005c420000 - 0x000000005c436000 	C:\Program Files\Java\jdk1.8.0_73\jre\bin\zip.dll
0x000007fefe360000 - 0x000007feff0ea000 	C:\Windows\system32\SHELL32.dll
0x000007fefd5b0000 - 0x000007fefd7b3000 	C:\Windows\system32\ole32.dll
0x000007fefcfa0000 - 0x000007fefcfaf000 	C:\Windows\system32\profapi.dll

VM Arguments:
jvm_args: -Djava.awt.headless=true -Xmx1024M -Dfile.encoding=windows-1251 -Duser.country=RU -Duser.language=ru -Duser.variant 
java_command: com.android.dx.command.Main --dex --force-jumbo --num-threads=4 --output C:\asp\NGS_vacancy\app\build\intermediates\pre-dexed\debug\rxjava-1.1.6_35c4004d97e1d1e29c1bf075d596af46427d036c.jar C:\Users\avtseben\.gradle\caches\modules-2\files-2.1\io.reactivex\rxjava\1.1.6\2586312cd2b8a511e4c6236736f5a039fc0f2273\rxjava-1.1.6.jar
java_class_path (initial): C:\Users\avtseben\AppData\Local\Android\Sdk\build-tools\23.0.3\lib\dx.jar
Launcher Type: SUN_STANDARD

Environment Variables:
PATH=C:\Program Files\Broadcom\Broadcom 802.11;c:\Program Files (x86)\Intel\iCLS Client\;c:\Program Files\Intel\iCLS Client\;C:\ProgramData\Oracle\Java\javapath;C:\Windows\system32;C:\Windows;C:\Windows\System32\Wbem;C:\Windows\System32\WindowsPowerShell\v1.0\;C:\Program Files\Intel\Intel(R) Management Engine Components\DAL;C:\Program Files\Intel\Intel(R) Management Engine Components\IPT;C:\Program Files (x86)\Intel\Intel(R) Management Engine Components\DAL;C:\Program Files (x86)\Intel\Intel(R) Management Engine Components\IPT;c:\Program Files\WIDCOMM\Bluetooth Software\;c:\Program Files\WIDCOMM\Bluetooth Software\syswow64;C:\Program Files (x86)\Hewlett-Packard\HP ProtectTools Security Manager\Bin\;C:\Program Files (x86)\Skype\Phone\;C:\Program Files\OpenVPN\bin;C:\androidSDK\platform-tools\;C:\Program Files\Broadcom\Broadcom 802.11;c:\Program Files (x86)\Intel\iCLS Client\;c:\Program Files\Intel\iCLS Client\;C:\ProgramData\Oracle\Java\javapath;C:\Windows\system32;C:\Windows;C:\Windows\System32\Wbem;C:\Windows\System32\WindowsPowerShell\v1.0\;C:\Program Files\Intel\Intel(R) Management Engine Components\DAL;C:\Program Files\Intel\Intel(R) Management Engine Components\IPT;C:\Program Files (x86)\Intel\Intel(R) Management Engine Components\DAL;C:\Program Files (x86)\Intel\Intel(R) Management Engine Components\IPT;c:\Program Files\WIDCOMM\Bluetooth Software\;c:\Program Files\WIDCOMM\Bluetooth Software\syswow64;C:\Program Files (x86)\Hewlett-Packard\HP ProtectTools Security Manager\Bin\;C:\Program Files (x86)\Brackets\command;C:\Program Files (x86)\Skype\Phone\;C:\Program Files (x86)\ufs2tools-0.8\ufs2tools\;C:\Program Files\Git\bin\;C:\androidSDK\platform-tools;C:\gradle\bin
USERNAME=avtseben
OS=Windows_NT
PROCESSOR_IDENTIFIER=Intel64 Family 6 Model 58 Stepping 9, GenuineIntel



---------------  S Y S T E M  ---------------

OS: Windows 7 , 64 bit Build 7601 (6.1.7601.23572)

CPU:total 4 (2 cores per cpu, 2 threads per core) family 6 model 58 stepping 9, cmov, cx8, fxsr, mmx, sse, sse2, sse3, ssse3, sse4.1, sse4.2, popcnt, avx, aes, clmul, erms, ht, tsc, tscinvbit, tscinv

Memory: 4k page, physical 4056748k(596580k free), swap 4734624k(5904k free)

vm_info: Java HotSpot(TM) 64-Bit Server VM (25.73-b02) for windows-amd64 JRE (1.8.0_73-b02), built on Jan 29 2016 17:38:49 by "java_re" with MS VC++ 10.0 (VS2010)

time: Sat Dec 24 11:50:56 2016
elapsed time: 24 seconds (0d 0h 0m 24s)

