#
# There is insufficient memory for the Java Runtime Environment to continue.
# Native memory allocation (malloc) failed to allocate 933216 bytes for Chunk::new
# Possible reasons:
#   The system is out of physical RAM or swap space
#   In 32 bit mode, the process size limit was hit
# Possible solutions:
#   Reduce memory load on the system
#   Increase physical memory or swap space
#   Check if swap backing store is full
#   Use 64 bit Java on a 64 bit OS
#   Decrease Java heap size (-Xmx/-Xms)
#   Decrease number of Java threads
#   Decrease Java thread stack sizes (-Xss)
#   Set larger code cache with -XX:ReservedCodeCacheSize=
# This output file may be truncated or incomplete.
#
#  Out of Memory Error (allocation.cpp:390), pid=7124, tid=7484
#
# JRE version: Java(TM) SE Runtime Environment (8.0_73-b02) (build 1.8.0_73-b02)
# Java VM: Java HotSpot(TM) 64-Bit Server VM (25.73-b02 mixed mode windows-amd64 compressed oops)
# Failed to write core dump. Minidumps are not enabled by default on client versions of Windows
#

---------------  T H R E A D  ---------------

Current thread (0x000000005703c000):  JavaThread "C2 CompilerThread1" daemon [_thread_in_native, id=7484, stack(0x00000000579b0000,0x0000000057ab0000)]

Stack: [0x00000000579b0000,0x0000000057ab0000]
[error occurred during error reporting (printing stack bounds), id 0xc0000005]

Native frames: (J=compiled Java code, j=interpreted, Vv=VM code, C=native code)


Current CompileTask:
C2:   2356 1191       4       com.android.dx.ssa.SCCP::simulateBranch (666 bytes)


---------------  P R O C E S S  ---------------

Java Threads: ( => current thread )
  0x0000000057291800 JavaThread "pool-1-thread-4" [_thread_blocked, id=7616, stack(0x0000000058490000,0x0000000058590000)]
  0x0000000057290800 JavaThread "pool-1-thread-3" [_thread_blocked, id=6528, stack(0x0000000056a80000,0x0000000056b80000)]
  0x00000000571ab800 JavaThread "pool-1-thread-2" [_thread_in_Java, id=8268, stack(0x0000000058290000,0x0000000058390000)]
  0x00000000571a0800 JavaThread "pool-2-thread-1" [_thread_blocked, id=6632, stack(0x0000000058000000,0x0000000058100000)]
  0x00000000571a0000 JavaThread "pool-1-thread-1" [_thread_blocked, id=6592, stack(0x0000000057880000,0x0000000057980000)]
  0x0000000057044800 JavaThread "Service Thread" daemon [_thread_blocked, id=6476, stack(0x0000000057d10000,0x0000000057e10000)]
  0x0000000055087000 JavaThread "C1 CompilerThread2" daemon [_thread_blocked, id=7528, stack(0x0000000057b60000,0x0000000057c60000)]
=>0x000000005703c000 JavaThread "C2 CompilerThread1" daemon [_thread_in_native, id=7484, stack(0x00000000579b0000,0x0000000057ab0000)]
  0x000000005703a800 JavaThread "C2 CompilerThread0" daemon [_thread_in_native, id=9116, stack(0x0000000057760000,0x0000000057860000)]
  0x0000000055083000 JavaThread "Attach Listener" daemon [_thread_blocked, id=3548, stack(0x00000000574b0000,0x00000000575b0000)]
  0x0000000055081000 JavaThread "Signal Dispatcher" daemon [_thread_blocked, id=9072, stack(0x00000000575b0000,0x00000000576b0000)]
  0x0000000055022000 JavaThread "Finalizer" daemon [_thread_blocked, id=2476, stack(0x0000000056f30000,0x0000000057030000)]
  0x0000000055020800 JavaThread "Reference Handler" daemon [_thread_blocked, id=6672, stack(0x0000000056d40000,0x0000000056e40000)]
  0x000000000233e800 JavaThread "main" [_thread_blocked, id=8452, stack(0x00000000025f0000,0x00000000026f0000)]

Other Threads:
  0x000000005501b000 VMThread [stack: 0x0000000056b80000,0x0000000056c80000] [id=5180]
  0x00000000570da800 WatcherThread [stack: 0x0000000057ef0000,0x0000000057ff0000] [id=8052]

VM state:not at safepoint (normal execution)

VM Mutex/Monitor currently owned by a thread: None

Heap:
 PSYoungGen      total 34304K, used 6644K [0x00000000eab00000, 0x00000000ecf00000, 0x0000000100000000)
  eden space 31744K, 12% used [0x00000000eab00000,0x00000000eaf01228,0x00000000eca00000)
  from space 2560K, 99% used [0x00000000ecc80000,0x00000000ecefc028,0x00000000ecf00000)
  to   space 2560K, 0% used [0x00000000eca00000,0x00000000eca00000,0x00000000ecc80000)
 ParOldGen       total 42496K, used 3575K [0x00000000c0000000, 0x00000000c2980000, 0x00000000eab00000)
  object space 42496K, 8% used [0x00000000c0000000,0x00000000c037dfa0,0x00000000c2980000)
 Metaspace       used 5829K, capacity 6960K, committed 7040K, reserved 1056768K
  class space    used 589K, capacity 616K, committed 640K, reserved 1048576K

Card table byte_map: [0x0000000011d80000,0x0000000011f90000] byte_map_base: 0x0000000011780000

Marking Bits: (ParMarkBitMap*) 0x00000000569e0600
 Begin Bits: [0x0000000012490000, 0x0000000013490000)
 End Bits:   [0x0000000013490000, 0x0000000014490000)

Polling page: 0x0000000000130000

CodeCache: size=245760Kb used=4910Kb max_used=4910Kb free=240849Kb
 bounds [0x00000000029c0000, 0x0000000002ea0000, 0x00000000119c0000]
 total_blobs=1451 nmethods=1188 adapters=176
 compilation: enabled

Compilation events (10 events):
Event: 2.319 Thread 0x000000005703c000 1191       4       com.android.dx.ssa.SCCP::simulateBranch (666 bytes)
Event: 2.323 Thread 0x0000000055087000 nmethod 1187 0x0000000002e8ca50 code [0x0000000002e8cfc0, 0x0000000002e90588]
Event: 2.323 Thread 0x0000000055087000 1188       3       com.android.dx.cf.code.LocalVariableList$Item::getLocalItem (12 bytes)
Event: 2.324 Thread 0x0000000055087000 nmethod 1188 0x0000000002e82e90 code [0x0000000002e83000, 0x0000000002e83370]
Event: 2.324 Thread 0x0000000055087000 1189       3       com.android.dx.rop.code.LocalItem::make (20 bytes)
Event: 2.324 Thread 0x0000000055087000 nmethod 1189 0x0000000002e82910 code [0x0000000002e82a80, 0x0000000002e82d70]
Event: 2.324 Thread 0x0000000055087000 1190       3       com.android.dx.rop.code.LocalItem::<init> (15 bytes)
Event: 2.324 Thread 0x0000000055087000 nmethod 1190 0x0000000002e85510 code [0x0000000002e85660, 0x0000000002e85830]
Event: 2.324 Thread 0x0000000055087000 1185       3       com.android.dx.rop.type.Type::compareTo (9 bytes)
Event: 2.324 Thread 0x0000000055087000 nmethod 1185 0x0000000002e84e90 code [0x0000000002e85000, 0x0000000002e853c8]

GC Heap History (4 events):
Event: 1.420 GC heap before
{Heap before GC invocations=1 (full 0):
 PSYoungGen      total 18432K, used 15872K [0x00000000eab00000, 0x00000000ebf80000, 0x0000000100000000)
  eden space 15872K, 100% used [0x00000000eab00000,0x00000000eba80000,0x00000000eba80000)
  from space 2560K, 0% used [0x00000000ebd00000,0x00000000ebd00000,0x00000000ebf80000)
  to   space 2560K, 0% used [0x00000000eba80000,0x00000000eba80000,0x00000000ebd00000)
 ParOldGen       total 42496K, used 0K [0x00000000c0000000, 0x00000000c2980000, 0x00000000eab00000)
  object space 42496K, 0% used [0x00000000c0000000,0x00000000c0000000,0x00000000c2980000)
 Metaspace       used 5615K, capacity 6768K, committed 7040K, reserved 1056768K
  class space    used 585K, capacity 616K, committed 640K, reserved 1048576K
Event: 1.561 GC heap after
Heap after GC invocations=1 (full 0):
 PSYoungGen      total 18432K, used 2535K [0x00000000eab00000, 0x00000000ecf00000, 0x0000000100000000)
  eden space 15872K, 0% used [0x00000000eab00000,0x00000000eab00000,0x00000000eba80000)
  from space 2560K, 99% used [0x00000000eba80000,0x00000000ebcf9c88,0x00000000ebd00000)
  to   space 2560K, 0% used [0x00000000ecc80000,0x00000000ecc80000,0x00000000ecf00000)
 ParOldGen       total 42496K, used 1870K [0x00000000c0000000, 0x00000000c2980000, 0x00000000eab00000)
  object space 42496K, 4% used [0x00000000c0000000,0x00000000c01d3a28,0x00000000c2980000)
 Metaspace       used 5615K, capacity 6768K, committed 7040K, reserved 1056768K
  class space    used 585K, capacity 616K, committed 640K, reserved 1048576K
}
Event: 2.021 GC heap before
{Heap before GC invocations=2 (full 0):
 PSYoungGen      total 18432K, used 18407K [0x00000000eab00000, 0x00000000ecf00000, 0x0000000100000000)
  eden space 15872K, 100% used [0x00000000eab00000,0x00000000eba80000,0x00000000eba80000)
  from space 2560K, 99% used [0x00000000eba80000,0x00000000ebcf9c88,0x00000000ebd00000)
  to   space 2560K, 0% used [0x00000000ecc80000,0x00000000ecc80000,0x00000000ecf00000)
 ParOldGen       total 42496K, used 1870K [0x00000000c0000000, 0x00000000c2980000, 0x00000000eab00000)
  object space 42496K, 4% used [0x00000000c0000000,0x00000000c01d3a28,0x00000000c2980000)
 Metaspace       used 5796K, capacity 6896K, committed 7040K, reserved 1056768K
  class space    used 588K, capacity 616K, committed 640K, reserved 1048576K
Event: 2.150 GC heap after
Heap after GC invocations=2 (full 0):
 PSYoungGen      total 34304K, used 2544K [0x00000000eab00000, 0x00000000ecf00000, 0x0000000100000000)
  eden space 31744K, 0% used [0x00000000eab00000,0x00000000eab00000,0x00000000eca00000)
  from space 2560K, 99% used [0x00000000ecc80000,0x00000000ecefc028,0x00000000ecf00000)
  to   space 2560K, 0% used [0x00000000eca00000,0x00000000eca00000,0x00000000ecc80000)
 ParOldGen       total 42496K, used 3575K [0x00000000c0000000, 0x00000000c2980000, 0x00000000eab00000)
  object space 42496K, 8% used [0x00000000c0000000,0x00000000c037dfa0,0x00000000c2980000)
 Metaspace       used 5796K, capacity 6896K, committed 7040K, reserved 1056768K
  class space    used 588K, capacity 616K, committed 640K, reserved 1048576K
}

Deoptimization events (10 events):
Event: 1.901 Thread 0x00000000571a0000 Uncommon trap: reason=class_check action=maybe_recompile pc=0x0000000002d2633c method=java.util.HashMap.putVal(ILjava/lang/Object;Ljava/lang/Object;ZZ)Ljava/lang/Object; @ 203
Event: 1.953 Thread 0x0000000057291800 Uncommon trap: reason=bimorphic action=maybe_recompile pc=0x0000000002bf0998 method=java.util.HashMap.getNode(ILjava/lang/Object;)Ljava/util/HashMap$Node; @ 126
Event: 1.953 Thread 0x0000000057291800 Uncommon trap: reason=class_check action=maybe_recompile pc=0x0000000002d2633c method=java.util.HashMap.putVal(ILjava/lang/Object;Ljava/lang/Object;ZZ)Ljava/lang/Object; @ 203
Event: 2.009 Thread 0x000000000233e800 Uncommon trap: reason=unstable_if action=reinterpret pc=0x0000000002bf1cd8 method=com.android.dx.rop.code.RegisterSpec.equals(ILcom/android/dx/rop/type/TypeBearer;Lcom/android/dx/rop/code/LocalItem;)Z @ 42
Event: 2.237 Thread 0x000000000233e800 Uncommon trap: reason=bimorphic action=maybe_recompile pc=0x0000000002e41e84 method=com.android.dx.cf.code.BytecodeArray.parseInstruction(ILcom/android/dx/cf/code/BytecodeArray$Visitor;)I @ 971
Event: 2.245 Thread 0x000000000233e800 Uncommon trap: reason=bimorphic action=maybe_recompile pc=0x0000000002e41f84 method=com.android.dx.cf.code.BytecodeArray.parseInstruction(ILcom/android/dx/cf/code/BytecodeArray$Visitor;)I @ 1035
Event: 2.245 Thread 0x000000000233e800 Uncommon trap: reason=bimorphic action=maybe_recompile pc=0x0000000002e41cf8 method=com.android.dx.cf.code.BytecodeArray.parseInstruction(ILcom/android/dx/cf/code/BytecodeArray$Visitor;)I @ 923
Event: 2.245 Thread 0x000000000233e800 Uncommon trap: reason=bimorphic action=maybe_recompile pc=0x0000000002e42000 method=com.android.dx.cf.code.BytecodeArray.parseInstruction(ILcom/android/dx/cf/code/BytecodeArray$Visitor;)I @ 1051
Event: 2.245 Thread 0x000000000233e800 Uncommon trap: reason=bimorphic action=maybe_recompile pc=0x0000000002e41d7c method=com.android.dx.cf.code.BytecodeArray.parseInstruction(ILcom/android/dx/cf/code/BytecodeArray$Visitor;)I @ 939
Event: 2.245 Thread 0x000000000233e800 Uncommon trap: reason=bimorphic action=maybe_recompile pc=0x0000000002e42000 method=com.android.dx.cf.code.BytecodeArray.parseInstruction(ILcom/android/dx/cf/code/BytecodeArray$Visitor;)I @ 1051

Internal exceptions (3 events):
Event: 0.093 Thread 0x000000000233e800 Exception <a 'java/lang/NoSuchMethodError': Method sun.misc.Unsafe.defineClass(Ljava/lang/String;[BII)Ljava/lang/Class; name or signature does not match> (0x00000000eab130d8) thrown at [D:\re\puppet\workspace\8-2-build-windows-amd64-cygwin\jdk8u73\6086\hot$úvèÊ·?
Event: 0.093 Thread 0x000000000233e800 Exception <a 'java/lang/NoSuchMethodError': Method sun.misc.Unsafe.prefetchRead(Ljava/lang/Object;J)V name or signature does not match> (0x00000000eab133c0) thrown at [D:\re\puppet\workspace\8-2-build-windows-amd64-cygwin\jdk8u73\6086\hotspot\src\share\vm\&kERDäó?
Event: 1.243 Thread 0x000000000233e800 Implicit null exception at 0x0000000002c2e3d2 to 0x0000000002c2e4c2

Events (10 events):
Event: 2.245 Thread 0x000000000233e800 DEOPT UNPACKING pc=0x0000000002a0582a sp=0x00000000026ee4e8 mode 2
Event: 2.245 Thread 0x000000000233e800 Uncommon trap: trap_request=0xffffffc6 fr.pc=0x0000000002e42000
Event: 2.245 Thread 0x000000000233e800 DEOPT PACKING pc=0x0000000002e42000 sp=0x00000000026ee570
Event: 2.245 Thread 0x000000000233e800 DEOPT UNPACKING pc=0x0000000002a0582a sp=0x00000000026ee4e8 mode 2
Event: 2.267 Thread 0x00000000571a0000 DEOPT PACKING pc=0x0000000002cd5885 sp=0x000000005797ed20
Event: 2.267 Thread 0x00000000571a0000 DEOPT UNPACKING pc=0x0000000002a0787f sp=0x000000005797eb00 mode 0
Event: 2.303 loading class java/util/HashMap$KeySet
Event: 2.304 loading class java/util/HashMap$KeySet done
Event: 2.304 loading class java/util/HashMap$KeyIterator
Event: 2.304 loading class java/util/HashMap$KeyIterator done


Dynamic libraries:
0x000000013f330000 - 0x000000013f367000 	C:\Program Files\Java\jdk1.8.0_73\bin\java.exe
0x00000000774d0000 - 0x000000007767a000 	C:\Windows\SYSTEM32\ntdll.dll
0x00000000772b0000 - 0x00000000773cf000 	C:\Windows\system32\kernel32.dll
0x000007fefd550000 - 0x000007fefd5ba000 	C:\Windows\system32\KERNELBASE.dll
0x0000000074f00000 - 0x0000000074f87000 	C:\Windows\System32\SYSFER.DLL
0x000007fefef40000 - 0x000007feff01b000 	C:\Windows\system32\ADVAPI32.dll
0x000007feff6d0000 - 0x000007feff76f000 	C:\Windows\system32\msvcrt.dll
0x000007fefdf20000 - 0x000007fefdf3f000 	C:\Windows\SYSTEM32\sechost.dll
0x000007fefd830000 - 0x000007fefd95d000 	C:\Windows\system32\RPCRT4.dll
0x00000000773d0000 - 0x00000000774ca000 	C:\Windows\system32\USER32.dll
0x000007feff770000 - 0x000007feff7d7000 	C:\Windows\system32\GDI32.dll
0x000007fefdc30000 - 0x000007fefdc3e000 	C:\Windows\system32\LPK.dll
0x000007feff580000 - 0x000007feff64a000 	C:\Windows\system32\USP10.dll
0x000007fefc280000 - 0x000007fefc474000 	C:\Windows\WinSxS\amd64_microsoft.windows.common-controls_6595b64144ccf1df_6.0.7601.18837_none_fa3b1e3d17594757\COMCTL32.dll
0x000007feff280000 - 0x000007feff2f1000 	C:\Windows\system32\SHLWAPI.dll
0x000007feff020000 - 0x000007feff04e000 	C:\Windows\system32\IMM32.DLL
0x000007fefd6a0000 - 0x000007fefd7a9000 	C:\Windows\system32\MSCTF.dll
0x0000000055fd0000 - 0x00000000560a2000 	C:\Program Files\Java\jdk1.8.0_73\jre\bin\msvcr100.dll
0x00000000561d0000 - 0x0000000056a60000 	C:\Program Files\Java\jdk1.8.0_73\jre\bin\server\jvm.dll
0x000007fefacb0000 - 0x000007fefacb9000 	C:\Windows\system32\WSOCK32.dll
0x000007fefe160000 - 0x000007fefe1ad000 	C:\Windows\system32\WS2_32.dll
0x000007fefe150000 - 0x000007fefe158000 	C:\Windows\system32\NSI.dll
0x000007fefbb40000 - 0x000007fefbb7b000 	C:\Windows\system32\WINMM.dll
0x000007fefc620000 - 0x000007fefc62c000 	C:\Windows\system32\VERSION.dll
0x00000000776a0000 - 0x00000000776a7000 	C:\Windows\system32\PSAPI.DLL
0x0000000073d50000 - 0x0000000073d5f000 	C:\Program Files\Java\jdk1.8.0_73\jre\bin\verify.dll
0x0000000073610000 - 0x0000000073639000 	C:\Program Files\Java\jdk1.8.0_73\jre\bin\java.dll
0x0000000073650000 - 0x0000000073666000 	C:\Program Files\Java\jdk1.8.0_73\jre\bin\zip.dll
0x000007fefe1b0000 - 0x000007fefef3a000 	C:\Windows\system32\SHELL32.dll
0x000007fefdf40000 - 0x000007fefe143000 	C:\Windows\system32\ole32.dll
0x000007fefd210000 - 0x000007fefd21f000 	C:\Windows\system32\profapi.dll

VM Arguments:
jvm_args: -Djava.awt.headless=true -Xmx1024M -Dfile.encoding=windows-1251 -Duser.country=RU -Duser.language=ru -Duser.variant 
java_command: com.android.dx.command.Main --dex --force-jumbo --num-threads=4 --output C:\asp\NGS_vacancy\app\build\intermediates\pre-dexed\debug\com.android.support-support-vector-drawable-24.2.1_e3ef8773c31edea489c24937869020baf61a7880.jar C:\asp\NGS_vacancy\app\build\intermediates\exploded-aar\com.android.support\support-vector-drawable\24.2.1\jars\classes.jar
java_class_path (initial): C:\Users\avtseben\AppData\Local\Android\Sdk\build-tools\23.0.3\lib\dx.jar
Launcher Type: SUN_STANDARD

Environment Variables:
PATH=C:\Program Files\Broadcom\Broadcom 802.11;c:\Program Files (x86)\Intel\iCLS Client\;c:\Program Files\Intel\iCLS Client\;C:\ProgramData\Oracle\Java\javapath;C:\Windows\system32;C:\Windows;C:\Windows\System32\Wbem;C:\Windows\System32\WindowsPowerShell\v1.0\;C:\Program Files\Intel\Intel(R) Management Engine Components\DAL;C:\Program Files\Intel\Intel(R) Management Engine Components\IPT;C:\Program Files (x86)\Intel\Intel(R) Management Engine Components\DAL;C:\Program Files (x86)\Intel\Intel(R) Management Engine Components\IPT;c:\Program Files\WIDCOMM\Bluetooth Software\;c:\Program Files\WIDCOMM\Bluetooth Software\syswow64;C:\Program Files (x86)\Hewlett-Packard\HP ProtectTools Security Manager\Bin\;C:\Program Files (x86)\Skype\Phone\;C:\Program Files\OpenVPN\bin;C:\androidSDK\platform-tools\;C:\Program Files\Broadcom\Broadcom 802.11;c:\Program Files (x86)\Intel\iCLS Client\;c:\Program Files\Intel\iCLS Client\;C:\ProgramData\Oracle\Java\javapath;C:\Windows\system32;C:\Windows;C:\Windows\System32\Wbem;C:\Windows\System32\WindowsPowerShell\v1.0\;C:\Program Files\Intel\Intel(R) Management Engine Components\DAL;C:\Program Files\Intel\Intel(R) Management Engine Components\IPT;C:\Program Files (x86)\Intel\Intel(R) Management Engine Components\DAL;C:\Program Files (x86)\Intel\Intel(R) Management Engine Components\IPT;c:\Program Files\WIDCOMM\Bluetooth Software\;c:\Program Files\WIDCOMM\Bluetooth Software\syswow64;C:\Program Files (x86)\Hewlett-Packard\HP ProtectTools Security Manager\Bin\;C:\Program Files (x86)\Brackets\command;C:\Program Files (x86)\Skype\Phone\;C:\Program Files (x86)\ufs2tools-0.8\ufs2tools\;C:\Program Files\Git\bin\;C:\androidSDK\platform-tools;C:\gradle\bin
USERNAME=avtseben
OS=Windows_NT
PROCESSOR_IDENTIFIER=Intel64 Family 6 Model 58 Stepping 9, GenuineIntel



---------------  S Y S T E M  ---------------

OS: Windows 7 , 64 bit Build 7601 (6.1.7601.23569)

CPU:total 4 (2 cores per cpu, 2 threads per core) family 6 model 58 stepping 9, cmov, cx8, fxsr, mmx, sse, sse2, sse3, ssse3, sse4.1, sse4.2, popcnt, avx, aes, clmul, erms, ht, tsc, tscinvbit, tscinv

Memory: 4k page, physical 4056748k(663568k free), swap 5111208k(5672k free)

vm_info: Java HotSpot(TM) 64-Bit Server VM (25.73-b02) for windows-amd64 JRE (1.8.0_73-b02), built on Jan 29 2016 17:38:49 by "java_re" with MS VC++ 10.0 (VS2010)

time: Sun Dec 18 18:17:49 2016
elapsed time: 2 seconds (0d 0h 0m 2s)

