#
# There is insufficient memory for the Java Runtime Environment to continue.
# Native memory allocation (malloc) failed to allocate 1828336 bytes for Chunk::new
# Possible reasons:
#   The system is out of physical RAM or swap space
#   In 32 bit mode, the process size limit was hit
# Possible solutions:
#   Reduce memory load on the system
#   Increase physical memory or swap space
#   Check if swap backing store is full
#   Use 64 bit Java on a 64 bit OS
#   Decrease Java heap size (-Xmx/-Xms)
#   Decrease number of Java threads
#   Decrease Java thread stack sizes (-Xss)
#   Set larger code cache with -XX:ReservedCodeCacheSize=
# This output file may be truncated or incomplete.
#
#  Out of Memory Error (allocation.cpp:390), pid=768, tid=4820
#
# JRE version: Java(TM) SE Runtime Environment (8.0_73-b02) (build 1.8.0_73-b02)
# Java VM: Java HotSpot(TM) 64-Bit Server VM (25.73-b02 mixed mode windows-amd64 compressed oops)
# Failed to write core dump. Minidumps are not enabled by default on client versions of Windows
#

---------------  T H R E A D  ---------------

Current thread (0x0000000056ab2800):  JavaThread "C2 CompilerThread0" daemon [_thread_in_native, id=4820, stack(0x0000000057350000,0x0000000057450000)]

Stack: [0x0000000057350000,0x0000000057450000]
[error occurred during error reporting (printing stack bounds), id 0xc0000005]

Native frames: (J=compiled Java code, j=interpreted, Vv=VM code, C=native code)


Current CompileTask:
C2:   4279 1434   !   4       com.android.dx.cf.code.BytecodeArray::parseInstruction (2764 bytes)


---------------  P R O C E S S  ---------------

Java Threads: ( => current thread )
  0x0000000056d3f800 JavaThread "pool-1-thread-4" [_thread_in_vm, id=2920, stack(0x0000000057fe0000,0x00000000580e0000)]
  0x0000000056d3f000 JavaThread "pool-1-thread-3" [_thread_blocked, id=6100, stack(0x0000000057da0000,0x0000000057ea0000)]
  0x0000000056be1000 JavaThread "pool-1-thread-2" [_thread_blocked, id=5608, stack(0x0000000057bb0000,0x0000000057cb0000)]
  0x0000000056d22800 JavaThread "pool-2-thread-1" [_thread_blocked, id=2132, stack(0x0000000057a40000,0x0000000057b40000)]
  0x0000000056d21800 JavaThread "pool-1-thread-1" [_thread_blocked, id=5340, stack(0x0000000057220000,0x0000000057320000)]
  0x0000000054efd000 JavaThread "Service Thread" daemon [_thread_blocked, id=6388, stack(0x00000000577b0000,0x00000000578b0000)]
  0x0000000056ab5800 JavaThread "C1 CompilerThread2" daemon [_thread_blocked, id=1316, stack(0x00000000575f0000,0x00000000576f0000)]
  0x0000000056ab4800 JavaThread "C2 CompilerThread1" daemon [_thread_in_native, id=6900, stack(0x00000000574a0000,0x00000000575a0000)]
=>0x0000000056ab2800 JavaThread "C2 CompilerThread0" daemon [_thread_in_native, id=4820, stack(0x0000000057350000,0x0000000057450000)]
  0x0000000054eeb000 JavaThread "Attach Listener" daemon [_thread_blocked, id=3400, stack(0x00000000570f0000,0x00000000571f0000)]
  0x0000000054ee8800 JavaThread "Signal Dispatcher" daemon [_thread_blocked, id=7096, stack(0x0000000056fb0000,0x00000000570b0000)]
  0x0000000054e92000 JavaThread "Finalizer" daemon [_thread_blocked, id=2712, stack(0x00000000569b0000,0x0000000056ab0000)]
  0x0000000054e90800 JavaThread "Reference Handler" daemon [_thread_blocked, id=7380, stack(0x0000000055f50000,0x0000000056050000)]
  0x00000000020ee800 JavaThread "main" [_thread_blocked, id=6212, stack(0x0000000002320000,0x0000000002420000)]

Other Threads:
  0x0000000054e8b000 VMThread [stack: 0x0000000055e00000,0x0000000055f00000] [id=5456]
  0x0000000056b40800 WatcherThread [stack: 0x0000000057920000,0x0000000057a20000] [id=7580]

VM state:not at safepoint (normal execution)

VM Mutex/Monitor currently owned by a thread: None

Heap:
 PSYoungGen      total 34304K, used 13714K [0x00000000eab00000, 0x00000000ecf00000, 0x0000000100000000)
  eden space 31744K, 35% used [0x00000000eab00000,0x00000000eb5e8a38,0x00000000eca00000)
  from space 2560K, 99% used [0x00000000eca00000,0x00000000ecc7c010,0x00000000ecc80000)
  to   space 2560K, 0% used [0x00000000ecc80000,0x00000000ecc80000,0x00000000ecf00000)
 ParOldGen       total 42496K, used 8577K [0x00000000c0000000, 0x00000000c2980000, 0x00000000eab00000)
  object space 42496K, 20% used [0x00000000c0000000,0x00000000c0860528,0x00000000c2980000)
 Metaspace       used 6013K, capacity 7088K, committed 7296K, reserved 1056768K
  class space    used 589K, capacity 616K, committed 640K, reserved 1048576K

Card table byte_map: [0x0000000011ab0000,0x0000000011cc0000] byte_map_base: 0x00000000114b0000

Marking Bits: (ParMarkBitMap*) 0x0000000056930600
 Begin Bits: [0x0000000012300000, 0x0000000013300000)
 End Bits:   [0x0000000013300000, 0x0000000014300000)

Polling page: 0x0000000000240000

CodeCache: size=245760Kb used=5614Kb max_used=5614Kb free=240145Kb
 bounds [0x00000000026f0000, 0x0000000002c80000, 0x00000000116f0000]
 total_blobs=1721 nmethods=1458 adapters=176
 compilation: enabled

Compilation events (10 events):
Event: 4.247 Thread 0x0000000056ab5800 1452       2       com.android.dx.rop.annotation.Annotation::<init> (54 bytes)
Event: 4.247 Thread 0x0000000056ab5800 nmethod 1452 0x0000000002c6f050 code [0x0000000002c6f1e0, 0x0000000002c6f518]
Event: 4.247 Thread 0x0000000056ab5800 1455       2       com.android.dx.rop.annotation.Annotation::getNameValuePairs (11 bytes)
Event: 4.247 Thread 0x0000000056ab5800 nmethod 1455 0x0000000002c6f690 code [0x0000000002c6f800, 0x0000000002c6fb08]
Event: 4.247 Thread 0x0000000056ab5800 1454       2       com.android.dx.dex.file.AnnotationItem::addContents (27 bytes)
Event: 4.248 Thread 0x0000000056ab5800 nmethod 1454 0x0000000002c6fcd0 code [0x0000000002c6fe40, 0x0000000002c70018]
Event: 4.248 Thread 0x0000000056ab5800 1464       1       com.android.dx.cf.code.ByteCatchList$Item::getStartPc (5 bytes)
Event: 4.248 Thread 0x0000000056ab5800 nmethod 1464 0x0000000002c70150 code [0x0000000002c702a0, 0x0000000002c703b0]
Event: 4.248 Thread 0x0000000056ab5800 1465       1       com.android.dx.cf.code.ByteCatchList$Item::getEndPc (5 bytes)
Event: 4.248 Thread 0x0000000056ab5800 nmethod 1465 0x0000000002c70410 code [0x0000000002c70560, 0x0000000002c70670]

GC Heap History (6 events):
Event: 1.992 GC heap before
{Heap before GC invocations=1 (full 0):
 PSYoungGen      total 18432K, used 15872K [0x00000000eab00000, 0x00000000ebf80000, 0x0000000100000000)
  eden space 15872K, 100% used [0x00000000eab00000,0x00000000eba80000,0x00000000eba80000)
  from space 2560K, 0% used [0x00000000ebd00000,0x00000000ebd00000,0x00000000ebf80000)
  to   space 2560K, 0% used [0x00000000eba80000,0x00000000eba80000,0x00000000ebd00000)
 ParOldGen       total 42496K, used 0K [0x00000000c0000000, 0x00000000c2980000, 0x00000000eab00000)
  object space 42496K, 0% used [0x00000000c0000000,0x00000000c0000000,0x00000000c2980000)
 Metaspace       used 5545K, capacity 6704K, committed 6784K, reserved 1056768K
  class space    used 585K, capacity 616K, committed 640K, reserved 1048576K
Event: 2.310 GC heap after
Heap after GC invocations=1 (full 0):
 PSYoungGen      total 18432K, used 2551K [0x00000000eab00000, 0x00000000ecf00000, 0x0000000100000000)
  eden space 15872K, 0% used [0x00000000eab00000,0x00000000eab00000,0x00000000eba80000)
  from space 2560K, 99% used [0x00000000eba80000,0x00000000ebcfdc98,0x00000000ebd00000)
  to   space 2560K, 0% used [0x00000000ecc80000,0x00000000ecc80000,0x00000000ecf00000)
 ParOldGen       total 42496K, used 1391K [0x00000000c0000000, 0x00000000c2980000, 0x00000000eab00000)
  object space 42496K, 3% used [0x00000000c0000000,0x00000000c015bf50,0x00000000c2980000)
 Metaspace       used 5545K, capacity 6704K, committed 6784K, reserved 1056768K
  class space    used 585K, capacity 616K, committed 640K, reserved 1048576K
}
Event: 2.806 GC heap before
{Heap before GC invocations=2 (full 0):
 PSYoungGen      total 18432K, used 18423K [0x00000000eab00000, 0x00000000ecf00000, 0x0000000100000000)
  eden space 15872K, 100% used [0x00000000eab00000,0x00000000eba80000,0x00000000eba80000)
  from space 2560K, 99% used [0x00000000eba80000,0x00000000ebcfdc98,0x00000000ebd00000)
  to   space 2560K, 0% used [0x00000000ecc80000,0x00000000ecc80000,0x00000000ecf00000)
 ParOldGen       total 42496K, used 1391K [0x00000000c0000000, 0x00000000c2980000, 0x00000000eab00000)
  object space 42496K, 3% used [0x00000000c0000000,0x00000000c015bf50,0x00000000c2980000)
 Metaspace       used 5808K, capacity 6896K, committed 7040K, reserved 1056768K
  class space    used 587K, capacity 616K, committed 640K, reserved 1048576K
Event: 3.256 GC heap after
Heap after GC invocations=2 (full 0):
 PSYoungGen      total 34304K, used 2528K [0x00000000eab00000, 0x00000000ecf00000, 0x0000000100000000)
  eden space 31744K, 0% used [0x00000000eab00000,0x00000000eab00000,0x00000000eca00000)
  from space 2560K, 98% used [0x00000000ecc80000,0x00000000ecef8010,0x00000000ecf00000)
  to   space 2560K, 0% used [0x00000000eca00000,0x00000000eca00000,0x00000000ecc80000)
 ParOldGen       total 42496K, used 3370K [0x00000000c0000000, 0x00000000c2980000, 0x00000000eab00000)
  object space 42496K, 7% used [0x00000000c0000000,0x00000000c034aa60,0x00000000c2980000)
 Metaspace       used 5808K, capacity 6896K, committed 7040K, reserved 1056768K
  class space    used 587K, capacity 616K, committed 640K, reserved 1048576K
}
Event: 3.663 GC heap before
{Heap before GC invocations=3 (full 0):
 PSYoungGen      total 34304K, used 34272K [0x00000000eab00000, 0x00000000ecf00000, 0x0000000100000000)
  eden space 31744K, 100% used [0x00000000eab00000,0x00000000eca00000,0x00000000eca00000)
  from space 2560K, 98% used [0x00000000ecc80000,0x00000000ecef8010,0x00000000ecf00000)
  to   space 2560K, 0% used [0x00000000eca00000,0x00000000eca00000,0x00000000ecc80000)
 ParOldGen       total 42496K, used 3370K [0x00000000c0000000, 0x00000000c2980000, 0x00000000eab00000)
  object space 42496K, 7% used [0x00000000c0000000,0x00000000c034aa60,0x00000000c2980000)
 Metaspace       used 6010K, capacity 7088K, committed 7296K, reserved 1056768K
  class space    used 589K, capacity 616K, committed 640K, reserved 1048576K
Event: 3.913 GC heap after
Heap after GC invocations=3 (full 0):
 PSYoungGen      total 34304K, used 2544K [0x00000000eab00000, 0x00000000ecf00000, 0x0000000100000000)
  eden space 31744K, 0% used [0x00000000eab00000,0x00000000eab00000,0x00000000eca00000)
  from space 2560K, 99% used [0x00000000eca00000,0x00000000ecc7c010,0x00000000ecc80000)
  to   space 2560K, 0% used [0x00000000ecc80000,0x00000000ecc80000,0x00000000ecf00000)
 ParOldGen       total 42496K, used 8577K [0x00000000c0000000, 0x00000000c2980000, 0x00000000eab00000)
  object space 42496K, 20% used [0x00000000c0000000,0x00000000c0860528,0x00000000c2980000)
 Metaspace       used 6010K, capacity 7088K, committed 7296K, reserved 1056768K
  class space    used 589K, capacity 616K, committed 640K, reserved 1048576K
}

Deoptimization events (10 events):
Event: 2.739 Thread 0x0000000056d3f000 Uncommon trap: reason=class_check action=maybe_recompile pc=0x000000000297f940 method=com.android.dx.ssa.NormalSsaInsn.accept(Lcom/android/dx/ssa/SsaInsn$Visitor;)V @ 9
Event: 2.740 Thread 0x0000000056d3f000 Uncommon trap: reason=class_check action=maybe_recompile pc=0x000000000295cca0 method=com.android.dx.ssa.NormalSsaInsn.accept(Lcom/android/dx/ssa/SsaInsn$Visitor;)V @ 9
Event: 3.330 Thread 0x0000000056be1000 Uncommon trap: reason=class_check action=maybe_recompile pc=0x0000000002b3914c method=com.android.dx.ssa.NormalSsaInsn.accept(Lcom/android/dx/ssa/SsaInsn$Visitor;)V @ 9
Event: 3.385 Thread 0x00000000020ee800 Uncommon trap: reason=unstable_if action=reinterpret pc=0x0000000002a4f75c method=com.android.dx.rop.code.RegisterSpecSet.put(Lcom/android/dx/rop/code/RegisterSpec;)V @ 77
Event: 3.385 Thread 0x00000000020ee800 Uncommon trap: reason=unstable_if action=reinterpret pc=0x0000000002aa1d8c method=com.android.dx.rop.code.RegisterSpecSet.put(Lcom/android/dx/rop/code/RegisterSpec;)V @ 77
Event: 3.453 Thread 0x0000000056be1000 Uncommon trap: reason=unstable_if action=reinterpret pc=0x00000000029d5ec8 method=com.android.dx.rop.code.RegisterSpec.equals(ILcom/android/dx/rop/type/TypeBearer;Lcom/android/dx/rop/code/LocalItem;)Z @ 42
Event: 3.454 Thread 0x0000000056be1000 Uncommon trap: reason=unstable_if action=reinterpret pc=0x0000000002b3f7b8 method=com.android.dx.ssa.SsaRenamer$BlockRenamer.addMapping(ILcom/android/dx/rop/code/RegisterSpec;)V @ 120
Event: 3.569 Thread 0x00000000020ee800 Uncommon trap: reason=unstable_if action=reinterpret pc=0x0000000002af5ccc method=com.android.dx.ssa.SsaMethod.updateOneDefinition(Lcom/android/dx/ssa/SsaInsn;Lcom/android/dx/rop/code/RegisterSpec;)V @ 4
Event: 3.617 Thread 0x0000000056d3f000 Uncommon trap: reason=unstable_if action=reinterpret pc=0x0000000002a7a304 method=com.android.dx.rop.cst.Constant.compareTo(Lcom/android/dx/rop/cst/Constant;)I @ 12
Event: 4.028 Thread 0x0000000056d21800 Uncommon trap: reason=null_check action=make_not_entrant pc=0x0000000002c04bdc method=com.android.dx.ssa.SsaRenamer.getLocalForNewReg(I)Lcom/android/dx/rop/code/LocalItem; @ 19

Internal exceptions (3 events):
Event: 0.201 Thread 0x00000000020ee800 Exception <a 'java/lang/NoSuchMethodError': Method sun.misc.Unsafe.defineClass(Ljava/lang/String;[BII)Ljava/lang/Class; name or signature does not match> (0x00000000eab130d8) thrown at [D:\re\puppet\workspace\8-2-build-windows-amd64-cygwin\jdk8u73\6086\hot(œ§C'°É?
Event: 0.201 Thread 0x00000000020ee800 Exception <a 'java/lang/NoSuchMethodError': Method sun.misc.Unsafe.prefetchRead(Ljava/lang/Object;J)V name or signature does not match> (0x00000000eab133c0) thrown at [D:\re\puppet\workspace\8-2-build-windows-amd64-cygwin\jdk8u73\6086\hotspot\src\share\vm\5ö©…L@
Event: 4.028 Thread 0x0000000056d21800 Implicit null exception at 0x0000000002c01e47 to 0x0000000002c04b91

Events (10 events):
Event: 3.617 Thread 0x0000000056d3f000 Uncommon trap: trap_request=0xffffff65 fr.pc=0x0000000002a7a304
Event: 3.617 Thread 0x0000000056d3f000 DEOPT PACKING pc=0x0000000002a7a304 sp=0x0000000057e9e2f0
Event: 3.617 Thread 0x0000000056d3f000 DEOPT UNPACKING pc=0x000000000273582a sp=0x0000000057e9e290 mode 2
Event: 3.617 Executing VM operation: ParallelGCFailedAllocation
Event: 3.913 Executing VM operation: ParallelGCFailedAllocation done
Event: 4.028 Thread 0x0000000056d21800 Uncommon trap: trap_request=0xfffffff4 fr.pc=0x0000000002c04bdc
Event: 4.028 Thread 0x0000000056d21800 DEOPT PACKING pc=0x0000000002c04bdc sp=0x000000005731e770
Event: 4.028 Thread 0x0000000056d21800 DEOPT UNPACKING pc=0x000000000273582a sp=0x000000005731e5a8 mode 2
Event: 4.067 Thread 0x0000000056be1000 DEOPT PACKING pc=0x0000000002a31dd8 sp=0x0000000057cae700
Event: 4.067 Thread 0x0000000056be1000 DEOPT UNPACKING pc=0x000000000273787f sp=0x0000000057cae498 mode 0


Dynamic libraries:
0x000000013f600000 - 0x000000013f637000 	C:\Program Files\Java\jdk1.8.0_73\bin\java.exe
0x0000000077270000 - 0x000000007741a000 	C:\Windows\SYSTEM32\ntdll.dll
0x0000000077150000 - 0x000000007726f000 	C:\Windows\system32\kernel32.dll
0x000007fefcfd0000 - 0x000007fefd03a000 	C:\Windows\system32\KERNELBASE.dll
0x0000000074ca0000 - 0x0000000074d27000 	C:\Windows\System32\SYSFER.DLL
0x000007fefdc80000 - 0x000007fefdd5b000 	C:\Windows\system32\ADVAPI32.dll
0x000007fefdd60000 - 0x000007fefddff000 	C:\Windows\system32\msvcrt.dll
0x000007feff560000 - 0x000007feff57f000 	C:\Windows\SYSTEM32\sechost.dll
0x000007fefd450000 - 0x000007fefd57d000 	C:\Windows\system32\RPCRT4.dll
0x0000000077050000 - 0x000000007714a000 	C:\Windows\system32\USER32.dll
0x000007fefd7e0000 - 0x000007fefd847000 	C:\Windows\system32\GDI32.dll
0x000007fefd430000 - 0x000007fefd43e000 	C:\Windows\system32\LPK.dll
0x000007fefd360000 - 0x000007fefd42a000 	C:\Windows\system32\USP10.dll
0x000007fefbf40000 - 0x000007fefc134000 	C:\Windows\WinSxS\amd64_microsoft.windows.common-controls_6595b64144ccf1df_6.0.7601.18837_none_fa3b1e3d17594757\COMCTL32.dll
0x000007fefe2e0000 - 0x000007fefe351000 	C:\Windows\system32\SHLWAPI.dll
0x000007fefd580000 - 0x000007fefd5ae000 	C:\Windows\system32\IMM32.DLL
0x000007fefdea0000 - 0x000007fefdfa9000 	C:\Windows\system32\MSCTF.dll
0x000000005dbe0000 - 0x000000005dcb2000 	C:\Program Files\Java\jdk1.8.0_73\jre\bin\msvcr100.dll
0x0000000056120000 - 0x00000000569b0000 	C:\Program Files\Java\jdk1.8.0_73\jre\bin\server\jvm.dll
0x000007feef9c0000 - 0x000007feef9c9000 	C:\Windows\system32\WSOCK32.dll
0x000007fefdfb0000 - 0x000007fefdffd000 	C:\Windows\system32\WS2_32.dll
0x000007fefd440000 - 0x000007fefd448000 	C:\Windows\system32\NSI.dll
0x000007fefbc00000 - 0x000007fefbc3b000 	C:\Windows\system32\WINMM.dll
0x000007fefc330000 - 0x000007fefc33c000 	C:\Windows\system32\VERSION.dll
0x0000000077430000 - 0x0000000077437000 	C:\Windows\system32\PSAPI.DLL
0x00000000707d0000 - 0x00000000707df000 	C:\Program Files\Java\jdk1.8.0_73\jre\bin\verify.dll
0x00000000707a0000 - 0x00000000707c9000 	C:\Program Files\Java\jdk1.8.0_73\jre\bin\java.dll
0x0000000070780000 - 0x0000000070796000 	C:\Program Files\Java\jdk1.8.0_73\jre\bin\zip.dll
0x000007fefe360000 - 0x000007feff0ea000 	C:\Windows\system32\SHELL32.dll
0x000007fefd5b0000 - 0x000007fefd7b3000 	C:\Windows\system32\ole32.dll
0x000007fefcfa0000 - 0x000007fefcfaf000 	C:\Windows\system32\profapi.dll

VM Arguments:
jvm_args: -Djava.awt.headless=true -Xmx1024M -Dfile.encoding=windows-1251 -Duser.country=RU -Duser.language=ru -Duser.variant 
java_command: com.android.dx.command.Main --dex --force-jumbo --num-threads=4 --output C:\asp\NGS_vacancy\app\build\intermediates\pre-dexed\debug\com.android.support-support-media-compat-24.2.1_919525091849c5e6064dfee7bf8d316923666620.jar C:\asp\NGS_vacancy\app\build\intermediates\exploded-aar\com.android.support\support-media-compat\24.2.1\jars\classes.jar
java_class_path (initial): C:\Users\avtseben\AppData\Local\Android\Sdk\build-tools\23.0.3\lib\dx.jar
Launcher Type: SUN_STANDARD

Environment Variables:
PATH=C:\Program Files\Broadcom\Broadcom 802.11;c:\Program Files (x86)\Intel\iCLS Client\;c:\Program Files\Intel\iCLS Client\;C:\ProgramData\Oracle\Java\javapath;C:\Windows\system32;C:\Windows;C:\Windows\System32\Wbem;C:\Windows\System32\WindowsPowerShell\v1.0\;C:\Program Files\Intel\Intel(R) Management Engine Components\DAL;C:\Program Files\Intel\Intel(R) Management Engine Components\IPT;C:\Program Files (x86)\Intel\Intel(R) Management Engine Components\DAL;C:\Program Files (x86)\Intel\Intel(R) Management Engine Components\IPT;c:\Program Files\WIDCOMM\Bluetooth Software\;c:\Program Files\WIDCOMM\Bluetooth Software\syswow64;C:\Program Files (x86)\Hewlett-Packard\HP ProtectTools Security Manager\Bin\;C:\Program Files (x86)\Skype\Phone\;C:\Program Files\OpenVPN\bin;C:\androidSDK\platform-tools\;C:\Program Files\Broadcom\Broadcom 802.11;c:\Program Files (x86)\Intel\iCLS Client\;c:\Program Files\Intel\iCLS Client\;C:\ProgramData\Oracle\Java\javapath;C:\Windows\system32;C:\Windows;C:\Windows\System32\Wbem;C:\Windows\System32\WindowsPowerShell\v1.0\;C:\Program Files\Intel\Intel(R) Management Engine Components\DAL;C:\Program Files\Intel\Intel(R) Management Engine Components\IPT;C:\Program Files (x86)\Intel\Intel(R) Management Engine Components\DAL;C:\Program Files (x86)\Intel\Intel(R) Management Engine Components\IPT;c:\Program Files\WIDCOMM\Bluetooth Software\;c:\Program Files\WIDCOMM\Bluetooth Software\syswow64;C:\Program Files (x86)\Hewlett-Packard\HP ProtectTools Security Manager\Bin\;C:\Program Files (x86)\Brackets\command;C:\Program Files (x86)\Skype\Phone\;C:\Program Files (x86)\ufs2tools-0.8\ufs2tools\;C:\Program Files\Git\bin\;C:\androidSDK\platform-tools;C:\gradle\bin
USERNAME=avtseben
OS=Windows_NT
PROCESSOR_IDENTIFIER=Intel64 Family 6 Model 58 Stepping 9, GenuineIntel



---------------  S Y S T E M  ---------------

OS: Windows 7 , 64 bit Build 7601 (6.1.7601.23572)

CPU:total 4 (2 cores per cpu, 2 threads per core) family 6 model 58 stepping 9, cmov, cx8, fxsr, mmx, sse, sse2, sse3, ssse3, sse4.1, sse4.2, popcnt, avx, aes, clmul, erms, ht, tsc, tscinvbit, tscinv

Memory: 4k page, physical 4056748k(413592k free), swap 4734624k(5464k free)

vm_info: Java HotSpot(TM) 64-Bit Server VM (25.73-b02) for windows-amd64 JRE (1.8.0_73-b02), built on Jan 29 2016 17:38:49 by "java_re" with MS VC++ 10.0 (VS2010)

time: Sat Dec 24 20:34:30 2016
elapsed time: 4 seconds (0d 0h 0m 4s)

