#
# There is insufficient memory for the Java Runtime Environment to continue.
# Native memory allocation (malloc) failed to allocate 131088 bytes for Chunk::new
# Possible reasons:
#   The system is out of physical RAM or swap space
#   In 32 bit mode, the process size limit was hit
# Possible solutions:
#   Reduce memory load on the system
#   Increase physical memory or swap space
#   Check if swap backing store is full
#   Use 64 bit Java on a 64 bit OS
#   Decrease Java heap size (-Xmx/-Xms)
#   Decrease number of Java threads
#   Decrease Java thread stack sizes (-Xss)
#   Set larger code cache with -XX:ReservedCodeCacheSize=
# This output file may be truncated or incomplete.
#
#  Out of Memory Error (allocation.cpp:390), pid=5868, tid=5304
#
# JRE version: Java(TM) SE Runtime Environment (8.0_73-b02) (build 1.8.0_73-b02)
# Java VM: Java HotSpot(TM) 64-Bit Server VM (25.73-b02 mixed mode windows-amd64 compressed oops)
# Failed to write core dump. Minidumps are not enabled by default on client versions of Windows
#

---------------  T H R E A D  ---------------

Current thread (0x0000000056565000):  JavaThread "C2 CompilerThread1" daemon [_thread_in_native, id=5304, stack(0x00000000569b0000,0x0000000056ab0000)]

Stack: [0x00000000569b0000,0x0000000056ab0000]
[error occurred during error reporting (printing stack bounds), id 0xc0000005]

Native frames: (J=compiled Java code, j=interpreted, Vv=VM code, C=native code)


Current CompileTask:
C2:   7570 1716   !   4       com.android.dx.cf.cst.ConstantPoolParser::parse0 (731 bytes)


---------------  P R O C E S S  ---------------

Java Threads: ( => current thread )
  0x0000000056938000 JavaThread "pool-1-thread-4" [_thread_in_Java, id=1208, stack(0x0000000057680000,0x0000000057780000)]
  0x000000005692f000 JavaThread "pool-1-thread-3" [_thread_blocked, id=5888, stack(0x00000000560c0000,0x00000000561c0000)]
  0x0000000056865800 JavaThread "pool-1-thread-2" [_thread_blocked, id=3772, stack(0x0000000057800000,0x0000000057900000)]
  0x00000000568ca000 JavaThread "pool-2-thread-1" [_thread_blocked, id=4392, stack(0x00000000572a0000,0x00000000573a0000)]
  0x00000000568c9000 JavaThread "pool-1-thread-1" [_thread_blocked, id=4280, stack(0x0000000057550000,0x0000000057650000)]
  0x00000000550cf000 JavaThread "Service Thread" daemon [_thread_blocked, id=2824, stack(0x0000000057150000,0x0000000057250000)]
  0x0000000056566000 JavaThread "C1 CompilerThread2" daemon [_thread_blocked, id=7724, stack(0x0000000057020000,0x0000000057120000)]
=>0x0000000056565000 JavaThread "C2 CompilerThread1" daemon [_thread_in_native, id=5304, stack(0x00000000569b0000,0x0000000056ab0000)]
  0x0000000056563000 JavaThread "C2 CompilerThread0" daemon [_thread_in_native, id=6752, stack(0x0000000056e50000,0x0000000056f50000)]
  0x00000000550c2800 JavaThread "Attach Listener" daemon [_thread_blocked, id=8144, stack(0x0000000056c70000,0x0000000056d70000)]
  0x00000000550c0800 JavaThread "Signal Dispatcher" daemon [_thread_blocked, id=6016, stack(0x0000000056af0000,0x0000000056bf0000)]
  0x0000000055062000 JavaThread "Finalizer" daemon [_thread_blocked, id=4248, stack(0x0000000056300000,0x0000000056400000)]
  0x0000000055060800 JavaThread "Reference Handler" daemon [_thread_blocked, id=4208, stack(0x0000000056460000,0x0000000056560000)]
  0x000000000217e800 JavaThread "main" [_thread_blocked, id=8108, stack(0x00000000022d0000,0x00000000023d0000)]

Other Threads:
  0x000000005505b000 VMThread [stack: 0x00000000561d0000,0x00000000562d0000] [id=3272]
  0x00000000565d4800 WatcherThread [stack: 0x00000000573e0000,0x00000000574e0000] [id=6844]

VM state:not at safepoint (normal execution)

VM Mutex/Monitor currently owned by a thread: None

Heap:
 PSYoungGen      total 34304K, used 31048K [0x00000000eab00000, 0x00000000eee00000, 0x0000000100000000)
  eden space 31744K, 89% used [0x00000000eab00000,0x00000000ec6d9f00,0x00000000eca00000)
  from space 2560K, 98% used [0x00000000eca00000,0x00000000ecc783b8,0x00000000ecc80000)
  to   space 2560K, 0% used [0x00000000eeb80000,0x00000000eeb80000,0x00000000eee00000)
 ParOldGen       total 42496K, used 8142K [0x00000000c0000000, 0x00000000c2980000, 0x00000000eab00000)
  object space 42496K, 19% used [0x00000000c0000000,0x00000000c07f3818,0x00000000c2980000)
 Metaspace       used 6061K, capacity 7088K, committed 7296K, reserved 1056768K
  class space    used 590K, capacity 616K, committed 640K, reserved 1048576K

Card table byte_map: [0x0000000011a60000,0x0000000011c70000] byte_map_base: 0x0000000011460000

Marking Bits: (ParMarkBitMap*) 0x000000005a440600
 Begin Bits: [0x00000000124d0000, 0x00000000134d0000)
 End Bits:   [0x00000000134d0000, 0x00000000144d0000)

Polling page: 0x0000000000330000

CodeCache: size=245760Kb used=7935Kb max_used=7947Kb free=237824Kb
 bounds [0x00000000026a0000, 0x0000000002e70000, 0x00000000116a0000]
 total_blobs=1997 nmethods=1734 adapters=176
 compilation: enabled

Compilation events (10 events):
Event: 7.380 Thread 0x0000000056566000 nmethod 1742 0x0000000002e62b90 code [0x0000000002e62d20, 0x0000000002e63058]
Event: 7.380 Thread 0x0000000056566000 1743       3       java.util.concurrent.locks.LockSupport::unpark (12 bytes)
Event: 7.380 Thread 0x0000000056566000 nmethod 1743 0x0000000002e631d0 code [0x0000000002e63340, 0x0000000002e63568]
Event: 7.481 Thread 0x0000000056563000 1745       4       com.android.dx.cf.code.BaseMachine::popArgs (62 bytes)
Event: 7.488 Thread 0x0000000056563000 nmethod 1745 0x0000000002e66a10 code [0x0000000002e66b80, 0x0000000002e66fd8]
Event: 7.489 Thread 0x0000000056563000 1746       4       com.android.dx.rop.cst.CstLiteral32::equals (35 bytes)
Event: 7.490 Thread 0x0000000056563000 nmethod 1746 0x0000000002e63a90 code [0x0000000002e63bc0, 0x0000000002e63c78]
Event: 7.490 Thread 0x0000000056563000 1747       4       com.android.dx.dex.code.RopTranslator::getRegs (64 bytes)
Event: 7.500 Thread 0x0000000056563000 nmethod 1747 0x0000000002e64990 code [0x0000000002e64b20, 0x0000000002e64fa8]
Event: 7.503 Thread 0x0000000056563000 1748 %     4       com.android.dx.ssa.SCCP::run @ 93 (298 bytes)

GC Heap History (6 events):
Event: 1.506 GC heap before
{Heap before GC invocations=1 (full 0):
 PSYoungGen      total 18432K, used 15872K [0x00000000eab00000, 0x00000000ebf80000, 0x0000000100000000)
  eden space 15872K, 100% used [0x00000000eab00000,0x00000000eba80000,0x00000000eba80000)
  from space 2560K, 0% used [0x00000000ebd00000,0x00000000ebd00000,0x00000000ebf80000)
  to   space 2560K, 0% used [0x00000000eba80000,0x00000000eba80000,0x00000000ebd00000)
 ParOldGen       total 42496K, used 0K [0x00000000c0000000, 0x00000000c2980000, 0x00000000eab00000)
  object space 42496K, 0% used [0x00000000c0000000,0x00000000c0000000,0x00000000c2980000)
 Metaspace       used 5578K, capacity 6704K, committed 6784K, reserved 1056768K
  class space    used 582K, capacity 616K, committed 640K, reserved 1048576K
Event: 1.555 GC heap after
Heap after GC invocations=1 (full 0):
 PSYoungGen      total 18432K, used 2532K [0x00000000eab00000, 0x00000000ecf00000, 0x0000000100000000)
  eden space 15872K, 0% used [0x00000000eab00000,0x00000000eab00000,0x00000000eba80000)
  from space 2560K, 98% used [0x00000000eba80000,0x00000000ebcf92a8,0x00000000ebd00000)
  to   space 2560K, 0% used [0x00000000ecc80000,0x00000000ecc80000,0x00000000ecf00000)
 ParOldGen       total 42496K, used 1079K [0x00000000c0000000, 0x00000000c2980000, 0x00000000eab00000)
  object space 42496K, 2% used [0x00000000c0000000,0x00000000c010dcb8,0x00000000c2980000)
 Metaspace       used 5578K, capacity 6704K, committed 6784K, reserved 1056768K
  class space    used 582K, capacity 616K, committed 640K, reserved 1048576K
}
Event: 1.883 GC heap before
{Heap before GC invocations=2 (full 0):
 PSYoungGen      total 18432K, used 18404K [0x00000000eab00000, 0x00000000ecf00000, 0x0000000100000000)
  eden space 15872K, 100% used [0x00000000eab00000,0x00000000eba80000,0x00000000eba80000)
  from space 2560K, 98% used [0x00000000eba80000,0x00000000ebcf92a8,0x00000000ebd00000)
  to   space 2560K, 0% used [0x00000000ecc80000,0x00000000ecc80000,0x00000000ecf00000)
 ParOldGen       total 42496K, used 1079K [0x00000000c0000000, 0x00000000c2980000, 0x00000000eab00000)
  object space 42496K, 2% used [0x00000000c0000000,0x00000000c010dcb8,0x00000000c2980000)
 Metaspace       used 5721K, capacity 6832K, committed 7040K, reserved 1056768K
  class space    used 588K, capacity 616K, committed 640K, reserved 1048576K
Event: 1.957 GC heap after
Heap after GC invocations=2 (full 0):
 PSYoungGen      total 34304K, used 2530K [0x00000000eab00000, 0x00000000ecf00000, 0x0000000100000000)
  eden space 31744K, 0% used [0x00000000eab00000,0x00000000eab00000,0x00000000eca00000)
  from space 2560K, 98% used [0x00000000ecc80000,0x00000000ecef89f8,0x00000000ecf00000)
  to   space 2560K, 0% used [0x00000000eca00000,0x00000000eca00000,0x00000000ecc80000)
 ParOldGen       total 42496K, used 3183K [0x00000000c0000000, 0x00000000c2980000, 0x00000000eab00000)
  object space 42496K, 7% used [0x00000000c0000000,0x00000000c031be48,0x00000000c2980000)
 Metaspace       used 5721K, capacity 6832K, committed 7040K, reserved 1056768K
  class space    used 588K, capacity 616K, committed 640K, reserved 1048576K
}
Event: 4.875 GC heap before
{Heap before GC invocations=3 (full 0):
 PSYoungGen      total 34304K, used 34274K [0x00000000eab00000, 0x00000000ecf00000, 0x0000000100000000)
  eden space 31744K, 100% used [0x00000000eab00000,0x00000000eca00000,0x00000000eca00000)
  from space 2560K, 98% used [0x00000000ecc80000,0x00000000ecef89f8,0x00000000ecf00000)
  to   space 2560K, 0% used [0x00000000eca00000,0x00000000eca00000,0x00000000ecc80000)
 ParOldGen       total 42496K, used 3183K [0x00000000c0000000, 0x00000000c2980000, 0x00000000eab00000)
  object space 42496K, 7% used [0x00000000c0000000,0x00000000c031be48,0x00000000c2980000)
 Metaspace       used 6013K, capacity 7088K, committed 7296K, reserved 1056768K
  class space    used 590K, capacity 616K, committed 640K, reserved 1048576K
Event: 4.984 GC heap after
Heap after GC invocations=3 (full 0):
 PSYoungGen      total 34304K, used 2528K [0x00000000eab00000, 0x00000000eee00000, 0x0000000100000000)
  eden space 31744K, 0% used [0x00000000eab00000,0x00000000eab00000,0x00000000eca00000)
  from space 2560K, 98% used [0x00000000eca00000,0x00000000ecc783b8,0x00000000ecc80000)
  to   space 2560K, 0% used [0x00000000eeb80000,0x00000000eeb80000,0x00000000eee00000)
 ParOldGen       total 42496K, used 8142K [0x00000000c0000000, 0x00000000c2980000, 0x00000000eab00000)
  object space 42496K, 19% used [0x00000000c0000000,0x00000000c07f3818,0x00000000c2980000)
 Metaspace       used 6013K, capacity 7088K, committed 7296K, reserved 1056768K
  class space    used 590K, capacity 616K, committed 640K, reserved 1048576K
}

Deoptimization events (10 events):
Event: 5.078 Thread 0x0000000056865800 Uncommon trap: reason=class_check action=maybe_recompile pc=0x0000000002d30c44 method=com.android.dx.ssa.SCCP.simulatePhi(Lcom/android/dx/ssa/PhiInsn;)V @ 124
Event: 5.080 Thread 0x0000000056865800 Uncommon trap: reason=bimorphic action=maybe_recompile pc=0x0000000002d1f060 method=com.android.dx.rop.code.Rops.opMoveResultPseudo(Lcom/android/dx/rop/type/TypeBearer;)Lcom/android/dx/rop/code/Rop; @ 7
Event: 5.080 Thread 0x0000000056865800 Uncommon trap: reason=bimorphic action=maybe_recompile pc=0x0000000002d1f060 method=com.android.dx.rop.code.Rops.opMoveResultPseudo(Lcom/android/dx/rop/type/TypeBearer;)Lcom/android/dx/rop/code/Rop; @ 7
Event: 5.080 Thread 0x0000000056865800 Uncommon trap: reason=bimorphic action=maybe_recompile pc=0x0000000002d1f060 method=com.android.dx.rop.code.Rops.opMoveResultPseudo(Lcom/android/dx/rop/type/TypeBearer;)Lcom/android/dx/rop/code/Rop; @ 7
Event: 5.081 Thread 0x0000000056865800 Uncommon trap: reason=bimorphic action=maybe_recompile pc=0x0000000002bea380 method=com.android.dx.ssa.LiteralOpUpgrader.tryReplacingWithConstant(Lcom/android/dx/ssa/NormalSsaInsn;)Z @ 52
Event: 5.081 Thread 0x0000000056865800 Uncommon trap: reason=bimorphic action=maybe_recompile pc=0x0000000002bea380 method=com.android.dx.ssa.LiteralOpUpgrader.tryReplacingWithConstant(Lcom/android/dx/ssa/NormalSsaInsn;)Z @ 52
Event: 5.081 Thread 0x0000000056865800 Uncommon trap: reason=bimorphic action=maybe_recompile pc=0x0000000002bea380 method=com.android.dx.ssa.LiteralOpUpgrader.tryReplacingWithConstant(Lcom/android/dx/ssa/NormalSsaInsn;)Z @ 52
Event: 6.078 Thread 0x00000000568c9000 Uncommon trap: reason=bimorphic action=maybe_recompile pc=0x0000000002be55c0 method=com.android.dx.ssa.LiteralOpUpgrader.tryReplacingWithConstant(Lcom/android/dx/ssa/NormalSsaInsn;)Z @ 52
Event: 6.576 Thread 0x00000000568c9000 Uncommon trap: reason=bimorphic action=maybe_recompile pc=0x0000000002da7d48 method=com.android.dx.cf.code.BytecodeArray.parseInstruction(ILcom/android/dx/cf/code/BytecodeArray$Visitor;)I @ 955
Event: 6.576 Thread 0x00000000568c9000 Uncommon trap: reason=bimorphic action=maybe_recompile pc=0x0000000002da7d48 method=com.android.dx.cf.code.BytecodeArray.parseInstruction(ILcom/android/dx/cf/code/BytecodeArray$Visitor;)I @ 955

Internal exceptions (3 events):
Event: 0.641 Thread 0x000000000217e800 Exception <a 'java/lang/NoSuchMethodError': Method sun.misc.Unsafe.defineClass(Ljava/lang/String;[BII)Ljava/lang/Class; name or signature does not match> (0x00000000eab130d8) thrown at [D:\re\puppet\workspace\8-2-build-windows-amd64-cygwin\jdk8u73\6086\hot5ƒ—Å…ƒä?
Event: 0.641 Thread 0x000000000217e800 Exception <a 'java/lang/NoSuchMethodError': Method sun.misc.Unsafe.prefetchRead(Ljava/lang/Object;J)V name or signature does not match> (0x00000000eab133c0) thrown at [D:\re\puppet\workspace\8-2-build-windows-amd64-cygwin\jdk8u73\6086\hotspot\src\share\vm\+àXUŠœ@
Event: 2.951 Thread 0x0000000056865800 Implicit null exception at 0x00000000029d1896 to 0x00000000029d2fa1

Events (10 events):
Event: 5.081 Thread 0x0000000056865800 DEOPT UNPACKING pc=0x00000000026e582a sp=0x00000000578fe878 mode 2
Event: 6.078 Thread 0x00000000568c9000 Uncommon trap: trap_request=0xffffffc6 fr.pc=0x0000000002be55c0
Event: 6.078 Thread 0x00000000568c9000 DEOPT PACKING pc=0x0000000002be55c0 sp=0x000000005764ec90
Event: 6.078 Thread 0x00000000568c9000 DEOPT UNPACKING pc=0x00000000026e582a sp=0x000000005764ec40 mode 2
Event: 6.576 Thread 0x00000000568c9000 Uncommon trap: trap_request=0xffffffc6 fr.pc=0x0000000002da7d48
Event: 6.576 Thread 0x00000000568c9000 DEOPT PACKING pc=0x0000000002da7d48 sp=0x000000005764ec00
Event: 6.576 Thread 0x00000000568c9000 DEOPT UNPACKING pc=0x00000000026e582a sp=0x000000005764eb98 mode 2
Event: 6.576 Thread 0x00000000568c9000 Uncommon trap: trap_request=0xffffffc6 fr.pc=0x0000000002da7d48
Event: 6.576 Thread 0x00000000568c9000 DEOPT PACKING pc=0x0000000002da7d48 sp=0x000000005764ec40
Event: 6.576 Thread 0x00000000568c9000 DEOPT UNPACKING pc=0x00000000026e582a sp=0x000000005764ebd8 mode 2


Dynamic libraries:
0x000000013fbc0000 - 0x000000013fbf7000 	C:\Program Files\Java\jdk1.8.0_73\bin\java.exe
0x0000000077270000 - 0x000000007741a000 	C:\Windows\SYSTEM32\ntdll.dll
0x0000000077150000 - 0x000000007726f000 	C:\Windows\system32\kernel32.dll
0x000007fefcfd0000 - 0x000007fefd03a000 	C:\Windows\system32\KERNELBASE.dll
0x0000000074ca0000 - 0x0000000074d27000 	C:\Windows\System32\SYSFER.DLL
0x000007fefdc80000 - 0x000007fefdd5b000 	C:\Windows\system32\ADVAPI32.dll
0x000007fefdd60000 - 0x000007fefddff000 	C:\Windows\system32\msvcrt.dll
0x000007feff560000 - 0x000007feff57f000 	C:\Windows\SYSTEM32\sechost.dll
0x000007fefd450000 - 0x000007fefd57d000 	C:\Windows\system32\RPCRT4.dll
0x0000000077050000 - 0x000000007714a000 	C:\Windows\system32\USER32.dll
0x000007fefd7e0000 - 0x000007fefd847000 	C:\Windows\system32\GDI32.dll
0x000007fefd430000 - 0x000007fefd43e000 	C:\Windows\system32\LPK.dll
0x000007fefd360000 - 0x000007fefd42a000 	C:\Windows\system32\USP10.dll
0x000007fefbf40000 - 0x000007fefc134000 	C:\Windows\WinSxS\amd64_microsoft.windows.common-controls_6595b64144ccf1df_6.0.7601.18837_none_fa3b1e3d17594757\COMCTL32.dll
0x000007fefe2e0000 - 0x000007fefe351000 	C:\Windows\system32\SHLWAPI.dll
0x000007fefd580000 - 0x000007fefd5ae000 	C:\Windows\system32\IMM32.DLL
0x000007fefdea0000 - 0x000007fefdfa9000 	C:\Windows\system32\MSCTF.dll
0x000000005d0b0000 - 0x000000005d182000 	C:\Program Files\Java\jdk1.8.0_73\jre\bin\msvcr100.dll
0x0000000059c30000 - 0x000000005a4c0000 	C:\Program Files\Java\jdk1.8.0_73\jre\bin\server\jvm.dll
0x000007fef3e50000 - 0x000007fef3e59000 	C:\Windows\system32\WSOCK32.dll
0x000007fefdfb0000 - 0x000007fefdffd000 	C:\Windows\system32\WS2_32.dll
0x000007fefd440000 - 0x000007fefd448000 	C:\Windows\system32\NSI.dll
0x000007fefbc00000 - 0x000007fefbc3b000 	C:\Windows\system32\WINMM.dll
0x000007fefc330000 - 0x000007fefc33c000 	C:\Windows\system32\VERSION.dll
0x0000000077430000 - 0x0000000077437000 	C:\Windows\system32\PSAPI.DLL
0x0000000064430000 - 0x000000006443f000 	C:\Program Files\Java\jdk1.8.0_73\jre\bin\verify.dll
0x0000000061ce0000 - 0x0000000061d09000 	C:\Program Files\Java\jdk1.8.0_73\jre\bin\java.dll
0x0000000062f50000 - 0x0000000062f66000 	C:\Program Files\Java\jdk1.8.0_73\jre\bin\zip.dll
0x000007fefe360000 - 0x000007feff0ea000 	C:\Windows\system32\SHELL32.dll
0x000007fefd5b0000 - 0x000007fefd7b3000 	C:\Windows\system32\ole32.dll
0x000007fefcfa0000 - 0x000007fefcfaf000 	C:\Windows\system32\profapi.dll

VM Arguments:
jvm_args: -Djava.awt.headless=true -Xmx1024M -Dfile.encoding=windows-1251 -Duser.country=RU -Duser.language=ru -Duser.variant 
java_command: com.android.dx.command.Main --dex --force-jumbo --num-threads=4 --output C:\asp\NGS_vacancy\app\build\intermediates\pre-dexed\debug\com.android.support-design-24.2.1_454043672f1b5d218c633267b63206b1df1d4dcd.jar C:\asp\NGS_vacancy\app\build\intermediates\exploded-aar\com.android.support\design\24.2.1\jars\classes.jar
java_class_path (initial): C:\Users\avtseben\AppData\Local\Android\Sdk\build-tools\23.0.3\lib\dx.jar
Launcher Type: SUN_STANDARD

Environment Variables:
PATH=C:\Program Files\Broadcom\Broadcom 802.11;c:\Program Files (x86)\Intel\iCLS Client\;c:\Program Files\Intel\iCLS Client\;C:\ProgramData\Oracle\Java\javapath;C:\Windows\system32;C:\Windows;C:\Windows\System32\Wbem;C:\Windows\System32\WindowsPowerShell\v1.0\;C:\Program Files\Intel\Intel(R) Management Engine Components\DAL;C:\Program Files\Intel\Intel(R) Management Engine Components\IPT;C:\Program Files (x86)\Intel\Intel(R) Management Engine Components\DAL;C:\Program Files (x86)\Intel\Intel(R) Management Engine Components\IPT;c:\Program Files\WIDCOMM\Bluetooth Software\;c:\Program Files\WIDCOMM\Bluetooth Software\syswow64;C:\Program Files (x86)\Hewlett-Packard\HP ProtectTools Security Manager\Bin\;C:\Program Files (x86)\Skype\Phone\;C:\Program Files\OpenVPN\bin;C:\androidSDK\platform-tools\;C:\Program Files\Broadcom\Broadcom 802.11;c:\Program Files (x86)\Intel\iCLS Client\;c:\Program Files\Intel\iCLS Client\;C:\ProgramData\Oracle\Java\javapath;C:\Windows\system32;C:\Windows;C:\Windows\System32\Wbem;C:\Windows\System32\WindowsPowerShell\v1.0\;C:\Program Files\Intel\Intel(R) Management Engine Components\DAL;C:\Program Files\Intel\Intel(R) Management Engine Components\IPT;C:\Program Files (x86)\Intel\Intel(R) Management Engine Components\DAL;C:\Program Files (x86)\Intel\Intel(R) Management Engine Components\IPT;c:\Program Files\WIDCOMM\Bluetooth Software\;c:\Program Files\WIDCOMM\Bluetooth Software\syswow64;C:\Program Files (x86)\Hewlett-Packard\HP ProtectTools Security Manager\Bin\;C:\Program Files (x86)\Brackets\command;C:\Program Files (x86)\Skype\Phone\;C:\Program Files (x86)\ufs2tools-0.8\ufs2tools\;C:\Program Files\Git\bin\;C:\androidSDK\platform-tools;C:\gradle\bin
USERNAME=avtseben
OS=Windows_NT
PROCESSOR_IDENTIFIER=Intel64 Family 6 Model 58 Stepping 9, GenuineIntel



---------------  S Y S T E M  ---------------

OS: Windows 7 , 64 bit Build 7601 (6.1.7601.23572)

CPU:total 4 (2 cores per cpu, 2 threads per core) family 6 model 58 stepping 9, cmov, cx8, fxsr, mmx, sse, sse2, sse3, ssse3, sse4.1, sse4.2, popcnt, avx, aes, clmul, erms, ht, tsc, tscinvbit, tscinv

Memory: 4k page, physical 4056748k(595548k free), swap 4734624k(5156k free)

vm_info: Java HotSpot(TM) 64-Bit Server VM (25.73-b02) for windows-amd64 JRE (1.8.0_73-b02), built on Jan 29 2016 17:38:49 by "java_re" with MS VC++ 10.0 (VS2010)

time: Sat Dec 24 20:43:07 2016
elapsed time: 7 seconds (0d 0h 0m 7s)

