#
# There is insufficient memory for the Java Runtime Environment to continue.
# Native memory allocation (malloc) failed to allocate 383696 bytes for Chunk::new
# Possible reasons:
#   The system is out of physical RAM or swap space
#   In 32 bit mode, the process size limit was hit
# Possible solutions:
#   Reduce memory load on the system
#   Increase physical memory or swap space
#   Check if swap backing store is full
#   Use 64 bit Java on a 64 bit OS
#   Decrease Java heap size (-Xmx/-Xms)
#   Decrease number of Java threads
#   Decrease Java thread stack sizes (-Xss)
#   Set larger code cache with -XX:ReservedCodeCacheSize=
# This output file may be truncated or incomplete.
#
#  Out of Memory Error (allocation.cpp:390), pid=7884, tid=6600
#
# JRE version: Java(TM) SE Runtime Environment (8.0_73-b02) (build 1.8.0_73-b02)
# Java VM: Java HotSpot(TM) 64-Bit Server VM (25.73-b02 mixed mode windows-amd64 compressed oops)
# Failed to write core dump. Minidumps are not enabled by default on client versions of Windows
#

---------------  T H R E A D  ---------------

Current thread (0x0000000056ef3000):  JavaThread "C2 CompilerThread0" daemon [_thread_in_native, id=6600, stack(0x00000000575f0000,0x00000000576f0000)]

Stack: [0x00000000575f0000,0x00000000576f0000]
[error occurred during error reporting (printing stack bounds), id 0xc0000005]

Native frames: (J=compiled Java code, j=interpreted, Vv=VM code, C=native code)


Current CompileTask:
C2:   1526  388   !   4       com.android.dx.cf.cst.ConstantPoolParser::parse0 (731 bytes)


---------------  P R O C E S S  ---------------

Java Threads: ( => current thread )
  0x00000000571aa800 JavaThread "pool-1-thread-4" [_thread_new, id=8916, stack(0x0000000000000000,0x0000000000000000)]
  0x00000000571b4000 JavaThread "pool-1-thread-3" [_thread_in_vm, id=164, stack(0x0000000057a60000,0x0000000057b60000)]
  0x0000000057142000 JavaThread "pool-1-thread-2" [_thread_blocked, id=8660, stack(0x0000000057d00000,0x0000000057e00000)]
  0x0000000057056000 JavaThread "pool-2-thread-1" [_thread_blocked, id=8636, stack(0x0000000057820000,0x0000000057920000)]
  0x000000005704d800 JavaThread "pool-1-thread-1" [_thread_blocked, id=8256, stack(0x0000000057bd0000,0x0000000057cd0000)]
  0x0000000056f2b000 JavaThread "Service Thread" daemon [_thread_blocked, id=3480, stack(0x0000000057920000,0x0000000057a20000)]
  0x0000000056ef6000 JavaThread "C1 CompilerThread2" daemon [_thread_in_native, id=3800, stack(0x0000000056ab0000,0x0000000056bb0000)]
  0x0000000056ef5000 JavaThread "C2 CompilerThread1" daemon [_thread_blocked, id=6788, stack(0x0000000057710000,0x0000000057810000)]
=>0x0000000056ef3000 JavaThread "C2 CompilerThread0" daemon [_thread_in_native, id=6600, stack(0x00000000575f0000,0x00000000576f0000)]
  0x0000000054fc1800 JavaThread "Attach Listener" daemon [_thread_blocked, id=2244, stack(0x0000000057490000,0x0000000057590000)]
  0x0000000054fbf800 JavaThread "Signal Dispatcher" daemon [_thread_blocked, id=8424, stack(0x0000000057310000,0x0000000057410000)]
  0x0000000054f67800 JavaThread "Finalizer" daemon [_thread_blocked, id=6584, stack(0x0000000056ce0000,0x0000000056de0000)]
  0x0000000054f60800 JavaThread "Reference Handler" daemon [_thread_blocked, id=5216, stack(0x0000000056df0000,0x0000000056ef0000)]
  0x00000000021ce800 JavaThread "main" [_thread_in_Java, id=6808, stack(0x0000000002460000,0x0000000002560000)]

Other Threads:
  0x0000000054f5b000 VMThread [stack: 0x0000000056bb0000,0x0000000056cb0000] [id=5328]
  0x0000000056f79000 WatcherThread [stack: 0x00000000560b0000,0x00000000561b0000] [id=9180]

VM state:not at safepoint (normal execution)

VM Mutex/Monitor currently owned by a thread: None

Heap:
 PSYoungGen      total 18432K, used 8694K [0x00000000eab00000, 0x00000000ebf80000, 0x0000000100000000)
  eden space 15872K, 54% used [0x00000000eab00000,0x00000000eb37d880,0x00000000eba80000)
  from space 2560K, 0% used [0x00000000ebd00000,0x00000000ebd00000,0x00000000ebf80000)
  to   space 2560K, 0% used [0x00000000eba80000,0x00000000eba80000,0x00000000ebd00000)
 ParOldGen       total 42496K, used 0K [0x00000000c0000000, 0x00000000c2980000, 0x00000000eab00000)
  object space 42496K, 0% used [0x00000000c0000000,0x00000000c0000000,0x00000000c2980000)
 Metaspace       used 4954K, capacity 6160K, committed 6272K, reserved 1056768K
  class space    used 545K, capacity 584K, committed 640K, reserved 1048576K

Card table byte_map: [0x0000000011bf0000,0x0000000011e00000] byte_map_base: 0x00000000115f0000

Marking Bits: (ParMarkBitMap*) 0x00000000569e0600
 Begin Bits: [0x00000000123d0000, 0x00000000133d0000)
 End Bits:   [0x00000000133d0000, 0x00000000143d0000)

Polling page: 0x0000000000230000

CodeCache: size=245760Kb used=2109Kb max_used=2109Kb free=243650Kb
 bounds [0x0000000002830000, 0x0000000002aa0000, 0x0000000011830000]
 total_blobs=742 nmethods=482 adapters=173
 compilation: enabled

Compilation events (10 events):
Event: 1.523 Thread 0x0000000056ef6000  471       3       java.lang.Object::equals (11 bytes)
Event: 1.523 Thread 0x0000000056ef6000 nmethod 471 0x0000000002a3c350 code [0x0000000002a3c4a0, 0x0000000002a3c650]
Event: 1.523 Thread 0x0000000056ef6000  472       3       java.util.Collections$UnmodifiableCollection::iterator (9 bytes)
Event: 1.524 Thread 0x0000000056ef6000 nmethod 472 0x0000000002a3c6d0 code [0x0000000002a3c840, 0x0000000002a3cba8]
Event: 1.524 Thread 0x0000000056ef6000  473       3       java.util.Collections$UnmodifiableCollection$1::<init> (26 bytes)
Event: 1.524 Thread 0x0000000056ef6000 nmethod 473 0x0000000002a3cd10 code [0x0000000002a3ce80, 0x0000000002a3d148]
Event: 1.524 Thread 0x0000000056ef6000  474       3       com.android.dx.ssa.DeadCodeRemover::hasSideEffect (11 bytes)
Event: 1.524 Thread 0x0000000056ef6000 nmethod 474 0x0000000002a3d250 code [0x0000000002a3d3c0, 0x0000000002a3d608]
Event: 1.524 Thread 0x0000000056ef6000  475       3       com.android.dx.ssa.DeadCodeRemover::access$000 (5 bytes)
Event: 1.524 Thread 0x0000000056ef6000 nmethod 475 0x0000000002a3d6d0 code [0x0000000002a3d840, 0x0000000002a3dac8]

GC Heap History (0 events):
No events

Deoptimization events (0 events):
No events

Internal exceptions (2 events):
Event: 0.077 Thread 0x00000000021ce800 Exception <a 'java/lang/NoSuchMethodError': Method sun.misc.Unsafe.defineClass(Ljava/lang/String;[BII)Ljava/lang/Class; name or signature does not match> (0x00000000eab130d8) thrown at [D:\re\puppet\workspace\8-2-build-windows-amd64-cygwin\jdk8u73\6086\hot‡v$
Ò√≥?
Event: 0.077 Thread 0x00000000021ce800 Exception <a 'java/lang/NoSuchMethodError': Method sun.misc.Unsafe.prefetchRead(Ljava/lang/Object;J)V name or signature does not match> (0x00000000eab133c0) thrown at [D:\re\puppet\workspace\8-2-build-windows-amd64-cygwin\jdk8u73\6086\hotspot\src\share\vm\

Events (10 events):
Event: 1.478 loading class com/android/dx/dex/code/BlockAddresses
Event: 1.478 loading class com/android/dx/dex/code/BlockAddresses done
Event: 1.479 loading class com/android/dx/dex/code/HighRegisterPrefix
Event: 1.479 loading class com/android/dx/dex/code/HighRegisterPrefix done
Event: 1.479 loading class com/android/dx/dex/code/VariableSizeInsn
Event: 1.479 loading class com/android/dx/dex/code/VariableSizeInsn done
Event: 1.480 loading class com/android/dx/dex/code/SimpleInsn
Event: 1.480 loading class com/android/dx/dex/code/SimpleInsn done
Event: 1.480 loading class com/android/dx/dex/code/Dops
Event: 1.480 loading class com/android/dx/dex/code/Dops done


Dynamic libraries:
0x000000013f330000 - 0x000000013f367000 	C:\Program Files\Java\jdk1.8.0_73\bin\java.exe
0x00000000774d0000 - 0x000000007767a000 	C:\Windows\SYSTEM32\ntdll.dll
0x00000000772b0000 - 0x00000000773cf000 	C:\Windows\system32\kernel32.dll
0x000007fefd550000 - 0x000007fefd5ba000 	C:\Windows\system32\KERNELBASE.dll
0x0000000074f00000 - 0x0000000074f87000 	C:\Windows\System32\SYSFER.DLL
0x000007fefef40000 - 0x000007feff01b000 	C:\Windows\system32\ADVAPI32.dll
0x000007feff6d0000 - 0x000007feff76f000 	C:\Windows\system32\msvcrt.dll
0x000007fefdf20000 - 0x000007fefdf3f000 	C:\Windows\SYSTEM32\sechost.dll
0x000007fefd830000 - 0x000007fefd95d000 	C:\Windows\system32\RPCRT4.dll
0x00000000773d0000 - 0x00000000774ca000 	C:\Windows\system32\USER32.dll
0x000007feff770000 - 0x000007feff7d7000 	C:\Windows\system32\GDI32.dll
0x000007fefdc30000 - 0x000007fefdc3e000 	C:\Windows\system32\LPK.dll
0x000007feff580000 - 0x000007feff64a000 	C:\Windows\system32\USP10.dll
0x000007fefc280000 - 0x000007fefc474000 	C:\Windows\WinSxS\amd64_microsoft.windows.common-controls_6595b64144ccf1df_6.0.7601.18837_none_fa3b1e3d17594757\COMCTL32.dll
0x000007feff280000 - 0x000007feff2f1000 	C:\Windows\system32\SHLWAPI.dll
0x000007feff020000 - 0x000007feff04e000 	C:\Windows\system32\IMM32.DLL
0x000007fefd6a0000 - 0x000007fefd7a9000 	C:\Windows\system32\MSCTF.dll
0x0000000055fd0000 - 0x00000000560a2000 	C:\Program Files\Java\jdk1.8.0_73\jre\bin\msvcr100.dll
0x00000000561d0000 - 0x0000000056a60000 	C:\Program Files\Java\jdk1.8.0_73\jre\bin\server\jvm.dll
0x000007fefacb0000 - 0x000007fefacb9000 	C:\Windows\system32\WSOCK32.dll
0x000007fefe160000 - 0x000007fefe1ad000 	C:\Windows\system32\WS2_32.dll
0x000007fefe150000 - 0x000007fefe158000 	C:\Windows\system32\NSI.dll
0x000007fefbb40000 - 0x000007fefbb7b000 	C:\Windows\system32\WINMM.dll
0x000007fefc620000 - 0x000007fefc62c000 	C:\Windows\system32\VERSION.dll
0x00000000776a0000 - 0x00000000776a7000 	C:\Windows\system32\PSAPI.DLL
0x0000000073d50000 - 0x0000000073d5f000 	C:\Program Files\Java\jdk1.8.0_73\jre\bin\verify.dll
0x0000000073610000 - 0x0000000073639000 	C:\Program Files\Java\jdk1.8.0_73\jre\bin\java.dll
0x0000000073650000 - 0x0000000073666000 	C:\Program Files\Java\jdk1.8.0_73\jre\bin\zip.dll
0x000007fefe1b0000 - 0x000007fefef3a000 	C:\Windows\system32\SHELL32.dll
0x000007fefdf40000 - 0x000007fefe143000 	C:\Windows\system32\ole32.dll
0x000007fefd210000 - 0x000007fefd21f000 	C:\Windows\system32\profapi.dll

VM Arguments:
jvm_args: -Djava.awt.headless=true -Xmx1024M -Dfile.encoding=windows-1251 -Duser.country=RU -Duser.language=ru -Duser.variant 
java_command: com.android.dx.command.Main --dex --force-jumbo --num-threads=4 --output C:\asp\NGS_vacancy\app\build\intermediates\pre-dexed\debug\main_d206af63d602fe98b9629c814052d8e96cb1becb.jar C:\asp\NGS_vacancy\app\build\intermediates\transforms\instantRun\debug\folders\1\5\main
java_class_path (initial): C:\Users\avtseben\AppData\Local\Android\Sdk\build-tools\23.0.3\lib\dx.jar
Launcher Type: SUN_STANDARD

Environment Variables:
PATH=C:\Program Files\Broadcom\Broadcom 802.11;c:\Program Files (x86)\Intel\iCLS Client\;c:\Program Files\Intel\iCLS Client\;C:\ProgramData\Oracle\Java\javapath;C:\Windows\system32;C:\Windows;C:\Windows\System32\Wbem;C:\Windows\System32\WindowsPowerShell\v1.0\;C:\Program Files\Intel\Intel(R) Management Engine Components\DAL;C:\Program Files\Intel\Intel(R) Management Engine Components\IPT;C:\Program Files (x86)\Intel\Intel(R) Management Engine Components\DAL;C:\Program Files (x86)\Intel\Intel(R) Management Engine Components\IPT;c:\Program Files\WIDCOMM\Bluetooth Software\;c:\Program Files\WIDCOMM\Bluetooth Software\syswow64;C:\Program Files (x86)\Hewlett-Packard\HP ProtectTools Security Manager\Bin\;C:\Program Files (x86)\Skype\Phone\;C:\Program Files\OpenVPN\bin;C:\androidSDK\platform-tools\;C:\Program Files\Broadcom\Broadcom 802.11;c:\Program Files (x86)\Intel\iCLS Client\;c:\Program Files\Intel\iCLS Client\;C:\ProgramData\Oracle\Java\javapath;C:\Windows\system32;C:\Windows;C:\Windows\System32\Wbem;C:\Windows\System32\WindowsPowerShell\v1.0\;C:\Program Files\Intel\Intel(R) Management Engine Components\DAL;C:\Program Files\Intel\Intel(R) Management Engine Components\IPT;C:\Program Files (x86)\Intel\Intel(R) Management Engine Components\DAL;C:\Program Files (x86)\Intel\Intel(R) Management Engine Components\IPT;c:\Program Files\WIDCOMM\Bluetooth Software\;c:\Program Files\WIDCOMM\Bluetooth Software\syswow64;C:\Program Files (x86)\Hewlett-Packard\HP ProtectTools Security Manager\Bin\;C:\Program Files (x86)\Brackets\command;C:\Program Files (x86)\Skype\Phone\;C:\Program Files (x86)\ufs2tools-0.8\ufs2tools\;C:\Program Files\Git\bin\;C:\androidSDK\platform-tools;C:\gradle\bin
USERNAME=avtseben
OS=Windows_NT
PROCESSOR_IDENTIFIER=Intel64 Family 6 Model 58 Stepping 9, GenuineIntel



---------------  S Y S T E M  ---------------

OS: Windows 7 , 64 bit Build 7601 (6.1.7601.23569)

CPU:total 4 (2 cores per cpu, 2 threads per core) family 6 model 58 stepping 9, cmov, cx8, fxsr, mmx, sse, sse2, sse3, ssse3, sse4.1, sse4.2, popcnt, avx, aes, clmul, erms, ht, tsc, tscinvbit, tscinv

Memory: 4k page, physical 4056748k(693660k free), swap 5111208k(13696k free)

vm_info: Java HotSpot(TM) 64-Bit Server VM (25.73-b02) for windows-amd64 JRE (1.8.0_73-b02), built on Jan 29 2016 17:38:49 by "java_re" with MS VC++ 10.0 (VS2010)

time: Sun Dec 18 18:17:53 2016
elapsed time: 1 seconds (0d 0h 0m 1s)

