#
# There is insufficient memory for the Java Runtime Environment to continue.
# Native memory allocation (malloc) failed to allocate 117936 bytes for Chunk::new
# Possible reasons:
#   The system is out of physical RAM or swap space
#   In 32 bit mode, the process size limit was hit
# Possible solutions:
#   Reduce memory load on the system
#   Increase physical memory or swap space
#   Check if swap backing store is full
#   Use 64 bit Java on a 64 bit OS
#   Decrease Java heap size (-Xmx/-Xms)
#   Decrease number of Java threads
#   Decrease Java thread stack sizes (-Xss)
#   Set larger code cache with -XX:ReservedCodeCacheSize=
# This output file may be truncated or incomplete.
#
#  Out of Memory Error (allocation.cpp:390), pid=8180, tid=6812
#
# JRE version: Java(TM) SE Runtime Environment (8.0_73-b02) (build 1.8.0_73-b02)
# Java VM: Java HotSpot(TM) 64-Bit Server VM (25.73-b02 mixed mode windows-amd64 compressed oops)
# Failed to write core dump. Minidumps are not enabled by default on client versions of Windows
#

---------------  T H R E A D  ---------------

Current thread (0x0000000056f95000):  JavaThread "C2 CompilerThread1" daemon [_thread_in_native, id=6812, stack(0x00000000573a0000,0x00000000574a0000)]

Stack: [0x00000000573a0000,0x00000000574a0000]
[error occurred during error reporting (printing stack bounds), id 0xc0000005]

Native frames: (J=compiled Java code, j=interpreted, Vv=VM code, C=native code)


Current CompileTask:
C2:   8686 1169       4       com.android.dx.ssa.back.LivenessAnalyzer::liveInAtStatement (55 bytes)


---------------  P R O C E S S  ---------------

Java Threads: ( => current thread )
  0x0000000057149000 JavaThread "pool-1-thread-4" [_thread_blocked, id=1988, stack(0x00000000582b0000,0x00000000583b0000)]
  0x0000000057146000 JavaThread "pool-1-thread-3" [_thread_blocked, id=5428, stack(0x00000000580c0000,0x00000000581c0000)]
  0x0000000057145800 JavaThread "pool-1-thread-2" [_thread_blocked, id=2952, stack(0x0000000057f60000,0x0000000058060000)]
  0x0000000057143800 JavaThread "pool-2-thread-1" [_thread_blocked, id=2052, stack(0x0000000057e40000,0x0000000057f40000)]
  0x0000000057190800 JavaThread "pool-1-thread-1" [_thread_in_Java, id=1536, stack(0x0000000057d40000,0x0000000057e40000)]
  0x0000000056fe7000 JavaThread "Service Thread" daemon [_thread_blocked, id=7892, stack(0x0000000057b00000,0x0000000057c00000)]
  0x0000000056f96000 JavaThread "C1 CompilerThread2" daemon [_thread_blocked, id=8088, stack(0x0000000057980000,0x0000000057a80000)]
=>0x0000000056f95000 JavaThread "C2 CompilerThread1" daemon [_thread_in_native, id=6812, stack(0x00000000573a0000,0x00000000574a0000)]
  0x0000000056f92800 JavaThread "C2 CompilerThread0" daemon [_thread_in_native, id=7360, stack(0x0000000056c10000,0x0000000056d10000)]
  0x0000000054801800 JavaThread "Attach Listener" daemon [_thread_blocked, id=6080, stack(0x0000000057730000,0x0000000057830000)]
  0x00000000547ff000 JavaThread "Signal Dispatcher" daemon [_thread_blocked, id=876, stack(0x0000000057500000,0x0000000057600000)]
  0x00000000547a2000 JavaThread "Finalizer" daemon [_thread_blocked, id=8112, stack(0x0000000056e90000,0x0000000056f90000)]
  0x00000000547a0800 JavaThread "Reference Handler" daemon [_thread_blocked, id=6868, stack(0x0000000056d10000,0x0000000056e10000)]
  0x000000000214e800 JavaThread "main" [_thread_in_Java, id=2620, stack(0x00000000021e0000,0x00000000022e0000)]

Other Threads:
  0x000000005479b000 VMThread [stack: 0x0000000056b00000,0x0000000056c00000] [id=7776]
  0x0000000056ff4800 WatcherThread [stack: 0x0000000057870000,0x0000000057970000] [id=7644]

VM state:not at safepoint (normal execution)

VM Mutex/Monitor currently owned by a thread: None

Heap:
 PSYoungGen      total 18432K, used 7674K [0x00000000eab00000, 0x00000000ecf00000, 0x0000000100000000)
  eden space 15872K, 32% used [0x00000000eab00000,0x00000000eb004ea8,0x00000000eba80000)
  from space 2560K, 99% used [0x00000000eba80000,0x00000000ebcf9c88,0x00000000ebd00000)
  to   space 2560K, 0% used [0x00000000ecc80000,0x00000000ecc80000,0x00000000ecf00000)
 ParOldGen       total 42496K, used 1474K [0x00000000c0000000, 0x00000000c2980000, 0x00000000eab00000)
  object space 42496K, 3% used [0x00000000c0000000,0x00000000c01709a0,0x00000000c2980000)
 Metaspace       used 5922K, capacity 6832K, committed 7040K, reserved 1056768K
  class space    used 595K, capacity 616K, committed 640K, reserved 1048576K

Card table byte_map: [0x0000000011a40000,0x0000000011c50000] byte_map_base: 0x0000000011440000

Marking Bits: (ParMarkBitMap*) 0x00000000557a0600
 Begin Bits: [0x0000000012410000, 0x0000000013410000)
 End Bits:   [0x0000000013410000, 0x0000000014410000)

Polling page: 0x0000000000440000

CodeCache: size=245760Kb used=4519Kb max_used=4519Kb free=241240Kb
 bounds [0x0000000002680000, 0x0000000002af0000, 0x0000000011680000]
 total_blobs=1435 nmethods=1166 adapters=182
 compilation: enabled

Compilation events (10 events):
Event: 8.671 Thread 0x0000000056f96000 1164       3       com.android.dx.rop.type.Type::isIntlike (56 bytes)
Event: 8.671 Thread 0x0000000056f96000 nmethod 1164 0x0000000002ad4750 code [0x0000000002ad48a0, 0x0000000002ad4a30]
Event: 8.674 Thread 0x0000000056f96000 1165       3       com.android.dx.rop.type.Prototype::makeParameterArray (131 bytes)
Event: 8.675 Thread 0x0000000056f96000 nmethod 1165 0x0000000002aea290 code [0x0000000002aea4c0, 0x0000000002aeb078]
Event: 8.675 Thread 0x0000000056f96000 1166       3       com.android.dx.ssa.SsaConverter::edgeSplitSuccessors (98 bytes)
Event: 8.675 Thread 0x0000000056f92800 1168       4       com.android.dx.ssa.back.LivenessAnalyzer::handleTailRecursion (94 bytes)
Event: 8.675 Thread 0x0000000056f95000 1169       4       com.android.dx.ssa.back.LivenessAnalyzer::liveInAtStatement (55 bytes)
Event: 8.676 Thread 0x0000000056f96000 nmethod 1166 0x0000000002aeb5d0 code [0x0000000002aeb840, 0x0000000002aec648]
Event: 8.676 Thread 0x0000000056f96000 1167       3       com.android.dx.ssa.DomFront::calcDomFronts (154 bytes)
Event: 8.678 Thread 0x0000000056f96000 nmethod 1167 0x0000000002aecfd0 code [0x0000000002aed260, 0x0000000002aee1e8]

GC Heap History (2 events):
Event: 3.360 GC heap before
{Heap before GC invocations=1 (full 0):
 PSYoungGen      total 18432K, used 15872K [0x00000000eab00000, 0x00000000ebf80000, 0x0000000100000000)
  eden space 15872K, 100% used [0x00000000eab00000,0x00000000eba80000,0x00000000eba80000)
  from space 2560K, 0% used [0x00000000ebd00000,0x00000000ebd00000,0x00000000ebf80000)
  to   space 2560K, 0% used [0x00000000eba80000,0x00000000eba80000,0x00000000ebd00000)
 ParOldGen       total 42496K, used 0K [0x00000000c0000000, 0x00000000c2980000, 0x00000000eab00000)
  object space 42496K, 0% used [0x00000000c0000000,0x00000000c0000000,0x00000000c2980000)
 Metaspace       used 5807K, capacity 6768K, committed 7040K, reserved 1056768K
  class space    used 593K, capacity 616K, committed 640K, reserved 1048576K
Event: 4.775 GC heap after
Heap after GC invocations=1 (full 0):
 PSYoungGen      total 18432K, used 2535K [0x00000000eab00000, 0x00000000ecf00000, 0x0000000100000000)
  eden space 15872K, 0% used [0x00000000eab00000,0x00000000eab00000,0x00000000eba80000)
  from space 2560K, 99% used [0x00000000eba80000,0x00000000ebcf9c88,0x00000000ebd00000)
  to   space 2560K, 0% used [0x00000000ecc80000,0x00000000ecc80000,0x00000000ecf00000)
 ParOldGen       total 42496K, used 1474K [0x00000000c0000000, 0x00000000c2980000, 0x00000000eab00000)
  object space 42496K, 3% used [0x00000000c0000000,0x00000000c01709a0,0x00000000c2980000)
 Metaspace       used 5807K, capacity 6768K, committed 7040K, reserved 1056768K
  class space    used 593K, capacity 616K, committed 640K, reserved 1048576K
}

Deoptimization events (6 events):
Event: 2.769 Thread 0x000000000214e800 Uncommon trap: reason=unstable_if action=reinterpret pc=0x0000000002882d34 method=java.util.HashMap.getNode(ILjava/lang/Object;)Ljava/util/HashMap$Node; @ 62
Event: 2.987 Thread 0x0000000057145800 Uncommon trap: reason=unstable_if action=reinterpret pc=0x00000000028ce260 method=java.util.BitSet.nextSetBit(I)I @ 87
Event: 3.010 Thread 0x0000000057145800 Uncommon trap: reason=class_check action=maybe_recompile pc=0x00000000028fc460 method=com.android.dx.ssa.NormalSsaInsn.accept(Lcom/android/dx/ssa/SsaInsn$Visitor;)V @ 9
Event: 3.011 Thread 0x0000000057145800 Uncommon trap: reason=class_check action=maybe_recompile pc=0x00000000028fc460 method=com.android.dx.ssa.NormalSsaInsn.accept(Lcom/android/dx/ssa/SsaInsn$Visitor;)V @ 9
Event: 3.011 Thread 0x0000000057145800 Uncommon trap: reason=class_check action=maybe_recompile pc=0x00000000028fc460 method=com.android.dx.ssa.NormalSsaInsn.accept(Lcom/android/dx/ssa/SsaInsn$Visitor;)V @ 9
Event: 3.012 Thread 0x0000000057145800 Uncommon trap: reason=class_check action=maybe_recompile pc=0x00000000028fc460 method=com.android.dx.ssa.NormalSsaInsn.accept(Lcom/android/dx/ssa/SsaInsn$Visitor;)V @ 9

Internal exceptions (2 events):
Event: 0.311 Thread 0x000000000214e800 Exception <a 'java/lang/NoSuchMethodError': Method sun.misc.Unsafe.defineClass(Ljava/lang/String;[BII)Ljava/lang/Class; name or signature does not match> (0x00000000eab130d8) thrown at [D:\re\puppet\workspace\8-2-build-windows-amd64-cygwin\jdk8u73\6086\hot6¢'BÈÏ”?
Event: 0.311 Thread 0x000000000214e800 Exception <a 'java/lang/NoSuchMethodError': Method sun.misc.Unsafe.prefetchRead(Ljava/lang/Object;J)V name or signature does not match> (0x00000000eab133c0) thrown at [D:\re\puppet\workspace\8-2-build-windows-amd64-cygwin\jdk8u73\6086\hotspot\src\share\vm\

Events (10 events):
Event: 3.360 Executing VM operation: ParallelGCFailedAllocation
Event: 4.775 Executing VM operation: ParallelGCFailedAllocation done
Event: 8.585 loading class com/android/dx/cf/direct/AnnotationParser
Event: 8.585 loading class com/android/dx/cf/direct/AnnotationParser done
Event: 8.586 loading class com/android/dx/cf/attrib/AttRuntimeInvisibleAnnotations
Event: 8.586 loading class com/android/dx/cf/attrib/AttRuntimeInvisibleAnnotations done
Event: 8.587 loading class com/android/dx/cf/attrib/BaseAnnotations
Event: 8.587 loading class com/android/dx/cf/attrib/BaseAnnotations done
Event: 8.672 loading class com/android/dx/cf/attrib/AttConstantValue
Event: 8.672 loading class com/android/dx/cf/attrib/AttConstantValue done


Dynamic libraries:
0x000000013fd20000 - 0x000000013fd57000 	C:\Program Files\Java\jdk1.8.0_73\bin\java.exe
0x0000000077540000 - 0x00000000776ea000 	C:\Windows\SYSTEM32\ntdll.dll
0x0000000077420000 - 0x000000007753f000 	C:\Windows\system32\kernel32.dll
0x000007fefd330000 - 0x000007fefd39a000 	C:\Windows\system32\KERNELBASE.dll
0x0000000074f70000 - 0x0000000074ff7000 	C:\Windows\System32\SYSFER.DLL
0x000007fefd630000 - 0x000007fefd70b000 	C:\Windows\system32\ADVAPI32.dll
0x000007fefeb80000 - 0x000007fefec1f000 	C:\Windows\system32\msvcrt.dll
0x000007feff620000 - 0x000007feff63f000 	C:\Windows\SYSTEM32\sechost.dll
0x000007fefe6d0000 - 0x000007fefe7fd000 	C:\Windows\system32\RPCRT4.dll
0x0000000077320000 - 0x000000007741a000 	C:\Windows\system32\USER32.dll
0x000007fefec70000 - 0x000007fefecd7000 	C:\Windows\system32\GDI32.dll
0x000007fefe880000 - 0x000007fefe88e000 	C:\Windows\system32\LPK.dll
0x000007feff550000 - 0x000007feff61a000 	C:\Windows\system32\USP10.dll
0x000007fefc1d0000 - 0x000007fefc3c4000 	C:\Windows\WinSxS\amd64_microsoft.windows.common-controls_6595b64144ccf1df_6.0.7601.18837_none_fa3b1e3d17594757\COMCTL32.dll
0x000007fefd820000 - 0x000007fefd891000 	C:\Windows\system32\SHLWAPI.dll
0x000007fefd7f0000 - 0x000007fefd81e000 	C:\Windows\system32\IMM32.DLL
0x000007fefeec0000 - 0x000007fefefc9000 	C:\Windows\system32\MSCTF.dll
0x0000000054990000 - 0x0000000054a62000 	C:\Program Files\Java\jdk1.8.0_73\jre\bin\msvcr100.dll
0x0000000054f90000 - 0x0000000055820000 	C:\Program Files\Java\jdk1.8.0_73\jre\bin\server\jvm.dll
0x000007feec600000 - 0x000007feec609000 	C:\Windows\system32\WSOCK32.dll
0x000007fefec20000 - 0x000007fefec6d000 	C:\Windows\system32\WS2_32.dll
0x000007fefeb70000 - 0x000007fefeb78000 	C:\Windows\system32\NSI.dll
0x000007fefbed0000 - 0x000007fefbf0b000 	C:\Windows\system32\WINMM.dll
0x000007fefc5b0000 - 0x000007fefc5bc000 	C:\Windows\system32\VERSION.dll
0x0000000077700000 - 0x0000000077707000 	C:\Windows\system32\PSAPI.DLL
0x0000000054f80000 - 0x0000000054f8f000 	C:\Program Files\Java\jdk1.8.0_73\jre\bin\verify.dll
0x0000000054f50000 - 0x0000000054f79000 	C:\Program Files\Java\jdk1.8.0_73\jre\bin\java.dll
0x0000000054f30000 - 0x0000000054f46000 	C:\Program Files\Java\jdk1.8.0_73\jre\bin\zip.dll
0x000007fefd8a0000 - 0x000007fefe62a000 	C:\Windows\system32\SHELL32.dll
0x000007feff640000 - 0x000007feff843000 	C:\Windows\system32\ole32.dll
0x000007fefd280000 - 0x000007fefd28f000 	C:\Windows\system32\profapi.dll

VM Arguments:
jvm_args: -Djava.awt.headless=true -Xmx1024M -Dfile.encoding=windows-1251 -Duser.country=RU -Duser.language=ru -Duser.variant 
java_command: com.android.dx.command.Main --dex --force-jumbo --num-threads=4 --output C:\asp\NGS_vacancy\app\build\intermediates\pre-dexed\debug\retrofit-2.1.0_0ba9cf51f31256d780a19b7a2dd1349a83a83c0b.jar C:\Users\avtseben\.gradle\caches\modules-2\files-2.1\com.squareup.retrofit2\retrofit\2.1.0\2de7cd8b95b7021b1d597f049bcb422055119f2c\retrofit-2.1.0.jar
java_class_path (initial): C:\Users\avtseben\AppData\Local\Android\Sdk\build-tools\23.0.3\lib\dx.jar
Launcher Type: SUN_STANDARD

Environment Variables:
PATH=C:\Program Files\Broadcom\Broadcom 802.11;c:\Program Files (x86)\Intel\iCLS Client\;c:\Program Files\Intel\iCLS Client\;C:\ProgramData\Oracle\Java\javapath;C:\Windows\system32;C:\Windows;C:\Windows\System32\Wbem;C:\Windows\System32\WindowsPowerShell\v1.0\;C:\Program Files\Intel\Intel(R) Management Engine Components\DAL;C:\Program Files\Intel\Intel(R) Management Engine Components\IPT;C:\Program Files (x86)\Intel\Intel(R) Management Engine Components\DAL;C:\Program Files (x86)\Intel\Intel(R) Management Engine Components\IPT;c:\Program Files\WIDCOMM\Bluetooth Software\;c:\Program Files\WIDCOMM\Bluetooth Software\syswow64;C:\Program Files (x86)\Hewlett-Packard\HP ProtectTools Security Manager\Bin\;C:\Program Files (x86)\Skype\Phone\;C:\Program Files\OpenVPN\bin;C:\androidSDK\platform-tools\;C:\Program Files\Broadcom\Broadcom 802.11;c:\Program Files (x86)\Intel\iCLS Client\;c:\Program Files\Intel\iCLS Client\;C:\ProgramData\Oracle\Java\javapath;C:\Windows\system32;C:\Windows;C:\Windows\System32\Wbem;C:\Windows\System32\WindowsPowerShell\v1.0\;C:\Program Files\Intel\Intel(R) Management Engine Components\DAL;C:\Program Files\Intel\Intel(R) Management Engine Components\IPT;C:\Program Files (x86)\Intel\Intel(R) Management Engine Components\DAL;C:\Program Files (x86)\Intel\Intel(R) Management Engine Components\IPT;c:\Program Files\WIDCOMM\Bluetooth Software\;c:\Program Files\WIDCOMM\Bluetooth Software\syswow64;C:\Program Files (x86)\Hewlett-Packard\HP ProtectTools Security Manager\Bin\;C:\Program Files (x86)\Brackets\command;C:\Program Files (x86)\Skype\Phone\;C:\Program Files (x86)\ufs2tools-0.8\ufs2tools\;C:\Program Files\Git\bin\;C:\androidSDK\platform-tools;C:\gradle\bin
USERNAME=avtseben
OS=Windows_NT
PROCESSOR_IDENTIFIER=Intel64 Family 6 Model 58 Stepping 9, GenuineIntel



---------------  S Y S T E M  ---------------

OS: Windows 7 , 64 bit Build 7601 (6.1.7601.23572)

CPU:total 4 (2 cores per cpu, 2 threads per core) family 6 model 58 stepping 9, cmov, cx8, fxsr, mmx, sse, sse2, sse3, ssse3, sse4.1, sse4.2, popcnt, avx, aes, clmul, erms, ht, tsc, tscinvbit, tscinv

Memory: 4k page, physical 4056748k(73748k free), swap 5123076k(4516k free)

vm_info: Java HotSpot(TM) 64-Bit Server VM (25.73-b02) for windows-amd64 JRE (1.8.0_73-b02), built on Jan 29 2016 17:38:49 by "java_re" with MS VC++ 10.0 (VS2010)

time: Thu Dec 22 23:42:24 2016
elapsed time: 8 seconds (0d 0h 0m 8s)

