#
# There is insufficient memory for the Java Runtime Environment to continue.
# Native memory allocation (malloc) failed to allocate 1082576 bytes for Chunk::new
# Possible reasons:
#   The system is out of physical RAM or swap space
#   In 32 bit mode, the process size limit was hit
# Possible solutions:
#   Reduce memory load on the system
#   Increase physical memory or swap space
#   Check if swap backing store is full
#   Use 64 bit Java on a 64 bit OS
#   Decrease Java heap size (-Xmx/-Xms)
#   Decrease number of Java threads
#   Decrease Java thread stack sizes (-Xss)
#   Set larger code cache with -XX:ReservedCodeCacheSize=
# This output file may be truncated or incomplete.
#
#  Out of Memory Error (allocation.cpp:390), pid=5496, tid=1700
#
# JRE version: Java(TM) SE Runtime Environment (8.0_73-b02) (build 1.8.0_73-b02)
# Java VM: Java HotSpot(TM) 64-Bit Server VM (25.73-b02 mixed mode windows-amd64 compressed oops)
# Failed to write core dump. Minidumps are not enabled by default on client versions of Windows
#

---------------  T H R E A D  ---------------

Current thread (0x0000000056344000):  JavaThread "C2 CompilerThread1" daemon [_thread_in_native, id=1700, stack(0x0000000056c80000,0x0000000056d80000)]

Stack: [0x0000000056c80000,0x0000000056d80000]
[error occurred during error reporting (printing stack bounds), id 0xc0000005]

Native frames: (J=compiled Java code, j=interpreted, Vv=VM code, C=native code)


Current CompileTask:
C2:   4995 1501   !   4       com.android.dx.cf.code.Ropper::processBlock (1101 bytes)


---------------  P R O C E S S  ---------------

Java Threads: ( => current thread )
  0x0000000056593000 JavaThread "pool-1-thread-4" [_thread_blocked, id=2316, stack(0x0000000056b80000,0x0000000056c80000)]
  0x00000000564a6000 JavaThread "pool-1-thread-3" [_thread_blocked, id=484, stack(0x0000000057780000,0x0000000057880000)]
  0x0000000056592800 JavaThread "pool-1-thread-2" [_thread_blocked, id=2712, stack(0x0000000056f00000,0x0000000057000000)]
  0x00000000564ac000 JavaThread "pool-2-thread-1" [_thread_blocked, id=2728, stack(0x0000000057580000,0x0000000057680000)]
  0x00000000564a3000 JavaThread "pool-1-thread-1" [_thread_blocked, id=3156, stack(0x0000000057390000,0x0000000057490000)]
  0x000000005500d800 JavaThread "Service Thread" daemon [_thread_blocked, id=3152, stack(0x0000000057000000,0x0000000057100000)]
  0x0000000056345000 JavaThread "C1 CompilerThread2" daemon [_thread_blocked, id=2144, stack(0x0000000056dd0000,0x0000000056ed0000)]
=>0x0000000056344000 JavaThread "C2 CompilerThread1" daemon [_thread_in_native, id=1700, stack(0x0000000056c80000,0x0000000056d80000)]
  0x0000000056342800 JavaThread "C2 CompilerThread0" daemon [_thread_in_native, id=3972, stack(0x0000000056a40000,0x0000000056b40000)]
  0x0000000055000800 JavaThread "Attach Listener" daemon [_thread_blocked, id=2832, stack(0x0000000056800000,0x0000000056900000)]
  0x0000000054ffe000 JavaThread "Signal Dispatcher" daemon [_thread_blocked, id=1360, stack(0x0000000056930000,0x0000000056a30000)]
  0x0000000054fa3000 JavaThread "Finalizer" daemon [_thread_blocked, id=5852, stack(0x0000000055fb0000,0x00000000560b0000)]
  0x0000000054fa2000 JavaThread "Reference Handler" daemon [_thread_blocked, id=3172, stack(0x0000000056170000,0x0000000056270000)]
  0x00000000001de800 JavaThread "main" [_thread_blocked, id=7604, stack(0x0000000002170000,0x0000000002270000)]

Other Threads:
  0x0000000054f9c800 VMThread [stack: 0x0000000055e90000,0x0000000055f90000] [id=6500]
  0x00000000563b6000 WatcherThread [stack: 0x0000000057220000,0x0000000057320000] [id=3924]

VM state:not at safepoint (normal execution)

VM Mutex/Monitor currently owned by a thread: None

Heap:
 PSYoungGen      total 34304K, used 13664K [0x00000000eab00000, 0x00000000eee00000, 0x0000000100000000)
  eden space 31744K, 34% used [0x00000000eab00000,0x00000000eb5d9320,0x00000000eca00000)
  from space 2560K, 99% used [0x00000000eca00000,0x00000000ecc7eff0,0x00000000ecc80000)
  to   space 2560K, 0% used [0x00000000eeb80000,0x00000000eeb80000,0x00000000eee00000)
 ParOldGen       total 42496K, used 9301K [0x00000000c0000000, 0x00000000c2980000, 0x00000000eab00000)
  object space 42496K, 21% used [0x00000000c0000000,0x00000000c09157a0,0x00000000c2980000)
 Metaspace       used 5874K, capacity 6960K, committed 7040K, reserved 1056768K
  class space    used 580K, capacity 616K, committed 640K, reserved 1048576K

Card table byte_map: [0x0000000011900000,0x0000000011b10000] byte_map_base: 0x0000000011300000

Marking Bits: (ParMarkBitMap*) 0x000000005cc80600
 Begin Bits: [0x0000000012410000, 0x0000000013410000)
 End Bits:   [0x0000000013410000, 0x0000000014410000)

Polling page: 0x0000000000140000

CodeCache: size=245760Kb used=6569Kb max_used=6569Kb free=239190Kb
 bounds [0x0000000002540000, 0x0000000002bb0000, 0x0000000011540000]
 total_blobs=1764 nmethods=1503 adapters=174
 compilation: enabled

Compilation events (10 events):
Event: 4.949 Thread 0x0000000056345000 1527       3       com.android.dx.ssa.MoveParamCombiner::process (12 bytes)
Event: 4.949 Thread 0x0000000056345000 nmethod 1527 0x0000000002bacd90 code [0x0000000002bacf00, 0x0000000002bad188]
Event: 4.949 Thread 0x0000000056345000 1522       1       com.android.dx.cf.attrib.BaseLocalVariables::getLocalVariables (5 bytes)
Event: 4.949 Thread 0x0000000056345000 nmethod 1522 0x0000000002bad290 code [0x0000000002bad3e0, 0x0000000002bad4f0]
Event: 4.950 Thread 0x0000000056345000 1530       1       com.android.dx.ssa.back.FirstFitLocalCombiningAllocator$Multiset::getSize (5 bytes)
Event: 4.950 Thread 0x0000000056345000 nmethod 1530 0x0000000002bad550 code [0x0000000002bad6a0, 0x0000000002bad7b0]
Event: 4.953 Thread 0x0000000056345000 1531       3       com.android.dx.rop.code.Rops::opNewArray (124 bytes)
Event: 4.954 Thread 0x0000000056345000 nmethod 1531 0x0000000002bad810 code [0x0000000002bada60, 0x0000000002bae8a8]
Event: 4.956 Thread 0x0000000056345000 1532       1       com.android.dx.rop.code.LocalItem::getName (5 bytes)
Event: 4.956 Thread 0x0000000056345000 nmethod 1532 0x0000000002baef50 code [0x0000000002baf0a0, 0x0000000002baf1b0]

GC Heap History (6 events):
Event: 1.546 GC heap before
{Heap before GC invocations=1 (full 0):
 PSYoungGen      total 18432K, used 15872K [0x00000000eab00000, 0x00000000ebf80000, 0x0000000100000000)
  eden space 15872K, 100% used [0x00000000eab00000,0x00000000eba80000,0x00000000eba80000)
  from space 2560K, 0% used [0x00000000ebd00000,0x00000000ebd00000,0x00000000ebf80000)
  to   space 2560K, 0% used [0x00000000eba80000,0x00000000eba80000,0x00000000ebd00000)
 ParOldGen       total 42496K, used 0K [0x00000000c0000000, 0x00000000c2980000, 0x00000000eab00000)
  object space 42496K, 0% used [0x00000000c0000000,0x00000000c0000000,0x00000000c2980000)
 Metaspace       used 5541K, capacity 6704K, committed 6784K, reserved 1056768K
  class space    used 574K, capacity 616K, committed 640K, reserved 1048576K
Event: 1.698 GC heap after
Heap after GC invocations=1 (full 0):
 PSYoungGen      total 18432K, used 2559K [0x00000000eab00000, 0x00000000ecf00000, 0x0000000100000000)
  eden space 15872K, 0% used [0x00000000eab00000,0x00000000eab00000,0x00000000eba80000)
  from space 2560K, 99% used [0x00000000eba80000,0x00000000ebcffcc0,0x00000000ebd00000)
  to   space 2560K, 0% used [0x00000000ecc80000,0x00000000ecc80000,0x00000000ecf00000)
 ParOldGen       total 42496K, used 1809K [0x00000000c0000000, 0x00000000c2980000, 0x00000000eab00000)
  object space 42496K, 4% used [0x00000000c0000000,0x00000000c01c4550,0x00000000c2980000)
 Metaspace       used 5541K, capacity 6704K, committed 6784K, reserved 1056768K
  class space    used 574K, capacity 616K, committed 640K, reserved 1048576K
}
Event: 2.207 GC heap before
{Heap before GC invocations=2 (full 0):
 PSYoungGen      total 18432K, used 18431K [0x00000000eab00000, 0x00000000ecf00000, 0x0000000100000000)
  eden space 15872K, 100% used [0x00000000eab00000,0x00000000eba80000,0x00000000eba80000)
  from space 2560K, 99% used [0x00000000eba80000,0x00000000ebcffcc0,0x00000000ebd00000)
  to   space 2560K, 0% used [0x00000000ecc80000,0x00000000ecc80000,0x00000000ecf00000)
 ParOldGen       total 42496K, used 1809K [0x00000000c0000000, 0x00000000c2980000, 0x00000000eab00000)
  object space 42496K, 4% used [0x00000000c0000000,0x00000000c01c4550,0x00000000c2980000)
 Metaspace       used 5658K, capacity 6832K, committed 7040K, reserved 1056768K
  class space    used 574K, capacity 616K, committed 640K, reserved 1048576K
Event: 2.435 GC heap after
Heap after GC invocations=2 (full 0):
 PSYoungGen      total 34304K, used 2532K [0x00000000eab00000, 0x00000000ecf00000, 0x0000000100000000)
  eden space 31744K, 0% used [0x00000000eab00000,0x00000000eab00000,0x00000000eca00000)
  from space 2560K, 98% used [0x00000000ecc80000,0x00000000ecef9150,0x00000000ecf00000)
  to   space 2560K, 0% used [0x00000000eca00000,0x00000000eca00000,0x00000000ecc80000)
 ParOldGen       total 42496K, used 4392K [0x00000000c0000000, 0x00000000c2980000, 0x00000000eab00000)
  object space 42496K, 10% used [0x00000000c0000000,0x00000000c044a380,0x00000000c2980000)
 Metaspace       used 5658K, capacity 6832K, committed 7040K, reserved 1056768K
  class space    used 574K, capacity 616K, committed 640K, reserved 1048576K
}
Event: 4.698 GC heap before
{Heap before GC invocations=3 (full 0):
 PSYoungGen      total 34304K, used 34276K [0x00000000eab00000, 0x00000000ecf00000, 0x0000000100000000)
  eden space 31744K, 100% used [0x00000000eab00000,0x00000000eca00000,0x00000000eca00000)
  from space 2560K, 98% used [0x00000000ecc80000,0x00000000ecef9150,0x00000000ecf00000)
  to   space 2560K, 0% used [0x00000000eca00000,0x00000000eca00000,0x00000000ecc80000)
 ParOldGen       total 42496K, used 4392K [0x00000000c0000000, 0x00000000c2980000, 0x00000000eab00000)
  object space 42496K, 10% used [0x00000000c0000000,0x00000000c044a380,0x00000000c2980000)
 Metaspace       used 5829K, capacity 6960K, committed 7040K, reserved 1056768K
  class space    used 578K, capacity 616K, committed 640K, reserved 1048576K
Event: 4.817 GC heap after
Heap after GC invocations=3 (full 0):
 PSYoungGen      total 34304K, used 2555K [0x00000000eab00000, 0x00000000eee00000, 0x0000000100000000)
  eden space 31744K, 0% used [0x00000000eab00000,0x00000000eab00000,0x00000000eca00000)
  from space 2560K, 99% used [0x00000000eca00000,0x00000000ecc7eff0,0x00000000ecc80000)
  to   space 2560K, 0% used [0x00000000eeb80000,0x00000000eeb80000,0x00000000eee00000)
 ParOldGen       total 42496K, used 9301K [0x00000000c0000000, 0x00000000c2980000, 0x00000000eab00000)
  object space 42496K, 21% used [0x00000000c0000000,0x00000000c09157a0,0x00000000c2980000)
 Metaspace       used 5829K, capacity 6960K, committed 7040K, reserved 1056768K
  class space    used 578K, capacity 616K, committed 640K, reserved 1048576K
}

Deoptimization events (10 events):
Event: 4.697 Thread 0x0000000056593000 Uncommon trap: reason=unstable_if action=reinterpret pc=0x0000000002a3ca60 method=com.android.dx.ssa.LocalVariableExtractor.processBlock(I)V @ 194
Event: 4.836 Thread 0x00000000564a6000 Uncommon trap: reason=unstable_if action=reinterpret pc=0x0000000002a417e8 method=com.android.dx.ssa.SsaRenamer$BlockRenamer.visitMoveInsn(Lcom/android/dx/ssa/NormalSsaInsn;)V @ 64
Event: 4.837 Thread 0x00000000564a6000 Uncommon trap: reason=unstable_if action=reinterpret pc=0x000000000285a12c method=com.android.dx.ssa.SsaRenamer$BlockRenamer.addMapping(ILcom/android/dx/rop/code/RegisterSpec;)V @ 120
Event: 4.837 Thread 0x00000000564a6000 Uncommon trap: reason=null_check action=make_not_entrant pc=0x0000000002ae7870 method=com.android.dx.ssa.SsaRenamer.getLocalForNewReg(I)Lcom/android/dx/rop/code/LocalItem; @ 19
Event: 4.837 Thread 0x00000000564a6000 Uncommon trap: reason=null_check action=make_not_entrant pc=0x0000000002adf63c method=com.android.dx.ssa.SsaRenamer.getLocalForNewReg(I)Lcom/android/dx/rop/code/LocalItem; @ 19
Event: 4.853 Thread 0x00000000564a6000 Uncommon trap: reason=unstable_if action=reinterpret pc=0x000000000286117c method=com.android.dx.ssa.NormalSsaInsn.getLocalAssignment()Lcom/android/dx/rop/code/RegisterSpec; @ 12
Event: 4.853 Thread 0x00000000564a6000 Uncommon trap: reason=unstable_if action=reinterpret pc=0x0000000002b2af18 method=com.android.dx.ssa.SsaMethod.isRegALocal(Lcom/android/dx/rop/code/RegisterSpec;)Z @ 80
Event: 4.853 Thread 0x00000000564a6000 Uncommon trap: reason=unstable_if action=reinterpret pc=0x0000000002801a18 method=com.android.dx.ssa.NormalSsaInsn.getLocalAssignment()Lcom/android/dx/rop/code/RegisterSpec; @ 12
Event: 4.853 Thread 0x00000000564a6000 Uncommon trap: reason=unstable_if action=reinterpret pc=0x0000000002812620 method=com.android.dx.ssa.NormalSsaInsn.getLocalAssignment()Lcom/android/dx/rop/code/RegisterSpec; @ 12
Event: 4.854 Thread 0x00000000564a6000 Uncommon trap: reason=unstable_if action=reinterpret pc=0x0000000002a936a0 method=com.android.dx.rop.code.Insn.getLocalAssignment()Lcom/android/dx/rop/code/RegisterSpec; @ 9

Internal exceptions (4 events):
Event: 0.076 Thread 0x00000000001de800 Exception <a 'java/lang/NoSuchMethodError': Method sun.misc.Unsafe.defineClass(Ljava/lang/String;[BII)Ljava/lang/Class; name or signature does not match> (0x00000000eab130d8) thrown at [D:\re\puppet\workspace\8-2-build-windows-amd64-cygwin\jdk8u73\6086\hot´¬ñg“n³?
Event: 0.076 Thread 0x00000000001de800 Exception <a 'java/lang/NoSuchMethodError': Method sun.misc.Unsafe.prefetchRead(Ljava/lang/Object;J)V name or signature does not match> (0x00000000eab133c0) thrown at [D:\re\puppet\workspace\8-2-build-windows-amd64-cygwin\jdk8u73\6086\hotspot\src\share\vm\KÖ§°X@
Event: 4.837 Thread 0x00000000564a6000 Implicit null exception at 0x0000000002ae6d7c to 0x0000000002ae7851
Event: 4.837 Thread 0x00000000564a6000 Implicit null exception at 0x0000000002ade98a to 0x0000000002adf5f9

Events (10 events):
Event: 4.853 Thread 0x00000000564a6000 Uncommon trap: trap_request=0xffffff65 fr.pc=0x0000000002812620
Event: 4.853 Thread 0x00000000564a6000 DEOPT PACKING pc=0x0000000002812620 sp=0x000000005787ee00
Event: 4.853 Thread 0x00000000564a6000 DEOPT UNPACKING pc=0x000000000258582a sp=0x000000005787ed90 mode 2
Event: 4.854 Thread 0x00000000564a6000 Uncommon trap: trap_request=0xffffff65 fr.pc=0x0000000002a936a0
Event: 4.854 Thread 0x00000000564a6000 DEOPT PACKING pc=0x0000000002a936a0 sp=0x000000005787f0a0
Event: 4.854 Thread 0x00000000564a6000 DEOPT UNPACKING pc=0x000000000258582a sp=0x000000005787f028 mode 2
Event: 4.862 loading class com/android/dx/dex/file/MethodAnnotationStruct
Event: 4.862 loading class com/android/dx/dex/file/MethodAnnotationStruct done
Event: 4.880 Thread 0x00000000564a6000 DEOPT PACKING pc=0x000000000294ac3d sp=0x000000005787f0b0
Event: 4.880 Thread 0x00000000564a6000 DEOPT UNPACKING pc=0x000000000258787f sp=0x000000005787eda0 mode 0


Dynamic libraries:
0x000000013fc90000 - 0x000000013fcc7000 	C:\Program Files\Java\jdk1.8.0_73\bin\java.exe
0x0000000077270000 - 0x000000007741a000 	C:\Windows\SYSTEM32\ntdll.dll
0x0000000077150000 - 0x000000007726f000 	C:\Windows\system32\kernel32.dll
0x000007fefcfd0000 - 0x000007fefd03a000 	C:\Windows\system32\KERNELBASE.dll
0x0000000074ca0000 - 0x0000000074d27000 	C:\Windows\System32\SYSFER.DLL
0x000007fefdc80000 - 0x000007fefdd5b000 	C:\Windows\system32\ADVAPI32.dll
0x000007fefdd60000 - 0x000007fefddff000 	C:\Windows\system32\msvcrt.dll
0x000007feff560000 - 0x000007feff57f000 	C:\Windows\SYSTEM32\sechost.dll
0x000007fefd450000 - 0x000007fefd57d000 	C:\Windows\system32\RPCRT4.dll
0x0000000077050000 - 0x000000007714a000 	C:\Windows\system32\USER32.dll
0x000007fefd7e0000 - 0x000007fefd847000 	C:\Windows\system32\GDI32.dll
0x000007fefd430000 - 0x000007fefd43e000 	C:\Windows\system32\LPK.dll
0x000007fefd360000 - 0x000007fefd42a000 	C:\Windows\system32\USP10.dll
0x000007fefbf40000 - 0x000007fefc134000 	C:\Windows\WinSxS\amd64_microsoft.windows.common-controls_6595b64144ccf1df_6.0.7601.18837_none_fa3b1e3d17594757\COMCTL32.dll
0x000007fefe2e0000 - 0x000007fefe351000 	C:\Windows\system32\SHLWAPI.dll
0x000007fefd580000 - 0x000007fefd5ae000 	C:\Windows\system32\IMM32.DLL
0x000007fefdea0000 - 0x000007fefdfa9000 	C:\Windows\system32\MSCTF.dll
0x000000005bef0000 - 0x000000005bfc2000 	C:\Program Files\Java\jdk1.8.0_73\jre\bin\msvcr100.dll
0x000000005c470000 - 0x000000005cd00000 	C:\Program Files\Java\jdk1.8.0_73\jre\bin\server\jvm.dll
0x000007feef9c0000 - 0x000007feef9c9000 	C:\Windows\system32\WSOCK32.dll
0x000007fefdfb0000 - 0x000007fefdffd000 	C:\Windows\system32\WS2_32.dll
0x000007fefd440000 - 0x000007fefd448000 	C:\Windows\system32\NSI.dll
0x000007fefbc00000 - 0x000007fefbc3b000 	C:\Windows\system32\WINMM.dll
0x000007fefc330000 - 0x000007fefc33c000 	C:\Windows\system32\VERSION.dll
0x0000000077430000 - 0x0000000077437000 	C:\Windows\system32\PSAPI.DLL
0x000000005ff30000 - 0x000000005ff3f000 	C:\Program Files\Java\jdk1.8.0_73\jre\bin\verify.dll
0x000000005c440000 - 0x000000005c469000 	C:\Program Files\Java\jdk1.8.0_73\jre\bin\java.dll
0x000000005c420000 - 0x000000005c436000 	C:\Program Files\Java\jdk1.8.0_73\jre\bin\zip.dll
0x000007fefe360000 - 0x000007feff0ea000 	C:\Windows\system32\SHELL32.dll
0x000007fefd5b0000 - 0x000007fefd7b3000 	C:\Windows\system32\ole32.dll
0x000007fefcfa0000 - 0x000007fefcfaf000 	C:\Windows\system32\profapi.dll

VM Arguments:
jvm_args: -Djava.awt.headless=true -Xmx1024M -Dfile.encoding=windows-1251 -Duser.country=RU -Duser.language=ru -Duser.variant 
java_command: com.android.dx.command.Main --dex --force-jumbo --num-threads=4 --output C:\asp\NGS_vacancy\app\build\intermediates\pre-dexed\debug\main_d206af63d602fe98b9629c814052d8e96cb1becb.jar C:\asp\NGS_vacancy\app\build\intermediates\transforms\instantRun\debug\folders\1\5\main
java_class_path (initial): C:\Users\avtseben\AppData\Local\Android\Sdk\build-tools\23.0.3\lib\dx.jar
Launcher Type: SUN_STANDARD

Environment Variables:
PATH=C:\Program Files\Broadcom\Broadcom 802.11;c:\Program Files (x86)\Intel\iCLS Client\;c:\Program Files\Intel\iCLS Client\;C:\ProgramData\Oracle\Java\javapath;C:\Windows\system32;C:\Windows;C:\Windows\System32\Wbem;C:\Windows\System32\WindowsPowerShell\v1.0\;C:\Program Files\Intel\Intel(R) Management Engine Components\DAL;C:\Program Files\Intel\Intel(R) Management Engine Components\IPT;C:\Program Files (x86)\Intel\Intel(R) Management Engine Components\DAL;C:\Program Files (x86)\Intel\Intel(R) Management Engine Components\IPT;c:\Program Files\WIDCOMM\Bluetooth Software\;c:\Program Files\WIDCOMM\Bluetooth Software\syswow64;C:\Program Files (x86)\Hewlett-Packard\HP ProtectTools Security Manager\Bin\;C:\Program Files (x86)\Skype\Phone\;C:\Program Files\OpenVPN\bin;C:\androidSDK\platform-tools\;C:\Program Files\Broadcom\Broadcom 802.11;c:\Program Files (x86)\Intel\iCLS Client\;c:\Program Files\Intel\iCLS Client\;C:\ProgramData\Oracle\Java\javapath;C:\Windows\system32;C:\Windows;C:\Windows\System32\Wbem;C:\Windows\System32\WindowsPowerShell\v1.0\;C:\Program Files\Intel\Intel(R) Management Engine Components\DAL;C:\Program Files\Intel\Intel(R) Management Engine Components\IPT;C:\Program Files (x86)\Intel\Intel(R) Management Engine Components\DAL;C:\Program Files (x86)\Intel\Intel(R) Management Engine Components\IPT;c:\Program Files\WIDCOMM\Bluetooth Software\;c:\Program Files\WIDCOMM\Bluetooth Software\syswow64;C:\Program Files (x86)\Hewlett-Packard\HP ProtectTools Security Manager\Bin\;C:\Program Files (x86)\Brackets\command;C:\Program Files (x86)\Skype\Phone\;C:\Program Files (x86)\ufs2tools-0.8\ufs2tools\;C:\Program Files\Git\bin\;C:\androidSDK\platform-tools;C:\gradle\bin
USERNAME=avtseben
OS=Windows_NT
PROCESSOR_IDENTIFIER=Intel64 Family 6 Model 58 Stepping 9, GenuineIntel



---------------  S Y S T E M  ---------------

OS: Windows 7 , 64 bit Build 7601 (6.1.7601.23572)

CPU:total 4 (2 cores per cpu, 2 threads per core) family 6 model 58 stepping 9, cmov, cx8, fxsr, mmx, sse, sse2, sse3, ssse3, sse4.1, sse4.2, popcnt, avx, aes, clmul, erms, ht, tsc, tscinvbit, tscinv

Memory: 4k page, physical 4056748k(596728k free), swap 4734624k(6500k free)

vm_info: Java HotSpot(TM) 64-Bit Server VM (25.73-b02) for windows-amd64 JRE (1.8.0_73-b02), built on Jan 29 2016 17:38:49 by "java_re" with MS VC++ 10.0 (VS2010)

time: Sat Dec 24 11:50:56 2016
elapsed time: 4 seconds (0d 0h 0m 4s)

