#
# There is insufficient memory for the Java Runtime Environment to continue.
# Native memory allocation (malloc) failed to allocate 683856 bytes for Chunk::new
# Possible reasons:
#   The system is out of physical RAM or swap space
#   In 32 bit mode, the process size limit was hit
# Possible solutions:
#   Reduce memory load on the system
#   Increase physical memory or swap space
#   Check if swap backing store is full
#   Use 64 bit Java on a 64 bit OS
#   Decrease Java heap size (-Xmx/-Xms)
#   Decrease number of Java threads
#   Decrease Java thread stack sizes (-Xss)
#   Set larger code cache with -XX:ReservedCodeCacheSize=
# This output file may be truncated or incomplete.
#
#  Out of Memory Error (allocation.cpp:390), pid=7808, tid=8072
#
# JRE version: Java(TM) SE Runtime Environment (8.0_73-b02) (build 1.8.0_73-b02)
# Java VM: Java HotSpot(TM) 64-Bit Server VM (25.73-b02 mixed mode windows-amd64 compressed oops)
# Failed to write core dump. Minidumps are not enabled by default on client versions of Windows
#

---------------  T H R E A D  ---------------

Current thread (0x0000000056596000):  JavaThread "C2 CompilerThread1" daemon [_thread_in_native, id=8072, stack(0x0000000056b10000,0x0000000056c10000)]

Stack: [0x0000000056b10000,0x0000000056c10000]
[error occurred during error reporting (printing stack bounds), id 0xc0000005]

Native frames: (J=compiled Java code, j=interpreted, Vv=VM code, C=native code)


Current CompileTask:
C2:   2254 1162       4       com.android.dx.ssa.SCCP::simulateStmt (481 bytes)


---------------  P R O C E S S  ---------------

Java Threads: ( => current thread )
  0x00000000568aa000 JavaThread "pool-1-thread-4" [_thread_in_vm, id=7024, stack(0x00000000581c0000,0x00000000582c0000)]
  0x00000000568a8000 JavaThread "pool-1-thread-3" [_thread_in_Java, id=8148, stack(0x0000000057fc0000,0x00000000580c0000)]
  0x0000000056914800 JavaThread "pool-1-thread-2" [_thread_blocked, id=7552, stack(0x0000000057d60000,0x0000000057e60000)]
  0x0000000056912000 JavaThread "pool-2-thread-1" [_thread_blocked, id=7684, stack(0x0000000057b80000,0x0000000057c80000)]
  0x0000000056911000 JavaThread "pool-1-thread-1" [_thread_blocked, id=7668, stack(0x0000000056e30000,0x0000000056f30000)]
  0x00000000550be000 JavaThread "Service Thread" daemon [_thread_blocked, id=8068, stack(0x0000000057120000,0x0000000057220000)]
  0x0000000056597000 JavaThread "C1 CompilerThread2" daemon [_thread_blocked, id=8092, stack(0x0000000056f60000,0x0000000057060000)]
=>0x0000000056596000 JavaThread "C2 CompilerThread1" daemon [_thread_in_native, id=8072, stack(0x0000000056b10000,0x0000000056c10000)]
  0x0000000056594000 JavaThread "C2 CompilerThread0" daemon [_thread_blocked, id=7972, stack(0x0000000056c90000,0x0000000056d90000)]
  0x0000000056590800 JavaThread "Attach Listener" daemon [_thread_blocked, id=7952, stack(0x0000000056a10000,0x0000000056b10000)]
  0x00000000550b2000 JavaThread "Signal Dispatcher" daemon [_thread_blocked, id=7968, stack(0x0000000056310000,0x0000000056410000)]
  0x0000000055052000 JavaThread "Finalizer" daemon [_thread_blocked, id=7936, stack(0x0000000056490000,0x0000000056590000)]
  0x0000000055050800 JavaThread "Reference Handler" daemon [_thread_blocked, id=7932, stack(0x0000000056210000,0x0000000056310000)]
  0x00000000021be800 JavaThread "main" [_thread_blocked, id=7764, stack(0x0000000002300000,0x0000000002400000)]

Other Threads:
  0x000000005504b000 VMThread [stack: 0x0000000056050000,0x0000000056150000] [id=7872]
  0x000000005662c800 WatcherThread [stack: 0x0000000057270000,0x0000000057370000] [id=8104]

VM state:not at safepoint (normal execution)

VM Mutex/Monitor currently owned by a thread: None

Heap:
 PSYoungGen      total 34304K, used 7616K [0x00000000eab00000, 0x00000000ecf00000, 0x0000000100000000)
  eden space 31744K, 15% used [0x00000000eab00000,0x00000000eaff15d8,0x00000000eca00000)
  from space 2560K, 99% used [0x00000000ecc80000,0x00000000ecefea80,0x00000000ecf00000)
  to   space 2560K, 0% used [0x00000000eca00000,0x00000000eca00000,0x00000000ecc80000)
 ParOldGen       total 42496K, used 1966K [0x00000000c0000000, 0x00000000c2980000, 0x00000000eab00000)
  object space 42496K, 4% used [0x00000000c0000000,0x00000000c01eba88,0x00000000c2980000)
 Metaspace       used 5908K, capacity 6832K, committed 7040K, reserved 1056768K
  class space    used 597K, capacity 616K, committed 640K, reserved 1048576K

Card table byte_map: [0x0000000011a90000,0x0000000011ca0000] byte_map_base: 0x0000000011490000

Marking Bits: (ParMarkBitMap*) 0x000000005cdd0600
 Begin Bits: [0x00000000124c0000, 0x00000000134c0000)
 End Bits:   [0x00000000134c0000, 0x00000000144c0000)

Polling page: 0x0000000000140000

CodeCache: size=245760Kb used=4544Kb max_used=4544Kb free=241215Kb
 bounds [0x00000000026d0000, 0x0000000002b50000, 0x00000000116d0000]
 total_blobs=1421 nmethods=1152 adapters=182
 compilation: enabled

Compilation events (10 events):
Event: 2.215 Thread 0x0000000056597000 nmethod 1163 0x0000000002b34690 code [0x0000000002b348e0, 0x0000000002b35638]
Event: 2.215 Thread 0x0000000056597000 1164       3       com.android.dx.rop.code.RegisterSpecList::withFirst (64 bytes)
Event: 2.216 Thread 0x0000000056597000 nmethod 1164 0x0000000002b3d810 code [0x0000000002b3daa0, 0x0000000002b3edc8]
Event: 2.216 Thread 0x0000000056597000 1160       3       com.android.dx.rop.code.Rops::opGetField (97 bytes)
Event: 2.217 Thread 0x0000000056597000 nmethod 1160 0x0000000002b41c90 code [0x0000000002b41ec0, 0x0000000002b42af8]
Event: 2.242 Thread 0x0000000056594000 nmethod 1130 0x0000000002b43090 code [0x0000000002b43220, 0x0000000002b43cb8]
Event: 2.247 Thread 0x0000000056597000 1165       3       com.android.dx.rop.type.Type::internClassName (56 bytes)
Event: 2.249 Thread 0x0000000056597000 nmethod 1165 0x0000000002b40490 code [0x0000000002b406e0, 0x0000000002b41598]
Event: 2.250 Thread 0x0000000056597000 1166       3       com.android.dx.rop.cst.StdConstantPool::get0Ok (12 bytes)
Event: 2.252 Thread 0x0000000056597000 nmethod 1166 0x0000000002b44890 code [0x0000000002b44b40, 0x0000000002b45cb8]

GC Heap History (4 events):
Event: 0.918 GC heap before
{Heap before GC invocations=1 (full 0):
 PSYoungGen      total 18432K, used 15872K [0x00000000eab00000, 0x00000000ebf80000, 0x0000000100000000)
  eden space 15872K, 100% used [0x00000000eab00000,0x00000000eba80000,0x00000000eba80000)
  from space 2560K, 0% used [0x00000000ebd00000,0x00000000ebd00000,0x00000000ebf80000)
  to   space 2560K, 0% used [0x00000000eba80000,0x00000000eba80000,0x00000000ebd00000)
 ParOldGen       total 42496K, used 0K [0x00000000c0000000, 0x00000000c2980000, 0x00000000eab00000)
  object space 42496K, 0% used [0x00000000c0000000,0x00000000c0000000,0x00000000c2980000)
 Metaspace       used 4100K, capacity 5232K, committed 5376K, reserved 1056768K
  class space    used 460K, capacity 488K, committed 512K, reserved 1048576K
Event: 0.957 GC heap after
Heap after GC invocations=1 (full 0):
 PSYoungGen      total 18432K, used 1703K [0x00000000eab00000, 0x00000000ecf00000, 0x0000000100000000)
  eden space 15872K, 0% used [0x00000000eab00000,0x00000000eab00000,0x00000000eba80000)
  from space 2560K, 66% used [0x00000000eba80000,0x00000000ebc29c38,0x00000000ebd00000)
  to   space 2560K, 0% used [0x00000000ecc80000,0x00000000ecc80000,0x00000000ecf00000)
 ParOldGen       total 42496K, used 8K [0x00000000c0000000, 0x00000000c2980000, 0x00000000eab00000)
  object space 42496K, 0% used [0x00000000c0000000,0x00000000c0002000,0x00000000c2980000)
 Metaspace       used 4100K, capacity 5232K, committed 5376K, reserved 1056768K
  class space    used 460K, capacity 488K, committed 512K, reserved 1048576K
}
Event: 1.783 GC heap before
{Heap before GC invocations=2 (full 0):
 PSYoungGen      total 18432K, used 17575K [0x00000000eab00000, 0x00000000ecf00000, 0x0000000100000000)
  eden space 15872K, 100% used [0x00000000eab00000,0x00000000eba80000,0x00000000eba80000)
  from space 2560K, 66% used [0x00000000eba80000,0x00000000ebc29c38,0x00000000ebd00000)
  to   space 2560K, 0% used [0x00000000ecc80000,0x00000000ecc80000,0x00000000ecf00000)
 ParOldGen       total 42496K, used 8K [0x00000000c0000000, 0x00000000c2980000, 0x00000000eab00000)
  object space 42496K, 0% used [0x00000000c0000000,0x00000000c0002000,0x00000000c2980000)
 Metaspace       used 5815K, capacity 6768K, committed 7040K, reserved 1056768K
  class space    used 595K, capacity 616K, committed 640K, reserved 1048576K
Event: 1.993 GC heap after
Heap after GC invocations=2 (full 0):
 PSYoungGen      total 34304K, used 2554K [0x00000000eab00000, 0x00000000ecf00000, 0x0000000100000000)
  eden space 31744K, 0% used [0x00000000eab00000,0x00000000eab00000,0x00000000eca00000)
  from space 2560K, 99% used [0x00000000ecc80000,0x00000000ecefea80,0x00000000ecf00000)
  to   space 2560K, 0% used [0x00000000eca00000,0x00000000eca00000,0x00000000ecc80000)
 ParOldGen       total 42496K, used 1966K [0x00000000c0000000, 0x00000000c2980000, 0x00000000eab00000)
  object space 42496K, 4% used [0x00000000c0000000,0x00000000c01eba88,0x00000000c2980000)
 Metaspace       used 5815K, capacity 6768K, committed 7040K, reserved 1056768K
  class space    used 595K, capacity 616K, committed 640K, reserved 1048576K
}

Deoptimization events (5 events):
Event: 1.363 Thread 0x00000000568aa000 Uncommon trap: reason=unstable_if action=reinterpret pc=0x00000000028f4c50 method=java.util.HashMap.getNode(ILjava/lang/Object;)Ljava/util/HashMap$Node; @ 129
Event: 1.381 Thread 0x0000000056914800 Uncommon trap: reason=unstable_if action=reinterpret pc=0x00000000028dff60 method=java.util.BitSet.nextSetBit(I)I @ 87
Event: 1.486 Thread 0x00000000568a8000 Uncommon trap: reason=unstable_if action=reinterpret pc=0x00000000028fe0fc method=java.util.HashMap.getNode(ILjava/lang/Object;)Ljava/util/HashMap$Node; @ 129
Event: 1.757 Thread 0x0000000056914800 Uncommon trap: reason=null_check action=make_not_entrant pc=0x0000000002998e84 method=com.android.dx.ssa.SsaRenamer.getLocalForNewReg(I)Lcom/android/dx/rop/code/LocalItem; @ 19
Event: 2.043 Thread 0x00000000568aa000 Uncommon trap: reason=unstable_if action=reinterpret pc=0x0000000002a76c18 method=com.android.dx.rop.code.RegisterSpecSet.put(Lcom/android/dx/rop/code/RegisterSpec;)V @ 77

Internal exceptions (3 events):
Event: 0.158 Thread 0x00000000021be800 Exception <a 'java/lang/NoSuchMethodError': Method sun.misc.Unsafe.defineClass(Ljava/lang/String;[BII)Ljava/lang/Class; name or signature does not match> (0x00000000eab130d8) thrown at [D:\re\puppet\workspace\8-2-build-windows-amd64-cygwin\jdk8u73\6086\hotþøCtŸ5Ä?
Event: 0.158 Thread 0x00000000021be800 Exception <a 'java/lang/NoSuchMethodError': Method sun.misc.Unsafe.prefetchRead(Ljava/lang/Object;J)V name or signature does not match> (0x00000000eab133c0) thrown at [D:\re\puppet\workspace\8-2-build-windows-amd64-cygwin\jdk8u73\6086\hotspot\src\share\vm\©Üxü?
Event: 1.757 Thread 0x0000000056914800 Implicit null exception at 0x0000000002997667 to 0x0000000002998e39

Events (10 events):
Event: 1.993 Executing VM operation: ParallelGCFailedAllocation done
Event: 2.043 Thread 0x00000000568aa000 Uncommon trap: trap_request=0xffffff65 fr.pc=0x0000000002a76c18
Event: 2.043 Thread 0x00000000568aa000 DEOPT PACKING pc=0x0000000002a76c18 sp=0x00000000582beb10
Event: 2.043 Thread 0x00000000568aa000 DEOPT UNPACKING pc=0x000000000271582a sp=0x00000000582bea30 mode 2
Event: 2.206 loading class java/util/TreeMap$EntrySet
Event: 2.207 loading class java/util/TreeMap$EntrySet done
Event: 2.207 loading class java/util/TreeMap$EntryIterator
Event: 2.207 loading class java/util/TreeMap$EntryIterator done
Event: 2.207 Executing VM operation: Deoptimize
Event: 2.207 Executing VM operation: Deoptimize done


Dynamic libraries:
0x000000013f4c0000 - 0x000000013f4f7000 	C:\Program Files\Java\jdk1.8.0_73\bin\java.exe
0x0000000077b10000 - 0x0000000077cba000 	C:\Windows\SYSTEM32\ntdll.dll
0x00000000779f0000 - 0x0000000077b0f000 	C:\Windows\system32\kernel32.dll
0x000007fefdb40000 - 0x000007fefdbaa000 	C:\Windows\system32\KERNELBASE.dll
0x0000000075540000 - 0x00000000755c7000 	C:\Windows\System32\SYSFER.DLL
0x000007fefe560000 - 0x000007fefe63b000 	C:\Windows\system32\ADVAPI32.dll
0x000007fefe1a0000 - 0x000007fefe23f000 	C:\Windows\system32\msvcrt.dll
0x000007fefe180000 - 0x000007fefe19f000 	C:\Windows\SYSTEM32\sechost.dll
0x000007fefeb60000 - 0x000007fefec8d000 	C:\Windows\system32\RPCRT4.dll
0x00000000778f0000 - 0x00000000779ea000 	C:\Windows\system32\USER32.dll
0x000007fefe440000 - 0x000007fefe4a7000 	C:\Windows\system32\GDI32.dll
0x000007fefded0000 - 0x000007fefdede000 	C:\Windows\system32\LPK.dll
0x000007fefdee0000 - 0x000007fefdfaa000 	C:\Windows\system32\USP10.dll
0x000007fefc7e0000 - 0x000007fefc9d4000 	C:\Windows\WinSxS\amd64_microsoft.windows.common-controls_6595b64144ccf1df_6.0.7601.18837_none_fa3b1e3d17594757\COMCTL32.dll
0x000007feff010000 - 0x000007feff081000 	C:\Windows\system32\SHLWAPI.dll
0x000007fefe4b0000 - 0x000007fefe4de000 	C:\Windows\system32\IMM32.DLL
0x000007fefe070000 - 0x000007fefe179000 	C:\Windows\system32\MSCTF.dll
0x00000000593b0000 - 0x0000000059482000 	C:\Program Files\Java\jdk1.8.0_73\jre\bin\msvcr100.dll
0x000000005c5c0000 - 0x000000005ce50000 	C:\Program Files\Java\jdk1.8.0_73\jre\bin\server\jvm.dll
0x000007feeca20000 - 0x000007feeca29000 	C:\Windows\system32\WSOCK32.dll
0x000007fefe640000 - 0x000007fefe68d000 	C:\Windows\system32\WS2_32.dll
0x000007fefe430000 - 0x000007fefe438000 	C:\Windows\system32\NSI.dll
0x000007fefc4a0000 - 0x000007fefc4db000 	C:\Windows\system32\WINMM.dll
0x000007fefcbc0000 - 0x000007fefcbcc000 	C:\Windows\system32\VERSION.dll
0x0000000077cd0000 - 0x0000000077cd7000 	C:\Windows\system32\PSAPI.DLL
0x00000000617e0000 - 0x00000000617ef000 	C:\Program Files\Java\jdk1.8.0_73\jre\bin\verify.dll
0x00000000605c0000 - 0x00000000605e9000 	C:\Program Files\Java\jdk1.8.0_73\jre\bin\java.dll
0x00000000605a0000 - 0x00000000605b6000 	C:\Program Files\Java\jdk1.8.0_73\jre\bin\zip.dll
0x000007feff090000 - 0x000007feffe1a000 	C:\Windows\system32\SHELL32.dll
0x000007fefe950000 - 0x000007fefeb53000 	C:\Windows\system32\ole32.dll
0x000007fefd850000 - 0x000007fefd85f000 	C:\Windows\system32\profapi.dll

VM Arguments:
jvm_args: -Djava.awt.headless=true -Xmx1024M -Dfile.encoding=windows-1251 -Duser.country=RU -Duser.language=ru -Duser.variant 
java_command: com.android.dx.command.Main --dex --force-jumbo --num-threads=4 --output C:\asp\NGS_vacancy\app\build\intermediates\pre-dexed\debug\rxjava-1.1.6_35c4004d97e1d1e29c1bf075d596af46427d036c.jar C:\Users\avtseben\.gradle\caches\modules-2\files-2.1\io.reactivex\rxjava\1.1.6\2586312cd2b8a511e4c6236736f5a039fc0f2273\rxjava-1.1.6.jar
java_class_path (initial): C:\Users\avtseben\AppData\Local\Android\Sdk\build-tools\23.0.3\lib\dx.jar
Launcher Type: SUN_STANDARD

Environment Variables:
PATH=C:\Program Files\Broadcom\Broadcom 802.11;c:\Program Files (x86)\Intel\iCLS Client\;c:\Program Files\Intel\iCLS Client\;C:\ProgramData\Oracle\Java\javapath;C:\Windows\system32;C:\Windows;C:\Windows\System32\Wbem;C:\Windows\System32\WindowsPowerShell\v1.0\;C:\Program Files\Intel\Intel(R) Management Engine Components\DAL;C:\Program Files\Intel\Intel(R) Management Engine Components\IPT;C:\Program Files (x86)\Intel\Intel(R) Management Engine Components\DAL;C:\Program Files (x86)\Intel\Intel(R) Management Engine Components\IPT;c:\Program Files\WIDCOMM\Bluetooth Software\;c:\Program Files\WIDCOMM\Bluetooth Software\syswow64;C:\Program Files (x86)\Hewlett-Packard\HP ProtectTools Security Manager\Bin\;C:\Program Files (x86)\Skype\Phone\;C:\Program Files\OpenVPN\bin;C:\androidSDK\platform-tools\;C:\Program Files\Broadcom\Broadcom 802.11;c:\Program Files (x86)\Intel\iCLS Client\;c:\Program Files\Intel\iCLS Client\;C:\ProgramData\Oracle\Java\javapath;C:\Windows\system32;C:\Windows;C:\Windows\System32\Wbem;C:\Windows\System32\WindowsPowerShell\v1.0\;C:\Program Files\Intel\Intel(R) Management Engine Components\DAL;C:\Program Files\Intel\Intel(R) Management Engine Components\IPT;C:\Program Files (x86)\Intel\Intel(R) Management Engine Components\DAL;C:\Program Files (x86)\Intel\Intel(R) Management Engine Components\IPT;c:\Program Files\WIDCOMM\Bluetooth Software\;c:\Program Files\WIDCOMM\Bluetooth Software\syswow64;C:\Program Files (x86)\Hewlett-Packard\HP ProtectTools Security Manager\Bin\;C:\Program Files (x86)\Brackets\command;C:\Program Files (x86)\Skype\Phone\;C:\Program Files (x86)\ufs2tools-0.8\ufs2tools\;C:\Program Files\Git\bin\;C:\androidSDK\platform-tools;C:\gradle\bin
USERNAME=avtseben
OS=Windows_NT
PROCESSOR_IDENTIFIER=Intel64 Family 6 Model 58 Stepping 9, GenuineIntel



---------------  S Y S T E M  ---------------

OS: Windows 7 , 64 bit Build 7601 (6.1.7601.23572)

CPU:total 4 (2 cores per cpu, 2 threads per core) family 6 model 58 stepping 9, cmov, cx8, fxsr, mmx, sse, sse2, sse3, ssse3, sse4.1, sse4.2, popcnt, avx, aes, clmul, erms, ht, tsc, tscinvbit, tscinv

Memory: 4k page, physical 4056748k(203028k free), swap 4727752k(4200k free)

vm_info: Java HotSpot(TM) 64-Bit Server VM (25.73-b02) for windows-amd64 JRE (1.8.0_73-b02), built on Jan 29 2016 17:38:49 by "java_re" with MS VC++ 10.0 (VS2010)

time: Tue Dec 20 23:10:29 2016
elapsed time: 2 seconds (0d 0h 0m 2s)

