#
# There is insufficient memory for the Java Runtime Environment to continue.
# Native memory allocation (malloc) failed to allocate 245296 bytes for Chunk::new
# Possible reasons:
#   The system is out of physical RAM or swap space
#   In 32 bit mode, the process size limit was hit
# Possible solutions:
#   Reduce memory load on the system
#   Increase physical memory or swap space
#   Check if swap backing store is full
#   Use 64 bit Java on a 64 bit OS
#   Decrease Java heap size (-Xmx/-Xms)
#   Decrease number of Java threads
#   Decrease Java thread stack sizes (-Xss)
#   Set larger code cache with -XX:ReservedCodeCacheSize=
# This output file may be truncated or incomplete.
#
#  Out of Memory Error (allocation.cpp:390), pid=7288, tid=7648
#
# JRE version: Java(TM) SE Runtime Environment (8.0_73-b02) (build 1.8.0_73-b02)
# Java VM: Java HotSpot(TM) 64-Bit Server VM (25.73-b02 mixed mode windows-amd64 compressed oops)
# Failed to write core dump. Minidumps are not enabled by default on client versions of Windows
#

---------------  T H R E A D  ---------------

Current thread (0x0000000056564000):  JavaThread "C2 CompilerThread0" daemon [_thread_in_native, id=7648, stack(0x0000000056b80000,0x0000000056c80000)]

Stack: [0x0000000056b80000,0x0000000056c80000]
[error occurred during error reporting (printing stack bounds), id 0xc0000005]

Native frames: (J=compiled Java code, j=interpreted, Vv=VM code, C=native code)


Current CompileTask:
C2:   4182 1168   !   4       com.android.dx.cf.code.BytecodeArray::parseInstruction (2764 bytes)


---------------  P R O C E S S  ---------------

Java Threads: ( => current thread )
  0x0000000056744000 JavaThread "pool-1-thread-4" [_thread_blocked, id=7184, stack(0x0000000057910000,0x0000000057a10000)]
  0x0000000056740000 JavaThread "pool-1-thread-3" [_thread_blocked, id=4744, stack(0x0000000057770000,0x0000000057870000)]
  0x000000005673f800 JavaThread "pool-1-thread-2" [_thread_blocked, id=5896, stack(0x0000000057590000,0x0000000057690000)]
  0x0000000056736800 JavaThread "pool-2-thread-1" [_thread_blocked, id=7844, stack(0x0000000057480000,0x0000000057580000)]
  0x0000000056735800 JavaThread "pool-1-thread-1" [_thread_blocked, id=1968, stack(0x0000000057330000,0x0000000057430000)]
  0x000000005503e800 JavaThread "Service Thread" daemon [_thread_blocked, id=7764, stack(0x0000000057140000,0x0000000057240000)]
  0x0000000056567000 JavaThread "C1 CompilerThread2" daemon [_thread_blocked, id=7700, stack(0x0000000056f90000,0x0000000057090000)]
  0x0000000056566000 JavaThread "C2 CompilerThread1" daemon [_thread_blocked, id=7672, stack(0x0000000056e10000,0x0000000056f10000)]
=>0x0000000056564000 JavaThread "C2 CompilerThread0" daemon [_thread_in_native, id=7648, stack(0x0000000056b80000,0x0000000056c80000)]
  0x0000000056560800 JavaThread "Attach Listener" daemon [_thread_blocked, id=7940, stack(0x0000000056300000,0x0000000056400000)]
  0x0000000055032000 JavaThread "Signal Dispatcher" daemon [_thread_blocked, id=7900, stack(0x0000000056a70000,0x0000000056b70000)]
  0x0000000054fd2000 JavaThread "Finalizer" daemon [_thread_blocked, id=7732, stack(0x0000000056460000,0x0000000056560000)]
  0x0000000054fd0800 JavaThread "Reference Handler" daemon [_thread_blocked, id=7736, stack(0x0000000056190000,0x0000000056290000)]
  0x000000000216e800 JavaThread "main" [_thread_blocked, id=1268, stack(0x0000000002330000,0x0000000002430000)]

Other Threads:
  0x0000000054fcb000 VMThread [stack: 0x0000000056010000,0x0000000056110000] [id=7436]
  0x00000000565d4800 WatcherThread [stack: 0x0000000056970000,0x0000000056a70000] [id=7776]

VM state:not at safepoint (normal execution)

VM Mutex/Monitor currently owned by a thread: None

Heap:
 PSYoungGen      total 18432K, used 15747K [0x00000000eab00000, 0x00000000ecf00000, 0x0000000100000000)
  eden space 15872K, 83% used [0x00000000eab00000,0x00000000eb7e2838,0x00000000eba80000)
  from space 2560K, 99% used [0x00000000eba80000,0x00000000ebcfe3f0,0x00000000ebd00000)
  to   space 2560K, 0% used [0x00000000ecc80000,0x00000000ecc80000,0x00000000ecf00000)
 ParOldGen       total 42496K, used 1029K [0x00000000c0000000, 0x00000000c2980000, 0x00000000eab00000)
  object space 42496K, 2% used [0x00000000c0000000,0x00000000c01014b8,0x00000000c2980000)
 Metaspace       used 5828K, capacity 6896K, committed 7040K, reserved 1056768K
  class space    used 586K, capacity 616K, committed 640K, reserved 1048576K

Card table byte_map: [0x0000000011ac0000,0x0000000011cd0000] byte_map_base: 0x00000000114c0000

Marking Bits: (ParMarkBitMap*) 0x000000005cdd0600
 Begin Bits: [0x0000000012440000, 0x0000000013440000)
 End Bits:   [0x0000000013440000, 0x0000000014440000)

Polling page: 0x0000000000430000

CodeCache: size=245760Kb used=4694Kb max_used=4694Kb free=241065Kb
 bounds [0x0000000002700000, 0x0000000002ba0000, 0x0000000011700000]
 total_blobs=1448 nmethods=1185 adapters=176
 compilation: enabled

Compilation events (10 events):
Event: 4.166 Thread 0x0000000056567000 1187       3       com.android.dx.cf.code.Ropper::addExceptionSetupBlocks (203 bytes)
Event: 4.169 Thread 0x0000000056567000 nmethod 1187 0x0000000002b93150 code [0x0000000002b93540, 0x0000000002b95868]
Event: 4.169 Thread 0x0000000056567000 1188       3       com.android.dx.ssa.SCCP::run (298 bytes)
Event: 4.173 Thread 0x0000000056567000 nmethod 1188 0x0000000002b97450 code [0x0000000002b97840, 0x0000000002b998a8]
Event: 4.173 Thread 0x0000000056567000 1189       3       com.android.dx.cf.code.LocalVariableList$Item::getLocalItem (12 bytes)
Event: 4.173 Thread 0x0000000056567000 nmethod 1189 0x0000000002b88ed0 code [0x0000000002b89040, 0x0000000002b893b0]
Event: 4.173 Thread 0x0000000056567000 1190       3       com.android.dx.rop.code.LocalItem::make (20 bytes)
Event: 4.174 Thread 0x0000000056567000 nmethod 1190 0x0000000002b88950 code [0x0000000002b88ac0, 0x0000000002b88db0]
Event: 4.174 Thread 0x0000000056567000 1191       3       com.android.dx.rop.code.LocalItem::<init> (15 bytes)
Event: 4.174 Thread 0x0000000056567000 nmethod 1191 0x0000000002b88590 code [0x0000000002b886e0, 0x0000000002b888b0]

GC Heap History (2 events):
Event: 2.836 GC heap before
{Heap before GC invocations=1 (full 0):
 PSYoungGen      total 18432K, used 15872K [0x00000000eab00000, 0x00000000ebf80000, 0x0000000100000000)
  eden space 15872K, 100% used [0x00000000eab00000,0x00000000eba80000,0x00000000eba80000)
  from space 2560K, 0% used [0x00000000ebd00000,0x00000000ebd00000,0x00000000ebf80000)
  to   space 2560K, 0% used [0x00000000eba80000,0x00000000eba80000,0x00000000ebd00000)
 ParOldGen       total 42496K, used 0K [0x00000000c0000000, 0x00000000c2980000, 0x00000000eab00000)
  object space 42496K, 0% used [0x00000000c0000000,0x00000000c0000000,0x00000000c2980000)
 Metaspace       used 5568K, capacity 6704K, committed 6784K, reserved 1056768K
  class space    used 585K, capacity 616K, committed 640K, reserved 1048576K
Event: 3.334 GC heap after
Heap after GC invocations=1 (full 0):
 PSYoungGen      total 18432K, used 2552K [0x00000000eab00000, 0x00000000ecf00000, 0x0000000100000000)
  eden space 15872K, 0% used [0x00000000eab00000,0x00000000eab00000,0x00000000eba80000)
  from space 2560K, 99% used [0x00000000eba80000,0x00000000ebcfe3f0,0x00000000ebd00000)
  to   space 2560K, 0% used [0x00000000ecc80000,0x00000000ecc80000,0x00000000ecf00000)
 ParOldGen       total 42496K, used 1029K [0x00000000c0000000, 0x00000000c2980000, 0x00000000eab00000)
  object space 42496K, 2% used [0x00000000c0000000,0x00000000c01014b8,0x00000000c2980000)
 Metaspace       used 5568K, capacity 6704K, committed 6784K, reserved 1056768K
  class space    used 585K, capacity 616K, committed 640K, reserved 1048576K
}

Deoptimization events (7 events):
Event: 2.540 Thread 0x0000000056735800 Uncommon trap: reason=unstable_if action=reinterpret pc=0x00000000028e5eec method=java.util.HashMap.getNode(ILjava/lang/Object;)Ljava/util/HashMap$Node; @ 62
Event: 2.574 Thread 0x0000000056740000 Uncommon trap: reason=unstable_if action=reinterpret pc=0x00000000028f58a0 method=java.util.BitSet.nextSetBit(I)I @ 87
Event: 3.539 Thread 0x000000005673f800 Uncommon trap: reason=class_check action=maybe_recompile pc=0x000000000293df80 method=com.android.dx.ssa.NormalSsaInsn.accept(Lcom/android/dx/ssa/SsaInsn$Visitor;)V @ 9
Event: 3.539 Thread 0x000000005673f800 Uncommon trap: reason=class_check action=maybe_recompile pc=0x000000000293df80 method=com.android.dx.ssa.NormalSsaInsn.accept(Lcom/android/dx/ssa/SsaInsn$Visitor;)V @ 9
Event: 3.539 Thread 0x000000005673f800 Uncommon trap: reason=class_check action=maybe_recompile pc=0x000000000293df80 method=com.android.dx.ssa.NormalSsaInsn.accept(Lcom/android/dx/ssa/SsaInsn$Visitor;)V @ 9
Event: 3.539 Thread 0x000000005673f800 Uncommon trap: reason=class_check action=maybe_recompile pc=0x000000000293df80 method=com.android.dx.ssa.NormalSsaInsn.accept(Lcom/android/dx/ssa/SsaInsn$Visitor;)V @ 9
Event: 3.539 Thread 0x000000005673f800 Uncommon trap: reason=class_check action=maybe_recompile pc=0x000000000290f760 method=com.android.dx.ssa.NormalSsaInsn.accept(Lcom/android/dx/ssa/SsaInsn$Visitor;)V @ 9

Internal exceptions (2 events):
Event: 0.150 Thread 0x000000000216e800 Exception <a 'java/lang/NoSuchMethodError': Method sun.misc.Unsafe.defineClass(Ljava/lang/String;[BII)Ljava/lang/Class; name or signature does not match> (0x00000000eab130d8) thrown at [D:\re\puppet\workspace\8-2-build-windows-amd64-cygwin\jdk8u73\6086\hotü‰E,Ã?
Event: 0.150 Thread 0x000000000216e800 Exception <a 'java/lang/NoSuchMethodError': Method sun.misc.Unsafe.prefetchRead(Ljava/lang/Object;J)V name or signature does not match> (0x00000000eab133c0) thrown at [D:\re\puppet\workspace\8-2-build-windows-amd64-cygwin\jdk8u73\6086\hotspot\src\share\vm\

Events (10 events):
Event: 3.539 Thread 0x000000005673f800 Uncommon trap: trap_request=0xffffffde fr.pc=0x000000000293df80
Event: 3.539 Thread 0x000000005673f800 DEOPT PACKING pc=0x000000000293df80 sp=0x000000005768eaa0
Event: 3.539 Thread 0x000000005673f800 DEOPT UNPACKING pc=0x000000000274582a sp=0x000000005768e9e0 mode 2
Event: 3.539 Thread 0x000000005673f800 Uncommon trap: trap_request=0xffffffde fr.pc=0x000000000290f760
Event: 3.539 Thread 0x000000005673f800 DEOPT PACKING pc=0x000000000290f760 sp=0x000000005768ea60
Event: 3.539 Thread 0x000000005673f800 DEOPT UNPACKING pc=0x000000000274582a sp=0x000000005768ea00 mode 2
Event: 3.883 loading class com/android/dx/cf/attrib/AttRuntimeVisibleAnnotations
Event: 3.883 loading class com/android/dx/cf/attrib/AttRuntimeVisibleAnnotations done
Event: 3.884 loading class com/android/dx/cf/attrib/AttExceptions
Event: 3.884 loading class com/android/dx/cf/attrib/AttExceptions done


Dynamic libraries:
0x000000013f4c0000 - 0x000000013f4f7000 	C:\Program Files\Java\jdk1.8.0_73\bin\java.exe
0x0000000077b10000 - 0x0000000077cba000 	C:\Windows\SYSTEM32\ntdll.dll
0x00000000779f0000 - 0x0000000077b0f000 	C:\Windows\system32\kernel32.dll
0x000007fefdb40000 - 0x000007fefdbaa000 	C:\Windows\system32\KERNELBASE.dll
0x0000000075540000 - 0x00000000755c7000 	C:\Windows\System32\SYSFER.DLL
0x000007fefe560000 - 0x000007fefe63b000 	C:\Windows\system32\ADVAPI32.dll
0x000007fefe1a0000 - 0x000007fefe23f000 	C:\Windows\system32\msvcrt.dll
0x000007fefe180000 - 0x000007fefe19f000 	C:\Windows\SYSTEM32\sechost.dll
0x000007fefeb60000 - 0x000007fefec8d000 	C:\Windows\system32\RPCRT4.dll
0x00000000778f0000 - 0x00000000779ea000 	C:\Windows\system32\USER32.dll
0x000007fefe440000 - 0x000007fefe4a7000 	C:\Windows\system32\GDI32.dll
0x000007fefded0000 - 0x000007fefdede000 	C:\Windows\system32\LPK.dll
0x000007fefdee0000 - 0x000007fefdfaa000 	C:\Windows\system32\USP10.dll
0x000007fefc7e0000 - 0x000007fefc9d4000 	C:\Windows\WinSxS\amd64_microsoft.windows.common-controls_6595b64144ccf1df_6.0.7601.18837_none_fa3b1e3d17594757\COMCTL32.dll
0x000007feff010000 - 0x000007feff081000 	C:\Windows\system32\SHLWAPI.dll
0x000007fefe4b0000 - 0x000007fefe4de000 	C:\Windows\system32\IMM32.DLL
0x000007fefe070000 - 0x000007fefe179000 	C:\Windows\system32\MSCTF.dll
0x00000000593b0000 - 0x0000000059482000 	C:\Program Files\Java\jdk1.8.0_73\jre\bin\msvcr100.dll
0x000000005c5c0000 - 0x000000005ce50000 	C:\Program Files\Java\jdk1.8.0_73\jre\bin\server\jvm.dll
0x000007feeca20000 - 0x000007feeca29000 	C:\Windows\system32\WSOCK32.dll
0x000007fefe640000 - 0x000007fefe68d000 	C:\Windows\system32\WS2_32.dll
0x000007fefe430000 - 0x000007fefe438000 	C:\Windows\system32\NSI.dll
0x000007fefc4a0000 - 0x000007fefc4db000 	C:\Windows\system32\WINMM.dll
0x000007fefcbc0000 - 0x000007fefcbcc000 	C:\Windows\system32\VERSION.dll
0x0000000077cd0000 - 0x0000000077cd7000 	C:\Windows\system32\PSAPI.DLL
0x00000000617e0000 - 0x00000000617ef000 	C:\Program Files\Java\jdk1.8.0_73\jre\bin\verify.dll
0x00000000605c0000 - 0x00000000605e9000 	C:\Program Files\Java\jdk1.8.0_73\jre\bin\java.dll
0x00000000605a0000 - 0x00000000605b6000 	C:\Program Files\Java\jdk1.8.0_73\jre\bin\zip.dll
0x000007feff090000 - 0x000007feffe1a000 	C:\Windows\system32\SHELL32.dll
0x000007fefe950000 - 0x000007fefeb53000 	C:\Windows\system32\ole32.dll
0x000007fefd850000 - 0x000007fefd85f000 	C:\Windows\system32\profapi.dll

VM Arguments:
jvm_args: -Djava.awt.headless=true -Xmx1024M -Dfile.encoding=windows-1251 -Duser.country=RU -Duser.language=ru -Duser.variant 
java_command: com.android.dx.command.Main --dex --force-jumbo --num-threads=4 --output C:\asp\NGS_vacancy\app\build\intermediates\pre-dexed\debug\com.android.support-support-media-compat-24.2.1_919525091849c5e6064dfee7bf8d316923666620.jar C:\asp\NGS_vacancy\app\build\intermediates\exploded-aar\com.android.support\support-media-compat\24.2.1\jars\classes.jar
java_class_path (initial): C:\Users\avtseben\AppData\Local\Android\Sdk\build-tools\23.0.3\lib\dx.jar
Launcher Type: SUN_STANDARD

Environment Variables:
PATH=C:\Program Files\Broadcom\Broadcom 802.11;c:\Program Files (x86)\Intel\iCLS Client\;c:\Program Files\Intel\iCLS Client\;C:\ProgramData\Oracle\Java\javapath;C:\Windows\system32;C:\Windows;C:\Windows\System32\Wbem;C:\Windows\System32\WindowsPowerShell\v1.0\;C:\Program Files\Intel\Intel(R) Management Engine Components\DAL;C:\Program Files\Intel\Intel(R) Management Engine Components\IPT;C:\Program Files (x86)\Intel\Intel(R) Management Engine Components\DAL;C:\Program Files (x86)\Intel\Intel(R) Management Engine Components\IPT;c:\Program Files\WIDCOMM\Bluetooth Software\;c:\Program Files\WIDCOMM\Bluetooth Software\syswow64;C:\Program Files (x86)\Hewlett-Packard\HP ProtectTools Security Manager\Bin\;C:\Program Files (x86)\Skype\Phone\;C:\Program Files\OpenVPN\bin;C:\androidSDK\platform-tools\;C:\Program Files\Broadcom\Broadcom 802.11;c:\Program Files (x86)\Intel\iCLS Client\;c:\Program Files\Intel\iCLS Client\;C:\ProgramData\Oracle\Java\javapath;C:\Windows\system32;C:\Windows;C:\Windows\System32\Wbem;C:\Windows\System32\WindowsPowerShell\v1.0\;C:\Program Files\Intel\Intel(R) Management Engine Components\DAL;C:\Program Files\Intel\Intel(R) Management Engine Components\IPT;C:\Program Files (x86)\Intel\Intel(R) Management Engine Components\DAL;C:\Program Files (x86)\Intel\Intel(R) Management Engine Components\IPT;c:\Program Files\WIDCOMM\Bluetooth Software\;c:\Program Files\WIDCOMM\Bluetooth Software\syswow64;C:\Program Files (x86)\Hewlett-Packard\HP ProtectTools Security Manager\Bin\;C:\Program Files (x86)\Brackets\command;C:\Program Files (x86)\Skype\Phone\;C:\Program Files (x86)\ufs2tools-0.8\ufs2tools\;C:\Program Files\Git\bin\;C:\androidSDK\platform-tools;C:\gradle\bin
USERNAME=avtseben
OS=Windows_NT
PROCESSOR_IDENTIFIER=Intel64 Family 6 Model 58 Stepping 9, GenuineIntel



---------------  S Y S T E M  ---------------

OS: Windows 7 , 64 bit Build 7601 (6.1.7601.23572)

CPU:total 4 (2 cores per cpu, 2 threads per core) family 6 model 58 stepping 9, cmov, cx8, fxsr, mmx, sse, sse2, sse3, ssse3, sse4.1, sse4.2, popcnt, avx, aes, clmul, erms, ht, tsc, tscinvbit, tscinv

Memory: 4k page, physical 4056748k(170636k free), swap 4727752k(5348k free)

vm_info: Java HotSpot(TM) 64-Bit Server VM (25.73-b02) for windows-amd64 JRE (1.8.0_73-b02), built on Jan 29 2016 17:38:49 by "java_re" with MS VC++ 10.0 (VS2010)

time: Tue Dec 20 23:10:38 2016
elapsed time: 4 seconds (0d 0h 0m 4s)

