#
# There is insufficient memory for the Java Runtime Environment to continue.
# Native memory allocation (malloc) failed to allocate 114416 bytes for Chunk::new
# Possible reasons:
#   The system is out of physical RAM or swap space
#   In 32 bit mode, the process size limit was hit
# Possible solutions:
#   Reduce memory load on the system
#   Increase physical memory or swap space
#   Check if swap backing store is full
#   Use 64 bit Java on a 64 bit OS
#   Decrease Java heap size (-Xmx/-Xms)
#   Decrease number of Java threads
#   Decrease Java thread stack sizes (-Xss)
#   Set larger code cache with -XX:ReservedCodeCacheSize=
# This output file may be truncated or incomplete.
#
#  Out of Memory Error (allocation.cpp:390), pid=8056, tid=1968
#
# JRE version: Java(TM) SE Runtime Environment (8.0_73-b02) (build 1.8.0_73-b02)
# Java VM: Java HotSpot(TM) 64-Bit Server VM (25.73-b02 mixed mode windows-amd64 compressed oops)
# Failed to write core dump. Minidumps are not enabled by default on client versions of Windows
#

---------------  T H R E A D  ---------------

Current thread (0x00000000565c7000):  JavaThread "C2 CompilerThread1" daemon [_thread_in_native, id=1968, stack(0x0000000056d50000,0x0000000056e50000)]

Stack: [0x0000000056d50000,0x0000000056e50000]
[error occurred during error reporting (printing stack bounds), id 0xc0000005]

Native frames: (J=compiled Java code, j=interpreted, Vv=VM code, C=native code)


Current CompileTask:
C2:   2031  719       4       java.util.HashSet::contains (9 bytes)


---------------  P R O C E S S  ---------------

Java Threads: ( => current thread )
  0x000000005689d000 JavaThread "pool-1-thread-4" [_thread_blocked, id=2744, stack(0x0000000057440000,0x0000000057540000)]
  0x000000005689c000 JavaThread "pool-1-thread-3" [_thread_in_Java, id=4220, stack(0x0000000057230000,0x0000000057330000)]
  0x000000005689b000 JavaThread "pool-1-thread-2" [_thread_in_Java, id=4068, stack(0x0000000057590000,0x0000000057690000)]
  0x000000005689a800 JavaThread "pool-2-thread-1" [_thread_blocked, id=5300, stack(0x0000000057340000,0x0000000057440000)]
  0x0000000056899800 JavaThread "pool-1-thread-1" [_thread_blocked, id=4060, stack(0x00000000563b0000,0x00000000564b0000)]
  0x000000005661f000 JavaThread "Service Thread" daemon [_thread_blocked, id=4744, stack(0x0000000056f60000,0x0000000057060000)]
  0x00000000565c8800 JavaThread "C1 CompilerThread2" daemon [_thread_blocked, id=5896, stack(0x0000000056e50000,0x0000000056f50000)]
=>0x00000000565c7000 JavaThread "C2 CompilerThread1" daemon [_thread_in_native, id=1968, stack(0x0000000056d50000,0x0000000056e50000)]
  0x00000000565c5000 JavaThread "C2 CompilerThread0" daemon [_thread_in_native, id=6664, stack(0x0000000056ba0000,0x0000000056ca0000)]
  0x00000000565c1800 JavaThread "Attach Listener" daemon [_thread_blocked, id=1268, stack(0x0000000056a70000,0x0000000056b70000)]
  0x0000000055182000 JavaThread "Signal Dispatcher" daemon [_thread_blocked, id=2504, stack(0x00000000560f0000,0x00000000561f0000)]
  0x0000000055127800 JavaThread "Finalizer" daemon [_thread_blocked, id=7316, stack(0x00000000564c0000,0x00000000565c0000)]
  0x0000000055120800 JavaThread "Reference Handler" daemon [_thread_blocked, id=7276, stack(0x0000000056280000,0x0000000056380000)]
  0x000000000015e800 JavaThread "main" [_thread_in_vm, id=8128, stack(0x0000000002420000,0x0000000002520000)]

Other Threads:
  0x000000005511b000 VMThread [stack: 0x0000000055ff0000,0x00000000560f0000] [id=5784]
  0x0000000056629000 WatcherThread [stack: 0x0000000057100000,0x0000000057200000] [id=7184]

VM state:not at safepoint (normal execution)

VM Mutex/Monitor currently owned by a thread: None

Heap:
 PSYoungGen      total 18432K, used 3371K [0x00000000eab00000, 0x00000000ebf80000, 0x0000000100000000)
  eden space 15872K, 5% used [0x00000000eab00000,0x00000000eabcdca0,0x00000000eba80000)
  from space 2560K, 99% used [0x00000000eba80000,0x00000000ebcfd228,0x00000000ebd00000)
  to   space 2560K, 0% used [0x00000000ebd00000,0x00000000ebd00000,0x00000000ebf80000)
 ParOldGen       total 42496K, used 864K [0x00000000c0000000, 0x00000000c2980000, 0x00000000eab00000)
  object space 42496K, 2% used [0x00000000c0000000,0x00000000c00d83a8,0x00000000c2980000)
 Metaspace       used 5495K, capacity 6576K, committed 6784K, reserved 1056768K
  class space    used 580K, capacity 616K, committed 640K, reserved 1048576K

Card table byte_map: [0x0000000011bb0000,0x0000000011dc0000] byte_map_base: 0x00000000115b0000

Marking Bits: (ParMarkBitMap*) 0x000000005cdd0600
 Begin Bits: [0x0000000012590000, 0x0000000013590000)
 End Bits:   [0x0000000013590000, 0x0000000014590000)

Polling page: 0x0000000000130000

CodeCache: size=245760Kb used=2734Kb max_used=2745Kb free=243025Kb
 bounds [0x00000000027f0000, 0x0000000002ab0000, 0x00000000117f0000]
 total_blobs=973 nmethods=710 adapters=176
 compilation: enabled

Compilation events (10 events):
Event: 1.721 Thread 0x00000000565c5000  716       4       java.lang.String::<init> (82 bytes)
Event: 1.724 Thread 0x00000000565c7000  719       4       java.util.HashSet::contains (9 bytes)
Event: 1.725 Thread 0x00000000565c5000 nmethod 716 0x0000000002a9d850 code [0x0000000002a9d9a0, 0x0000000002a9dc38]
Event: 1.726 Thread 0x00000000565c5000  721       4       com.android.dx.util.ByteArray::getUnsignedShort (25 bytes)
Event: 2.018 Thread 0x00000000565c5000 nmethod 721 0x0000000002a9d410 code [0x0000000002a9d560, 0x0000000002a9d698]
Event: 2.018 Thread 0x00000000565c5000  722       4       com.android.dx.util.MutabilityControl::throwIfImmutable (18 bytes)
Event: 2.018 Thread 0x00000000565c5000 nmethod 722 0x0000000002a9de10 code [0x0000000002a9df40, 0x0000000002a9dfb8]
Event: 2.019 Thread 0x00000000565c5000  724       4       java.util.ArrayList::isEmpty (13 bytes)
Event: 2.019 Thread 0x00000000565c5000 nmethod 724 0x0000000002a11750 code [0x0000000002a11880, 0x0000000002a118d8]
Event: 2.019 Thread 0x00000000565c5000  726       4       com.android.dx.rop.cst.CstString::utf8BytesToString (391 bytes)

GC Heap History (2 events):
Event: 1.727 GC heap before
{Heap before GC invocations=1 (full 0):
 PSYoungGen      total 18432K, used 15872K [0x00000000eab00000, 0x00000000ebf80000, 0x0000000100000000)
  eden space 15872K, 100% used [0x00000000eab00000,0x00000000eba80000,0x00000000eba80000)
  from space 2560K, 0% used [0x00000000ebd00000,0x00000000ebd00000,0x00000000ebf80000)
  to   space 2560K, 0% used [0x00000000eba80000,0x00000000eba80000,0x00000000ebd00000)
 ParOldGen       total 42496K, used 0K [0x00000000c0000000, 0x00000000c2980000, 0x00000000eab00000)
  object space 42496K, 0% used [0x00000000c0000000,0x00000000c0000000,0x00000000c2980000)
 Metaspace       used 5456K, capacity 6576K, committed 6784K, reserved 1056768K
  class space    used 578K, capacity 616K, committed 640K, reserved 1048576K
Event: 2.015 GC heap after
Heap after GC invocations=1 (full 0):
 PSYoungGen      total 18432K, used 2548K [0x00000000eab00000, 0x00000000ebf80000, 0x0000000100000000)
  eden space 15872K, 0% used [0x00000000eab00000,0x00000000eab00000,0x00000000eba80000)
  from space 2560K, 99% used [0x00000000eba80000,0x00000000ebcfd228,0x00000000ebd00000)
  to   space 2560K, 0% used [0x00000000ebd00000,0x00000000ebd00000,0x00000000ebf80000)
 ParOldGen       total 42496K, used 864K [0x00000000c0000000, 0x00000000c2980000, 0x00000000eab00000)
  object space 42496K, 2% used [0x00000000c0000000,0x00000000c00d83a8,0x00000000c2980000)
 Metaspace       used 5456K, capacity 6576K, committed 6784K, reserved 1056768K
  class space    used 578K, capacity 616K, committed 640K, reserved 1048576K
}

Deoptimization events (2 events):
Event: 1.052 Thread 0x000000005689d000 Uncommon trap: reason=unstable_if action=reinterpret pc=0x0000000002936fc4 method=java.lang.String.compareTo(Ljava/lang/String;)I @ 38
Event: 1.667 Thread 0x000000000015e800 Uncommon trap: reason=class_check action=maybe_recompile pc=0x0000000002a65820 method=com.android.dx.ssa.NormalSsaInsn.accept(Lcom/android/dx/ssa/SsaInsn$Visitor;)V @ 9

Internal exceptions (2 events):
Event: 0.371 Thread 0x000000000015e800 Exception <a 'java/lang/NoSuchMethodError': Method sun.misc.Unsafe.defineClass(Ljava/lang/String;[BII)Ljava/lang/Class; name or signature does not match> (0x00000000eab130d8) thrown at [D:\re\puppet\workspace\8-2-build-windows-amd64-cygwin\jdk8u73\6086\hotïM^º	¾×?
Event: 0.371 Thread 0x000000000015e800 Exception <a 'java/lang/NoSuchMethodError': Method sun.misc.Unsafe.prefetchRead(Ljava/lang/Object;J)V name or signature does not match> (0x00000000eab133c0) thrown at [D:\re\puppet\workspace\8-2-build-windows-amd64-cygwin\jdk8u73\6086\hotspot\src\share\vm\

Events (10 events):
Event: 1.726 loading class com/android/dx/cf/direct/AnnotationParser
Event: 1.726 loading class com/android/dx/cf/direct/AnnotationParser done
Event: 1.727 Executing VM operation: ParallelGCFailedAllocation
Event: 2.015 Executing VM operation: ParallelGCFailedAllocation done
Event: 2.018 loading class com/android/dx/cf/attrib/AttRuntimeInvisibleParameterAnnotations
Event: 2.018 loading class com/android/dx/cf/attrib/AttRuntimeInvisibleParameterAnnotations done
Event: 2.018 loading class com/android/dx/cf/attrib/BaseParameterAnnotations
Event: 2.018 loading class com/android/dx/cf/attrib/BaseParameterAnnotations done
Event: 2.028 loading class com/android/dx/cf/attrib/AttConstantValue
Event: 2.028 loading class com/android/dx/cf/attrib/AttConstantValue done


Dynamic libraries:
0x000000013f4c0000 - 0x000000013f4f7000 	C:\Program Files\Java\jdk1.8.0_73\bin\java.exe
0x0000000077b10000 - 0x0000000077cba000 	C:\Windows\SYSTEM32\ntdll.dll
0x00000000779f0000 - 0x0000000077b0f000 	C:\Windows\system32\kernel32.dll
0x000007fefdb40000 - 0x000007fefdbaa000 	C:\Windows\system32\KERNELBASE.dll
0x0000000075540000 - 0x00000000755c7000 	C:\Windows\System32\SYSFER.DLL
0x000007fefe560000 - 0x000007fefe63b000 	C:\Windows\system32\ADVAPI32.dll
0x000007fefe1a0000 - 0x000007fefe23f000 	C:\Windows\system32\msvcrt.dll
0x000007fefe180000 - 0x000007fefe19f000 	C:\Windows\SYSTEM32\sechost.dll
0x000007fefeb60000 - 0x000007fefec8d000 	C:\Windows\system32\RPCRT4.dll
0x00000000778f0000 - 0x00000000779ea000 	C:\Windows\system32\USER32.dll
0x000007fefe440000 - 0x000007fefe4a7000 	C:\Windows\system32\GDI32.dll
0x000007fefded0000 - 0x000007fefdede000 	C:\Windows\system32\LPK.dll
0x000007fefdee0000 - 0x000007fefdfaa000 	C:\Windows\system32\USP10.dll
0x000007fefc7e0000 - 0x000007fefc9d4000 	C:\Windows\WinSxS\amd64_microsoft.windows.common-controls_6595b64144ccf1df_6.0.7601.18837_none_fa3b1e3d17594757\COMCTL32.dll
0x000007feff010000 - 0x000007feff081000 	C:\Windows\system32\SHLWAPI.dll
0x000007fefe4b0000 - 0x000007fefe4de000 	C:\Windows\system32\IMM32.DLL
0x000007fefe070000 - 0x000007fefe179000 	C:\Windows\system32\MSCTF.dll
0x00000000593b0000 - 0x0000000059482000 	C:\Program Files\Java\jdk1.8.0_73\jre\bin\msvcr100.dll
0x000000005c5c0000 - 0x000000005ce50000 	C:\Program Files\Java\jdk1.8.0_73\jre\bin\server\jvm.dll
0x000007feeca20000 - 0x000007feeca29000 	C:\Windows\system32\WSOCK32.dll
0x000007fefe640000 - 0x000007fefe68d000 	C:\Windows\system32\WS2_32.dll
0x000007fefe430000 - 0x000007fefe438000 	C:\Windows\system32\NSI.dll
0x000007fefc4a0000 - 0x000007fefc4db000 	C:\Windows\system32\WINMM.dll
0x000007fefcbc0000 - 0x000007fefcbcc000 	C:\Windows\system32\VERSION.dll
0x0000000077cd0000 - 0x0000000077cd7000 	C:\Windows\system32\PSAPI.DLL
0x00000000617e0000 - 0x00000000617ef000 	C:\Program Files\Java\jdk1.8.0_73\jre\bin\verify.dll
0x00000000605c0000 - 0x00000000605e9000 	C:\Program Files\Java\jdk1.8.0_73\jre\bin\java.dll
0x00000000605a0000 - 0x00000000605b6000 	C:\Program Files\Java\jdk1.8.0_73\jre\bin\zip.dll
0x000007feff090000 - 0x000007feffe1a000 	C:\Windows\system32\SHELL32.dll
0x000007fefe950000 - 0x000007fefeb53000 	C:\Windows\system32\ole32.dll
0x000007fefd850000 - 0x000007fefd85f000 	C:\Windows\system32\profapi.dll

VM Arguments:
jvm_args: -Djava.awt.headless=true -Xmx1024M -Dfile.encoding=windows-1251 -Duser.country=RU -Duser.language=ru -Duser.variant 
java_command: com.android.dx.command.Main --dex --force-jumbo --num-threads=4 --output C:\asp\NGS_vacancy\app\build\intermediates\pre-dexed\debug\internal_impl-24.2.1_0236ed26d861c9b6b62f3a4e3f74dc6413c60737.jar C:\asp\NGS_vacancy\app\build\intermediates\exploded-aar\com.android.support\support-compat\24.2.1\jars\libs\internal_impl-24.2.1.jar
java_class_path (initial): C:\Users\avtseben\AppData\Local\Android\Sdk\build-tools\23.0.3\lib\dx.jar
Launcher Type: SUN_STANDARD

Environment Variables:
PATH=C:\Program Files\Broadcom\Broadcom 802.11;c:\Program Files (x86)\Intel\iCLS Client\;c:\Program Files\Intel\iCLS Client\;C:\ProgramData\Oracle\Java\javapath;C:\Windows\system32;C:\Windows;C:\Windows\System32\Wbem;C:\Windows\System32\WindowsPowerShell\v1.0\;C:\Program Files\Intel\Intel(R) Management Engine Components\DAL;C:\Program Files\Intel\Intel(R) Management Engine Components\IPT;C:\Program Files (x86)\Intel\Intel(R) Management Engine Components\DAL;C:\Program Files (x86)\Intel\Intel(R) Management Engine Components\IPT;c:\Program Files\WIDCOMM\Bluetooth Software\;c:\Program Files\WIDCOMM\Bluetooth Software\syswow64;C:\Program Files (x86)\Hewlett-Packard\HP ProtectTools Security Manager\Bin\;C:\Program Files (x86)\Skype\Phone\;C:\Program Files\OpenVPN\bin;C:\androidSDK\platform-tools\;C:\Program Files\Broadcom\Broadcom 802.11;c:\Program Files (x86)\Intel\iCLS Client\;c:\Program Files\Intel\iCLS Client\;C:\ProgramData\Oracle\Java\javapath;C:\Windows\system32;C:\Windows;C:\Windows\System32\Wbem;C:\Windows\System32\WindowsPowerShell\v1.0\;C:\Program Files\Intel\Intel(R) Management Engine Components\DAL;C:\Program Files\Intel\Intel(R) Management Engine Components\IPT;C:\Program Files (x86)\Intel\Intel(R) Management Engine Components\DAL;C:\Program Files (x86)\Intel\Intel(R) Management Engine Components\IPT;c:\Program Files\WIDCOMM\Bluetooth Software\;c:\Program Files\WIDCOMM\Bluetooth Software\syswow64;C:\Program Files (x86)\Hewlett-Packard\HP ProtectTools Security Manager\Bin\;C:\Program Files (x86)\Brackets\command;C:\Program Files (x86)\Skype\Phone\;C:\Program Files (x86)\ufs2tools-0.8\ufs2tools\;C:\Program Files\Git\bin\;C:\androidSDK\platform-tools;C:\gradle\bin
USERNAME=avtseben
OS=Windows_NT
PROCESSOR_IDENTIFIER=Intel64 Family 6 Model 58 Stepping 9, GenuineIntel



---------------  S Y S T E M  ---------------

OS: Windows 7 , 64 bit Build 7601 (6.1.7601.23572)

CPU:total 4 (2 cores per cpu, 2 threads per core) family 6 model 58 stepping 9, cmov, cx8, fxsr, mmx, sse, sse2, sse3, ssse3, sse4.1, sse4.2, popcnt, avx, aes, clmul, erms, ht, tsc, tscinvbit, tscinv

Memory: 4k page, physical 4056748k(165740k free), swap 4727752k(4940k free)

vm_info: Java HotSpot(TM) 64-Bit Server VM (25.73-b02) for windows-amd64 JRE (1.8.0_73-b02), built on Jan 29 2016 17:38:49 by "java_re" with MS VC++ 10.0 (VS2010)

time: Tue Dec 20 23:10:20 2016
elapsed time: 2 seconds (0d 0h 0m 2s)

