#
# There is insufficient memory for the Java Runtime Environment to continue.
# Native memory allocation (malloc) failed to allocate 1136 bytes for AllocateHeap
# Possible reasons:
#   The system is out of physical RAM or swap space
#   In 32 bit mode, the process size limit was hit
# Possible solutions:
#   Reduce memory load on the system
#   Increase physical memory or swap space
#   Check if swap backing store is full
#   Use 64 bit Java on a 64 bit OS
#   Decrease Java heap size (-Xmx/-Xms)
#   Decrease number of Java threads
#   Decrease Java thread stack sizes (-Xss)
#   Set larger code cache with -XX:ReservedCodeCacheSize=
# This output file may be truncated or incomplete.
#
#  Out of Memory Error (memory/allocation.inline.hpp:61), pid=4392, tid=5460
#
# JRE version: Java(TM) SE Runtime Environment (8.0_73-b02) (build 1.8.0_73-b02)
# Java VM: Java HotSpot(TM) 64-Bit Server VM (25.73-b02 mixed mode windows-amd64 compressed oops)
# Failed to write core dump. Minidumps are not enabled by default on client versions of Windows
#

---------------  T H R E A D  ---------------

Current thread (0x000000005515d000):  JavaThread "C1 CompilerThread2" daemon [_thread_in_vm, id=5460, stack(0x0000000057770000,0x0000000057870000)]

Stack: [0x0000000057770000,0x0000000057870000]
[error occurred during error reporting (printing stack bounds), id 0xc0000005]

Native frames: (J=compiled Java code, j=interpreted, Vv=VM code, C=native code)


Current CompileTask:
C1:   6045 1616       3       com.android.dx.rop.code.Rops::opReturn (89 bytes)


---------------  P R O C E S S  ---------------

Java Threads: ( => current thread )
  0x0000000057b32000 JavaThread "pool-1-thread-4" [_thread_blocked, id=276, stack(0x00000000584d0000,0x00000000585d0000)]
  0x0000000057bde800 JavaThread "pool-1-thread-3" [_thread_blocked, id=6920, stack(0x00000000583a0000,0x00000000584a0000)]
  0x0000000057b65000 JavaThread "pool-1-thread-2" [_thread_blocked, id=7792, stack(0x0000000058210000,0x0000000058310000)]
  0x0000000057b60800 JavaThread "pool-2-thread-1" [_thread_blocked, id=7580, stack(0x00000000574a0000,0x00000000575a0000)]
  0x0000000057b60000 JavaThread "pool-1-thread-1" [_thread_in_Java, id=676, stack(0x0000000058010000,0x0000000058110000)]
  0x000000005515f800 JavaThread "Service Thread" daemon [_thread_blocked, id=7332, stack(0x0000000057ca0000,0x0000000057da0000)]
=>0x000000005515d000 JavaThread "C1 CompilerThread2" daemon [_thread_in_vm, id=5460, stack(0x0000000057770000,0x0000000057870000)]
  0x000000005515c000 JavaThread "C2 CompilerThread1" daemon [_thread_blocked, id=7904, stack(0x00000000575d0000,0x00000000576d0000)]
  0x0000000055159800 JavaThread "C2 CompilerThread0" daemon [_thread_in_native, id=360, stack(0x00000000573a0000,0x00000000574a0000)]
  0x0000000055156800 JavaThread "Attach Listener" daemon [_thread_blocked, id=8088, stack(0x0000000057190000,0x0000000057290000)]
  0x0000000055154000 JavaThread "Signal Dispatcher" daemon [_thread_blocked, id=3488, stack(0x0000000057000000,0x0000000057100000)]
  0x00000000550f2000 JavaThread "Finalizer" daemon [_thread_blocked, id=1484, stack(0x0000000056b90000,0x0000000056c90000)]
  0x00000000550f0800 JavaThread "Reference Handler" daemon [_thread_blocked, id=7912, stack(0x0000000056df0000,0x0000000056ef0000)]
  0x000000000229e800 JavaThread "main" [_thread_blocked, id=6168, stack(0x00000000024e0000,0x00000000025e0000)]

Other Threads:
  0x00000000550eb000 VMThread [stack: 0x0000000056cb0000,0x0000000056db0000] [id=5544]
  0x00000000578e1000 WatcherThread [stack: 0x0000000057f10000,0x0000000058010000] [id=5976]

VM state:not at safepoint (normal execution)

VM Mutex/Monitor currently owned by a thread:  ([mutex/lock_event])
[0x000000000229c0d0] CodeCache_lock - owner thread: 0x000000005515d000
[0x000000000229d780] Compile_lock - owner thread: 0x000000005515d000
[0x000000000229d880] MethodCompileQueue_lock - owner thread: 0x000000005515d000

Heap:
 PSYoungGen      total 34304K, used 15786K [0x00000000eab00000, 0x00000000eee00000, 0x0000000100000000)
  eden space 31744K, 41% used [0x00000000eab00000,0x00000000eb7ecbc0,0x00000000eca00000)
  from space 2560K, 99% used [0x00000000eca00000,0x00000000ecc7dd20,0x00000000ecc80000)
  to   space 2560K, 0% used [0x00000000eeb80000,0x00000000eeb80000,0x00000000eee00000)
 ParOldGen       total 42496K, used 7463K [0x00000000c0000000, 0x00000000c2980000, 0x00000000eab00000)
  object space 42496K, 17% used [0x00000000c0000000,0x00000000c0749db8,0x00000000c2980000)
 Metaspace       used 6112K, capacity 7096K, committed 7296K, reserved 1056768K
  class space    used 608K, capacity 624K, committed 640K, reserved 1048576K

Card table byte_map: [0x0000000011c70000,0x0000000011e80000] byte_map_base: 0x0000000011670000

Marking Bits: (ParMarkBitMap*) 0x0000000056930600
 Begin Bits: [0x0000000012560000, 0x0000000013560000)
 End Bits:   [0x0000000013560000, 0x0000000014560000)

Polling page: 0x0000000000130000

CodeCache: size=245760Kb used=6833Kb max_used=6841Kb free=238926Kb
 bounds [0x00000000028b0000, 0x0000000002f70000, 0x00000000118b0000]
 total_blobs=1855 nmethods=1591 adapters=176
 compilation: enabled

Compilation events (10 events):
Event: 6.014 Thread 0x000000005515d000 nmethod 1611 0x0000000002ee6b10 code [0x0000000002ee6c60, 0x0000000002ee6d70]
Event: 6.016 Thread 0x000000005515d000 1613   !   3       com.android.dx.rop.code.RegisterSpecSet::remove (30 bytes)
Event: 6.016 Thread 0x000000005515d000 nmethod 1613 0x0000000002f5be90 code [0x0000000002f5c020, 0x0000000002f5c448]
Event: 6.040 Thread 0x000000005515d000 1614       3       com.android.dx.rop.type.StdTypeList::getWordCount (33 bytes)
Event: 6.041 Thread 0x000000005515c000 nmethod 1592 0x0000000002f60850 code [0x0000000002f60a80, 0x0000000002f61fc8]
Event: 6.041 Thread 0x000000005515c000 1561       4       com.android.dx.ssa.back.SsaToRop$1::visitBlock (97 bytes)
Event: 6.041 Thread 0x000000005515d000 nmethod 1614 0x0000000002f5fe50 code [0x0000000002f5ffe0, 0x0000000002f60618]
Event: 6.041 Thread 0x000000005515d000 1615       3       com.android.dx.ssa.SsaMethod::makeNewSsaReg (26 bytes)
Event: 6.041 Thread 0x000000005515d000 nmethod 1615 0x0000000002f5f9d0 code [0x0000000002f5fb20, 0x0000000002f5fd90]
Event: 6.041 Thread 0x000000005515d000 1616       3       com.android.dx.rop.code.Rops::opReturn (89 bytes)

GC Heap History (6 events):
Event: 1.481 GC heap before
{Heap before GC invocations=1 (full 0):
 PSYoungGen      total 18432K, used 15872K [0x00000000eab00000, 0x00000000ebf80000, 0x0000000100000000)
  eden space 15872K, 100% used [0x00000000eab00000,0x00000000eba80000,0x00000000eba80000)
  from space 2560K, 0% used [0x00000000ebd00000,0x00000000ebd00000,0x00000000ebf80000)
  to   space 2560K, 0% used [0x00000000eba80000,0x00000000eba80000,0x00000000ebd00000)
 ParOldGen       total 42496K, used 0K [0x00000000c0000000, 0x00000000c2980000, 0x00000000eab00000)
  object space 42496K, 0% used [0x00000000c0000000,0x00000000c0000000,0x00000000c2980000)
 Metaspace       used 5568K, capacity 6704K, committed 6784K, reserved 1056768K
  class space    used 582K, capacity 616K, committed 640K, reserved 1048576K
Event: 1.811 GC heap after
Heap after GC invocations=1 (full 0):
 PSYoungGen      total 18432K, used 2553K [0x00000000eab00000, 0x00000000ecf00000, 0x0000000100000000)
  eden space 15872K, 0% used [0x00000000eab00000,0x00000000eab00000,0x00000000eba80000)
  from space 2560K, 99% used [0x00000000eba80000,0x00000000ebcfe7a8,0x00000000ebd00000)
  to   space 2560K, 0% used [0x00000000ecc80000,0x00000000ecc80000,0x00000000ecf00000)
 ParOldGen       total 42496K, used 1255K [0x00000000c0000000, 0x00000000c2980000, 0x00000000eab00000)
  object space 42496K, 2% used [0x00000000c0000000,0x00000000c0139ff0,0x00000000c2980000)
 Metaspace       used 5568K, capacity 6704K, committed 6784K, reserved 1056768K
  class space    used 582K, capacity 616K, committed 640K, reserved 1048576K
}
Event: 2.585 GC heap before
{Heap before GC invocations=2 (full 0):
 PSYoungGen      total 18432K, used 18425K [0x00000000eab00000, 0x00000000ecf00000, 0x0000000100000000)
  eden space 15872K, 100% used [0x00000000eab00000,0x00000000eba80000,0x00000000eba80000)
  from space 2560K, 99% used [0x00000000eba80000,0x00000000ebcfe7a8,0x00000000ebd00000)
  to   space 2560K, 0% used [0x00000000ecc80000,0x00000000ecc80000,0x00000000ecf00000)
 ParOldGen       total 42496K, used 1255K [0x00000000c0000000, 0x00000000c2980000, 0x00000000eab00000)
  object space 42496K, 2% used [0x00000000c0000000,0x00000000c0139ff0,0x00000000c2980000)
 Metaspace       used 5799K, capacity 6896K, committed 7040K, reserved 1056768K
  class space    used 585K, capacity 616K, committed 640K, reserved 1048576K
Event: 2.703 GC heap after
Heap after GC invocations=2 (full 0):
 PSYoungGen      total 34304K, used 2528K [0x00000000eab00000, 0x00000000ecf00000, 0x0000000100000000)
  eden space 31744K, 0% used [0x00000000eab00000,0x00000000eab00000,0x00000000eca00000)
  from space 2560K, 98% used [0x00000000ecc80000,0x00000000ecef8048,0x00000000ecf00000)
  to   space 2560K, 0% used [0x00000000eca00000,0x00000000eca00000,0x00000000ecc80000)
 ParOldGen       total 42496K, used 2717K [0x00000000c0000000, 0x00000000c2980000, 0x00000000eab00000)
  object space 42496K, 6% used [0x00000000c0000000,0x00000000c02a7668,0x00000000c2980000)
 Metaspace       used 5799K, capacity 6896K, committed 7040K, reserved 1056768K
  class space    used 585K, capacity 616K, committed 640K, reserved 1048576K
}
Event: 5.652 GC heap before
{Heap before GC invocations=3 (full 0):
 PSYoungGen      total 34304K, used 34272K [0x00000000eab00000, 0x00000000ecf00000, 0x0000000100000000)
  eden space 31744K, 100% used [0x00000000eab00000,0x00000000eca00000,0x00000000eca00000)
  from space 2560K, 98% used [0x00000000ecc80000,0x00000000ecef8048,0x00000000ecf00000)
  to   space 2560K, 0% used [0x00000000eca00000,0x00000000eca00000,0x00000000ecc80000)
 ParOldGen       total 42496K, used 2717K [0x00000000c0000000, 0x00000000c2980000, 0x00000000eab00000)
  object space 42496K, 6% used [0x00000000c0000000,0x00000000c02a7668,0x00000000c2980000)
 Metaspace       used 6084K, capacity 7032K, committed 7296K, reserved 1056768K
  class space    used 608K, capacity 624K, committed 640K, reserved 1048576K
Event: 5.951 GC heap after
Heap after GC invocations=3 (full 0):
 PSYoungGen      total 34304K, used 2551K [0x00000000eab00000, 0x00000000eee00000, 0x0000000100000000)
  eden space 31744K, 0% used [0x00000000eab00000,0x00000000eab00000,0x00000000eca00000)
  from space 2560K, 99% used [0x00000000eca00000,0x00000000ecc7dd20,0x00000000ecc80000)
  to   space 2560K, 0% used [0x00000000eeb80000,0x00000000eeb80000,0x00000000eee00000)
 ParOldGen       total 42496K, used 7463K [0x00000000c0000000, 0x00000000c2980000, 0x00000000eab00000)
  object space 42496K, 17% used [0x00000000c0000000,0x00000000c0749db8,0x00000000c2980000)
 Metaspace       used 6084K, capacity 7032K, committed 7296K, reserved 1056768K
  class space    used 608K, capacity 624K, committed 640K, reserved 1048576K
}

Deoptimization events (10 events):
Event: 3.259 Thread 0x0000000057b60000 Uncommon trap: reason=unstable_if action=reinterpret pc=0x0000000002c9e54c method=com.android.dx.rop.code.RegisterSpecSet.put(Lcom/android/dx/rop/code/RegisterSpec;)V @ 77
Event: 3.264 Thread 0x0000000057b60000 Uncommon trap: reason=bimorphic action=maybe_recompile pc=0x0000000002bbe3d0 method=java.util.HashMap.getNode(ILjava/lang/Object;)Ljava/util/HashMap$Node; @ 126
Event: 3.264 Thread 0x0000000057b60000 Uncommon trap: reason=bimorphic action=maybe_recompile pc=0x0000000002bbe3d0 method=java.util.HashMap.getNode(ILjava/lang/Object;)Ljava/util/HashMap$Node; @ 126
Event: 3.264 Thread 0x0000000057b60000 Uncommon trap: reason=bimorphic action=maybe_recompile pc=0x0000000002bbe3d0 method=java.util.HashMap.getNode(ILjava/lang/Object;)Ljava/util/HashMap$Node; @ 126
Event: 3.264 Thread 0x0000000057b60000 Uncommon trap: reason=bimorphic action=maybe_recompile pc=0x0000000002b6c95c method=java.util.HashMap.getNode(ILjava/lang/Object;)Ljava/util/HashMap$Node; @ 126
Event: 3.270 Thread 0x0000000057b60000 Uncommon trap: reason=unstable_if action=reinterpret pc=0x0000000002beaa60 method=com.android.dx.rop.code.RegisterSpecSet.put(Lcom/android/dx/rop/code/RegisterSpec;)V @ 77
Event: 3.734 Thread 0x0000000057b60000 Uncommon trap: reason=unstable_if action=reinterpret pc=0x0000000002e3b6f8 method=com.android.dx.rop.code.RegisterSpec.equals(ILcom/android/dx/rop/type/TypeBearer;Lcom/android/dx/rop/code/LocalItem;)Z @ 42
Event: 5.604 Thread 0x0000000057b60000 Uncommon trap: reason=unstable_if action=reinterpret pc=0x0000000002b5383c method=java.util.HashMap.putVal(ILjava/lang/Object;Ljava/lang/Object;ZZ)Ljava/lang/Object; @ 162
Event: 5.610 Thread 0x0000000057b60000 Uncommon trap: reason=unstable_if action=reinterpret pc=0x0000000002e75de8 method=java.util.HashMap.getNode(ILjava/lang/Object;)Ljava/util/HashMap$Node; @ 84
Event: 5.626 Thread 0x0000000057b32000 Uncommon trap: reason=unstable_if action=reinterpret pc=0x0000000002e4792c method=java.util.HashMap.getNode(ILjava/lang/Object;)Ljava/util/HashMap$Node; @ 84

Internal exceptions (7 events):
Event: 0.261 Thread 0x000000000229e800 Exception <a 'java/lang/NoSuchMethodError': Method sun.misc.Unsafe.defineClass(Ljava/lang/String;[BII)Ljava/lang/Class; name or signature does not match> (0x00000000eab130d8) thrown at [D:\re\puppet\workspace\8-2-build-windows-amd64-cygwin\jdk8u73\6086\hot≤-€Îv∫–?
Event: 0.261 Thread 0x000000000229e800 Exception <a 'java/lang/NoSuchMethodError': Method sun.misc.Unsafe.prefetchRead(Ljava/lang/Object;J)V name or signature does not match> (0x00000000eab133c0) thrown at [D:\re\puppet\workspace\8-2-build-windows-amd64-cygwin\jdk8u73\6086\hotspot\src\share\vm\ÛRø∞›Q@
Event: 2.165 Thread 0x0000000057bde800 Implicit null exception at 0x0000000002b557a2 to 0x0000000002b56ecd
Event: 2.165 Thread 0x0000000057bde800 Implicit null exception at 0x0000000002b4baa1 to 0x0000000002b4d231
Event: 5.608 Thread 0x0000000057b60000 Exception <a 'java/lang/ArrayIndexOutOfBoundsException': 18> (0x00000000ec8e18c8) thrown at [D:\re\puppet\workspace\8-2-build-windows-amd64-cygwin\jdk8u73\6086\hotspot\src\share\vm\interpreter\interpreterRuntime.cpp, line 366]
Event: 5.608 Thread 0x0000000057b60000 Exception <a 'java/lang/ArrayIndexOutOfBoundsException': 145> (0x00000000ec8e3448) thrown at [D:\re\puppet\workspace\8-2-build-windows-amd64-cygwin\jdk8u73\6086\hotspot\src\share\vm\interpreter\interpreterRuntime.cpp, line 366]
Event: 5.609 Thread 0x0000000057b60000 Exception <a 'java/lang/ArrayIndexOutOfBoundsException'> (0x00000000ec8e4730) thrown at [D:\re\puppet\workspace\8-2-build-windows-amd64-cygwin\jdk8u73\6086\hotspot\src\share\vm\runtime\sharedRuntime.cpp, line 605]

Events (10 events):
Event: 5.609 loading class sun/reflect/generics/reflectiveObjects/LazyReflectiveObjectGenerator done
Event: 5.609 loading class sun/reflect/generics/reflectiveObjects/TypeVariableImpl done
Event: 5.610 Thread 0x0000000057b60000 Uncommon trap: trap_request=0xffffff65 fr.pc=0x0000000002e75de8
Event: 5.610 Thread 0x0000000057b60000 DEOPT PACKING pc=0x0000000002e75de8 sp=0x000000005810df40
Event: 5.610 Thread 0x0000000057b60000 DEOPT UNPACKING pc=0x00000000028f582a sp=0x000000005810de70 mode 2
Event: 5.626 Thread 0x0000000057b32000 Uncommon trap: trap_request=0xffffff65 fr.pc=0x0000000002e4792c
Event: 5.626 Thread 0x0000000057b32000 DEOPT PACKING pc=0x0000000002e4792c sp=0x00000000585ce600
Event: 5.626 Thread 0x0000000057b32000 DEOPT UNPACKING pc=0x00000000028f582a sp=0x00000000585ce588 mode 2
Event: 5.652 Executing VM operation: ParallelGCFailedAllocation
Event: 5.951 Executing VM operation: ParallelGCFailedAllocation done


Dynamic libraries:
0x000000013f600000 - 0x000000013f637000 	C:\Program Files\Java\jdk1.8.0_73\bin\java.exe
0x0000000077270000 - 0x000000007741a000 	C:\Windows\SYSTEM32\ntdll.dll
0x0000000077150000 - 0x000000007726f000 	C:\Windows\system32\kernel32.dll
0x000007fefcfd0000 - 0x000007fefd03a000 	C:\Windows\system32\KERNELBASE.dll
0x0000000074ca0000 - 0x0000000074d27000 	C:\Windows\System32\SYSFER.DLL
0x000007fefdc80000 - 0x000007fefdd5b000 	C:\Windows\system32\ADVAPI32.dll
0x000007fefdd60000 - 0x000007fefddff000 	C:\Windows\system32\msvcrt.dll
0x000007feff560000 - 0x000007feff57f000 	C:\Windows\SYSTEM32\sechost.dll
0x000007fefd450000 - 0x000007fefd57d000 	C:\Windows\system32\RPCRT4.dll
0x0000000077050000 - 0x000000007714a000 	C:\Windows\system32\USER32.dll
0x000007fefd7e0000 - 0x000007fefd847000 	C:\Windows\system32\GDI32.dll
0x000007fefd430000 - 0x000007fefd43e000 	C:\Windows\system32\LPK.dll
0x000007fefd360000 - 0x000007fefd42a000 	C:\Windows\system32\USP10.dll
0x000007fefbf40000 - 0x000007fefc134000 	C:\Windows\WinSxS\amd64_microsoft.windows.common-controls_6595b64144ccf1df_6.0.7601.18837_none_fa3b1e3d17594757\COMCTL32.dll
0x000007fefe2e0000 - 0x000007fefe351000 	C:\Windows\system32\SHLWAPI.dll
0x000007fefd580000 - 0x000007fefd5ae000 	C:\Windows\system32\IMM32.DLL
0x000007fefdea0000 - 0x000007fefdfa9000 	C:\Windows\system32\MSCTF.dll
0x000000005dbe0000 - 0x000000005dcb2000 	C:\Program Files\Java\jdk1.8.0_73\jre\bin\msvcr100.dll
0x0000000056120000 - 0x00000000569b0000 	C:\Program Files\Java\jdk1.8.0_73\jre\bin\server\jvm.dll
0x000007feef9c0000 - 0x000007feef9c9000 	C:\Windows\system32\WSOCK32.dll
0x000007fefdfb0000 - 0x000007fefdffd000 	C:\Windows\system32\WS2_32.dll
0x000007fefd440000 - 0x000007fefd448000 	C:\Windows\system32\NSI.dll
0x000007fefbc00000 - 0x000007fefbc3b000 	C:\Windows\system32\WINMM.dll
0x000007fefc330000 - 0x000007fefc33c000 	C:\Windows\system32\VERSION.dll
0x0000000077430000 - 0x0000000077437000 	C:\Windows\system32\PSAPI.DLL
0x00000000707d0000 - 0x00000000707df000 	C:\Program Files\Java\jdk1.8.0_73\jre\bin\verify.dll
0x00000000707a0000 - 0x00000000707c9000 	C:\Program Files\Java\jdk1.8.0_73\jre\bin\java.dll
0x0000000070780000 - 0x0000000070796000 	C:\Program Files\Java\jdk1.8.0_73\jre\bin\zip.dll
0x000007fefe360000 - 0x000007feff0ea000 	C:\Windows\system32\SHELL32.dll
0x000007fefd5b0000 - 0x000007fefd7b3000 	C:\Windows\system32\ole32.dll
0x000007fefcfa0000 - 0x000007fefcfaf000 	C:\Windows\system32\profapi.dll

VM Arguments:
jvm_args: -Djava.awt.headless=true -Xmx1024M -Dfile.encoding=windows-1251 -Duser.country=RU -Duser.language=ru -Duser.variant 
java_command: com.android.dx.command.Main --dex --num-threads=4 --output C:\asp\NGS_vacancy\app\build\intermediates\pre-dexed\debug\com.android.support-recyclerview-v7-24.2.1_6fe3ca0d5c2e55e47fe14c7839e5f7d6f72735bb.jar C:\asp\NGS_vacancy\app\build\intermediates\exploded-aar\com.android.support\recyclerview-v7\24.2.1\jars\classes.jar
java_class_path (initial): C:\Users\avtseben\AppData\Local\Android\Sdk\build-tools\23.0.3\lib\dx.jar
Launcher Type: SUN_STANDARD

Environment Variables:
PATH=C:\Program Files\Broadcom\Broadcom 802.11;c:\Program Files (x86)\Intel\iCLS Client\;c:\Program Files\Intel\iCLS Client\;C:\ProgramData\Oracle\Java\javapath;C:\Windows\system32;C:\Windows;C:\Windows\System32\Wbem;C:\Windows\System32\WindowsPowerShell\v1.0\;C:\Program Files\Intel\Intel(R) Management Engine Components\DAL;C:\Program Files\Intel\Intel(R) Management Engine Components\IPT;C:\Program Files (x86)\Intel\Intel(R) Management Engine Components\DAL;C:\Program Files (x86)\Intel\Intel(R) Management Engine Components\IPT;c:\Program Files\WIDCOMM\Bluetooth Software\;c:\Program Files\WIDCOMM\Bluetooth Software\syswow64;C:\Program Files (x86)\Hewlett-Packard\HP ProtectTools Security Manager\Bin\;C:\Program Files (x86)\Skype\Phone\;C:\Program Files\OpenVPN\bin;C:\androidSDK\platform-tools\;C:\Program Files\Broadcom\Broadcom 802.11;c:\Program Files (x86)\Intel\iCLS Client\;c:\Program Files\Intel\iCLS Client\;C:\ProgramData\Oracle\Java\javapath;C:\Windows\system32;C:\Windows;C:\Windows\System32\Wbem;C:\Windows\System32\WindowsPowerShell\v1.0\;C:\Program Files\Intel\Intel(R) Management Engine Components\DAL;C:\Program Files\Intel\Intel(R) Management Engine Components\IPT;C:\Program Files (x86)\Intel\Intel(R) Management Engine Components\DAL;C:\Program Files (x86)\Intel\Intel(R) Management Engine Components\IPT;c:\Program Files\WIDCOMM\Bluetooth Software\;c:\Program Files\WIDCOMM\Bluetooth Software\syswow64;C:\Program Files (x86)\Hewlett-Packard\HP ProtectTools Security Manager\Bin\;C:\Program Files (x86)\Brackets\command;C:\Program Files (x86)\Skype\Phone\;C:\Program Files (x86)\ufs2tools-0.8\ufs2tools\;C:\Program Files\Git\bin\;C:\androidSDK\platform-tools;C:\gradle\bin
USERNAME=avtseben
OS=Windows_NT
PROCESSOR_IDENTIFIER=Intel64 Family 6 Model 58 Stepping 9, GenuineIntel



---------------  S Y S T E M  ---------------

OS: Windows 7 , 64 bit Build 7601 (6.1.7601.23572)

CPU:total 4 (2 cores per cpu, 2 threads per core) family 6 model 58 stepping 9, cmov, cx8, fxsr, mmx, sse, sse2, sse3, ssse3, sse4.1, sse4.2, popcnt, avx, aes, clmul, erms, ht, tsc, tscinvbit, tscinv

Memory: 4k page, physical 4056748k(486832k free), swap 4734624k(5124k free)

vm_info: Java HotSpot(TM) 64-Bit Server VM (25.73-b02) for windows-amd64 JRE (1.8.0_73-b02), built on Jan 29 2016 17:38:49 by "java_re" with MS VC++ 10.0 (VS2010)

time: Sat Dec 24 20:35:23 2016
elapsed time: 6 seconds (0d 0h 0m 6s)

