#
# There is insufficient memory for the Java Runtime Environment to continue.
# Native memory allocation (malloc) failed to allocate 44816 bytes for Chunk::new
# Possible reasons:
#   The system is out of physical RAM or swap space
#   In 32 bit mode, the process size limit was hit
# Possible solutions:
#   Reduce memory load on the system
#   Increase physical memory or swap space
#   Check if swap backing store is full
#   Use 64 bit Java on a 64 bit OS
#   Decrease Java heap size (-Xmx/-Xms)
#   Decrease number of Java threads
#   Decrease Java thread stack sizes (-Xss)
#   Set larger code cache with -XX:ReservedCodeCacheSize=
# This output file may be truncated or incomplete.
#
#  Out of Memory Error (allocation.cpp:390), pid=6896, tid=6648
#
# JRE version: Java(TM) SE Runtime Environment (8.0_73-b02) (build 1.8.0_73-b02)
# Java VM: Java HotSpot(TM) 64-Bit Server VM (25.73-b02 mixed mode windows-amd64 compressed oops)
# Failed to write core dump. Minidumps are not enabled by default on client versions of Windows
#

---------------  T H R E A D  ---------------

Current thread (0x0000000056704000):  JavaThread "C2 CompilerThread0" daemon [_thread_in_native, id=6648, stack(0x0000000056e70000,0x0000000056f70000)]

Stack: [0x0000000056e70000,0x0000000056f70000]
[error occurred during error reporting (printing stack bounds), id 0xc0000005]

Native frames: (J=compiled Java code, j=interpreted, Vv=VM code, C=native code)


Current CompileTask:
C2:    512  362       4       java.lang.String::indexOf (166 bytes)


---------------  P R O C E S S  ---------------

Java Threads: ( => current thread )
  0x00000000569c3800 JavaThread "pool-1-thread-4" [_thread_in_native, id=7412, stack(0x00000000571f0000,0x00000000572f0000)]
  0x00000000569c1000 JavaThread "pool-1-thread-3" [_thread_blocked, id=7556, stack(0x0000000057820000,0x0000000057920000)]
  0x0000000056885800 JavaThread "pool-1-thread-2" [_thread_in_vm, id=5472, stack(0x0000000057640000,0x0000000057740000)]
  0x0000000056856000 JavaThread "pool-2-thread-1" [_thread_blocked, id=5360, stack(0x0000000056fc0000,0x00000000570c0000)]
  0x0000000056872800 JavaThread "pool-1-thread-1" [_thread_blocked, id=7708, stack(0x0000000057440000,0x0000000057540000)]
  0x000000005520e000 JavaThread "Service Thread" daemon [_thread_blocked, id=3908, stack(0x0000000056b20000,0x0000000056c20000)]
  0x0000000056707000 JavaThread "C1 CompilerThread2" daemon [_thread_blocked, id=2592, stack(0x00000000570e0000,0x00000000571e0000)]
  0x0000000056706000 JavaThread "C2 CompilerThread1" daemon [_thread_blocked, id=784, stack(0x0000000056d50000,0x0000000056e50000)]
=>0x0000000056704000 JavaThread "C2 CompilerThread0" daemon [_thread_in_native, id=6648, stack(0x0000000056e70000,0x0000000056f70000)]
  0x0000000056700800 JavaThread "Attach Listener" daemon [_thread_blocked, id=2132, stack(0x0000000056c20000,0x0000000056d20000)]
  0x0000000055202000 JavaThread "Signal Dispatcher" daemon [_thread_blocked, id=5588, stack(0x00000000562e0000,0x00000000563e0000)]
  0x00000000551a2000 JavaThread "Finalizer" daemon [_thread_blocked, id=8020, stack(0x0000000056600000,0x0000000056700000)]
  0x00000000551a0800 JavaThread "Reference Handler" daemon [_thread_blocked, id=7752, stack(0x00000000563f0000,0x00000000564f0000)]
  0x00000000021be800 JavaThread "main" [_thread_in_Java, id=7712, stack(0x0000000002370000,0x0000000002470000)]

Other Threads:
  0x000000005519b000 VMThread [stack: 0x00000000561d0000,0x00000000562d0000] [id=6024]
  0x000000005679e800 WatcherThread [stack: 0x0000000057310000,0x0000000057410000] [id=7832]

VM state:not at safepoint (normal execution)

VM Mutex/Monitor currently owned by a thread: None

Heap:
 PSYoungGen      total 18432K, used 4457K [0x00000000eab00000, 0x00000000ebf80000, 0x0000000100000000)
  eden space 15872K, 28% used [0x00000000eab00000,0x00000000eaf5a668,0x00000000eba80000)
  from space 2560K, 0% used [0x00000000eba80000,0x00000000eba80000,0x00000000ebd00000)
  to   space 2560K, 0% used [0x00000000ebd00000,0x00000000ebd00000,0x00000000ebf80000)
 ParOldGen       total 30720K, used 1662K [0x00000000c0000000, 0x00000000c1e00000, 0x00000000eab00000)
  object space 30720K, 5% used [0x00000000c0000000,0x00000000c019fa30,0x00000000c1e00000)
 Metaspace       used 5210K, capacity 6384K, committed 6528K, reserved 1058816K
  class space    used 576K, capacity 616K, committed 640K, reserved 1048576K

Card table byte_map: [0x0000000011b00000,0x0000000011d10000] byte_map_base: 0x0000000011500000

Marking Bits: (ParMarkBitMap*) 0x000000005e4b0600
 Begin Bits: [0x0000000012610000, 0x0000000013610000)
 End Bits:   [0x0000000013610000, 0x0000000014610000)

Polling page: 0x0000000000130000

CodeCache: size=245760Kb used=1828Kb max_used=1828Kb free=243931Kb
 bounds [0x0000000002740000, 0x00000000029b0000, 0x0000000011740000]
 total_blobs=628 nmethods=365 adapters=176
 compilation: enabled

Compilation events (10 events):
Event: 0.492 Thread 0x0000000056707000 nmethod 355 0x00000000028fe610 code [0x00000000028fe7a0, 0x00000000028fee58]
Event: 0.500 Thread 0x0000000056707000  359       3       com.android.dx.io.Opcodes::isValidShape (46 bytes)
Event: 0.500 Thread 0x0000000056707000 nmethod 359 0x00000000028fda50 code [0x00000000028fdbc0, 0x00000000028fde70]
Event: 0.500 Thread 0x0000000056707000  360       3       java.util.zip.ZipEntry::setExtra0 (360 bytes)
Event: 0.506 Thread 0x0000000056704000  362       4       java.lang.String::indexOf (166 bytes)
Event: 0.507 Thread 0x0000000056707000 nmethod 360 0x00000000028ff5d0 code [0x00000000028ffca0, 0x0000000002904768]
Event: 0.507 Thread 0x0000000056707000  361       1       com.android.dx.dex.code.Dop::getOpcode (5 bytes)
Event: 0.507 Thread 0x0000000056707000 nmethod 361 0x00000000028fd590 code [0x00000000028fd6e0, 0x00000000028fd7f0]
Event: 0.507 Thread 0x0000000056707000  363       3       com.android.dx.rop.code.BasicBlockList::get (9 bytes)
Event: 0.507 Thread 0x0000000056707000 nmethod 363 0x00000000028fd090 code [0x00000000028fd200, 0x00000000028fd4e8]

GC Heap History (4 events):
Event: 0.381 GC heap before
{Heap before GC invocations=1 (full 0):
 PSYoungGen      total 18432K, used 7004K [0x00000000eab00000, 0x00000000ebf80000, 0x0000000100000000)
  eden space 15872K, 44% used [0x00000000eab00000,0x00000000eb1d7148,0x00000000eba80000)
  from space 2560K, 0% used [0x00000000ebd00000,0x00000000ebd00000,0x00000000ebf80000)
  to   space 2560K, 0% used [0x00000000eba80000,0x00000000eba80000,0x00000000ebd00000)
 ParOldGen       total 42496K, used 0K [0x00000000c0000000, 0x00000000c2980000, 0x00000000eab00000)
  object space 42496K, 0% used [0x00000000c0000000,0x00000000c0000000,0x00000000c2980000)
 Metaspace       used 4371K, capacity 5584K, committed 5760K, reserved 1060864K
  class space    used 488K, capacity 520K, committed 640K, reserved 1048576K
Event: 0.385 GC heap after
Heap after GC invocations=1 (full 0):
 PSYoungGen      total 18432K, used 1789K [0x00000000eab00000, 0x00000000ebf80000, 0x0000000100000000)
  eden space 15872K, 0% used [0x00000000eab00000,0x00000000eab00000,0x00000000eba80000)
  from space 2560K, 69% used [0x00000000eba80000,0x00000000ebc3f640,0x00000000ebd00000)
  to   space 2560K, 0% used [0x00000000ebd00000,0x00000000ebd00000,0x00000000ebf80000)
 ParOldGen       total 42496K, used 8K [0x00000000c0000000, 0x00000000c2980000, 0x00000000eab00000)
  object space 42496K, 0% used [0x00000000c0000000,0x00000000c0002000,0x00000000c2980000)
 Metaspace       used 4371K, capacity 5584K, committed 5760K, reserved 1060864K
  class space    used 488K, capacity 520K, committed 640K, reserved 1048576K
}
Event: 0.385 GC heap before
{Heap before GC invocations=2 (full 1):
 PSYoungGen      total 18432K, used 1789K [0x00000000eab00000, 0x00000000ebf80000, 0x0000000100000000)
  eden space 15872K, 0% used [0x00000000eab00000,0x00000000eab00000,0x00000000eba80000)
  from space 2560K, 69% used [0x00000000eba80000,0x00000000ebc3f640,0x00000000ebd00000)
  to   space 2560K, 0% used [0x00000000ebd00000,0x00000000ebd00000,0x00000000ebf80000)
 ParOldGen       total 42496K, used 8K [0x00000000c0000000, 0x00000000c2980000, 0x00000000eab00000)
  object space 42496K, 0% used [0x00000000c0000000,0x00000000c0002000,0x00000000c2980000)
 Metaspace       used 4371K, capacity 5584K, committed 5760K, reserved 1060864K
  class space    used 488K, capacity 520K, committed 640K, reserved 1048576K
Event: 0.400 GC heap after
Heap after GC invocations=2 (full 1):
 PSYoungGen      total 18432K, used 0K [0x00000000eab00000, 0x00000000ebf80000, 0x0000000100000000)
  eden space 15872K, 0% used [0x00000000eab00000,0x00000000eab00000,0x00000000eba80000)
  from space 2560K, 0% used [0x00000000eba80000,0x00000000eba80000,0x00000000ebd00000)
  to   space 2560K, 0% used [0x00000000ebd00000,0x00000000ebd00000,0x00000000ebf80000)
 ParOldGen       total 30720K, used 1662K [0x00000000c0000000, 0x00000000c1e00000, 0x00000000eab00000)
  object space 30720K, 5% used [0x00000000c0000000,0x00000000c019fa30,0x00000000c1e00000)
 Metaspace       used 4371K, capacity 5584K, committed 5760K, reserved 1058816K
  class space    used 488K, capacity 520K, committed 640K, reserved 1048576K
}

Deoptimization events (0 events):
No events

Internal exceptions (2 events):
Event: 0.056 Thread 0x00000000021be800 Exception <a 'java/lang/NoSuchMethodError': Method sun.misc.Unsafe.defineClass(Ljava/lang/String;[BII)Ljava/lang/Class; name or signature does not match> (0x00000000eab130d8) thrown at [D:\re\puppet\workspace\8-2-build-windows-amd64-cygwin\jdk8u73\6086\hot˘ﬁ£±êõ¨?
Event: 0.056 Thread 0x00000000021be800 Exception <a 'java/lang/NoSuchMethodError': Method sun.misc.Unsafe.prefetchRead(Ljava/lang/Object;J)V name or signature does not match> (0x00000000eab133c0) thrown at [D:\re\puppet\workspace\8-2-build-windows-amd64-cygwin\jdk8u73\6086\hotspot\src\share\vm\

Events (10 events):
Event: 0.507 loading class com/android/dx/dex/code/OddSpacer
Event: 0.507 loading class com/android/dx/dex/code/OddSpacer done
Event: 0.507 loading class com/android/dx/dex/code/ArrayData
Event: 0.507 loading class com/android/dx/dex/code/ArrayData done
Event: 0.508 loading class com/android/dx/dex/code/SwitchData
Event: 0.508 loading class com/android/dx/dex/code/SwitchData done
Event: 0.508 loading class com/android/dx/dex/code/LocalStart
Event: 0.508 loading class com/android/dx/dex/code/LocalStart done
Event: 0.509 loading class com/android/dx/dex/code/RopToDop
Event: 0.509 loading class com/android/dx/dex/code/RopToDop done


Dynamic libraries:
0x000000013f060000 - 0x000000013f097000 	C:\Program Files\Java\jdk1.8.0_73\bin\java.exe
0x0000000077270000 - 0x000000007741a000 	C:\Windows\SYSTEM32\ntdll.dll
0x0000000077150000 - 0x000000007726f000 	C:\Windows\system32\kernel32.dll
0x000007fefcfd0000 - 0x000007fefd03a000 	C:\Windows\system32\KERNELBASE.dll
0x0000000074ca0000 - 0x0000000074d27000 	C:\Windows\System32\SYSFER.DLL
0x000007fefdc80000 - 0x000007fefdd5b000 	C:\Windows\system32\ADVAPI32.dll
0x000007fefdd60000 - 0x000007fefddff000 	C:\Windows\system32\msvcrt.dll
0x000007feff560000 - 0x000007feff57f000 	C:\Windows\SYSTEM32\sechost.dll
0x000007fefd450000 - 0x000007fefd57d000 	C:\Windows\system32\RPCRT4.dll
0x0000000077050000 - 0x000000007714a000 	C:\Windows\system32\USER32.dll
0x000007fefd7e0000 - 0x000007fefd847000 	C:\Windows\system32\GDI32.dll
0x000007fefd430000 - 0x000007fefd43e000 	C:\Windows\system32\LPK.dll
0x000007fefd360000 - 0x000007fefd42a000 	C:\Windows\system32\USP10.dll
0x000007fefbf40000 - 0x000007fefc134000 	C:\Windows\WinSxS\amd64_microsoft.windows.common-controls_6595b64144ccf1df_6.0.7601.18837_none_fa3b1e3d17594757\COMCTL32.dll
0x000007fefe2e0000 - 0x000007fefe351000 	C:\Windows\system32\SHLWAPI.dll
0x000007fefd580000 - 0x000007fefd5ae000 	C:\Windows\system32\IMM32.DLL
0x000007fefdea0000 - 0x000007fefdfa9000 	C:\Windows\system32\MSCTF.dll
0x000000005c340000 - 0x000000005c412000 	C:\Program Files\Java\jdk1.8.0_73\jre\bin\msvcr100.dll
0x000000005dca0000 - 0x000000005e530000 	C:\Program Files\Java\jdk1.8.0_73\jre\bin\server\jvm.dll
0x000007feef9c0000 - 0x000007feef9c9000 	C:\Windows\system32\WSOCK32.dll
0x000007fefdfb0000 - 0x000007fefdffd000 	C:\Windows\system32\WS2_32.dll
0x000007fefd440000 - 0x000007fefd448000 	C:\Windows\system32\NSI.dll
0x000007fefbc00000 - 0x000007fefbc3b000 	C:\Windows\system32\WINMM.dll
0x000007fefc330000 - 0x000007fefc33c000 	C:\Windows\system32\VERSION.dll
0x0000000077430000 - 0x0000000077437000 	C:\Windows\system32\PSAPI.DLL
0x00000000714a0000 - 0x00000000714af000 	C:\Program Files\Java\jdk1.8.0_73\jre\bin\verify.dll
0x0000000060030000 - 0x0000000060059000 	C:\Program Files\Java\jdk1.8.0_73\jre\bin\java.dll
0x0000000060010000 - 0x0000000060026000 	C:\Program Files\Java\jdk1.8.0_73\jre\bin\zip.dll
0x000007fefe360000 - 0x000007feff0ea000 	C:\Windows\system32\SHELL32.dll
0x000007fefd5b0000 - 0x000007fefd7b3000 	C:\Windows\system32\ole32.dll
0x000007fefcfa0000 - 0x000007fefcfaf000 	C:\Windows\system32\profapi.dll

VM Arguments:
jvm_args: -Djava.awt.headless=true -Xmx1024M -Dfile.encoding=windows-1251 -Duser.country=RU -Duser.language=ru -Duser.variant 
java_command: com.android.dx.command.Main --dex --force-jumbo --num-threads=4 --output C:\asp\NGS_vacancy\app\build\intermediates\pre-dexed\debug\com.android.support-support-core-utils-24.2.1_ad066250bac37d23de6986d3b83d6cc9638c7422.jar C:\asp\NGS_vacancy\app\build\intermediates\exploded-aar\com.android.support\support-core-utils\24.2.1\jars\classes.jar
java_class_path (initial): C:\Users\avtseben\AppData\Local\Android\Sdk\build-tools\23.0.3\lib\dx.jar
Launcher Type: SUN_STANDARD

Environment Variables:
PATH=C:\Program Files\Broadcom\Broadcom 802.11;c:\Program Files (x86)\Intel\iCLS Client\;c:\Program Files\Intel\iCLS Client\;C:\ProgramData\Oracle\Java\javapath;C:\Windows\system32;C:\Windows;C:\Windows\System32\Wbem;C:\Windows\System32\WindowsPowerShell\v1.0\;C:\Program Files\Intel\Intel(R) Management Engine Components\DAL;C:\Program Files\Intel\Intel(R) Management Engine Components\IPT;C:\Program Files (x86)\Intel\Intel(R) Management Engine Components\DAL;C:\Program Files (x86)\Intel\Intel(R) Management Engine Components\IPT;c:\Program Files\WIDCOMM\Bluetooth Software\;c:\Program Files\WIDCOMM\Bluetooth Software\syswow64;C:\Program Files (x86)\Hewlett-Packard\HP ProtectTools Security Manager\Bin\;C:\Program Files (x86)\Skype\Phone\;C:\Program Files\OpenVPN\bin;C:\androidSDK\platform-tools\;C:\Program Files\Broadcom\Broadcom 802.11;c:\Program Files (x86)\Intel\iCLS Client\;c:\Program Files\Intel\iCLS Client\;C:\ProgramData\Oracle\Java\javapath;C:\Windows\system32;C:\Windows;C:\Windows\System32\Wbem;C:\Windows\System32\WindowsPowerShell\v1.0\;C:\Program Files\Intel\Intel(R) Management Engine Components\DAL;C:\Program Files\Intel\Intel(R) Management Engine Components\IPT;C:\Program Files (x86)\Intel\Intel(R) Management Engine Components\DAL;C:\Program Files (x86)\Intel\Intel(R) Management Engine Components\IPT;c:\Program Files\WIDCOMM\Bluetooth Software\;c:\Program Files\WIDCOMM\Bluetooth Software\syswow64;C:\Program Files (x86)\Hewlett-Packard\HP ProtectTools Security Manager\Bin\;C:\Program Files (x86)\Brackets\command;C:\Program Files (x86)\Skype\Phone\;C:\Program Files (x86)\ufs2tools-0.8\ufs2tools\;C:\Program Files\Git\bin\;C:\androidSDK\platform-tools;C:\gradle\bin
USERNAME=avtseben
OS=Windows_NT
PROCESSOR_IDENTIFIER=Intel64 Family 6 Model 58 Stepping 9, GenuineIntel



---------------  S Y S T E M  ---------------

OS: Windows 7 , 64 bit Build 7601 (6.1.7601.23572)

CPU:total 4 (2 cores per cpu, 2 threads per core) family 6 model 58 stepping 9, cmov, cx8, fxsr, mmx, sse, sse2, sse3, ssse3, sse4.1, sse4.2, popcnt, avx, aes, clmul, erms, ht, tsc, tscinvbit, tscinv

Memory: 4k page, physical 4056748k(414220k free), swap 4734624k(118504k free)

vm_info: Java HotSpot(TM) 64-Bit Server VM (25.73-b02) for windows-amd64 JRE (1.8.0_73-b02), built on Jan 29 2016 17:38:49 by "java_re" with MS VC++ 10.0 (VS2010)

time: Sat Dec 24 20:25:49 2016
elapsed time: 0 seconds (0d 0h 0m 0s)

