#
# There is insufficient memory for the Java Runtime Environment to continue.
# Native memory allocation (malloc) failed to allocate 587696 bytes for Chunk::new
# Possible reasons:
#   The system is out of physical RAM or swap space
#   In 32 bit mode, the process size limit was hit
# Possible solutions:
#   Reduce memory load on the system
#   Increase physical memory or swap space
#   Check if swap backing store is full
#   Use 64 bit Java on a 64 bit OS
#   Decrease Java heap size (-Xmx/-Xms)
#   Decrease number of Java threads
#   Decrease Java thread stack sizes (-Xss)
#   Set larger code cache with -XX:ReservedCodeCacheSize=
# This output file may be truncated or incomplete.
#
#  Out of Memory Error (allocation.cpp:390), pid=7536, tid=6512
#
# JRE version: Java(TM) SE Runtime Environment (8.0_73-b02) (build 1.8.0_73-b02)
# Java VM: Java HotSpot(TM) 64-Bit Server VM (25.73-b02 mixed mode windows-amd64 compressed oops)
# Failed to write core dump. Minidumps are not enabled by default on client versions of Windows
#

---------------  T H R E A D  ---------------

Current thread (0x00000000570e3000):  JavaThread "C2 CompilerThread0" daemon [_thread_in_native, id=6512, stack(0x0000000057810000,0x0000000057910000)]

Stack: [0x0000000057810000,0x0000000057910000]
[error occurred during error reporting (printing stack bounds), id 0xc0000005]

Native frames: (J=compiled Java code, j=interpreted, Vv=VM code, C=native code)


Current CompileTask:
C2:   7003 1330       4       com.android.dx.ssa.LiteralOpUpgrader$1::visitNonMoveInsn (203 bytes)


---------------  P R O C E S S  ---------------

Java Threads: ( => current thread )
  0x0000000057446000 JavaThread "pool-1-thread-4" [_thread_blocked, id=4720, stack(0x0000000058440000,0x0000000058540000)]
  0x00000000573d1800 JavaThread "pool-1-thread-3" [_thread_in_Java, id=5548, stack(0x0000000057a50000,0x0000000057b50000)]
  0x00000000573d3000 JavaThread "pool-1-thread-2" [_thread_blocked, id=7332, stack(0x0000000058170000,0x0000000058270000)]
  0x00000000573b4000 JavaThread "pool-2-thread-1" [_thread_blocked, id=7824, stack(0x0000000058000000,0x0000000058100000)]
  0x00000000573ac000 JavaThread "pool-1-thread-1" [_thread_blocked, id=7996, stack(0x0000000057e00000,0x0000000057f00000)]
  0x0000000054c6f000 JavaThread "Service Thread" daemon [_thread_blocked, id=7512, stack(0x0000000057bb0000,0x0000000057cb0000)]
  0x00000000570e6000 JavaThread "C1 CompilerThread2" daemon [_thread_blocked, id=4660, stack(0x0000000057910000,0x0000000057a10000)]
  0x00000000570e5000 JavaThread "C2 CompilerThread1" daemon [_thread_in_native, id=7780, stack(0x00000000576b0000,0x00000000577b0000)]
=>0x00000000570e3000 JavaThread "C2 CompilerThread0" daemon [_thread_in_native, id=6512, stack(0x0000000057810000,0x0000000057910000)]
  0x0000000054c63800 JavaThread "Attach Listener" daemon [_thread_blocked, id=7372, stack(0x0000000056ee0000,0x0000000056fe0000)]
  0x0000000054c62000 JavaThread "Signal Dispatcher" daemon [_thread_blocked, id=7632, stack(0x00000000575b0000,0x00000000576b0000)]
  0x0000000054c07800 JavaThread "Finalizer" daemon [_thread_blocked, id=7920, stack(0x0000000056fe0000,0x00000000570e0000)]
  0x0000000054c00800 JavaThread "Reference Handler" daemon [_thread_blocked, id=7784, stack(0x0000000056d80000,0x0000000056e80000)]
  0x000000000219e800 JavaThread "main" [_thread_blocked, id=8092, stack(0x0000000002380000,0x0000000002480000)]

Other Threads:
  0x0000000054bfb000 VMThread [stack: 0x0000000056c20000,0x0000000056d20000] [id=704]
  0x0000000057176800 WatcherThread [stack: 0x0000000057cc0000,0x0000000057dc0000] [id=7812]

VM state:not at safepoint (normal execution)

VM Mutex/Monitor currently owned by a thread: None

Heap:
 PSYoungGen      total 34304K, used 8088K [0x00000000eab00000, 0x00000000ecf00000, 0x0000000100000000)
  eden space 31744K, 17% used [0x00000000eab00000,0x00000000eb069688,0x00000000eca00000)
  from space 2560K, 99% used [0x00000000ecc80000,0x00000000ecefcc00,0x00000000ecf00000)
  to   space 2560K, 0% used [0x00000000eca00000,0x00000000eca00000,0x00000000ecc80000)
 ParOldGen       total 42496K, used 3105K [0x00000000c0000000, 0x00000000c2980000, 0x00000000eab00000)
  object space 42496K, 7% used [0x00000000c0000000,0x00000000c0308768,0x00000000c2980000)
 Metaspace       used 5933K, capacity 6960K, committed 7040K, reserved 1056768K
  class space    used 590K, capacity 616K, committed 640K, reserved 1048576K

Card table byte_map: [0x0000000011b10000,0x0000000011d20000] byte_map_base: 0x0000000011510000

Marking Bits: (ParMarkBitMap*) 0x00000000557a0600
 Begin Bits: [0x00000000125b0000, 0x00000000135b0000)
 End Bits:   [0x00000000135b0000, 0x00000000145b0000)

Polling page: 0x00000000000c0000

CodeCache: size=245760Kb used=5437Kb max_used=5456Kb free=240322Kb
 bounds [0x0000000002750000, 0x0000000002cb0000, 0x0000000011750000]
 total_blobs=1593 nmethods=1330 adapters=176
 compilation: enabled

Compilation events (10 events):
Event: 6.725 Thread 0x00000000570e6000 1337       3       com.android.dx.ssa.SsaBasicBlock::addMoveToEnd (172 bytes)
Event: 6.727 Thread 0x00000000570e6000 nmethod 1337 0x0000000002c9b710 code [0x0000000002c9baa0, 0x0000000002c9d968]
Event: 6.727 Thread 0x00000000570e6000 1333       3       java.util.ArrayList$SubList::get (23 bytes)
Event: 6.728 Thread 0x00000000570e6000 nmethod 1333 0x0000000002c93190 code [0x0000000002c93340, 0x0000000002c93828]
Event: 6.728 Thread 0x00000000570e6000 1336       3       com.android.dx.ssa.SsaMethod::onSourceChanged (65 bytes)
Event: 6.729 Thread 0x00000000570e6000 nmethod 1336 0x0000000002c92250 code [0x0000000002c92420, 0x0000000002c92c98]
Event: 6.729 Thread 0x00000000570e6000 1340       3       com.android.dx.cf.code.BaseMachine::popArgs (137 bytes)
Event: 6.730 Thread 0x00000000570e6000 nmethod 1340 0x0000000002c9ef10 code [0x0000000002c9f280, 0x0000000002ca0c08]
Event: 6.876 Thread 0x00000000570e3000 nmethod 1334 0x0000000002ca6350 code [0x0000000002ca65e0, 0x0000000002ca8300]
Event: 6.876 Thread 0x00000000570e3000 1330       4       com.android.dx.ssa.LiteralOpUpgrader$1::visitNonMoveInsn (203 bytes)

GC Heap History (4 events):
Event: 3.125 GC heap before
{Heap before GC invocations=1 (full 0):
 PSYoungGen      total 18432K, used 15872K [0x00000000eab00000, 0x00000000ebf80000, 0x0000000100000000)
  eden space 15872K, 100% used [0x00000000eab00000,0x00000000eba80000,0x00000000eba80000)
  from space 2560K, 0% used [0x00000000ebd00000,0x00000000ebd00000,0x00000000ebf80000)
  to   space 2560K, 0% used [0x00000000eba80000,0x00000000eba80000,0x00000000ebd00000)
 ParOldGen       total 42496K, used 0K [0x00000000c0000000, 0x00000000c2980000, 0x00000000eab00000)
  object space 42496K, 0% used [0x00000000c0000000,0x00000000c0000000,0x00000000c2980000)
 Metaspace       used 5659K, capacity 6768K, committed 7040K, reserved 1056768K
  class space    used 588K, capacity 616K, committed 640K, reserved 1048576K
Event: 3.265 GC heap after
Heap after GC invocations=1 (full 0):
 PSYoungGen      total 18432K, used 2548K [0x00000000eab00000, 0x00000000ecf00000, 0x0000000100000000)
  eden space 15872K, 0% used [0x00000000eab00000,0x00000000eab00000,0x00000000eba80000)
  from space 2560K, 99% used [0x00000000eba80000,0x00000000ebcfd298,0x00000000ebd00000)
  to   space 2560K, 0% used [0x00000000ecc80000,0x00000000ecc80000,0x00000000ecf00000)
 ParOldGen       total 42496K, used 1073K [0x00000000c0000000, 0x00000000c2980000, 0x00000000eab00000)
  object space 42496K, 2% used [0x00000000c0000000,0x00000000c010c5c0,0x00000000c2980000)
 Metaspace       used 5659K, capacity 6768K, committed 7040K, reserved 1056768K
  class space    used 588K, capacity 616K, committed 640K, reserved 1048576K
}
Event: 4.160 GC heap before
{Heap before GC invocations=2 (full 0):
 PSYoungGen      total 18432K, used 18420K [0x00000000eab00000, 0x00000000ecf00000, 0x0000000100000000)
  eden space 15872K, 100% used [0x00000000eab00000,0x00000000eba80000,0x00000000eba80000)
  from space 2560K, 99% used [0x00000000eba80000,0x00000000ebcfd298,0x00000000ebd00000)
  to   space 2560K, 0% used [0x00000000ecc80000,0x00000000ecc80000,0x00000000ecf00000)
 ParOldGen       total 42496K, used 1073K [0x00000000c0000000, 0x00000000c2980000, 0x00000000eab00000)
  object space 42496K, 2% used [0x00000000c0000000,0x00000000c010c5c0,0x00000000c2980000)
 Metaspace       used 5905K, capacity 6960K, committed 7040K, reserved 1056768K
  class space    used 590K, capacity 616K, committed 640K, reserved 1048576K
Event: 5.633 GC heap after
Heap after GC invocations=2 (full 0):
 PSYoungGen      total 34304K, used 2547K [0x00000000eab00000, 0x00000000ecf00000, 0x0000000100000000)
  eden space 31744K, 0% used [0x00000000eab00000,0x00000000eab00000,0x00000000eca00000)
  from space 2560K, 99% used [0x00000000ecc80000,0x00000000ecefcc00,0x00000000ecf00000)
  to   space 2560K, 0% used [0x00000000eca00000,0x00000000eca00000,0x00000000ecc80000)
 ParOldGen       total 42496K, used 3105K [0x00000000c0000000, 0x00000000c2980000, 0x00000000eab00000)
  object space 42496K, 7% used [0x00000000c0000000,0x00000000c0308768,0x00000000c2980000)
 Metaspace       used 5905K, capacity 6960K, committed 7040K, reserved 1056768K
  class space    used 590K, capacity 616K, committed 640K, reserved 1048576K
}

Deoptimization events (10 events):
Event: 2.875 Thread 0x00000000573d1800 Uncommon trap: reason=unstable_if action=reinterpret pc=0x0000000002958c9c method=java.util.HashMap.getNode(ILjava/lang/Object;)Ljava/util/HashMap$Node; @ 129
Event: 2.885 Thread 0x00000000573d1800 Uncommon trap: reason=unstable_if action=reinterpret pc=0x00000000029927e4 method=com.android.dx.ssa.SsaMethod.getExitBlock()Lcom/android/dx/ssa/SsaBasicBlock; @ 4
Event: 3.307 Thread 0x00000000573d1800 Uncommon trap: reason=unstable_if action=reinterpret pc=0x000000000295d7e0 method=java.util.BitSet.nextSetBit(I)I @ 87
Event: 3.443 Thread 0x00000000573d3000 Uncommon trap: reason=bimorphic action=maybe_recompile pc=0x0000000002a10ef0 method=java.util.HashMap.getNode(ILjava/lang/Object;)Ljava/util/HashMap$Node; @ 126
Event: 3.834 Thread 0x00000000573d1800 Uncommon trap: reason=unstable_if action=reinterpret pc=0x0000000002a6e284 method=com.android.dx.rop.cst.Constant.compareTo(Lcom/android/dx/rop/cst/Constant;)I @ 12
Event: 4.159 Thread 0x00000000573d1800 Uncommon trap: reason=unstable_if action=reinterpret pc=0x0000000002a71f80 method=com.android.dx.rop.code.RegisterSpec.equals(ILcom/android/dx/rop/type/TypeBearer;Lcom/android/dx/rop/code/LocalItem;)Z @ 42
Event: 6.508 Thread 0x00000000573d1800 Uncommon trap: reason=bimorphic action=maybe_recompile pc=0x0000000002a10ef0 method=java.util.HashMap.getNode(ILjava/lang/Object;)Ljava/util/HashMap$Node; @ 126
Event: 6.508 Thread 0x00000000573d1800 Uncommon trap: reason=bimorphic action=maybe_recompile pc=0x0000000002a10ef0 method=java.util.HashMap.getNode(ILjava/lang/Object;)Ljava/util/HashMap$Node; @ 126
Event: 6.508 Thread 0x00000000573d1800 Uncommon trap: reason=bimorphic action=maybe_recompile pc=0x0000000002a10ef0 method=java.util.HashMap.getNode(ILjava/lang/Object;)Ljava/util/HashMap$Node; @ 126
Event: 6.508 Thread 0x00000000573d1800 Uncommon trap: reason=bimorphic action=maybe_recompile pc=0x0000000002a9bc24 method=java.util.HashMap.getNode(ILjava/lang/Object;)Ljava/util/HashMap$Node; @ 126

Internal exceptions (2 events):
Event: 0.304 Thread 0x000000000219e800 Exception <a 'java/lang/NoSuchMethodError': Method sun.misc.Unsafe.defineClass(Ljava/lang/String;[BII)Ljava/lang/Class; name or signature does not match> (0x00000000eab130d8) thrown at [D:\re\puppet\workspace\8-2-build-windows-amd64-cygwin\jdk8u73\6086\hotÿ¨_y¹nÓ?
Event: 0.304 Thread 0x000000000219e800 Exception <a 'java/lang/NoSuchMethodError': Method sun.misc.Unsafe.prefetchRead(Ljava/lang/Object;J)V name or signature does not match> (0x00000000eab133c0) thrown at [D:\re\puppet\workspace\8-2-build-windows-amd64-cygwin\jdk8u73\6086\hotspot\src\share\vm\

Events (10 events):
Event: 6.508 Thread 0x00000000573d1800 DEOPT UNPACKING pc=0x000000000279582a sp=0x0000000057b4e758 mode 2
Event: 6.508 Thread 0x00000000573d1800 Uncommon trap: trap_request=0xffffffc6 fr.pc=0x0000000002a10ef0
Event: 6.508 Thread 0x00000000573d1800 DEOPT PACKING pc=0x0000000002a10ef0 sp=0x0000000057b4e830
Event: 6.508 Thread 0x00000000573d1800 DEOPT UNPACKING pc=0x000000000279582a sp=0x0000000057b4e758 mode 2
Event: 6.508 Thread 0x00000000573d1800 Uncommon trap: trap_request=0xffffffc6 fr.pc=0x0000000002a10ef0
Event: 6.508 Thread 0x00000000573d1800 DEOPT PACKING pc=0x0000000002a10ef0 sp=0x0000000057b4e830
Event: 6.508 Thread 0x00000000573d1800 DEOPT UNPACKING pc=0x000000000279582a sp=0x0000000057b4e758 mode 2
Event: 6.508 Thread 0x00000000573d1800 Uncommon trap: trap_request=0xffffffc6 fr.pc=0x0000000002a9bc24
Event: 6.508 Thread 0x00000000573d1800 DEOPT PACKING pc=0x0000000002a9bc24 sp=0x0000000057b4e7b0
Event: 6.508 Thread 0x00000000573d1800 DEOPT UNPACKING pc=0x000000000279582a sp=0x0000000057b4e748 mode 2


Dynamic libraries:
0x000000013fd20000 - 0x000000013fd57000 	C:\Program Files\Java\jdk1.8.0_73\bin\java.exe
0x0000000077540000 - 0x00000000776ea000 	C:\Windows\SYSTEM32\ntdll.dll
0x0000000077420000 - 0x000000007753f000 	C:\Windows\system32\kernel32.dll
0x000007fefd330000 - 0x000007fefd39a000 	C:\Windows\system32\KERNELBASE.dll
0x0000000074f70000 - 0x0000000074ff7000 	C:\Windows\System32\SYSFER.DLL
0x000007fefd630000 - 0x000007fefd70b000 	C:\Windows\system32\ADVAPI32.dll
0x000007fefeb80000 - 0x000007fefec1f000 	C:\Windows\system32\msvcrt.dll
0x000007feff620000 - 0x000007feff63f000 	C:\Windows\SYSTEM32\sechost.dll
0x000007fefe6d0000 - 0x000007fefe7fd000 	C:\Windows\system32\RPCRT4.dll
0x0000000077320000 - 0x000000007741a000 	C:\Windows\system32\USER32.dll
0x000007fefec70000 - 0x000007fefecd7000 	C:\Windows\system32\GDI32.dll
0x000007fefe880000 - 0x000007fefe88e000 	C:\Windows\system32\LPK.dll
0x000007feff550000 - 0x000007feff61a000 	C:\Windows\system32\USP10.dll
0x000007fefc1d0000 - 0x000007fefc3c4000 	C:\Windows\WinSxS\amd64_microsoft.windows.common-controls_6595b64144ccf1df_6.0.7601.18837_none_fa3b1e3d17594757\COMCTL32.dll
0x000007fefd820000 - 0x000007fefd891000 	C:\Windows\system32\SHLWAPI.dll
0x000007fefd7f0000 - 0x000007fefd81e000 	C:\Windows\system32\IMM32.DLL
0x000007fefeec0000 - 0x000007fefefc9000 	C:\Windows\system32\MSCTF.dll
0x0000000054990000 - 0x0000000054a62000 	C:\Program Files\Java\jdk1.8.0_73\jre\bin\msvcr100.dll
0x0000000054f90000 - 0x0000000055820000 	C:\Program Files\Java\jdk1.8.0_73\jre\bin\server\jvm.dll
0x000007feec600000 - 0x000007feec609000 	C:\Windows\system32\WSOCK32.dll
0x000007fefec20000 - 0x000007fefec6d000 	C:\Windows\system32\WS2_32.dll
0x000007fefeb70000 - 0x000007fefeb78000 	C:\Windows\system32\NSI.dll
0x000007fefbed0000 - 0x000007fefbf0b000 	C:\Windows\system32\WINMM.dll
0x000007fefc5b0000 - 0x000007fefc5bc000 	C:\Windows\system32\VERSION.dll
0x0000000077700000 - 0x0000000077707000 	C:\Windows\system32\PSAPI.DLL
0x0000000054f80000 - 0x0000000054f8f000 	C:\Program Files\Java\jdk1.8.0_73\jre\bin\verify.dll
0x0000000054f50000 - 0x0000000054f79000 	C:\Program Files\Java\jdk1.8.0_73\jre\bin\java.dll
0x0000000054f30000 - 0x0000000054f46000 	C:\Program Files\Java\jdk1.8.0_73\jre\bin\zip.dll
0x000007fefd8a0000 - 0x000007fefe62a000 	C:\Windows\system32\SHELL32.dll
0x000007feff640000 - 0x000007feff843000 	C:\Windows\system32\ole32.dll
0x000007fefd280000 - 0x000007fefd28f000 	C:\Windows\system32\profapi.dll

VM Arguments:
jvm_args: -Djava.awt.headless=true -Xmx1024M -Dfile.encoding=windows-1251 -Duser.country=RU -Duser.language=ru -Duser.variant 
java_command: com.android.dx.command.Main --dex --force-jumbo --num-threads=4 --output C:\asp\NGS_vacancy\app\build\intermediates\pre-dexed\debug\com.android.support-support-core-ui-24.2.1_29a662d8f2130ea86194286a305525c539540484.jar C:\asp\NGS_vacancy\app\build\intermediates\exploded-aar\com.android.support\support-core-ui\24.2.1\jars\classes.jar
java_class_path (initial): C:\Users\avtseben\AppData\Local\Android\Sdk\build-tools\23.0.3\lib\dx.jar
Launcher Type: SUN_STANDARD

Environment Variables:
PATH=C:\Program Files\Broadcom\Broadcom 802.11;c:\Program Files (x86)\Intel\iCLS Client\;c:\Program Files\Intel\iCLS Client\;C:\ProgramData\Oracle\Java\javapath;C:\Windows\system32;C:\Windows;C:\Windows\System32\Wbem;C:\Windows\System32\WindowsPowerShell\v1.0\;C:\Program Files\Intel\Intel(R) Management Engine Components\DAL;C:\Program Files\Intel\Intel(R) Management Engine Components\IPT;C:\Program Files (x86)\Intel\Intel(R) Management Engine Components\DAL;C:\Program Files (x86)\Intel\Intel(R) Management Engine Components\IPT;c:\Program Files\WIDCOMM\Bluetooth Software\;c:\Program Files\WIDCOMM\Bluetooth Software\syswow64;C:\Program Files (x86)\Hewlett-Packard\HP ProtectTools Security Manager\Bin\;C:\Program Files (x86)\Skype\Phone\;C:\Program Files\OpenVPN\bin;C:\androidSDK\platform-tools\;C:\Program Files\Broadcom\Broadcom 802.11;c:\Program Files (x86)\Intel\iCLS Client\;c:\Program Files\Intel\iCLS Client\;C:\ProgramData\Oracle\Java\javapath;C:\Windows\system32;C:\Windows;C:\Windows\System32\Wbem;C:\Windows\System32\WindowsPowerShell\v1.0\;C:\Program Files\Intel\Intel(R) Management Engine Components\DAL;C:\Program Files\Intel\Intel(R) Management Engine Components\IPT;C:\Program Files (x86)\Intel\Intel(R) Management Engine Components\DAL;C:\Program Files (x86)\Intel\Intel(R) Management Engine Components\IPT;c:\Program Files\WIDCOMM\Bluetooth Software\;c:\Program Files\WIDCOMM\Bluetooth Software\syswow64;C:\Program Files (x86)\Hewlett-Packard\HP ProtectTools Security Manager\Bin\;C:\Program Files (x86)\Brackets\command;C:\Program Files (x86)\Skype\Phone\;C:\Program Files (x86)\ufs2tools-0.8\ufs2tools\;C:\Program Files\Git\bin\;C:\androidSDK\platform-tools;C:\gradle\bin
USERNAME=avtseben
OS=Windows_NT
PROCESSOR_IDENTIFIER=Intel64 Family 6 Model 58 Stepping 9, GenuineIntel



---------------  S Y S T E M  ---------------

OS: Windows 7 , 64 bit Build 7601 (6.1.7601.23572)

CPU:total 4 (2 cores per cpu, 2 threads per core) family 6 model 58 stepping 9, cmov, cx8, fxsr, mmx, sse, sse2, sse3, ssse3, sse4.1, sse4.2, popcnt, avx, aes, clmul, erms, ht, tsc, tscinvbit, tscinv

Memory: 4k page, physical 4056748k(112240k free), swap 5123076k(5644k free)

vm_info: Java HotSpot(TM) 64-Bit Server VM (25.73-b02) for windows-amd64 JRE (1.8.0_73-b02), built on Jan 29 2016 17:38:49 by "java_re" with MS VC++ 10.0 (VS2010)

time: Thu Dec 22 23:41:57 2016
elapsed time: 7 seconds (0d 0h 0m 7s)

