#
# There is insufficient memory for the Java Runtime Environment to continue.
# Native memory allocation (malloc) failed to allocate 878096 bytes for Chunk::new
# Possible reasons:
#   The system is out of physical RAM or swap space
#   In 32 bit mode, the process size limit was hit
# Possible solutions:
#   Reduce memory load on the system
#   Increase physical memory or swap space
#   Check if swap backing store is full
#   Use 64 bit Java on a 64 bit OS
#   Decrease Java heap size (-Xmx/-Xms)
#   Decrease number of Java threads
#   Decrease Java thread stack sizes (-Xss)
#   Set larger code cache with -XX:ReservedCodeCacheSize=
# This output file may be truncated or incomplete.
#
#  Out of Memory Error (allocation.cpp:390), pid=8184, tid=1880
#
# JRE version: Java(TM) SE Runtime Environment (8.0_73-b02) (build 1.8.0_73-b02)
# Java VM: Java HotSpot(TM) 64-Bit Server VM (25.73-b02 mixed mode windows-amd64 compressed oops)
# Failed to write core dump. Minidumps are not enabled by default on client versions of Windows
#

---------------  T H R E A D  ---------------

Current thread (0x0000000056db2800):  JavaThread "C2 CompilerThread0" daemon [_thread_in_native, id=1880, stack(0x0000000057510000,0x0000000057610000)]

Stack: [0x0000000057510000,0x0000000057610000]
[error occurred during error reporting (printing stack bounds), id 0xc0000005]

Native frames: (J=compiled Java code, j=interpreted, Vv=VM code, C=native code)


Current CompileTask:
C2:  11728 1636       4       com.android.dx.ssa.SsaConverter::placePhiFunctions (394 bytes)


---------------  P R O C E S S  ---------------

Java Threads: ( => current thread )
  0x0000000057008000 JavaThread "pool-1-thread-4" [_thread_blocked, id=1408, stack(0x0000000057950000,0x0000000057a50000)]
  0x0000000057005000 JavaThread "pool-1-thread-3" [_thread_blocked, id=6536, stack(0x00000000580f0000,0x00000000581f0000)]
  0x0000000057003800 JavaThread "pool-1-thread-2" [_thread_blocked, id=3252, stack(0x0000000057f70000,0x0000000058070000)]
  0x0000000056f2a800 JavaThread "pool-2-thread-1" [_thread_blocked, id=7460, stack(0x0000000057d10000,0x0000000057e10000)]
  0x0000000056f2d000 JavaThread "pool-1-thread-1" [_thread_blocked, id=8088, stack(0x0000000057be0000,0x0000000057ce0000)]
  0x0000000056dee800 JavaThread "Service Thread" daemon [_thread_blocked, id=2704, stack(0x0000000057830000,0x0000000057930000)]
  0x0000000056db9800 JavaThread "C1 CompilerThread2" daemon [_thread_blocked, id=7132, stack(0x00000000576e0000,0x00000000577e0000)]
  0x0000000056db8000 JavaThread "C2 CompilerThread1" daemon [_thread_blocked, id=5880, stack(0x0000000057400000,0x0000000057500000)]
=>0x0000000056db2800 JavaThread "C2 CompilerThread0" daemon [_thread_in_native, id=1880, stack(0x0000000057510000,0x0000000057610000)]
  0x000000005507a800 JavaThread "Attach Listener" daemon [_thread_blocked, id=2660, stack(0x0000000056b70000,0x0000000056c70000)]
  0x0000000055078800 JavaThread "Signal Dispatcher" daemon [_thread_blocked, id=7656, stack(0x00000000572d0000,0x00000000573d0000)]
  0x0000000055022000 JavaThread "Finalizer" daemon [_thread_blocked, id=7868, stack(0x0000000056cb0000,0x0000000056db0000)]
  0x0000000055020800 JavaThread "Reference Handler" daemon [_thread_blocked, id=3488, stack(0x0000000056a20000,0x0000000056b20000)]
  0x000000000213e800 JavaThread "main" [_thread_blocked, id=1860, stack(0x00000000023d0000,0x00000000024d0000)]

Other Threads:
  0x000000005501b000 VMThread [stack: 0x0000000055fb0000,0x00000000560b0000] [id=7604]
  0x0000000056e44800 WatcherThread [stack: 0x0000000057a60000,0x0000000057b60000] [id=5824]

VM state:not at safepoint (normal execution)

VM Mutex/Monitor currently owned by a thread: None

Heap:
 PSYoungGen      total 34304K, used 18811K [0x00000000eab00000, 0x00000000eee00000, 0x0000000100000000)
  eden space 31744K, 51% used [0x00000000eab00000,0x00000000ebae3918,0x00000000eca00000)
  from space 2560K, 99% used [0x00000000eca00000,0x00000000ecc7b680,0x00000000ecc80000)
  to   space 2560K, 0% used [0x00000000eeb80000,0x00000000eeb80000,0x00000000eee00000)
 ParOldGen       total 42496K, used 9205K [0x00000000c0000000, 0x00000000c2980000, 0x00000000eab00000)
  object space 42496K, 21% used [0x00000000c0000000,0x00000000c08fd6f8,0x00000000c2980000)
 Metaspace       used 5918K, capacity 7024K, committed 7296K, reserved 1056768K
  class space    used 582K, capacity 616K, committed 640K, reserved 1048576K

Card table byte_map: [0x0000000011b60000,0x0000000011d70000] byte_map_base: 0x0000000011560000

Marking Bits: (ParMarkBitMap*) 0x0000000056930600
 Begin Bits: [0x0000000012490000, 0x0000000013490000)
 End Bits:   [0x0000000013490000, 0x0000000014490000)

Polling page: 0x0000000000130000

CodeCache: size=245760Kb used=6932Kb max_used=6946Kb free=238827Kb
 bounds [0x00000000027a0000, 0x0000000002e70000, 0x00000000117a0000]
 total_blobs=1888 nmethods=1627 adapters=174
 compilation: enabled

Compilation events (10 events):
Event: 11.488 Thread 0x0000000056db9800 nmethod 1635 0x0000000002e57750 code [0x0000000002e57a00, 0x0000000002e59038]
Event: 11.488 Thread 0x0000000056db9800 1634       3       com.android.dx.dex.file.DexFile::internIfAppropriate (128 bytes)
Event: 11.489 Thread 0x0000000056db9800 nmethod 1634 0x0000000002e59c90 code [0x0000000002e59f20, 0x0000000002e5b438]
Event: 11.547 Thread 0x0000000056db9800 1637       3       com.android.dx.rop.annotation.NameValuePair::<init> (43 bytes)
Event: 11.547 Thread 0x0000000056db9800 nmethod 1637 0x0000000002e5b990 code [0x0000000002e5bb20, 0x0000000002e5bed8]
Event: 11.626 Thread 0x0000000056db8000 nmethod 1617 0x0000000002e62250 code [0x0000000002e62800, 0x0000000002e67ac8]
Event: 11.627 Thread 0x0000000056db8000 1638       4       com.android.dx.ssa.back.FirstFitLocalCombiningAllocator$1::processInsn (169 bytes)
Event: 11.658 Thread 0x0000000056db8000 nmethod 1638 0x0000000002e5c250 code [0x0000000002e5c460, 0x0000000002e5d3f8]
Event: 11.661 Thread 0x0000000056db8000 1639       4       com.android.dx.rop.type.Type::compareTo (9 bytes)
Event: 11.667 Thread 0x0000000056db8000 nmethod 1639 0x0000000002e5f0d0 code [0x0000000002e5f220, 0x0000000002e5f398]

GC Heap History (6 events):
Event: 2.322 GC heap before
{Heap before GC invocations=1 (full 0):
 PSYoungGen      total 18432K, used 15872K [0x00000000eab00000, 0x00000000ebf80000, 0x0000000100000000)
  eden space 15872K, 100% used [0x00000000eab00000,0x00000000eba80000,0x00000000eba80000)
  from space 2560K, 0% used [0x00000000ebd00000,0x00000000ebd00000,0x00000000ebf80000)
  to   space 2560K, 0% used [0x00000000eba80000,0x00000000eba80000,0x00000000ebd00000)
 ParOldGen       total 42496K, used 0K [0x00000000c0000000, 0x00000000c2980000, 0x00000000eab00000)
  object space 42496K, 0% used [0x00000000c0000000,0x00000000c0000000,0x00000000c2980000)
 Metaspace       used 5528K, capacity 6704K, committed 6784K, reserved 1056768K
  class space    used 573K, capacity 616K, committed 640K, reserved 1048576K
Event: 3.119 GC heap after
Heap after GC invocations=1 (full 0):
 PSYoungGen      total 18432K, used 2550K [0x00000000eab00000, 0x00000000ecf00000, 0x0000000100000000)
  eden space 15872K, 0% used [0x00000000eab00000,0x00000000eab00000,0x00000000eba80000)
  from space 2560K, 99% used [0x00000000eba80000,0x00000000ebcfdad0,0x00000000ebd00000)
  to   space 2560K, 0% used [0x00000000ecc80000,0x00000000ecc80000,0x00000000ecf00000)
 ParOldGen       total 42496K, used 1964K [0x00000000c0000000, 0x00000000c2980000, 0x00000000eab00000)
  object space 42496K, 4% used [0x00000000c0000000,0x00000000c01eb1e0,0x00000000c2980000)
 Metaspace       used 5528K, capacity 6704K, committed 6784K, reserved 1056768K
  class space    used 573K, capacity 616K, committed 640K, reserved 1048576K
}
Event: 6.269 GC heap before
{Heap before GC invocations=2 (full 0):
 PSYoungGen      total 18432K, used 18422K [0x00000000eab00000, 0x00000000ecf00000, 0x0000000100000000)
  eden space 15872K, 100% used [0x00000000eab00000,0x00000000eba80000,0x00000000eba80000)
  from space 2560K, 99% used [0x00000000eba80000,0x00000000ebcfdad0,0x00000000ebd00000)
  to   space 2560K, 0% used [0x00000000ecc80000,0x00000000ecc80000,0x00000000ecf00000)
 ParOldGen       total 42496K, used 1964K [0x00000000c0000000, 0x00000000c2980000, 0x00000000eab00000)
  object space 42496K, 4% used [0x00000000c0000000,0x00000000c01eb1e0,0x00000000c2980000)
 Metaspace       used 5688K, capacity 6832K, committed 7040K, reserved 1056768K
  class space    used 574K, capacity 616K, committed 640K, reserved 1048576K
Event: 6.558 GC heap after
Heap after GC invocations=2 (full 0):
 PSYoungGen      total 34304K, used 2542K [0x00000000eab00000, 0x00000000ecf00000, 0x0000000100000000)
  eden space 31744K, 0% used [0x00000000eab00000,0x00000000eab00000,0x00000000eca00000)
  from space 2560K, 99% used [0x00000000ecc80000,0x00000000ecefb870,0x00000000ecf00000)
  to   space 2560K, 0% used [0x00000000eca00000,0x00000000eca00000,0x00000000ecc80000)
 ParOldGen       total 42496K, used 4134K [0x00000000c0000000, 0x00000000c2980000, 0x00000000eab00000)
  object space 42496K, 9% used [0x00000000c0000000,0x00000000c0409b40,0x00000000c2980000)
 Metaspace       used 5688K, capacity 6832K, committed 7040K, reserved 1056768K
  class space    used 574K, capacity 616K, committed 640K, reserved 1048576K
}
Event: 9.973 GC heap before
{Heap before GC invocations=3 (full 0):
 PSYoungGen      total 34304K, used 34286K [0x00000000eab00000, 0x00000000ecf00000, 0x0000000100000000)
  eden space 31744K, 100% used [0x00000000eab00000,0x00000000eca00000,0x00000000eca00000)
  from space 2560K, 99% used [0x00000000ecc80000,0x00000000ecefb870,0x00000000ecf00000)
  to   space 2560K, 0% used [0x00000000eca00000,0x00000000eca00000,0x00000000ecc80000)
 ParOldGen       total 42496K, used 4134K [0x00000000c0000000, 0x00000000c2980000, 0x00000000eab00000)
  object space 42496K, 9% used [0x00000000c0000000,0x00000000c0409b40,0x00000000c2980000)
 Metaspace       used 5863K, capacity 6960K, committed 7040K, reserved 1056768K
  class space    used 579K, capacity 616K, committed 640K, reserved 1048576K
Event: 10.655 GC heap after
Heap after GC invocations=3 (full 0):
 PSYoungGen      total 34304K, used 2541K [0x00000000eab00000, 0x00000000eee00000, 0x0000000100000000)
  eden space 31744K, 0% used [0x00000000eab00000,0x00000000eab00000,0x00000000eca00000)
  from space 2560K, 99% used [0x00000000eca00000,0x00000000ecc7b680,0x00000000ecc80000)
  to   space 2560K, 0% used [0x00000000eeb80000,0x00000000eeb80000,0x00000000eee00000)
 ParOldGen       total 42496K, used 9205K [0x00000000c0000000, 0x00000000c2980000, 0x00000000eab00000)
  object space 42496K, 21% used [0x00000000c0000000,0x00000000c08fd6f8,0x00000000c2980000)
 Metaspace       used 5863K, capacity 6960K, committed 7040K, reserved 1056768K
  class space    used 579K, capacity 616K, committed 640K, reserved 1048576K
}

Deoptimization events (10 events):
Event: 9.793 Thread 0x0000000056f2d000 Uncommon trap: reason=unstable_if action=reinterpret pc=0x0000000002c20bb0 method=com.android.dx.ssa.SsaMethod.isRegALocal(Lcom/android/dx/rop/code/RegisterSpec;)Z @ 80
Event: 9.793 Thread 0x0000000056f2d000 Uncommon trap: reason=unstable_if action=reinterpret pc=0x0000000002ad9518 method=com.android.dx.ssa.NormalSsaInsn.getLocalAssignment()Lcom/android/dx/rop/code/RegisterSpec; @ 12
Event: 9.793 Thread 0x0000000056f2d000 Uncommon trap: reason=unstable_if action=reinterpret pc=0x0000000002b594a0 method=com.android.dx.ssa.NormalSsaInsn.getLocalAssignment()Lcom/android/dx/rop/code/RegisterSpec; @ 12
Event: 9.793 Thread 0x0000000056f2d000 Uncommon trap: reason=unstable_if action=reinterpret pc=0x0000000002c25a00 method=com.android.dx.ssa.NormalSsaInsn.getLocalAssignment()Lcom/android/dx/rop/code/RegisterSpec; @ 12
Event: 9.794 Thread 0x0000000056f2d000 Uncommon trap: reason=unstable_if action=reinterpret pc=0x0000000002cf2a50 method=com.android.dx.rop.code.LocalVariableExtractor.processBlock(I)V @ 138
Event: 9.794 Thread 0x0000000056f2d000 Uncommon trap: reason=unstable_if action=reinterpret pc=0x0000000002c44d20 method=com.android.dx.rop.code.Insn.getLocalAssignment()Lcom/android/dx/rop/code/RegisterSpec; @ 9
Event: 9.796 Thread 0x0000000056f2d000 Uncommon trap: reason=unstable_if action=reinterpret pc=0x0000000002d762e8 method=com.android.dx.dex.code.RopTranslator$TranslationVisitor.visitPlainInsn(Lcom/android/dx/rop/code/PlainInsn;)V @ 11
Event: 9.950 Thread 0x0000000057008000 Uncommon trap: reason=unstable_if action=reinterpret pc=0x0000000002a18484 method=com.android.dx.rop.cst.Constant.compareTo(Lcom/android/dx/rop/cst/Constant;)I @ 12
Event: 11.241 Thread 0x0000000056f2d000 Uncommon trap: reason=unstable_if action=reinterpret pc=0x0000000002d6ff90 method=com.android.dx.dex.code.RopTranslator$TranslationVisitor.visitPlainInsn(Lcom/android/dx/rop/code/PlainInsn;)V @ 11
Event: 11.358 Thread 0x0000000057005000 Uncommon trap: reason=unstable_if action=reinterpret pc=0x0000000002cf6024 method=com.android.dx.cf.code.RopperMachine.jopToRopOpcode(ILcom/android/dx/rop/cst/Constant;)I @ 943

Internal exceptions (3 events):
Event: 0.514 Thread 0x000000000213e800 Exception <a 'java/lang/NoSuchMethodError': Method sun.misc.Unsafe.defineClass(Ljava/lang/String;[BII)Ljava/lang/Class; name or signature does not match> (0x00000000eab130d8) thrown at [D:\re\puppet\workspace\8-2-build-windows-amd64-cygwin\jdk8u73\6086\hot“G°Æ9tà?
Event: 0.514 Thread 0x000000000213e800 Exception <a 'java/lang/NoSuchMethodError': Method sun.misc.Unsafe.prefetchRead(Ljava/lang/Object;J)V name or signature does not match> (0x00000000eab133c0) thrown at [D:\re\puppet\workspace\8-2-build-windows-amd64-cygwin\jdk8u73\6086\hotspot\src\share\vm\'N»ÐU•#@
Event: 9.792 Thread 0x0000000056f2d000 Implicit null exception at 0x0000000002a96105 to 0x0000000002a975d1

Events (10 events):
Event: 11.391 loading class com/android/dx/cf/attrib/BaseParameterAnnotations
Event: 11.391 loading class com/android/dx/cf/attrib/BaseParameterAnnotations done
Event: 11.460 loading class com/android/dx/dex/file/ParameterAnnotationStruct
Event: 11.460 loading class com/android/dx/dex/file/ParameterAnnotationStruct done
Event: 11.461 loading class com/android/dx/dex/file/UniformListItem
Event: 11.461 loading class com/android/dx/dex/file/UniformListItem done
Event: 11.462 loading class com/android/dx/dex/file/AnnotationSetRefItem
Event: 11.462 loading class com/android/dx/dex/file/AnnotationSetRefItem done
Event: 11.545 Thread 0x0000000057008000 DEOPT PACKING pc=0x0000000002c5dfd9 sp=0x0000000057a4ea20
Event: 11.545 Thread 0x0000000057008000 DEOPT UNPACKING pc=0x00000000027e787f sp=0x0000000057a4e868 mode 0


Dynamic libraries:
0x000000013f600000 - 0x000000013f637000 	C:\Program Files\Java\jdk1.8.0_73\bin\java.exe
0x0000000077270000 - 0x000000007741a000 	C:\Windows\SYSTEM32\ntdll.dll
0x0000000077150000 - 0x000000007726f000 	C:\Windows\system32\kernel32.dll
0x000007fefcfd0000 - 0x000007fefd03a000 	C:\Windows\system32\KERNELBASE.dll
0x0000000074ca0000 - 0x0000000074d27000 	C:\Windows\System32\SYSFER.DLL
0x000007fefdc80000 - 0x000007fefdd5b000 	C:\Windows\system32\ADVAPI32.dll
0x000007fefdd60000 - 0x000007fefddff000 	C:\Windows\system32\msvcrt.dll
0x000007feff560000 - 0x000007feff57f000 	C:\Windows\SYSTEM32\sechost.dll
0x000007fefd450000 - 0x000007fefd57d000 	C:\Windows\system32\RPCRT4.dll
0x0000000077050000 - 0x000000007714a000 	C:\Windows\system32\USER32.dll
0x000007fefd7e0000 - 0x000007fefd847000 	C:\Windows\system32\GDI32.dll
0x000007fefd430000 - 0x000007fefd43e000 	C:\Windows\system32\LPK.dll
0x000007fefd360000 - 0x000007fefd42a000 	C:\Windows\system32\USP10.dll
0x000007fefbf40000 - 0x000007fefc134000 	C:\Windows\WinSxS\amd64_microsoft.windows.common-controls_6595b64144ccf1df_6.0.7601.18837_none_fa3b1e3d17594757\COMCTL32.dll
0x000007fefe2e0000 - 0x000007fefe351000 	C:\Windows\system32\SHLWAPI.dll
0x000007fefd580000 - 0x000007fefd5ae000 	C:\Windows\system32\IMM32.DLL
0x000007fefdea0000 - 0x000007fefdfa9000 	C:\Windows\system32\MSCTF.dll
0x000000005dbe0000 - 0x000000005dcb2000 	C:\Program Files\Java\jdk1.8.0_73\jre\bin\msvcr100.dll
0x0000000056120000 - 0x00000000569b0000 	C:\Program Files\Java\jdk1.8.0_73\jre\bin\server\jvm.dll
0x000007feef9c0000 - 0x000007feef9c9000 	C:\Windows\system32\WSOCK32.dll
0x000007fefdfb0000 - 0x000007fefdffd000 	C:\Windows\system32\WS2_32.dll
0x000007fefd440000 - 0x000007fefd448000 	C:\Windows\system32\NSI.dll
0x000007fefbc00000 - 0x000007fefbc3b000 	C:\Windows\system32\WINMM.dll
0x000007fefc330000 - 0x000007fefc33c000 	C:\Windows\system32\VERSION.dll
0x0000000077430000 - 0x0000000077437000 	C:\Windows\system32\PSAPI.DLL
0x00000000707d0000 - 0x00000000707df000 	C:\Program Files\Java\jdk1.8.0_73\jre\bin\verify.dll
0x00000000707a0000 - 0x00000000707c9000 	C:\Program Files\Java\jdk1.8.0_73\jre\bin\java.dll
0x0000000070780000 - 0x0000000070796000 	C:\Program Files\Java\jdk1.8.0_73\jre\bin\zip.dll
0x000007fefe360000 - 0x000007feff0ea000 	C:\Windows\system32\SHELL32.dll
0x000007fefd5b0000 - 0x000007fefd7b3000 	C:\Windows\system32\ole32.dll
0x000007fefcfa0000 - 0x000007fefcfaf000 	C:\Windows\system32\profapi.dll

VM Arguments:
jvm_args: -Djava.awt.headless=true -Xmx1024M -Dfile.encoding=windows-1251 -Duser.country=RU -Duser.language=ru -Duser.variant 
java_command: com.android.dx.command.Main --dex --force-jumbo --num-threads=4 --output C:\asp\NGS_vacancy\app\build\intermediates\pre-dexed\debug\main_d206af63d602fe98b9629c814052d8e96cb1becb.jar C:\asp\NGS_vacancy\app\build\intermediates\transforms\instantRun\debug\folders\1\5\main
java_class_path (initial): C:\Users\avtseben\AppData\Local\Android\Sdk\build-tools\23.0.3\lib\dx.jar
Launcher Type: SUN_STANDARD

Environment Variables:
PATH=C:\Program Files\Broadcom\Broadcom 802.11;c:\Program Files (x86)\Intel\iCLS Client\;c:\Program Files\Intel\iCLS Client\;C:\ProgramData\Oracle\Java\javapath;C:\Windows\system32;C:\Windows;C:\Windows\System32\Wbem;C:\Windows\System32\WindowsPowerShell\v1.0\;C:\Program Files\Intel\Intel(R) Management Engine Components\DAL;C:\Program Files\Intel\Intel(R) Management Engine Components\IPT;C:\Program Files (x86)\Intel\Intel(R) Management Engine Components\DAL;C:\Program Files (x86)\Intel\Intel(R) Management Engine Components\IPT;c:\Program Files\WIDCOMM\Bluetooth Software\;c:\Program Files\WIDCOMM\Bluetooth Software\syswow64;C:\Program Files (x86)\Hewlett-Packard\HP ProtectTools Security Manager\Bin\;C:\Program Files (x86)\Skype\Phone\;C:\Program Files\OpenVPN\bin;C:\androidSDK\platform-tools\;C:\Program Files\Broadcom\Broadcom 802.11;c:\Program Files (x86)\Intel\iCLS Client\;c:\Program Files\Intel\iCLS Client\;C:\ProgramData\Oracle\Java\javapath;C:\Windows\system32;C:\Windows;C:\Windows\System32\Wbem;C:\Windows\System32\WindowsPowerShell\v1.0\;C:\Program Files\Intel\Intel(R) Management Engine Components\DAL;C:\Program Files\Intel\Intel(R) Management Engine Components\IPT;C:\Program Files (x86)\Intel\Intel(R) Management Engine Components\DAL;C:\Program Files (x86)\Intel\Intel(R) Management Engine Components\IPT;c:\Program Files\WIDCOMM\Bluetooth Software\;c:\Program Files\WIDCOMM\Bluetooth Software\syswow64;C:\Program Files (x86)\Hewlett-Packard\HP ProtectTools Security Manager\Bin\;C:\Program Files (x86)\Brackets\command;C:\Program Files (x86)\Skype\Phone\;C:\Program Files (x86)\ufs2tools-0.8\ufs2tools\;C:\Program Files\Git\bin\;C:\androidSDK\platform-tools;C:\gradle\bin
USERNAME=avtseben
OS=Windows_NT
PROCESSOR_IDENTIFIER=Intel64 Family 6 Model 58 Stepping 9, GenuineIntel



---------------  S Y S T E M  ---------------

OS: Windows 7 , 64 bit Build 7601 (6.1.7601.23572)

CPU:total 4 (2 cores per cpu, 2 threads per core) family 6 model 58 stepping 9, cmov, cx8, fxsr, mmx, sse, sse2, sse3, ssse3, sse4.1, sse4.2, popcnt, avx, aes, clmul, erms, ht, tsc, tscinvbit, tscinv

Memory: 4k page, physical 4056748k(413580k free), swap 4734624k(5460k free)

vm_info: Java HotSpot(TM) 64-Bit Server VM (25.73-b02) for windows-amd64 JRE (1.8.0_73-b02), built on Jan 29 2016 17:38:49 by "java_re" with MS VC++ 10.0 (VS2010)

time: Sat Dec 24 20:34:30 2016
elapsed time: 11 seconds (0d 0h 0m 11s)

