#
# There is insufficient memory for the Java Runtime Environment to continue.
# Native memory allocation (malloc) failed to allocate 1820656 bytes for Chunk::new
# Possible reasons:
#   The system is out of physical RAM or swap space
#   In 32 bit mode, the process size limit was hit
# Possible solutions:
#   Reduce memory load on the system
#   Increase physical memory or swap space
#   Check if swap backing store is full
#   Use 64 bit Java on a 64 bit OS
#   Decrease Java heap size (-Xmx/-Xms)
#   Decrease number of Java threads
#   Decrease Java thread stack sizes (-Xss)
#   Set larger code cache with -XX:ReservedCodeCacheSize=
# This output file may be truncated or incomplete.
#
#  Out of Memory Error (allocation.cpp:390), pid=7156, tid=8748
#
# JRE version: Java(TM) SE Runtime Environment (8.0_73-b02) (build 1.8.0_73-b02)
# Java VM: Java HotSpot(TM) 64-Bit Server VM (25.73-b02 mixed mode windows-amd64 compressed oops)
# Failed to write core dump. Minidumps are not enabled by default on client versions of Windows
#

---------------  T H R E A D  ---------------

Current thread (0x0000000056f72800):  JavaThread "C2 CompilerThread0" daemon [_thread_in_native, id=8748, stack(0x0000000057550000,0x0000000057650000)]

Stack: [0x0000000057550000,0x0000000057650000]
[error occurred during error reporting (printing stack bounds), id 0xc0000005]

Native frames: (J=compiled Java code, j=interpreted, Vv=VM code, C=native code)


Current CompileTask:
C2:   4278 1877   !   4       com.android.dx.cf.code.BytecodeArray::parseInstruction (2764 bytes)


---------------  P R O C E S S  ---------------

Java Threads: ( => current thread )
  0x0000000057265000 JavaThread "pool-1-thread-4" [_thread_blocked, id=5804, stack(0x0000000058430000,0x0000000058530000)]
  0x0000000057253000 JavaThread "pool-2-thread-1" [_thread_blocked, id=3036, stack(0x0000000058690000,0x0000000058790000)]
  0x0000000056f85000 JavaThread "Service Thread" daemon [_thread_blocked, id=968, stack(0x00000000579b0000,0x0000000057ab0000)]
  0x0000000056f76000 JavaThread "C1 CompilerThread2" daemon [_thread_blocked, id=7552, stack(0x0000000057780000,0x0000000057880000)]
  0x0000000056f75000 JavaThread "C2 CompilerThread1" daemon [_thread_in_native, id=8224, stack(0x0000000057380000,0x0000000057480000)]
=>0x0000000056f72800 JavaThread "C2 CompilerThread0" daemon [_thread_in_native, id=8748, stack(0x0000000057550000,0x0000000057650000)]
  0x0000000054695000 JavaThread "Attach Listener" daemon [_thread_blocked, id=7968, stack(0x0000000056c40000,0x0000000056d40000)]
  0x0000000056f7c000 JavaThread "Signal Dispatcher" daemon [_thread_blocked, id=8012, stack(0x00000000569f0000,0x0000000056af0000)]
  0x0000000054632000 JavaThread "Finalizer" daemon [_thread_blocked, id=8908, stack(0x0000000056e70000,0x0000000056f70000)]
  0x0000000054630800 JavaThread "Reference Handler" daemon [_thread_blocked, id=2584, stack(0x0000000056d70000,0x0000000056e70000)]
  0x00000000006fe800 JavaThread "main" [_thread_blocked, id=7696, stack(0x00000000022e0000,0x00000000023e0000)]

Other Threads:
  0x000000005462b000 VMThread [stack: 0x0000000056b00000,0x0000000056c00000] [id=8436]
  0x000000005700e800 WatcherThread [stack: 0x0000000057b30000,0x0000000057c30000] [id=2788]

VM state:not at safepoint (normal execution)

VM Mutex/Monitor currently owned by a thread:  ([mutex/lock_event])
[0x00000000006fd280] Heap_lock - owner thread: 0x0000000057265000

Heap:
 PSYoungGen      total 76288K, used 12204K [0x00000000eab00000, 0x00000000f4000000, 0x0000000100000000)
  eden space 63488K, 0% used [0x00000000eab00000,0x00000000eab00020,0x00000000ee900000)
  from space 12800K, 95% used [0x00000000f3380000,0x00000000f3f6b120,0x00000000f4000000)
  to   space 2560K, 0% used [0x00000000ee900000,0x00000000ee900000,0x00000000eeb80000)
 ParOldGen       total 42496K, used 24870K [0x00000000c0000000, 0x00000000c2980000, 0x00000000eab00000)
  object space 42496K, 58% used [0x00000000c0000000,0x00000000c1849ae8,0x00000000c2980000)
 Metaspace       used 6371K, capacity 7192K, committed 7424K, reserved 1056768K
  class space    used 619K, capacity 656K, committed 768K, reserved 1048576K

Card table byte_map: [0x0000000011a70000,0x0000000011c80000] byte_map_base: 0x0000000011470000

Marking Bits: (ParMarkBitMap*) 0x00000000557a0600
 Begin Bits: [0x00000000122a0000, 0x00000000132a0000)
 End Bits:   [0x00000000132a0000, 0x00000000142a0000)

Polling page: 0x0000000000440000

CodeCache: size=245760Kb used=7051Kb max_used=7081Kb free=238708Kb
 bounds [0x00000000026b0000, 0x0000000002db0000, 0x00000000116b0000]
 total_blobs=2079 nmethods=1809 adapters=182
 compilation: enabled

Compilation events (10 events):
Event: 3.965 Thread 0x0000000056f76000 1873       2       java.util.concurrent.locks.LockSupport::setBlocker (12 bytes)
Event: 3.965 Thread 0x0000000056f76000 nmethod 1873 0x0000000002d7e490 code [0x0000000002d7e5e0, 0x0000000002d7e730]
Event: 3.965 Thread 0x0000000056f76000 1875       3       com.android.dx.cf.code.Ropper::getRopMethod (64 bytes)
Event: 3.966 Thread 0x0000000056f76000 nmethod 1875 0x0000000002d84a90 code [0x0000000002d84cc0, 0x0000000002d859f8]
Event: 3.975 Thread 0x0000000056f75000 nmethod 1869 0x0000000002d8ce50 code [0x0000000002d8cfe0, 0x0000000002d8d830]
Event: 3.975 Thread 0x0000000056f75000 1682       4       com.android.dx.ssa.SCCP::simulatePhi (169 bytes)
Event: 4.005 Thread 0x0000000056f72800 nmethod 1660 0x0000000002d95250 code [0x0000000002d95720, 0x0000000002d9ae18]
Event: 4.005 Thread 0x0000000056f72800 1830       4       com.android.dx.rop.code.Rop::hashCode (54 bytes)
Event: 4.020 Thread 0x0000000056f72800 nmethod 1830 0x0000000002d7d590 code [0x0000000002d7d700, 0x0000000002d7ddf8]
Event: 4.020 Thread 0x0000000056f72800 1877   !   4       com.android.dx.cf.code.BytecodeArray::parseInstruction (2764 bytes)

GC Heap History (10 events):
Event: 1.265 GC heap before
{Heap before GC invocations=2 (full 0):
 PSYoungGen      total 18432K, used 18407K [0x00000000eab00000, 0x00000000ecf00000, 0x0000000100000000)
  eden space 15872K, 100% used [0x00000000eab00000,0x00000000eba80000,0x00000000eba80000)
  from space 2560K, 99% used [0x00000000eba80000,0x00000000ebcf9c68,0x00000000ebd00000)
  to   space 2560K, 0% used [0x00000000ecc80000,0x00000000ecc80000,0x00000000ecf00000)
 ParOldGen       total 42496K, used 1459K [0x00000000c0000000, 0x00000000c2980000, 0x00000000eab00000)
  object space 42496K, 3% used [0x00000000c0000000,0x00000000c016cd88,0x00000000c2980000)
 Metaspace       used 5882K, capacity 6832K, committed 7040K, reserved 1056768K
  class space    used 596K, capacity 616K, committed 640K, reserved 1048576K
Event: 1.282 GC heap after
Heap after GC invocations=2 (full 0):
 PSYoungGen      total 34304K, used 2554K [0x00000000eab00000, 0x00000000ecf00000, 0x0000000100000000)
  eden space 31744K, 0% used [0x00000000eab00000,0x00000000eab00000,0x00000000eca00000)
  from space 2560K, 99% used [0x00000000ecc80000,0x00000000ecefeaa0,0x00000000ecf00000)
  to   space 2560K, 0% used [0x00000000eca00000,0x00000000eca00000,0x00000000ecc80000)
 ParOldGen       total 42496K, used 4813K [0x00000000c0000000, 0x00000000c2980000, 0x00000000eab00000)
  object space 42496K, 11% used [0x00000000c0000000,0x00000000c04b3420,0x00000000c2980000)
 Metaspace       used 5882K, capacity 6832K, committed 7040K, reserved 1056768K
  class space    used 596K, capacity 616K, committed 640K, reserved 1048576K
}
Event: 2.019 GC heap before
{Heap before GC invocations=3 (full 0):
 PSYoungGen      total 34304K, used 34298K [0x00000000eab00000, 0x00000000ecf00000, 0x0000000100000000)
  eden space 31744K, 100% used [0x00000000eab00000,0x00000000eca00000,0x00000000eca00000)
  from space 2560K, 99% used [0x00000000ecc80000,0x00000000ecefeaa0,0x00000000ecf00000)
  to   space 2560K, 0% used [0x00000000eca00000,0x00000000eca00000,0x00000000ecc80000)
 ParOldGen       total 42496K, used 4813K [0x00000000c0000000, 0x00000000c2980000, 0x00000000eab00000)
  object space 42496K, 11% used [0x00000000c0000000,0x00000000c04b3420,0x00000000c2980000)
 Metaspace       used 6204K, capacity 7064K, committed 7424K, reserved 1056768K
  class space    used 617K, capacity 656K, committed 768K, reserved 1048576K
Event: 2.049 GC heap after
Heap after GC invocations=3 (full 0):
 PSYoungGen      total 34304K, used 2544K [0x00000000eab00000, 0x00000000eee00000, 0x0000000100000000)
  eden space 31744K, 0% used [0x00000000eab00000,0x00000000eab00000,0x00000000eca00000)
  from space 2560K, 99% used [0x00000000eca00000,0x00000000ecc7c238,0x00000000ecc80000)
  to   space 2560K, 0% used [0x00000000eeb80000,0x00000000eeb80000,0x00000000eee00000)
 ParOldGen       total 42496K, used 10466K [0x00000000c0000000, 0x00000000c2980000, 0x00000000eab00000)
  object space 42496K, 24% used [0x00000000c0000000,0x00000000c0a38a58,0x00000000c2980000)
 Metaspace       used 6204K, capacity 7064K, committed 7424K, reserved 1056768K
  class space    used 617K, capacity 656K, committed 768K, reserved 1048576K
}
Event: 2.361 GC heap before
{Heap before GC invocations=4 (full 0):
 PSYoungGen      total 34304K, used 34288K [0x00000000eab00000, 0x00000000eee00000, 0x0000000100000000)
  eden space 31744K, 100% used [0x00000000eab00000,0x00000000eca00000,0x00000000eca00000)
  from space 2560K, 99% used [0x00000000eca00000,0x00000000ecc7c238,0x00000000ecc80000)
  to   space 2560K, 0% used [0x00000000eeb80000,0x00000000eeb80000,0x00000000eee00000)
 ParOldGen       total 42496K, used 10466K [0x00000000c0000000, 0x00000000c2980000, 0x00000000eab00000)
  object space 42496K, 24% used [0x00000000c0000000,0x00000000c0a38a58,0x00000000c2980000)
 Metaspace       used 6287K, capacity 7128K, committed 7424K, reserved 1056768K
  class space    used 618K, capacity 656K, committed 768K, reserved 1048576K
Event: 2.449 GC heap after
Heap after GC invocations=4 (full 0):
 PSYoungGen      total 66048K, used 2528K [0x00000000eab00000, 0x00000000eee00000, 0x0000000100000000)
  eden space 63488K, 0% used [0x00000000eab00000,0x00000000eab00000,0x00000000ee900000)
  from space 2560K, 98% used [0x00000000eeb80000,0x00000000eedf8248,0x00000000eee00000)
  to   space 2560K, 0% used [0x00000000ee900000,0x00000000ee900000,0x00000000eeb80000)
 ParOldGen       total 42496K, used 15149K [0x00000000c0000000, 0x00000000c2980000, 0x00000000eab00000)
  object space 42496K, 35% used [0x00000000c0000000,0x00000000c0ecb500,0x00000000c2980000)
 Metaspace       used 6287K, capacity 7128K, committed 7424K, reserved 1056768K
  class space    used 618K, capacity 656K, committed 768K, reserved 1048576K
}
Event: 3.374 GC heap before
{Heap before GC invocations=5 (full 0):
 PSYoungGen      total 66048K, used 66016K [0x00000000eab00000, 0x00000000eee00000, 0x0000000100000000)
  eden space 63488K, 100% used [0x00000000eab00000,0x00000000ee900000,0x00000000ee900000)
  from space 2560K, 98% used [0x00000000eeb80000,0x00000000eedf8248,0x00000000eee00000)
  to   space 2560K, 0% used [0x00000000ee900000,0x00000000ee900000,0x00000000eeb80000)
 ParOldGen       total 42496K, used 15149K [0x00000000c0000000, 0x00000000c2980000, 0x00000000eab00000)
  object space 42496K, 35% used [0x00000000c0000000,0x00000000c0ecb500,0x00000000c2980000)
 Metaspace       used 6357K, capacity 7128K, committed 7424K, reserved 1056768K
  class space    used 618K, capacity 656K, committed 768K, reserved 1048576K
Event: 3.595 GC heap after
Heap after GC invocations=5 (full 0):
 PSYoungGen      total 66048K, used 2535K [0x00000000eab00000, 0x00000000f4000000, 0x0000000100000000)
  eden space 63488K, 0% used [0x00000000eab00000,0x00000000eab00000,0x00000000ee900000)
  from space 2560K, 99% used [0x00000000ee900000,0x00000000eeb79da8,0x00000000eeb80000)
  to   space 12800K, 0% used [0x00000000f3380000,0x00000000f3380000,0x00000000f4000000)
 ParOldGen       total 42496K, used 24862K [0x00000000c0000000, 0x00000000c2980000, 0x00000000eab00000)
  object space 42496K, 58% used [0x00000000c0000000,0x00000000c1847ae8,0x00000000c2980000)
 Metaspace       used 6357K, capacity 7128K, committed 7424K, reserved 1056768K
  class space    used 618K, capacity 656K, committed 768K, reserved 1048576K
}
Event: 4.090 GC heap before
{Heap before GC invocations=6 (full 0):
 PSYoungGen      total 66048K, used 66023K [0x00000000eab00000, 0x00000000f4000000, 0x0000000100000000)
  eden space 63488K, 100% used [0x00000000eab00000,0x00000000ee900000,0x00000000ee900000)
  from space 2560K, 99% used [0x00000000ee900000,0x00000000eeb79da8,0x00000000eeb80000)
  to   space 12800K, 0% used [0x00000000f3380000,0x00000000f3380000,0x00000000f4000000)
 ParOldGen       total 42496K, used 24862K [0x00000000c0000000, 0x00000000c2980000, 0x00000000eab00000)
  object space 42496K, 58% used [0x00000000c0000000,0x00000000c1847ae8,0x00000000c2980000)
 Metaspace       used 6371K, capacity 7192K, committed 7424K, reserved 1056768K
  class space    used 619K, capacity 656K, committed 768K, reserved 1048576K
Event: 4.268 GC heap after
Heap after GC invocations=6 (full 0):
 PSYoungGen      total 76288K, used 12204K [0x00000000eab00000, 0x00000000f4000000, 0x0000000100000000)
  eden space 63488K, 0% used [0x00000000eab00000,0x00000000eab00000,0x00000000ee900000)
  from space 12800K, 95% used [0x00000000f3380000,0x00000000f3f6b120,0x00000000f4000000)
  to   space 2560K, 0% used [0x00000000ee900000,0x00000000ee900000,0x00000000eeb80000)
 ParOldGen       total 42496K, used 24870K [0x00000000c0000000, 0x00000000c2980000, 0x00000000eab00000)
  object space 42496K, 58% used [0x00000000c0000000,0x00000000c1849ae8,0x00000000c2980000)
 Metaspace       used 6371K, capacity 7192K, committed 7424K, reserved 1056768K
  class space    used 619K, capacity 656K, committed 768K, reserved 1048576K
}

Deoptimization events (10 events):
Event: 1.906 Thread 0x000000005725f800 Uncommon trap: reason=unstable_if action=reinterpret pc=0x00000000029cc2b0 method=java.util.HashMap.putVal(ILjava/lang/Object;Ljava/lang/Object;ZZ)Ljava/lang/Object; @ 162
Event: 2.088 Thread 0x0000000057265000 Uncommon trap: reason=unstable_if action=reinterpret pc=0x0000000002bbdda0 method=java.util.HashMap.putVal(ILjava/lang/Object;Ljava/lang/Object;ZZ)Ljava/lang/Object; @ 162
Event: 2.456 Thread 0x000000005725f800 Uncommon trap: reason=bimorphic action=maybe_recompile pc=0x0000000002c9728c method=com.android.dx.cf.code.BytecodeArray.parseInstruction(ILcom/android/dx/cf/code/BytecodeArray$Visitor;)I @ 939
Event: 2.456 Thread 0x000000005725f800 Uncommon trap: reason=bimorphic action=maybe_recompile pc=0x0000000002c97170 method=com.android.dx.cf.code.BytecodeArray.parseInstruction(ILcom/android/dx/cf/code/BytecodeArray$Visitor;)I @ 907
Event: 2.456 Thread 0x000000005725f800 Uncommon trap: reason=bimorphic action=maybe_recompile pc=0x0000000002c9759c method=com.android.dx.cf.code.BytecodeArray.parseInstruction(ILcom/android/dx/cf/code/BytecodeArray$Visitor;)I @ 1130
Event: 2.456 Thread 0x000000005725f800 Uncommon trap: reason=bimorphic action=maybe_recompile pc=0x0000000002c971fc method=com.android.dx.cf.code.BytecodeArray.parseInstruction(ILcom/android/dx/cf/code/BytecodeArray$Visitor;)I @ 923
Event: 2.456 Thread 0x000000005725f800 Uncommon trap: reason=bimorphic action=maybe_recompile pc=0x0000000002c9759c method=com.android.dx.cf.code.BytecodeArray.parseInstruction(ILcom/android/dx/cf/code/BytecodeArray$Visitor;)I @ 1130
Event: 3.265 Thread 0x00000000006fe800 Uncommon trap: reason=unstable_if action=reinterpret pc=0x0000000002c8ac2c method=com.android.dx.ssa.SCCP.simulateBranch(Lcom/android/dx/ssa/SsaInsn;)V @ 548
Event: 3.965 Thread 0x0000000057265000 Uncommon trap: reason=bimorphic action=maybe_recompile pc=0x0000000002d423c8 method=com.android.dx.cf.code.BytecodeArray.parseInstruction(ILcom/android/dx/cf/code/BytecodeArray$Visitor;)I @ 2135
Event: 4.015 Thread 0x0000000057265000 Uncommon trap: reason=bimorphic action=maybe_recompile pc=0x0000000002d423c8 method=com.android.dx.cf.code.BytecodeArray.parseInstruction(ILcom/android/dx/cf/code/BytecodeArray$Visitor;)I @ 2135

Internal exceptions (6 events):
Event: 0.058 Thread 0x00000000006fe800 Exception <a 'java/lang/NoSuchMethodError': Method sun.misc.Unsafe.defineClass(Ljava/lang/String;[BII)Ljava/lang/Class; name or signature does not match> (0x00000000eab130d8) thrown at [D:\re\puppet\workspace\8-2-build-windows-amd64-cygwin\jdk8u73\6086\hotIlŽ
Event: 0.058 Thread 0x00000000006fe800 Exception <a 'java/lang/NoSuchMethodError': Method sun.misc.Unsafe.prefetchRead(Ljava/lang/Object;J)V name or signature does not match> (0x00000000eab133c0) thrown at [D:\re\puppet\workspace\8-2-build-windows-amd64-cygwin\jdk8u73\6086\hotspot\src\share\vm\ü'æñ?
Event: 1.064 Thread 0x0000000057265000 Implicit null exception at 0x00000000029b5322 to 0x00000000029b6a51
Event: 1.915 Thread 0x000000005725f800 Exception <a 'java/lang/ArrayIndexOutOfBoundsException': 18> (0x00000000ec640af0) thrown at [D:\re\puppet\workspace\8-2-build-windows-amd64-cygwin\jdk8u73\6086\hotspot\src\share\vm\interpreter\interpreterRuntime.cpp, line 366]
Event: 1.915 Thread 0x000000005725f800 Exception <a 'java/lang/ArrayIndexOutOfBoundsException'> (0x00000000ec642670) thrown at [D:\re\puppet\workspace\8-2-build-windows-amd64-cygwin\jdk8u73\6086\hotspot\src\share\vm\runtime\sharedRuntime.cpp, line 605]
Event: 1.945 Thread 0x000000005725f800 Exception <a 'java/lang/ArrayIndexOutOfBoundsException'> (0x00000000ec643958) thrown at [D:\re\puppet\workspace\8-2-build-windows-amd64-cygwin\jdk8u73\6086\hotspot\src\share\vm\runtime\sharedRuntime.cpp, line 605]

Events (10 events):
Event: 3.965 Thread 0x000000005725e000 DEOPT PACKING pc=0x0000000002bd8692 sp=0x000000005777eea0
Event: 3.966 Thread 0x000000005725e000 DEOPT UNPACKING pc=0x00000000026f787f sp=0x000000005777ec30 mode 0
Event: 3.986 Thread 0x000000005725f800 Thread exited: 0x000000005725f800
Event: 3.989 Thread 0x000000005725e000 Thread exited: 0x000000005725e000
Event: 4.015 Thread 0x0000000057265000 Uncommon trap: trap_request=0xffffffc6 fr.pc=0x0000000002d423c8
Event: 4.015 Thread 0x0000000057265000 DEOPT PACKING pc=0x0000000002d423c8 sp=0x000000005852e170
Event: 4.015 Thread 0x0000000057265000 DEOPT UNPACKING pc=0x00000000026f582a sp=0x000000005852e160 mode 2
Event: 4.022 Thread 0x0000000057252000 Thread exited: 0x0000000057252000
Event: 4.090 Executing VM operation: ParallelGCFailedAllocation
Event: 4.269 Executing VM operation: ParallelGCFailedAllocation done


Dynamic libraries:
0x000000013f060000 - 0x000000013f097000 	C:\Program Files\Java\jdk1.8.0_73\bin\java.exe
0x0000000077540000 - 0x00000000776ea000 	C:\Windows\SYSTEM32\ntdll.dll
0x0000000077420000 - 0x000000007753f000 	C:\Windows\system32\kernel32.dll
0x000007fefd330000 - 0x000007fefd39a000 	C:\Windows\system32\KERNELBASE.dll
0x0000000074f70000 - 0x0000000074ff7000 	C:\Windows\System32\SYSFER.DLL
0x000007fefd630000 - 0x000007fefd70b000 	C:\Windows\system32\ADVAPI32.dll
0x000007fefeb80000 - 0x000007fefec1f000 	C:\Windows\system32\msvcrt.dll
0x000007feff620000 - 0x000007feff63f000 	C:\Windows\SYSTEM32\sechost.dll
0x000007fefe6d0000 - 0x000007fefe7fd000 	C:\Windows\system32\RPCRT4.dll
0x0000000077320000 - 0x000000007741a000 	C:\Windows\system32\USER32.dll
0x000007fefec70000 - 0x000007fefecd7000 	C:\Windows\system32\GDI32.dll
0x000007fefe880000 - 0x000007fefe88e000 	C:\Windows\system32\LPK.dll
0x000007feff550000 - 0x000007feff61a000 	C:\Windows\system32\USP10.dll
0x000007fefc1d0000 - 0x000007fefc3c4000 	C:\Windows\WinSxS\amd64_microsoft.windows.common-controls_6595b64144ccf1df_6.0.7601.18837_none_fa3b1e3d17594757\COMCTL32.dll
0x000007fefd820000 - 0x000007fefd891000 	C:\Windows\system32\SHLWAPI.dll
0x000007fefd7f0000 - 0x000007fefd81e000 	C:\Windows\system32\IMM32.DLL
0x000007fefeec0000 - 0x000007fefefc9000 	C:\Windows\system32\MSCTF.dll
0x0000000054990000 - 0x0000000054a62000 	C:\Program Files\Java\jdk1.8.0_73\jre\bin\msvcr100.dll
0x0000000054f90000 - 0x0000000055820000 	C:\Program Files\Java\jdk1.8.0_73\jre\bin\server\jvm.dll
0x000007feec600000 - 0x000007feec609000 	C:\Windows\system32\WSOCK32.dll
0x000007fefec20000 - 0x000007fefec6d000 	C:\Windows\system32\WS2_32.dll
0x000007fefeb70000 - 0x000007fefeb78000 	C:\Windows\system32\NSI.dll
0x000007fefbed0000 - 0x000007fefbf0b000 	C:\Windows\system32\WINMM.dll
0x000007fefc5b0000 - 0x000007fefc5bc000 	C:\Windows\system32\VERSION.dll
0x0000000077700000 - 0x0000000077707000 	C:\Windows\system32\PSAPI.DLL
0x0000000071c70000 - 0x0000000071c7f000 	C:\Program Files\Java\jdk1.8.0_73\jre\bin\verify.dll
0x0000000071c40000 - 0x0000000071c69000 	C:\Program Files\Java\jdk1.8.0_73\jre\bin\java.dll
0x0000000065c70000 - 0x0000000065c86000 	C:\Program Files\Java\jdk1.8.0_73\jre\bin\zip.dll
0x000007fefd8a0000 - 0x000007fefe62a000 	C:\Windows\system32\SHELL32.dll
0x000007feff640000 - 0x000007feff843000 	C:\Windows\system32\ole32.dll
0x000007fefd280000 - 0x000007fefd28f000 	C:\Windows\system32\profapi.dll

VM Arguments:
jvm_args: -Djava.awt.headless=true -Xmx1024M -Dfile.encoding=windows-1251 -Duser.country=RU -Duser.language=ru -Duser.variant 
java_command: com.android.dx.command.Main --dex --force-jumbo --num-threads=4 --output C:\asp\NGS_vacancy\app\build\intermediates\pre-dexed\debug\okhttp-3.3.0_5cbcb67160bc879b5b35a7a0c40f7b9748595ab1.jar C:\Users\avtseben\.gradle\caches\modules-2\files-2.1\com.squareup.okhttp3\okhttp\3.3.0\2b802460eea20f8f2ad9c08c74e0f14718e88aa9\okhttp-3.3.0.jar
java_class_path (initial): C:\Users\avtseben\AppData\Local\Android\Sdk\build-tools\23.0.3\lib\dx.jar
Launcher Type: SUN_STANDARD

Environment Variables:
PATH=C:\Program Files\Broadcom\Broadcom 802.11;c:\Program Files (x86)\Intel\iCLS Client\;c:\Program Files\Intel\iCLS Client\;C:\ProgramData\Oracle\Java\javapath;C:\Windows\system32;C:\Windows;C:\Windows\System32\Wbem;C:\Windows\System32\WindowsPowerShell\v1.0\;C:\Program Files\Intel\Intel(R) Management Engine Components\DAL;C:\Program Files\Intel\Intel(R) Management Engine Components\IPT;C:\Program Files (x86)\Intel\Intel(R) Management Engine Components\DAL;C:\Program Files (x86)\Intel\Intel(R) Management Engine Components\IPT;c:\Program Files\WIDCOMM\Bluetooth Software\;c:\Program Files\WIDCOMM\Bluetooth Software\syswow64;C:\Program Files (x86)\Hewlett-Packard\HP ProtectTools Security Manager\Bin\;C:\Program Files (x86)\Skype\Phone\;C:\Program Files\OpenVPN\bin;C:\androidSDK\platform-tools\;C:\Program Files\Broadcom\Broadcom 802.11;c:\Program Files (x86)\Intel\iCLS Client\;c:\Program Files\Intel\iCLS Client\;C:\ProgramData\Oracle\Java\javapath;C:\Windows\system32;C:\Windows;C:\Windows\System32\Wbem;C:\Windows\System32\WindowsPowerShell\v1.0\;C:\Program Files\Intel\Intel(R) Management Engine Components\DAL;C:\Program Files\Intel\Intel(R) Management Engine Components\IPT;C:\Program Files (x86)\Intel\Intel(R) Management Engine Components\DAL;C:\Program Files (x86)\Intel\Intel(R) Management Engine Components\IPT;c:\Program Files\WIDCOMM\Bluetooth Software\;c:\Program Files\WIDCOMM\Bluetooth Software\syswow64;C:\Program Files (x86)\Hewlett-Packard\HP ProtectTools Security Manager\Bin\;C:\Program Files (x86)\Brackets\command;C:\Program Files (x86)\Skype\Phone\;C:\Program Files (x86)\ufs2tools-0.8\ufs2tools\;C:\Program Files\Git\bin\;C:\androidSDK\platform-tools;C:\gradle\bin
USERNAME=avtseben
OS=Windows_NT
PROCESSOR_IDENTIFIER=Intel64 Family 6 Model 58 Stepping 9, GenuineIntel



---------------  S Y S T E M  ---------------

OS: Windows 7 , 64 bit Build 7601 (6.1.7601.23572)

CPU:total 4 (2 cores per cpu, 2 threads per core) family 6 model 58 stepping 9, cmov, cx8, fxsr, mmx, sse, sse2, sse3, ssse3, sse4.1, sse4.2, popcnt, avx, aes, clmul, erms, ht, tsc, tscinvbit, tscinv

Memory: 4k page, physical 4056748k(146100k free), swap 5123076k(6240k free)

vm_info: Java HotSpot(TM) 64-Bit Server VM (25.73-b02) for windows-amd64 JRE (1.8.0_73-b02), built on Jan 29 2016 17:38:49 by "java_re" with MS VC++ 10.0 (VS2010)

time: Sat Dec 24 11:39:38 2016
elapsed time: 4 seconds (0d 0h 0m 4s)

