#
# There is insufficient memory for the Java Runtime Environment to continue.
# Native memory allocation (malloc) failed to allocate 2277616 bytes for Chunk::new
# Possible reasons:
#   The system is out of physical RAM or swap space
#   In 32 bit mode, the process size limit was hit
# Possible solutions:
#   Reduce memory load on the system
#   Increase physical memory or swap space
#   Check if swap backing store is full
#   Use 64 bit Java on a 64 bit OS
#   Decrease Java heap size (-Xmx/-Xms)
#   Decrease number of Java threads
#   Decrease Java thread stack sizes (-Xss)
#   Set larger code cache with -XX:ReservedCodeCacheSize=
# This output file may be truncated or incomplete.
#
#  Out of Memory Error (allocation.cpp:390), pid=7728, tid=8048
#
# JRE version: Java(TM) SE Runtime Environment (8.0_73-b02) (build 1.8.0_73-b02)
# Java VM: Java HotSpot(TM) 64-Bit Server VM (25.73-b02 mixed mode windows-amd64 compressed oops)
# Failed to write core dump. Minidumps are not enabled by default on client versions of Windows
#

---------------  T H R E A D  ---------------

Current thread (0x0000000056457000):  JavaThread "C2 CompilerThread1" daemon [_thread_in_native, id=8048, stack(0x0000000056a50000,0x0000000056b50000)]

Stack: [0x0000000056a50000,0x0000000056b50000]
[error occurred during error reporting (printing stack bounds), id 0xc0000005]

Native frames: (J=compiled Java code, j=interpreted, Vv=VM code, C=native code)


Current CompileTask:
C2:  10754 1637   !   4       com.android.dx.cf.cst.ConstantPoolParser::parse0 (731 bytes)


---------------  P R O C E S S  ---------------

Java Threads: ( => current thread )
  0x000000005673e800 JavaThread "pool-1-thread-4" [_thread_blocked, id=1944, stack(0x0000000057690000,0x0000000057790000)]
  0x0000000056738800 JavaThread "pool-1-thread-3" [_thread_blocked, id=8036, stack(0x0000000057450000,0x0000000057550000)]
  0x0000000056738000 JavaThread "pool-1-thread-2" [_thread_blocked, id=3848, stack(0x0000000056ca0000,0x0000000056da0000)]
  0x000000005672f800 JavaThread "pool-2-thread-1" [_thread_blocked, id=7920, stack(0x0000000057300000,0x0000000057400000)]
  0x000000005672e800 JavaThread "pool-1-thread-1" [_thread_blocked, id=7272, stack(0x0000000057120000,0x0000000057220000)]
  0x000000005645a800 JavaThread "Service Thread" daemon [_thread_blocked, id=7488, stack(0x0000000056e50000,0x0000000056f50000)]
  0x0000000056458000 JavaThread "C1 CompilerThread2" daemon [_thread_blocked, id=8100, stack(0x0000000056ba0000,0x0000000056ca0000)]
=>0x0000000056457000 JavaThread "C2 CompilerThread1" daemon [_thread_in_native, id=8048, stack(0x0000000056a50000,0x0000000056b50000)]
  0x0000000056455000 JavaThread "C2 CompilerThread0" daemon [_thread_in_native, id=7788, stack(0x0000000056250000,0x0000000056350000)]
  0x0000000056451800 JavaThread "Attach Listener" daemon [_thread_blocked, id=8144, stack(0x00000000568c0000,0x00000000569c0000)]
  0x0000000054f90800 JavaThread "Signal Dispatcher" daemon [_thread_blocked, id=7660, stack(0x0000000056040000,0x0000000056140000)]
  0x0000000054f32000 JavaThread "Finalizer" daemon [_thread_blocked, id=7936, stack(0x0000000056350000,0x0000000056450000)]
  0x0000000054f30800 JavaThread "Reference Handler" daemon [_thread_blocked, id=5240, stack(0x0000000056150000,0x0000000056250000)]
  0x0000000001fce800 JavaThread "main" [_thread_blocked, id=7244, stack(0x00000000022d0000,0x00000000023d0000)]

Other Threads:
  0x0000000054f2b000 VMThread [stack: 0x0000000055e80000,0x0000000055f80000] [id=7904]
  0x00000000564ec800 WatcherThread [stack: 0x0000000056f50000,0x0000000057050000] [id=8104]

VM state:not at safepoint (normal execution)

VM Mutex/Monitor currently owned by a thread: None

Heap:
 PSYoungGen      total 34304K, used 31409K [0x00000000eab00000, 0x00000000eee00000, 0x0000000100000000)
  eden space 31744K, 90% used [0x00000000eab00000,0x00000000ec72fb50,0x00000000eca00000)
  from space 2560K, 99% used [0x00000000eca00000,0x00000000ecc7cbd8,0x00000000ecc80000)
  to   space 2560K, 0% used [0x00000000eeb80000,0x00000000eeb80000,0x00000000eee00000)
 ParOldGen       total 42496K, used 7656K [0x00000000c0000000, 0x00000000c2980000, 0x00000000eab00000)
  object space 42496K, 18% used [0x00000000c0000000,0x00000000c077a2e8,0x00000000c2980000)
 Metaspace       used 6181K, capacity 7096K, committed 7296K, reserved 1056768K
  class space    used 610K, capacity 624K, committed 640K, reserved 1048576K

Card table byte_map: [0x0000000011a60000,0x0000000011c70000] byte_map_base: 0x0000000011460000

Marking Bits: (ParMarkBitMap*) 0x000000005cdd0600
 Begin Bits: [0x00000000123a0000, 0x00000000133a0000)
 End Bits:   [0x00000000133a0000, 0x00000000143a0000)

Polling page: 0x0000000000330000

CodeCache: size=245760Kb used=7256Kb max_used=7265Kb free=238503Kb
 bounds [0x00000000026a0000, 0x0000000002dc0000, 0x00000000116a0000]
 total_blobs=1892 nmethods=1629 adapters=176
 compilation: enabled

Compilation events (10 events):
Event: 10.363 Thread 0x0000000056457000 nmethod 1505 0x0000000002db0c50 code [0x0000000002db0da0, 0x0000000002db0e58]
Event: 10.363 Thread 0x0000000056457000 1506       4       com.android.dx.rop.code.AccessFlags::isPrivate (12 bytes)
Event: 10.364 Thread 0x0000000056457000 nmethod 1506 0x0000000002c6a290 code [0x0000000002c6a3c0, 0x0000000002c6a418]
Event: 10.367 Thread 0x0000000056458000 1634       3       java.util.concurrent.locks.AbstractQueuedSynchronizer::shouldParkAfterFailedAcquire (50 bytes)
Event: 10.368 Thread 0x0000000056458000 nmethod 1634 0x0000000002da3c50 code [0x0000000002da3dc0, 0x0000000002da40f0]
Event: 10.386 Thread 0x0000000056457000 1635       4       com.android.dx.rop.cst.TypedConstant::<init> (5 bytes)
Event: 10.387 Thread 0x0000000056457000 nmethod 1635 0x0000000002c98ed0 code [0x0000000002c99000, 0x0000000002c99058]
Event: 10.387 Thread 0x0000000056457000 1636       4       com.android.dx.cf.code.RopperMachine::jopToRopOpcode (1103 bytes)
Event: 10.409 Thread 0x0000000056457000 nmethod 1636 0x0000000002dadd50 code [0x0000000002dae6c0, 0x0000000002daef98]
Event: 10.410 Thread 0x0000000056457000 1637   !   4       com.android.dx.cf.cst.ConstantPoolParser::parse0 (731 bytes)

GC Heap History (6 events):
Event: 1.915 GC heap before
{Heap before GC invocations=1 (full 0):
 PSYoungGen      total 18432K, used 15872K [0x00000000eab00000, 0x00000000ebf80000, 0x0000000100000000)
  eden space 15872K, 100% used [0x00000000eab00000,0x00000000eba80000,0x00000000eba80000)
  from space 2560K, 0% used [0x00000000ebd00000,0x00000000ebd00000,0x00000000ebf80000)
  to   space 2560K, 0% used [0x00000000eba80000,0x00000000eba80000,0x00000000ebd00000)
 ParOldGen       total 42496K, used 0K [0x00000000c0000000, 0x00000000c2980000, 0x00000000eab00000)
  object space 42496K, 0% used [0x00000000c0000000,0x00000000c0000000,0x00000000c2980000)
 Metaspace       used 5657K, capacity 6704K, committed 6784K, reserved 1056768K
  class space    used 589K, capacity 616K, committed 640K, reserved 1048576K
Event: 2.540 GC heap after
Heap after GC invocations=1 (full 0):
 PSYoungGen      total 18432K, used 2528K [0x00000000eab00000, 0x00000000ecf00000, 0x0000000100000000)
  eden space 15872K, 0% used [0x00000000eab00000,0x00000000eab00000,0x00000000eba80000)
  from space 2560K, 98% used [0x00000000eba80000,0x00000000ebcf8040,0x00000000ebd00000)
  to   space 2560K, 0% used [0x00000000ecc80000,0x00000000ecc80000,0x00000000ecf00000)
 ParOldGen       total 42496K, used 1225K [0x00000000c0000000, 0x00000000c2980000, 0x00000000eab00000)
  object space 42496K, 2% used [0x00000000c0000000,0x00000000c0132440,0x00000000c2980000)
 Metaspace       used 5657K, capacity 6704K, committed 6784K, reserved 1056768K
  class space    used 589K, capacity 616K, committed 640K, reserved 1048576K
}
Event: 5.177 GC heap before
{Heap before GC invocations=2 (full 0):
 PSYoungGen      total 18432K, used 18400K [0x00000000eab00000, 0x00000000ecf00000, 0x0000000100000000)
  eden space 15872K, 100% used [0x00000000eab00000,0x00000000eba80000,0x00000000eba80000)
  from space 2560K, 98% used [0x00000000eba80000,0x00000000ebcf8040,0x00000000ebd00000)
  to   space 2560K, 0% used [0x00000000ecc80000,0x00000000ecc80000,0x00000000ecf00000)
 ParOldGen       total 42496K, used 1225K [0x00000000c0000000, 0x00000000c2980000, 0x00000000eab00000)
  object space 42496K, 2% used [0x00000000c0000000,0x00000000c0132440,0x00000000c2980000)
 Metaspace       used 5913K, capacity 6960K, committed 7040K, reserved 1056768K
  class space    used 590K, capacity 616K, committed 640K, reserved 1048576K
Event: 5.935 GC heap after
Heap after GC invocations=2 (full 0):
 PSYoungGen      total 34304K, used 2547K [0x00000000eab00000, 0x00000000ecf00000, 0x0000000100000000)
  eden space 31744K, 0% used [0x00000000eab00000,0x00000000eab00000,0x00000000eca00000)
  from space 2560K, 99% used [0x00000000ecc80000,0x00000000ecefcc00,0x00000000ecf00000)
  to   space 2560K, 0% used [0x00000000eca00000,0x00000000eca00000,0x00000000ecc80000)
 ParOldGen       total 42496K, used 3571K [0x00000000c0000000, 0x00000000c2980000, 0x00000000eab00000)
  object space 42496K, 8% used [0x00000000c0000000,0x00000000c037cff8,0x00000000c2980000)
 Metaspace       used 5913K, capacity 6960K, committed 7040K, reserved 1056768K
  class space    used 590K, capacity 616K, committed 640K, reserved 1048576K
}
Event: 9.665 GC heap before
{Heap before GC invocations=3 (full 0):
 PSYoungGen      total 34304K, used 34291K [0x00000000eab00000, 0x00000000ecf00000, 0x0000000100000000)
  eden space 31744K, 100% used [0x00000000eab00000,0x00000000eca00000,0x00000000eca00000)
  from space 2560K, 99% used [0x00000000ecc80000,0x00000000ecefcc00,0x00000000ecf00000)
  to   space 2560K, 0% used [0x00000000eca00000,0x00000000eca00000,0x00000000ecc80000)
 ParOldGen       total 42496K, used 3571K [0x00000000c0000000, 0x00000000c2980000, 0x00000000eab00000)
  object space 42496K, 8% used [0x00000000c0000000,0x00000000c037cff8,0x00000000c2980000)
 Metaspace       used 6126K, capacity 7096K, committed 7296K, reserved 1056768K
  class space    used 610K, capacity 624K, committed 640K, reserved 1048576K
Event: 9.718 GC heap after
Heap after GC invocations=3 (full 0):
 PSYoungGen      total 34304K, used 2546K [0x00000000eab00000, 0x00000000eee00000, 0x0000000100000000)
  eden space 31744K, 0% used [0x00000000eab00000,0x00000000eab00000,0x00000000eca00000)
  from space 2560K, 99% used [0x00000000eca00000,0x00000000ecc7cbd8,0x00000000ecc80000)
  to   space 2560K, 0% used [0x00000000eeb80000,0x00000000eeb80000,0x00000000eee00000)
 ParOldGen       total 42496K, used 7656K [0x00000000c0000000, 0x00000000c2980000, 0x00000000eab00000)
  object space 42496K, 18% used [0x00000000c0000000,0x00000000c077a2e8,0x00000000c2980000)
 Metaspace       used 6126K, capacity 7096K, committed 7296K, reserved 1056768K
  class space    used 610K, capacity 624K, committed 640K, reserved 1048576K
}

Deoptimization events (10 events):
Event: 9.064 Thread 0x000000005672e800 Uncommon trap: reason=bimorphic action=maybe_recompile pc=0x0000000002af76c0 method=com.android.dx.cf.code.BytecodeArray.parseInstruction(ILcom/android/dx/cf/code/BytecodeArray$Visitor;)I @ 1035
Event: 9.064 Thread 0x000000005672e800 Uncommon trap: reason=bimorphic action=maybe_recompile pc=0x0000000002af78dc method=com.android.dx.cf.code.BytecodeArray.parseInstruction(ILcom/android/dx/cf/code/BytecodeArray$Visitor;)I @ 1130
Event: 9.064 Thread 0x000000005672e800 Uncommon trap: reason=bimorphic action=maybe_recompile pc=0x0000000002af78dc method=com.android.dx.cf.code.BytecodeArray.parseInstruction(ILcom/android/dx/cf/code/BytecodeArray$Visitor;)I @ 1130
Event: 9.305 Thread 0x0000000001fce800 Uncommon trap: reason=unloaded action=reinterpret pc=0x0000000002b606e4 method=com.android.dx.cf.cst.ConstantPoolParser.parse0(ILjava/util/BitSet;)Lcom/android/dx/rop/cst/Constant; @ 198
Event: 9.544 Thread 0x000000005672e800 Uncommon trap: reason=null_check action=make_not_entrant pc=0x0000000002c81570 method=com.android.dx.ssa.SsaRenamer.getLocalForNewReg(I)Lcom/android/dx/rop/code/LocalItem; @ 19
Event: 9.587 Thread 0x000000005672e800 Uncommon trap: reason=unstable_if action=reinterpret pc=0x0000000002c6c6ec method=com.android.dx.rop.cst.CstNat.equals(Ljava/lang/Object;)Z @ 25
Event: 9.741 Thread 0x000000005673e800 Uncommon trap: reason=uninitialized action=reinterpret pc=0x0000000002d099f4 method=com.android.dx.cf.code.BytecodeArray.parseInstruction(ILcom/android/dx/cf/code/BytecodeArray$Visitor;)I @ 999
Event: 9.749 Thread 0x000000005673e800 Uncommon trap: reason=unstable_if action=reinterpret pc=0x0000000002c3abf0 method=java.util.HashMap.putVal(ILjava/lang/Object;Ljava/lang/Object;ZZ)Ljava/lang/Object; @ 109
Event: 9.749 Thread 0x000000005673e800 Uncommon trap: reason=unstable_if action=reinterpret pc=0x0000000002abd99c method=java.util.HashMap.putVal(ILjava/lang/Object;Ljava/lang/Object;ZZ)Ljava/lang/Object; @ 162
Event: 10.314 Thread 0x000000005672e800 Uncommon trap: reason=bimorphic action=maybe_recompile pc=0x0000000002c70390 method=com.android.dx.rop.code.RegisterSpec.withSimpleType()Lcom/android/dx/rop/code/RegisterSpec; @ 21

Internal exceptions (7 events):
Event: 0.115 Thread 0x0000000001fce800 Exception <a 'java/lang/NoSuchMethodError': Method sun.misc.Unsafe.defineClass(Ljava/lang/String;[BII)Ljava/lang/Class; name or signature does not match> (0x00000000eab130d8) thrown at [D:\re\puppet\workspace\8-2-build-windows-amd64-cygwin\jdk8u73\6086\hotwðô½?
Event: 0.115 Thread 0x0000000001fce800 Exception <a 'java/lang/NoSuchMethodError': Method sun.misc.Unsafe.prefetchRead(Ljava/lang/Object;J)V name or signature does not match> (0x00000000eab133c0) thrown at [D:\re\puppet\workspace\8-2-build-windows-amd64-cygwin\jdk8u73\6086\hotspot\src\share\vm\|ó(×…œ@
Event: 6.153 Thread 0x000000005673e800 Exception <a 'java/lang/ArrayIndexOutOfBoundsException': 18> (0x00000000eb39f6a8) thrown at [D:\re\puppet\workspace\8-2-build-windows-amd64-cygwin\jdk8u73\6086\hotspot\src\share\vm\interpreter\interpreterRuntime.cpp, line 366]
Event: 6.154 Thread 0x000000005673e800 Exception <a 'java/lang/ArrayIndexOutOfBoundsException'> (0x00000000eb3a1228) thrown at [D:\re\puppet\workspace\8-2-build-windows-amd64-cygwin\jdk8u73\6086\hotspot\src\share\vm\runtime\sharedRuntime.cpp, line 605]
Event: 6.155 Thread 0x000000005673e800 Exception <a 'java/lang/ArrayIndexOutOfBoundsException'> (0x00000000eb3a2510) thrown at [D:\re\puppet\workspace\8-2-build-windows-amd64-cygwin\jdk8u73\6086\hotspot\src\share\vm\runtime\sharedRuntime.cpp, line 605]
Event: 6.415 Thread 0x000000005673e800 Implicit null exception at 0x0000000002acf292 to 0x0000000002acf382
Event: 9.544 Thread 0x000000005672e800 Implicit null exception at 0x0000000002c7e255 to 0x0000000002c8151d

Events (10 events):
Event: 9.741 Thread 0x000000005673e800 DEOPT UNPACKING pc=0x00000000026e582a sp=0x000000005778e740 mode 2
Event: 9.749 Thread 0x000000005673e800 Uncommon trap: trap_request=0xffffff65 fr.pc=0x0000000002c3abf0
Event: 9.749 Thread 0x000000005673e800 DEOPT PACKING pc=0x0000000002c3abf0 sp=0x000000005778e510
Event: 9.749 Thread 0x000000005673e800 DEOPT UNPACKING pc=0x00000000026e582a sp=0x000000005778e3b8 mode 2
Event: 9.749 Thread 0x000000005673e800 Uncommon trap: trap_request=0xffffff65 fr.pc=0x0000000002abd99c
Event: 9.749 Thread 0x000000005673e800 DEOPT PACKING pc=0x0000000002abd99c sp=0x000000005778e5e0
Event: 9.749 Thread 0x000000005673e800 DEOPT UNPACKING pc=0x00000000026e582a sp=0x000000005778e508 mode 2
Event: 10.314 Thread 0x000000005672e800 Uncommon trap: trap_request=0xffffffc6 fr.pc=0x0000000002c70390
Event: 10.314 Thread 0x000000005672e800 DEOPT PACKING pc=0x0000000002c70390 sp=0x000000005721e730
Event: 10.314 Thread 0x000000005672e800 DEOPT UNPACKING pc=0x00000000026e582a sp=0x000000005721e6a8 mode 2


Dynamic libraries:
0x000000013f4c0000 - 0x000000013f4f7000 	C:\Program Files\Java\jdk1.8.0_73\bin\java.exe
0x0000000077b10000 - 0x0000000077cba000 	C:\Windows\SYSTEM32\ntdll.dll
0x00000000779f0000 - 0x0000000077b0f000 	C:\Windows\system32\kernel32.dll
0x000007fefdb40000 - 0x000007fefdbaa000 	C:\Windows\system32\KERNELBASE.dll
0x0000000075540000 - 0x00000000755c7000 	C:\Windows\System32\SYSFER.DLL
0x000007fefe560000 - 0x000007fefe63b000 	C:\Windows\system32\ADVAPI32.dll
0x000007fefe1a0000 - 0x000007fefe23f000 	C:\Windows\system32\msvcrt.dll
0x000007fefe180000 - 0x000007fefe19f000 	C:\Windows\SYSTEM32\sechost.dll
0x000007fefeb60000 - 0x000007fefec8d000 	C:\Windows\system32\RPCRT4.dll
0x00000000778f0000 - 0x00000000779ea000 	C:\Windows\system32\USER32.dll
0x000007fefe440000 - 0x000007fefe4a7000 	C:\Windows\system32\GDI32.dll
0x000007fefded0000 - 0x000007fefdede000 	C:\Windows\system32\LPK.dll
0x000007fefdee0000 - 0x000007fefdfaa000 	C:\Windows\system32\USP10.dll
0x000007fefc7e0000 - 0x000007fefc9d4000 	C:\Windows\WinSxS\amd64_microsoft.windows.common-controls_6595b64144ccf1df_6.0.7601.18837_none_fa3b1e3d17594757\COMCTL32.dll
0x000007feff010000 - 0x000007feff081000 	C:\Windows\system32\SHLWAPI.dll
0x000007fefe4b0000 - 0x000007fefe4de000 	C:\Windows\system32\IMM32.DLL
0x000007fefe070000 - 0x000007fefe179000 	C:\Windows\system32\MSCTF.dll
0x00000000593b0000 - 0x0000000059482000 	C:\Program Files\Java\jdk1.8.0_73\jre\bin\msvcr100.dll
0x000000005c5c0000 - 0x000000005ce50000 	C:\Program Files\Java\jdk1.8.0_73\jre\bin\server\jvm.dll
0x000007feeca20000 - 0x000007feeca29000 	C:\Windows\system32\WSOCK32.dll
0x000007fefe640000 - 0x000007fefe68d000 	C:\Windows\system32\WS2_32.dll
0x000007fefe430000 - 0x000007fefe438000 	C:\Windows\system32\NSI.dll
0x000007fefc4a0000 - 0x000007fefc4db000 	C:\Windows\system32\WINMM.dll
0x000007fefcbc0000 - 0x000007fefcbcc000 	C:\Windows\system32\VERSION.dll
0x0000000077cd0000 - 0x0000000077cd7000 	C:\Windows\system32\PSAPI.DLL
0x00000000617e0000 - 0x00000000617ef000 	C:\Program Files\Java\jdk1.8.0_73\jre\bin\verify.dll
0x00000000605c0000 - 0x00000000605e9000 	C:\Program Files\Java\jdk1.8.0_73\jre\bin\java.dll
0x00000000605a0000 - 0x00000000605b6000 	C:\Program Files\Java\jdk1.8.0_73\jre\bin\zip.dll
0x000007feff090000 - 0x000007feffe1a000 	C:\Windows\system32\SHELL32.dll
0x000007fefe950000 - 0x000007fefeb53000 	C:\Windows\system32\ole32.dll
0x000007fefd850000 - 0x000007fefd85f000 	C:\Windows\system32\profapi.dll

VM Arguments:
jvm_args: -Djava.awt.headless=true -Xmx1024M -Dfile.encoding=windows-1251 -Duser.country=RU -Duser.language=ru -Duser.variant 
java_command: com.android.dx.command.Main --dex --force-jumbo --num-threads=4 --output C:\asp\NGS_vacancy\app\build\intermediates\pre-dexed\debug\com.android.support-support-core-ui-24.2.1_29a662d8f2130ea86194286a305525c539540484.jar C:\asp\NGS_vacancy\app\build\intermediates\exploded-aar\com.android.support\support-core-ui\24.2.1\jars\classes.jar
java_class_path (initial): C:\Users\avtseben\AppData\Local\Android\Sdk\build-tools\23.0.3\lib\dx.jar
Launcher Type: SUN_STANDARD

Environment Variables:
PATH=C:\Program Files\Broadcom\Broadcom 802.11;c:\Program Files (x86)\Intel\iCLS Client\;c:\Program Files\Intel\iCLS Client\;C:\ProgramData\Oracle\Java\javapath;C:\Windows\system32;C:\Windows;C:\Windows\System32\Wbem;C:\Windows\System32\WindowsPowerShell\v1.0\;C:\Program Files\Intel\Intel(R) Management Engine Components\DAL;C:\Program Files\Intel\Intel(R) Management Engine Components\IPT;C:\Program Files (x86)\Intel\Intel(R) Management Engine Components\DAL;C:\Program Files (x86)\Intel\Intel(R) Management Engine Components\IPT;c:\Program Files\WIDCOMM\Bluetooth Software\;c:\Program Files\WIDCOMM\Bluetooth Software\syswow64;C:\Program Files (x86)\Hewlett-Packard\HP ProtectTools Security Manager\Bin\;C:\Program Files (x86)\Skype\Phone\;C:\Program Files\OpenVPN\bin;C:\androidSDK\platform-tools\;C:\Program Files\Broadcom\Broadcom 802.11;c:\Program Files (x86)\Intel\iCLS Client\;c:\Program Files\Intel\iCLS Client\;C:\ProgramData\Oracle\Java\javapath;C:\Windows\system32;C:\Windows;C:\Windows\System32\Wbem;C:\Windows\System32\WindowsPowerShell\v1.0\;C:\Program Files\Intel\Intel(R) Management Engine Components\DAL;C:\Program Files\Intel\Intel(R) Management Engine Components\IPT;C:\Program Files (x86)\Intel\Intel(R) Management Engine Components\DAL;C:\Program Files (x86)\Intel\Intel(R) Management Engine Components\IPT;c:\Program Files\WIDCOMM\Bluetooth Software\;c:\Program Files\WIDCOMM\Bluetooth Software\syswow64;C:\Program Files (x86)\Hewlett-Packard\HP ProtectTools Security Manager\Bin\;C:\Program Files (x86)\Brackets\command;C:\Program Files (x86)\Skype\Phone\;C:\Program Files (x86)\ufs2tools-0.8\ufs2tools\;C:\Program Files\Git\bin\;C:\androidSDK\platform-tools;C:\gradle\bin
USERNAME=avtseben
OS=Windows_NT
PROCESSOR_IDENTIFIER=Intel64 Family 6 Model 58 Stepping 9, GenuineIntel



---------------  S Y S T E M  ---------------

OS: Windows 7 , 64 bit Build 7601 (6.1.7601.23572)

CPU:total 4 (2 cores per cpu, 2 threads per core) family 6 model 58 stepping 9, cmov, cx8, fxsr, mmx, sse, sse2, sse3, ssse3, sse4.1, sse4.2, popcnt, avx, aes, clmul, erms, ht, tsc, tscinvbit, tscinv

Memory: 4k page, physical 4056748k(219384k free), swap 4727752k(6748k free)

vm_info: Java HotSpot(TM) 64-Bit Server VM (25.73-b02) for windows-amd64 JRE (1.8.0_73-b02), built on Jan 29 2016 17:38:49 by "java_re" with MS VC++ 10.0 (VS2010)

time: Tue Dec 20 23:11:09 2016
elapsed time: 10 seconds (0d 0h 0m 10s)

