#
# There is insufficient memory for the Java Runtime Environment to continue.
# Native memory allocation (malloc) failed to allocate 60176 bytes for Chunk::new
# Possible reasons:
#   The system is out of physical RAM or swap space
#   In 32 bit mode, the process size limit was hit
# Possible solutions:
#   Reduce memory load on the system
#   Increase physical memory or swap space
#   Check if swap backing store is full
#   Use 64 bit Java on a 64 bit OS
#   Decrease Java heap size (-Xmx/-Xms)
#   Decrease number of Java threads
#   Decrease Java thread stack sizes (-Xss)
#   Set larger code cache with -XX:ReservedCodeCacheSize=
# This output file may be truncated or incomplete.
#
#  Out of Memory Error (allocation.cpp:390), pid=6044, tid=7756
#
# JRE version: Java(TM) SE Runtime Environment (8.0_73-b02) (build 1.8.0_73-b02)
# Java VM: Java HotSpot(TM) 64-Bit Server VM (25.73-b02 mixed mode windows-amd64 compressed oops)
# Failed to write core dump. Minidumps are not enabled by default on client versions of Windows
#

---------------  T H R E A D  ---------------

Current thread (0x0000000056ce8800):  JavaThread "C2 CompilerThread1" daemon [_thread_in_native, id=7756, stack(0x0000000057650000,0x0000000057750000)]

Stack: [0x0000000057650000,0x0000000057750000]
[error occurred during error reporting (printing stack bounds), id 0xc0000005]

Native frames: (J=compiled Java code, j=interpreted, Vv=VM code, C=native code)


Current CompileTask:
C2:   2173  729       4       com.android.dx.ssa.SsaBasicBlock::forEachInsn (37 bytes)


---------------  P R O C E S S  ---------------

Java Threads: ( => current thread )
  0x00000000570b5800 JavaThread "pool-1-thread-4" [_thread_blocked, id=6920, stack(0x0000000058a50000,0x0000000058b50000)]
  0x0000000056f57800 JavaThread "pool-1-thread-3" [_thread_blocked, id=2428, stack(0x00000000588f0000,0x00000000589f0000)]
  0x0000000056f56800 JavaThread "pool-1-thread-2" [_thread_blocked, id=8648, stack(0x0000000058730000,0x0000000058830000)]
  0x0000000056fe8000 JavaThread "pool-2-thread-1" [_thread_blocked, id=3696, stack(0x00000000585a0000,0x00000000586a0000)]
  0x0000000056fe7800 JavaThread "pool-1-thread-1" [_thread_in_Java, id=8468, stack(0x0000000057550000,0x0000000057650000)]
  0x0000000056d3c800 JavaThread "Service Thread" daemon [_thread_blocked, id=3800, stack(0x00000000579b0000,0x0000000057ab0000)]
  0x0000000056d3b800 JavaThread "C1 CompilerThread2" daemon [_thread_blocked, id=5604, stack(0x00000000577c0000,0x00000000578c0000)]
=>0x0000000056ce8800 JavaThread "C2 CompilerThread1" daemon [_thread_in_native, id=7756, stack(0x0000000057650000,0x0000000057750000)]
  0x0000000056ce2800 JavaThread "C2 CompilerThread0" daemon [_thread_blocked, id=7476, stack(0x0000000057120000,0x0000000057220000)]
  0x0000000055045000 JavaThread "Attach Listener" daemon [_thread_blocked, id=2748, stack(0x0000000057420000,0x0000000057520000)]
  0x0000000056cec000 JavaThread "Signal Dispatcher" daemon [_thread_blocked, id=6612, stack(0x0000000057270000,0x0000000057370000)]
  0x0000000054fe7800 JavaThread "Finalizer" daemon [_thread_blocked, id=8344, stack(0x0000000056ab0000,0x0000000056bb0000)]
  0x0000000054fe0800 JavaThread "Reference Handler" daemon [_thread_blocked, id=2432, stack(0x00000000560d0000,0x00000000561d0000)]
  0x000000000216e800 JavaThread "main" [_thread_blocked, id=3492, stack(0x00000000023d0000,0x00000000024d0000)]

Other Threads:
  0x0000000054fdb000 VMThread [stack: 0x0000000056be0000,0x0000000056ce0000] [id=9192]
  0x0000000056d46800 WatcherThread [stack: 0x0000000057bc0000,0x0000000057cc0000] [id=3336]

VM state:not at safepoint (normal execution)

VM Mutex/Monitor currently owned by a thread: None

Heap:
 PSYoungGen      total 18432K, used 8014K [0x00000000eab00000, 0x00000000ebf80000, 0x0000000100000000)
  eden space 15872K, 34% used [0x00000000eab00000,0x00000000eb059e60,0x00000000eba80000)
  from space 2560K, 99% used [0x00000000eba80000,0x00000000ebcf9c88,0x00000000ebd00000)
  to   space 2560K, 0% used [0x00000000ebd00000,0x00000000ebd00000,0x00000000ebf80000)
 ParOldGen       total 42496K, used 1547K [0x00000000c0000000, 0x00000000c2980000, 0x00000000eab00000)
  object space 42496K, 3% used [0x00000000c0000000,0x00000000c0182c70,0x00000000c2980000)
 Metaspace       used 5764K, capacity 6704K, committed 6784K, reserved 1056768K
  class space    used 596K, capacity 616K, committed 640K, reserved 1048576K

Card table byte_map: [0x0000000011b60000,0x0000000011d70000] byte_map_base: 0x0000000011560000

Marking Bits: (ParMarkBitMap*) 0x00000000569e0600
 Begin Bits: [0x0000000012450000, 0x0000000013450000)
 End Bits:   [0x0000000013450000, 0x0000000014450000)

Polling page: 0x0000000000230000

CodeCache: size=245760Kb used=2728Kb max_used=2739Kb free=243031Kb
 bounds [0x00000000027a0000, 0x0000000002a50000, 0x00000000117a0000]
 total_blobs=965 nmethods=696 adapters=182
 compilation: enabled

Compilation events (10 events):
Event: 2.030 Thread 0x0000000056d3b800  719       3       com.android.dx.ssa.SsaBasicBlock::forEachPhiInsn (54 bytes)
Event: 2.030 Thread 0x0000000056d3b800 nmethod 719 0x0000000002a4a2d0 code [0x0000000002a4a4c0, 0x0000000002a4ad48]
Event: 2.031 Thread 0x0000000056d3b800  726       3       com.android.dx.rop.code.ThrowingCstInsn::accept (8 bytes)
Event: 2.031 Thread 0x0000000056ce2800 nmethod 727 0x0000000002a4ded0 code [0x0000000002a4e020, 0x0000000002a4e0d8]
Event: 2.031 Thread 0x0000000056ce2800  721   !   4       com.android.dx.util.FixedSizeList::<init> (36 bytes)
Event: 2.037 Thread 0x0000000056ce2800 nmethod 721 0x0000000002a4c690 code [0x0000000002a4c7e0, 0x0000000002a4c918]
Event: 2.037 Thread 0x0000000056ce2800  704       4       com.android.dx.ssa.NormalSsaInsn::getSources (8 bytes)
Event: 2.038 Thread 0x0000000056ce2800 nmethod 704 0x0000000002a2e310 code [0x0000000002a2e440, 0x0000000002a2e4b8]
Event: 2.038 Thread 0x0000000056ce2800  723       4       com.android.dx.ssa.SsaBasicBlock::isReachable (29 bytes)
Event: 2.038 Thread 0x0000000056ce2800 nmethod 723 0x0000000002a32750 code [0x0000000002a32880, 0x0000000002a328f8]

GC Heap History (2 events):
Event: 1.804 GC heap before
{Heap before GC invocations=1 (full 0):
 PSYoungGen      total 18432K, used 15872K [0x00000000eab00000, 0x00000000ebf80000, 0x0000000100000000)
  eden space 15872K, 100% used [0x00000000eab00000,0x00000000eba80000,0x00000000eba80000)
  from space 2560K, 0% used [0x00000000ebd00000,0x00000000ebd00000,0x00000000ebf80000)
  to   space 2560K, 0% used [0x00000000eba80000,0x00000000eba80000,0x00000000ebd00000)
 ParOldGen       total 42496K, used 0K [0x00000000c0000000, 0x00000000c2980000, 0x00000000eab00000)
  object space 42496K, 0% used [0x00000000c0000000,0x00000000c0000000,0x00000000c2980000)
 Metaspace       used 5675K, capacity 6640K, committed 6784K, reserved 1056768K
  class space    used 596K, capacity 616K, committed 640K, reserved 1048576K
Event: 1.889 GC heap after
Heap after GC invocations=1 (full 0):
 PSYoungGen      total 18432K, used 2535K [0x00000000eab00000, 0x00000000ebf80000, 0x0000000100000000)
  eden space 15872K, 0% used [0x00000000eab00000,0x00000000eab00000,0x00000000eba80000)
  from space 2560K, 99% used [0x00000000eba80000,0x00000000ebcf9c88,0x00000000ebd00000)
  to   space 2560K, 0% used [0x00000000ebd00000,0x00000000ebd00000,0x00000000ebf80000)
 ParOldGen       total 42496K, used 1547K [0x00000000c0000000, 0x00000000c2980000, 0x00000000eab00000)
  object space 42496K, 3% used [0x00000000c0000000,0x00000000c0182c70,0x00000000c2980000)
 Metaspace       used 5675K, capacity 6640K, committed 6784K, reserved 1056768K
  class space    used 596K, capacity 616K, committed 640K, reserved 1048576K
}

Deoptimization events (4 events):
Event: 1.730 Thread 0x00000000570b5800 Uncommon trap: reason=class_check action=maybe_recompile pc=0x00000000029de6a0 method=com.android.dx.ssa.NormalSsaInsn.accept(Lcom/android/dx/ssa/SsaInsn$Visitor;)V @ 9
Event: 1.730 Thread 0x00000000570b5800 Uncommon trap: reason=class_check action=maybe_recompile pc=0x00000000029de6a0 method=com.android.dx.ssa.NormalSsaInsn.accept(Lcom/android/dx/ssa/SsaInsn$Visitor;)V @ 9
Event: 1.730 Thread 0x00000000570b5800 Uncommon trap: reason=class_check action=maybe_recompile pc=0x00000000029de6a0 method=com.android.dx.ssa.NormalSsaInsn.accept(Lcom/android/dx/ssa/SsaInsn$Visitor;)V @ 9
Event: 2.046 Thread 0x0000000056fe7800 Uncommon trap: reason=class_check action=maybe_recompile pc=0x00000000029de6a0 method=com.android.dx.ssa.NormalSsaInsn.accept(Lcom/android/dx/ssa/SsaInsn$Visitor;)V @ 9

Internal exceptions (2 events):
Event: 0.053 Thread 0x000000000216e800 Exception <a 'java/lang/NoSuchMethodError': Method sun.misc.Unsafe.defineClass(Ljava/lang/String;[BII)Ljava/lang/Class; name or signature does not match> (0x00000000eab130d8) thrown at [D:\re\puppet\workspace\8-2-build-windows-amd64-cygwin\jdk8u73\6086\hotÓ¯V¼™«?
Event: 0.053 Thread 0x000000000216e800 Exception <a 'java/lang/NoSuchMethodError': Method sun.misc.Unsafe.prefetchRead(Ljava/lang/Object;J)V name or signature does not match> (0x00000000eab133c0) thrown at [D:\re\puppet\workspace\8-2-build-windows-amd64-cygwin\jdk8u73\6086\hotspot\src\share\vm\

Events (10 events):
Event: 1.730 Thread 0x00000000570b5800 Uncommon trap: trap_request=0xffffffde fr.pc=0x00000000029de6a0
Event: 1.730 Thread 0x00000000570b5800 DEOPT PACKING pc=0x00000000029de6a0 sp=0x0000000058b4eaf0
Event: 1.730 Thread 0x00000000570b5800 DEOPT UNPACKING pc=0x00000000027e582a sp=0x0000000058b4ea80 mode 2
Event: 1.749 Executing VM operation: ParallelGCFailedAllocation
Event: 1.889 Executing VM operation: ParallelGCFailedAllocation done
Event: 2.040 loading class java/util/ArrayList$1
Event: 2.040 loading class java/util/ArrayList$1 done
Event: 2.046 Thread 0x0000000056fe7800 Uncommon trap: trap_request=0xffffffde fr.pc=0x00000000029de6a0
Event: 2.046 Thread 0x0000000056fe7800 DEOPT PACKING pc=0x00000000029de6a0 sp=0x000000005764e590
Event: 2.047 Thread 0x0000000056fe7800 DEOPT UNPACKING pc=0x00000000027e582a sp=0x000000005764e520 mode 2


Dynamic libraries:
0x000000013f330000 - 0x000000013f367000 	C:\Program Files\Java\jdk1.8.0_73\bin\java.exe
0x00000000774d0000 - 0x000000007767a000 	C:\Windows\SYSTEM32\ntdll.dll
0x00000000772b0000 - 0x00000000773cf000 	C:\Windows\system32\kernel32.dll
0x000007fefd550000 - 0x000007fefd5ba000 	C:\Windows\system32\KERNELBASE.dll
0x0000000074f00000 - 0x0000000074f87000 	C:\Windows\System32\SYSFER.DLL
0x000007fefef40000 - 0x000007feff01b000 	C:\Windows\system32\ADVAPI32.dll
0x000007feff6d0000 - 0x000007feff76f000 	C:\Windows\system32\msvcrt.dll
0x000007fefdf20000 - 0x000007fefdf3f000 	C:\Windows\SYSTEM32\sechost.dll
0x000007fefd830000 - 0x000007fefd95d000 	C:\Windows\system32\RPCRT4.dll
0x00000000773d0000 - 0x00000000774ca000 	C:\Windows\system32\USER32.dll
0x000007feff770000 - 0x000007feff7d7000 	C:\Windows\system32\GDI32.dll
0x000007fefdc30000 - 0x000007fefdc3e000 	C:\Windows\system32\LPK.dll
0x000007feff580000 - 0x000007feff64a000 	C:\Windows\system32\USP10.dll
0x000007fefc280000 - 0x000007fefc474000 	C:\Windows\WinSxS\amd64_microsoft.windows.common-controls_6595b64144ccf1df_6.0.7601.18837_none_fa3b1e3d17594757\COMCTL32.dll
0x000007feff280000 - 0x000007feff2f1000 	C:\Windows\system32\SHLWAPI.dll
0x000007feff020000 - 0x000007feff04e000 	C:\Windows\system32\IMM32.DLL
0x000007fefd6a0000 - 0x000007fefd7a9000 	C:\Windows\system32\MSCTF.dll
0x0000000055fd0000 - 0x00000000560a2000 	C:\Program Files\Java\jdk1.8.0_73\jre\bin\msvcr100.dll
0x00000000561d0000 - 0x0000000056a60000 	C:\Program Files\Java\jdk1.8.0_73\jre\bin\server\jvm.dll
0x000007fefacb0000 - 0x000007fefacb9000 	C:\Windows\system32\WSOCK32.dll
0x000007fefe160000 - 0x000007fefe1ad000 	C:\Windows\system32\WS2_32.dll
0x000007fefe150000 - 0x000007fefe158000 	C:\Windows\system32\NSI.dll
0x000007fefbb40000 - 0x000007fefbb7b000 	C:\Windows\system32\WINMM.dll
0x000007fefc620000 - 0x000007fefc62c000 	C:\Windows\system32\VERSION.dll
0x00000000776a0000 - 0x00000000776a7000 	C:\Windows\system32\PSAPI.DLL
0x0000000073d50000 - 0x0000000073d5f000 	C:\Program Files\Java\jdk1.8.0_73\jre\bin\verify.dll
0x0000000073610000 - 0x0000000073639000 	C:\Program Files\Java\jdk1.8.0_73\jre\bin\java.dll
0x0000000073650000 - 0x0000000073666000 	C:\Program Files\Java\jdk1.8.0_73\jre\bin\zip.dll
0x000007fefe1b0000 - 0x000007fefef3a000 	C:\Windows\system32\SHELL32.dll
0x000007fefdf40000 - 0x000007fefe143000 	C:\Windows\system32\ole32.dll
0x000007fefd210000 - 0x000007fefd21f000 	C:\Windows\system32\profapi.dll

VM Arguments:
jvm_args: -Djava.awt.headless=true -Xmx1024M -Dfile.encoding=windows-1251 -Duser.country=RU -Duser.language=ru -Duser.variant 
java_command: com.android.dx.command.Main --dex --force-jumbo --num-threads=4 --output C:\asp\NGS_vacancy\app\build\intermediates\pre-dexed\debug\okhttp-3.3.0_5cbcb67160bc879b5b35a7a0c40f7b9748595ab1.jar C:\Users\avtseben\.gradle\caches\modules-2\files-2.1\com.squareup.okhttp3\okhttp\3.3.0\2b802460eea20f8f2ad9c08c74e0f14718e88aa9\okhttp-3.3.0.jar
java_class_path (initial): C:\Users\avtseben\AppData\Local\Android\Sdk\build-tools\23.0.3\lib\dx.jar
Launcher Type: SUN_STANDARD

Environment Variables:
PATH=C:\Program Files\Broadcom\Broadcom 802.11;c:\Program Files (x86)\Intel\iCLS Client\;c:\Program Files\Intel\iCLS Client\;C:\ProgramData\Oracle\Java\javapath;C:\Windows\system32;C:\Windows;C:\Windows\System32\Wbem;C:\Windows\System32\WindowsPowerShell\v1.0\;C:\Program Files\Intel\Intel(R) Management Engine Components\DAL;C:\Program Files\Intel\Intel(R) Management Engine Components\IPT;C:\Program Files (x86)\Intel\Intel(R) Management Engine Components\DAL;C:\Program Files (x86)\Intel\Intel(R) Management Engine Components\IPT;c:\Program Files\WIDCOMM\Bluetooth Software\;c:\Program Files\WIDCOMM\Bluetooth Software\syswow64;C:\Program Files (x86)\Hewlett-Packard\HP ProtectTools Security Manager\Bin\;C:\Program Files (x86)\Skype\Phone\;C:\Program Files\OpenVPN\bin;C:\androidSDK\platform-tools\;C:\Program Files\Broadcom\Broadcom 802.11;c:\Program Files (x86)\Intel\iCLS Client\;c:\Program Files\Intel\iCLS Client\;C:\ProgramData\Oracle\Java\javapath;C:\Windows\system32;C:\Windows;C:\Windows\System32\Wbem;C:\Windows\System32\WindowsPowerShell\v1.0\;C:\Program Files\Intel\Intel(R) Management Engine Components\DAL;C:\Program Files\Intel\Intel(R) Management Engine Components\IPT;C:\Program Files (x86)\Intel\Intel(R) Management Engine Components\DAL;C:\Program Files (x86)\Intel\Intel(R) Management Engine Components\IPT;c:\Program Files\WIDCOMM\Bluetooth Software\;c:\Program Files\WIDCOMM\Bluetooth Software\syswow64;C:\Program Files (x86)\Hewlett-Packard\HP ProtectTools Security Manager\Bin\;C:\Program Files (x86)\Brackets\command;C:\Program Files (x86)\Skype\Phone\;C:\Program Files (x86)\ufs2tools-0.8\ufs2tools\;C:\Program Files\Git\bin\;C:\androidSDK\platform-tools;C:\gradle\bin
USERNAME=avtseben
OS=Windows_NT
PROCESSOR_IDENTIFIER=Intel64 Family 6 Model 58 Stepping 9, GenuineIntel



---------------  S Y S T E M  ---------------

OS: Windows 7 , 64 bit Build 7601 (6.1.7601.23569)

CPU:total 4 (2 cores per cpu, 2 threads per core) family 6 model 58 stepping 9, cmov, cx8, fxsr, mmx, sse, sse2, sse3, ssse3, sse4.1, sse4.2, popcnt, avx, aes, clmul, erms, ht, tsc, tscinvbit, tscinv

Memory: 4k page, physical 4056748k(305016k free), swap 5111208k(4600k free)

vm_info: Java HotSpot(TM) 64-Bit Server VM (25.73-b02) for windows-amd64 JRE (1.8.0_73-b02), built on Jan 29 2016 17:38:49 by "java_re" with MS VC++ 10.0 (VS2010)

time: Sun Dec 18 18:38:32 2016
elapsed time: 2 seconds (0d 0h 0m 2s)

