#
# There is insufficient memory for the Java Runtime Environment to continue.
# Native memory allocation (malloc) failed to allocate 1726896 bytes for Chunk::new
# Possible reasons:
#   The system is out of physical RAM or swap space
#   In 32 bit mode, the process size limit was hit
# Possible solutions:
#   Reduce memory load on the system
#   Increase physical memory or swap space
#   Check if swap backing store is full
#   Use 64 bit Java on a 64 bit OS
#   Decrease Java heap size (-Xmx/-Xms)
#   Decrease number of Java threads
#   Decrease Java thread stack sizes (-Xss)
#   Set larger code cache with -XX:ReservedCodeCacheSize=
# This output file may be truncated or incomplete.
#
#  Out of Memory Error (allocation.cpp:390), pid=4272, tid=9212
#
# JRE version: Java(TM) SE Runtime Environment (8.0_73-b02) (build 1.8.0_73-b02)
# Java VM: Java HotSpot(TM) 64-Bit Server VM (25.73-b02 mixed mode windows-amd64 compressed oops)
# Failed to write core dump. Minidumps are not enabled by default on client versions of Windows
#

---------------  T H R E A D  ---------------

Current thread (0x0000000056c65000):  JavaThread "C2 CompilerThread1" daemon [_thread_in_native, id=9212, stack(0x00000000576c0000,0x00000000577c0000)]

Stack: [0x00000000576c0000,0x00000000577c0000]
[error occurred during error reporting (printing stack bounds), id 0xc0000005]

Native frames: (J=compiled Java code, j=interpreted, Vv=VM code, C=native code)


Current CompileTask:
C2:   6166 1811   !   4       com.android.dx.cf.code.BytecodeArray::parseInstruction (2764 bytes)


---------------  P R O C E S S  ---------------

Java Threads: ( => current thread )
  0x0000000056ec4000 JavaThread "pool-1-thread-4" [_thread_blocked, id=8316, stack(0x0000000058180000,0x0000000058280000)]
  0x0000000056ec2800 JavaThread "pool-1-thread-3" [_thread_blocked, id=3904, stack(0x0000000057df0000,0x0000000057ef0000)]
  0x0000000056e4a800 JavaThread "pool-1-thread-2" [_thread_blocked, id=6412, stack(0x0000000057f20000,0x0000000058020000)]
  0x0000000056ee2800 JavaThread "pool-2-thread-1" [_thread_blocked, id=9096, stack(0x0000000057b50000,0x0000000057c50000)]
  0x0000000056ee7800 JavaThread "pool-1-thread-1" [_thread_blocked, id=5776, stack(0x0000000057c80000,0x0000000057d80000)]
  0x0000000055a1f000 JavaThread "Service Thread" daemon [_thread_blocked, id=7076, stack(0x00000000579a0000,0x0000000057aa0000)]
  0x0000000056c66000 JavaThread "C1 CompilerThread2" daemon [_thread_blocked, id=7164, stack(0x00000000578a0000,0x00000000579a0000)]
=>0x0000000056c65000 JavaThread "C2 CompilerThread1" daemon [_thread_in_native, id=9212, stack(0x00000000576c0000,0x00000000577c0000)]
  0x0000000056c63000 JavaThread "C2 CompilerThread0" daemon [_thread_in_native, id=5732, stack(0x00000000570f0000,0x00000000571f0000)]
  0x0000000055a13800 JavaThread "Attach Listener" daemon [_thread_blocked, id=2380, stack(0x00000000573f0000,0x00000000574f0000)]
  0x0000000055a12000 JavaThread "Signal Dispatcher" daemon [_thread_blocked, id=4576, stack(0x0000000057240000,0x0000000057340000)]
  0x00000000559b2000 JavaThread "Finalizer" daemon [_thread_blocked, id=3868, stack(0x0000000056b60000,0x0000000056c60000)]
  0x00000000559b0800 JavaThread "Reference Handler" daemon [_thread_blocked, id=8568, stack(0x0000000056a30000,0x0000000056b30000)]
  0x00000000021be800 JavaThread "main" [_thread_blocked, id=6328, stack(0x0000000002360000,0x0000000002460000)]

Other Threads:
  0x00000000559ab000 VMThread [stack: 0x00000000567f0000,0x00000000568f0000] [id=7612]
  0x0000000056cd3000 WatcherThread [stack: 0x0000000057500000,0x0000000057600000] [id=7732]

VM state:not at safepoint (normal execution)

VM Mutex/Monitor currently owned by a thread: None

Heap:
 PSYoungGen      total 66048K, used 34451K [0x00000000eab00000, 0x00000000eee00000, 0x0000000100000000)
  eden space 63488K, 50% used [0x00000000eab00000,0x00000000eca2a6c8,0x00000000ee900000)
  from space 2560K, 99% used [0x00000000eeb80000,0x00000000eedfa600,0x00000000eee00000)
  to   space 2560K, 0% used [0x00000000ee900000,0x00000000ee900000,0x00000000eeb80000)
 ParOldGen       total 42496K, used 12334K [0x00000000c0000000, 0x00000000c2980000, 0x00000000eab00000)
  object space 42496K, 29% used [0x00000000c0000000,0x00000000c0c0bbf8,0x00000000c2980000)
 Metaspace       used 6149K, capacity 7096K, committed 7296K, reserved 1056768K
  class space    used 609K, capacity 624K, committed 640K, reserved 1048576K

Card table byte_map: [0x0000000011af0000,0x0000000011d00000] byte_map_base: 0x00000000114f0000

Marking Bits: (ParMarkBitMap*) 0x00000000557a0600
 Begin Bits: [0x0000000012440000, 0x0000000013440000)
 End Bits:   [0x0000000013440000, 0x0000000014440000)

Polling page: 0x0000000000330000

CodeCache: size=245760Kb used=7807Kb max_used=7807Kb free=237952Kb
 bounds [0x0000000002730000, 0x0000000002ee0000, 0x0000000011730000]
 total_blobs=2078 nmethods=1815 adapters=176
 compilation: enabled

Compilation events (10 events):
Event: 6.111 Thread 0x0000000056c66000 1835       2       com.android.dx.ssa.back.FirstFitLocalCombiningAllocator::analyzeInstructions (16 bytes)
Event: 6.111 Thread 0x0000000056c66000 nmethod 1835 0x0000000002ed40d0 code [0x0000000002ed4240, 0x0000000002ed4428]
Event: 6.111 Thread 0x0000000056c66000 1836       2       com.android.dx.ssa.back.FirstFitLocalCombiningAllocator$1::<init> (10 bytes)
Event: 6.111 Thread 0x0000000056c66000 nmethod 1836 0x0000000002ed4510 code [0x0000000002ed4660, 0x0000000002ed47d0]
Event: 6.111 Thread 0x0000000056c66000 1840       2       com.android.dx.ssa.SsaMethod::setBackMode (16 bytes)
Event: 6.111 Thread 0x0000000056c66000 nmethod 1840 0x0000000002ed4850 code [0x0000000002ed49a0, 0x0000000002ed4b10]
Event: 6.111 Thread 0x0000000056c66000 1842       2       com.android.dx.ssa.back.SsaToRop$1::<init> (15 bytes)
Event: 6.111 Thread 0x0000000056c66000 nmethod 1842 0x0000000002ed4b90 code [0x0000000002ed4ce0, 0x0000000002ed4e50]
Event: 6.111 Thread 0x0000000056c66000 1843       2       com.android.dx.ssa.SsaMethod::<init> (50 bytes)
Event: 6.112 Thread 0x0000000056c66000 nmethod 1843 0x0000000002ed4ed0 code [0x0000000002ed5040, 0x0000000002ed5298]

GC Heap History (8 events):
Event: 1.657 GC heap before
{Heap before GC invocations=1 (full 0):
 PSYoungGen      total 18432K, used 15872K [0x00000000eab00000, 0x00000000ebf80000, 0x0000000100000000)
  eden space 15872K, 100% used [0x00000000eab00000,0x00000000eba80000,0x00000000eba80000)
  from space 2560K, 0% used [0x00000000ebd00000,0x00000000ebd00000,0x00000000ebf80000)
  to   space 2560K, 0% used [0x00000000eba80000,0x00000000eba80000,0x00000000ebd00000)
 ParOldGen       total 42496K, used 0K [0x00000000c0000000, 0x00000000c2980000, 0x00000000eab00000)
  object space 42496K, 0% used [0x00000000c0000000,0x00000000c0000000,0x00000000c2980000)
 Metaspace       used 5451K, capacity 6576K, committed 6784K, reserved 1056768K
  class space    used 582K, capacity 616K, committed 640K, reserved 1048576K
Event: 1.749 GC heap after
Heap after GC invocations=1 (full 0):
 PSYoungGen      total 18432K, used 2548K [0x00000000eab00000, 0x00000000ecf00000, 0x0000000100000000)
  eden space 15872K, 0% used [0x00000000eab00000,0x00000000eab00000,0x00000000eba80000)
  from space 2560K, 99% used [0x00000000eba80000,0x00000000ebcfd188,0x00000000ebd00000)
  to   space 2560K, 0% used [0x00000000ecc80000,0x00000000ecc80000,0x00000000ecf00000)
 ParOldGen       total 42496K, used 1255K [0x00000000c0000000, 0x00000000c2980000, 0x00000000eab00000)
  object space 42496K, 2% used [0x00000000c0000000,0x00000000c0139fc0,0x00000000c2980000)
 Metaspace       used 5451K, capacity 6576K, committed 6784K, reserved 1056768K
  class space    used 582K, capacity 616K, committed 640K, reserved 1048576K
}
Event: 2.680 GC heap before
{Heap before GC invocations=2 (full 0):
 PSYoungGen      total 18432K, used 18420K [0x00000000eab00000, 0x00000000ecf00000, 0x0000000100000000)
  eden space 15872K, 100% used [0x00000000eab00000,0x00000000eba80000,0x00000000eba80000)
  from space 2560K, 99% used [0x00000000eba80000,0x00000000ebcfd188,0x00000000ebd00000)
  to   space 2560K, 0% used [0x00000000ecc80000,0x00000000ecc80000,0x00000000ecf00000)
 ParOldGen       total 42496K, used 1255K [0x00000000c0000000, 0x00000000c2980000, 0x00000000eab00000)
  object space 42496K, 2% used [0x00000000c0000000,0x00000000c0139fc0,0x00000000c2980000)
 Metaspace       used 5627K, capacity 6704K, committed 6784K, reserved 1056768K
  class space    used 585K, capacity 616K, committed 640K, reserved 1048576K
Event: 2.900 GC heap after
Heap after GC invocations=2 (full 0):
 PSYoungGen      total 34304K, used 2544K [0x00000000eab00000, 0x00000000ecf00000, 0x0000000100000000)
  eden space 31744K, 0% used [0x00000000eab00000,0x00000000eab00000,0x00000000eca00000)
  from space 2560K, 99% used [0x00000000ecc80000,0x00000000ecefc038,0x00000000ecf00000)
  to   space 2560K, 0% used [0x00000000eca00000,0x00000000eca00000,0x00000000ecc80000)
 ParOldGen       total 42496K, used 3226K [0x00000000c0000000, 0x00000000c2980000, 0x00000000eab00000)
  object space 42496K, 7% used [0x00000000c0000000,0x00000000c03268c0,0x00000000c2980000)
 Metaspace       used 5627K, capacity 6704K, committed 6784K, reserved 1056768K
  class space    used 585K, capacity 616K, committed 640K, reserved 1048576K
}
Event: 3.876 GC heap before
{Heap before GC invocations=3 (full 0):
 PSYoungGen      total 34304K, used 34288K [0x00000000eab00000, 0x00000000ecf00000, 0x0000000100000000)
  eden space 31744K, 100% used [0x00000000eab00000,0x00000000eca00000,0x00000000eca00000)
  from space 2560K, 99% used [0x00000000ecc80000,0x00000000ecefc038,0x00000000ecf00000)
  to   space 2560K, 0% used [0x00000000eca00000,0x00000000eca00000,0x00000000ecc80000)
 ParOldGen       total 42496K, used 3226K [0x00000000c0000000, 0x00000000c2980000, 0x00000000eab00000)
  object space 42496K, 7% used [0x00000000c0000000,0x00000000c03268c0,0x00000000c2980000)
 Metaspace       used 6046K, capacity 7032K, committed 7296K, reserved 1056768K
  class space    used 608K, capacity 624K, committed 640K, reserved 1048576K
Event: 3.934 GC heap after
Heap after GC invocations=3 (full 0):
 PSYoungGen      total 34304K, used 2553K [0x00000000eab00000, 0x00000000eee00000, 0x0000000100000000)
  eden space 31744K, 0% used [0x00000000eab00000,0x00000000eab00000,0x00000000eca00000)
  from space 2560K, 99% used [0x00000000eca00000,0x00000000ecc7e440,0x00000000ecc80000)
  to   space 2560K, 0% used [0x00000000eeb80000,0x00000000eeb80000,0x00000000eee00000)
 ParOldGen       total 42496K, used 7581K [0x00000000c0000000, 0x00000000c2980000, 0x00000000eab00000)
  object space 42496K, 17% used [0x00000000c0000000,0x00000000c0767570,0x00000000c2980000)
 Metaspace       used 6046K, capacity 7032K, committed 7296K, reserved 1056768K
  class space    used 608K, capacity 624K, committed 640K, reserved 1048576K
}
Event: 5.570 GC heap before
{Heap before GC invocations=4 (full 0):
 PSYoungGen      total 34304K, used 34297K [0x00000000eab00000, 0x00000000eee00000, 0x0000000100000000)
  eden space 31744K, 100% used [0x00000000eab00000,0x00000000eca00000,0x00000000eca00000)
  from space 2560K, 99% used [0x00000000eca00000,0x00000000ecc7e440,0x00000000ecc80000)
  to   space 2560K, 0% used [0x00000000eeb80000,0x00000000eeb80000,0x00000000eee00000)
 ParOldGen       total 42496K, used 7581K [0x00000000c0000000, 0x00000000c2980000, 0x00000000eab00000)
  object space 42496K, 17% used [0x00000000c0000000,0x00000000c0767570,0x00000000c2980000)
 Metaspace       used 6140K, capacity 7096K, committed 7296K, reserved 1056768K
  class space    used 609K, capacity 624K, committed 640K, reserved 1048576K
Event: 5.816 GC heap after
Heap after GC invocations=4 (full 0):
 PSYoungGen      total 66048K, used 2537K [0x00000000eab00000, 0x00000000eee00000, 0x0000000100000000)
  eden space 63488K, 0% used [0x00000000eab00000,0x00000000eab00000,0x00000000ee900000)
  from space 2560K, 99% used [0x00000000eeb80000,0x00000000eedfa600,0x00000000eee00000)
  to   space 2560K, 0% used [0x00000000ee900000,0x00000000ee900000,0x00000000eeb80000)
 ParOldGen       total 42496K, used 12334K [0x00000000c0000000, 0x00000000c2980000, 0x00000000eab00000)
  object space 42496K, 29% used [0x00000000c0000000,0x00000000c0c0bbf8,0x00000000c2980000)
 Metaspace       used 6140K, capacity 7096K, committed 7296K, reserved 1056768K
  class space    used 609K, capacity 624K, committed 640K, reserved 1048576K
}

Deoptimization events (10 events):
Event: 5.282 Thread 0x0000000056e4a800 Uncommon trap: reason=unstable_if action=reinterpret pc=0x0000000002b39d68 method=com.android.dx.cf.code.Ropper.labelToResultIndex(I)I @ 34
Event: 5.569 Thread 0x0000000056e4a800 Uncommon trap: reason=unstable_if action=reinterpret pc=0x0000000002ab3d2c method=com.android.dx.util.IntList.binarysearch(I)I @ 105
Event: 5.895 Thread 0x0000000056e4a800 Uncommon trap: reason=bimorphic action=maybe_recompile pc=0x0000000002c85368 method=com.android.dx.ssa.LiteralOpUpgrader.tryReplacingWithConstant(Lcom/android/dx/ssa/NormalSsaInsn;)Z @ 52
Event: 5.898 Thread 0x0000000056e4a800 Uncommon trap: reason=unstable_if action=reinterpret pc=0x0000000002d5790c method=com.android.dx.dex.code.RopToDop.dopFor(Lcom/android/dx/rop/code/Insn;)Lcom/android/dx/dex/code/Dop; @ 747
Event: 5.900 Thread 0x0000000056e4a800 Uncommon trap: reason=bimorphic action=maybe_recompile pc=0x0000000002c85368 method=com.android.dx.ssa.LiteralOpUpgrader.tryReplacingWithConstant(Lcom/android/dx/ssa/NormalSsaInsn;)Z @ 52
Event: 5.967 Thread 0x0000000056e4a800 Uncommon trap: reason=unstable_if action=reinterpret pc=0x0000000002df064c method=java.util.HashMap.putVal(ILjava/lang/Object;Ljava/lang/Object;ZZ)Ljava/lang/Object; @ 109
Event: 5.999 Thread 0x0000000056e4a800 Uncommon trap: reason=class_check action=maybe_recompile pc=0x0000000002d0f310 method=com.android.dx.rop.code.RegisterSpec.withSimpleType()Lcom/android/dx/rop/code/RegisterSpec; @ 21
Event: 6.000 Thread 0x0000000056e4a800 Uncommon trap: reason=class_check action=maybe_recompile pc=0x0000000002d0f310 method=com.android.dx.rop.code.RegisterSpec.withSimpleType()Lcom/android/dx/rop/code/RegisterSpec; @ 21
Event: 6.106 Thread 0x0000000056e4a800 Uncommon trap: reason=bimorphic action=maybe_recompile pc=0x0000000002c85368 method=com.android.dx.ssa.LiteralOpUpgrader.tryReplacingWithConstant(Lcom/android/dx/ssa/NormalSsaInsn;)Z @ 52
Event: 6.106 Thread 0x0000000056e4a800 Uncommon trap: reason=bimorphic action=maybe_recompile pc=0x0000000002caa9b4 method=com.android.dx.ssa.LiteralOpUpgrader.tryReplacingWithConstant(Lcom/android/dx/ssa/NormalSsaInsn;)Z @ 52

Internal exceptions (8 events):
Event: 0.315 Thread 0x00000000021be800 Exception <a 'java/lang/NoSuchMethodError': Method sun.misc.Unsafe.defineClass(Ljava/lang/String;[BII)Ljava/lang/Class; name or signature does not match> (0x00000000eab130d8) thrown at [D:\re\puppet\workspace\8-2-build-windows-amd64-cygwin\jdk8u73\6086\hot
áËCà/‘?
Event: 0.315 Thread 0x00000000021be800 Exception <a 'java/lang/NoSuchMethodError': Method sun.misc.Unsafe.prefetchRead(Ljava/lang/Object;J)V name or signature does not match> (0x00000000eab133c0) thrown at [D:\re\puppet\workspace\8-2-build-windows-amd64-cygwin\jdk8u73\6086\hotspot\src\share\vm\©1»ŒÛ`@
Event: 2.172 Thread 0x0000000056e4a800 Implicit null exception at 0x00000000029eec8a to 0x00000000029f096d
Event: 2.672 Thread 0x0000000056ec2800 Implicit null exception at 0x00000000029fca92 to 0x00000000029fcb82
Event: 2.949 Thread 0x0000000056e4a800 Implicit null exception at 0x000000000299915b to 0x000000000299aeb9
Event: 3.863 Thread 0x0000000056ec2800 Exception <a 'java/lang/ArrayIndexOutOfBoundsException': 18> (0x00000000ec933348) thrown at [D:\re\puppet\workspace\8-2-build-windows-amd64-cygwin\jdk8u73\6086\hotspot\src\share\vm\interpreter\interpreterRuntime.cpp, line 366]
Event: 3.863 Thread 0x0000000056ec2800 Exception <a 'java/lang/ArrayIndexOutOfBoundsException'> (0x00000000ec934ec8) thrown at [D:\re\puppet\workspace\8-2-build-windows-amd64-cygwin\jdk8u73\6086\hotspot\src\share\vm\runtime\sharedRuntime.cpp, line 605]
Event: 3.864 Thread 0x0000000056ec2800 Exception <a 'java/lang/ArrayIndexOutOfBoundsException'> (0x00000000ec9361b0) thrown at [D:\re\puppet\workspace\8-2-build-windows-amd64-cygwin\jdk8u73\6086\hotspot\src\share\vm\runtime\sharedRuntime.cpp, line 605]

Events (10 events):
Event: 6.086 Thread 0x0000000056e4a800 DEOPT PACKING pc=0x0000000002b1640b sp=0x000000005801f0e0
Event: 6.086 Thread 0x0000000056e4a800 DEOPT UNPACKING pc=0x000000000277787f sp=0x000000005801ee00 mode 0
Event: 6.094 Thread 0x0000000056e4a800 DEOPT PACKING pc=0x0000000002ae0591 sp=0x000000005801eef0
Event: 6.094 Thread 0x0000000056e4a800 DEOPT UNPACKING pc=0x000000000277787f sp=0x000000005801ed20 mode 0
Event: 6.106 Thread 0x0000000056e4a800 Uncommon trap: trap_request=0xffffffc6 fr.pc=0x0000000002c85368
Event: 6.106 Thread 0x0000000056e4a800 DEOPT PACKING pc=0x0000000002c85368 sp=0x000000005801ef10
Event: 6.106 Thread 0x0000000056e4a800 DEOPT UNPACKING pc=0x000000000277582a sp=0x000000005801ee08 mode 2
Event: 6.106 Thread 0x0000000056e4a800 Uncommon trap: trap_request=0xffffffc6 fr.pc=0x0000000002caa9b4
Event: 6.106 Thread 0x0000000056e4a800 DEOPT PACKING pc=0x0000000002caa9b4 sp=0x000000005801ee50
Event: 6.106 Thread 0x0000000056e4a800 DEOPT UNPACKING pc=0x000000000277582a sp=0x000000005801ee00 mode 2


Dynamic libraries:
0x000000013f060000 - 0x000000013f097000 	C:\Program Files\Java\jdk1.8.0_73\bin\java.exe
0x0000000077540000 - 0x00000000776ea000 	C:\Windows\SYSTEM32\ntdll.dll
0x0000000077420000 - 0x000000007753f000 	C:\Windows\system32\kernel32.dll
0x000007fefd330000 - 0x000007fefd39a000 	C:\Windows\system32\KERNELBASE.dll
0x0000000074f70000 - 0x0000000074ff7000 	C:\Windows\System32\SYSFER.DLL
0x000007fefd630000 - 0x000007fefd70b000 	C:\Windows\system32\ADVAPI32.dll
0x000007fefeb80000 - 0x000007fefec1f000 	C:\Windows\system32\msvcrt.dll
0x000007feff620000 - 0x000007feff63f000 	C:\Windows\SYSTEM32\sechost.dll
0x000007fefe6d0000 - 0x000007fefe7fd000 	C:\Windows\system32\RPCRT4.dll
0x0000000077320000 - 0x000000007741a000 	C:\Windows\system32\USER32.dll
0x000007fefec70000 - 0x000007fefecd7000 	C:\Windows\system32\GDI32.dll
0x000007fefe880000 - 0x000007fefe88e000 	C:\Windows\system32\LPK.dll
0x000007feff550000 - 0x000007feff61a000 	C:\Windows\system32\USP10.dll
0x000007fefc1d0000 - 0x000007fefc3c4000 	C:\Windows\WinSxS\amd64_microsoft.windows.common-controls_6595b64144ccf1df_6.0.7601.18837_none_fa3b1e3d17594757\COMCTL32.dll
0x000007fefd820000 - 0x000007fefd891000 	C:\Windows\system32\SHLWAPI.dll
0x000007fefd7f0000 - 0x000007fefd81e000 	C:\Windows\system32\IMM32.DLL
0x000007fefeec0000 - 0x000007fefefc9000 	C:\Windows\system32\MSCTF.dll
0x0000000061210000 - 0x00000000612e2000 	C:\Program Files\Java\jdk1.8.0_73\jre\bin\msvcr100.dll
0x0000000054f90000 - 0x0000000055820000 	C:\Program Files\Java\jdk1.8.0_73\jre\bin\server\jvm.dll
0x000007feec600000 - 0x000007feec609000 	C:\Windows\system32\WSOCK32.dll
0x000007fefec20000 - 0x000007fefec6d000 	C:\Windows\system32\WS2_32.dll
0x000007fefeb70000 - 0x000007fefeb78000 	C:\Windows\system32\NSI.dll
0x000007fefbed0000 - 0x000007fefbf0b000 	C:\Windows\system32\WINMM.dll
0x000007fefc5b0000 - 0x000007fefc5bc000 	C:\Windows\system32\VERSION.dll
0x0000000077700000 - 0x0000000077707000 	C:\Windows\system32\PSAPI.DLL
0x0000000071c70000 - 0x0000000071c7f000 	C:\Program Files\Java\jdk1.8.0_73\jre\bin\verify.dll
0x0000000071c40000 - 0x0000000071c69000 	C:\Program Files\Java\jdk1.8.0_73\jre\bin\java.dll
0x0000000065c70000 - 0x0000000065c86000 	C:\Program Files\Java\jdk1.8.0_73\jre\bin\zip.dll
0x000007fefd8a0000 - 0x000007fefe62a000 	C:\Windows\system32\SHELL32.dll
0x000007feff640000 - 0x000007feff843000 	C:\Windows\system32\ole32.dll
0x000007fefd280000 - 0x000007fefd28f000 	C:\Windows\system32\profapi.dll

VM Arguments:
jvm_args: -Djava.awt.headless=true -Xmx1024M -Dfile.encoding=windows-1251 -Duser.country=RU -Duser.language=ru -Duser.variant 
java_command: com.android.dx.command.Main --dex --force-jumbo --num-threads=4 --output C:\asp\NGS_vacancy\app\build\intermediates\pre-dexed\debug\com.android.support-recyclerview-v7-24.2.1_6fe3ca0d5c2e55e47fe14c7839e5f7d6f72735bb.jar C:\asp\NGS_vacancy\app\build\intermediates\exploded-aar\com.android.support\recyclerview-v7\24.2.1\jars\classes.jar
java_class_path (initial): C:\Users\avtseben\AppData\Local\Android\Sdk\build-tools\23.0.3\lib\dx.jar
Launcher Type: SUN_STANDARD

Environment Variables:
PATH=C:\Program Files\Broadcom\Broadcom 802.11;c:\Program Files (x86)\Intel\iCLS Client\;c:\Program Files\Intel\iCLS Client\;C:\ProgramData\Oracle\Java\javapath;C:\Windows\system32;C:\Windows;C:\Windows\System32\Wbem;C:\Windows\System32\WindowsPowerShell\v1.0\;C:\Program Files\Intel\Intel(R) Management Engine Components\DAL;C:\Program Files\Intel\Intel(R) Management Engine Components\IPT;C:\Program Files (x86)\Intel\Intel(R) Management Engine Components\DAL;C:\Program Files (x86)\Intel\Intel(R) Management Engine Components\IPT;c:\Program Files\WIDCOMM\Bluetooth Software\;c:\Program Files\WIDCOMM\Bluetooth Software\syswow64;C:\Program Files (x86)\Hewlett-Packard\HP ProtectTools Security Manager\Bin\;C:\Program Files (x86)\Skype\Phone\;C:\Program Files\OpenVPN\bin;C:\androidSDK\platform-tools\;C:\Program Files\Broadcom\Broadcom 802.11;c:\Program Files (x86)\Intel\iCLS Client\;c:\Program Files\Intel\iCLS Client\;C:\ProgramData\Oracle\Java\javapath;C:\Windows\system32;C:\Windows;C:\Windows\System32\Wbem;C:\Windows\System32\WindowsPowerShell\v1.0\;C:\Program Files\Intel\Intel(R) Management Engine Components\DAL;C:\Program Files\Intel\Intel(R) Management Engine Components\IPT;C:\Program Files (x86)\Intel\Intel(R) Management Engine Components\DAL;C:\Program Files (x86)\Intel\Intel(R) Management Engine Components\IPT;c:\Program Files\WIDCOMM\Bluetooth Software\;c:\Program Files\WIDCOMM\Bluetooth Software\syswow64;C:\Program Files (x86)\Hewlett-Packard\HP ProtectTools Security Manager\Bin\;C:\Program Files (x86)\Brackets\command;C:\Program Files (x86)\Skype\Phone\;C:\Program Files (x86)\ufs2tools-0.8\ufs2tools\;C:\Program Files\Git\bin\;C:\androidSDK\platform-tools;C:\gradle\bin
USERNAME=avtseben
OS=Windows_NT
PROCESSOR_IDENTIFIER=Intel64 Family 6 Model 58 Stepping 9, GenuineIntel



---------------  S Y S T E M  ---------------

OS: Windows 7 , 64 bit Build 7601 (6.1.7601.23572)

CPU:total 4 (2 cores per cpu, 2 threads per core) family 6 model 58 stepping 9, cmov, cx8, fxsr, mmx, sse, sse2, sse3, ssse3, sse4.1, sse4.2, popcnt, avx, aes, clmul, erms, ht, tsc, tscinvbit, tscinv

Memory: 4k page, physical 4056748k(351768k free), swap 5123076k(16596k free)

vm_info: Java HotSpot(TM) 64-Bit Server VM (25.73-b02) for windows-amd64 JRE (1.8.0_73-b02), built on Jan 29 2016 17:38:49 by "java_re" with MS VC++ 10.0 (VS2010)

time: Sat Dec 24 11:44:32 2016
elapsed time: 6 seconds (0d 0h 0m 6s)

