#
# There is insufficient memory for the Java Runtime Environment to continue.
# Native memory allocation (malloc) failed to allocate 36416 bytes for Chunk::new
# Possible reasons:
#   The system is out of physical RAM or swap space
#   In 32 bit mode, the process size limit was hit
# Possible solutions:
#   Reduce memory load on the system
#   Increase physical memory or swap space
#   Check if swap backing store is full
#   Use 64 bit Java on a 64 bit OS
#   Decrease Java heap size (-Xmx/-Xms)
#   Decrease number of Java threads
#   Decrease Java thread stack sizes (-Xss)
#   Set larger code cache with -XX:ReservedCodeCacheSize=
# This output file may be truncated or incomplete.
#
#  Out of Memory Error (allocation.cpp:390), pid=6312, tid=7296
#
# JRE version: Java(TM) SE Runtime Environment (8.0_73-b02) (build 1.8.0_73-b02)
# Java VM: Java HotSpot(TM) 64-Bit Server VM (25.73-b02 mixed mode windows-amd64 compressed oops)
# Failed to write core dump. Minidumps are not enabled by default on client versions of Windows
#

---------------  T H R E A D  ---------------

Current thread (0x0000000056104800):  JavaThread "C2 CompilerThread0" daemon [_thread_in_native, id=7296, stack(0x00000000566e0000,0x00000000567e0000)]

Stack: [0x00000000566e0000,0x00000000567e0000]
[error occurred during error reporting (printing stack bounds), id 0xc0000005]

Native frames: (J=compiled Java code, j=interpreted, Vv=VM code, C=native code)


Current CompileTask:
C2:   2894 1551   !   4       com.android.dx.cf.code.BytecodeArray::parseInstruction (2764 bytes)


---------------  P R O C E S S  ---------------

Java Threads: ( => current thread )
  0x000000005631a800 JavaThread "pool-1-thread-4" [_thread_blocked, id=6804, stack(0x0000000057050000,0x0000000057150000)]
  0x0000000056316800 JavaThread "pool-1-thread-3" [_thread_in_Java, id=7928, stack(0x00000000574f0000,0x00000000575f0000)]
  0x0000000056316000 JavaThread "pool-1-thread-2" [_thread_blocked, id=6948, stack(0x0000000056e10000,0x0000000056f10000)]
  0x0000000056314000 JavaThread "pool-2-thread-1" [_thread_blocked, id=3936, stack(0x00000000573e0000,0x00000000574e0000)]
  0x0000000056313800 JavaThread "pool-1-thread-1" [_thread_blocked, id=5888, stack(0x0000000057190000,0x0000000057290000)]
  0x0000000056167000 JavaThread "Service Thread" daemon [_thread_blocked, id=8152, stack(0x00000000569b0000,0x0000000056ab0000)]
  0x000000005615b800 JavaThread "C1 CompilerThread2" daemon [_thread_blocked, id=3356, stack(0x0000000056d10000,0x0000000056e10000)]
  0x000000005615a000 JavaThread "C2 CompilerThread1" daemon [_thread_in_native, id=5076, stack(0x0000000056b40000,0x0000000056c40000)]
=>0x0000000056104800 JavaThread "C2 CompilerThread0" daemon [_thread_in_native, id=7296, stack(0x00000000566e0000,0x00000000567e0000)]
  0x0000000056101800 JavaThread "Attach Listener" daemon [_thread_blocked, id=1408, stack(0x0000000056870000,0x0000000056970000)]
  0x0000000054d2e000 JavaThread "Signal Dispatcher" daemon [_thread_blocked, id=3408, stack(0x00000000565d0000,0x00000000566d0000)]
  0x0000000054cd5000 JavaThread "Finalizer" daemon [_thread_blocked, id=7592, stack(0x0000000055ec0000,0x0000000055fc0000)]
  0x0000000054cd4000 JavaThread "Reference Handler" daemon [_thread_blocked, id=5608, stack(0x0000000056000000,0x0000000056100000)]
  0x00000000021ae800 JavaThread "main" [_thread_blocked, id=6700, stack(0x00000000022c0000,0x00000000023c0000)]

Other Threads:
  0x0000000054cce800 VMThread [stack: 0x0000000055db0000,0x0000000055eb0000] [id=6640]
  0x0000000056162800 WatcherThread [stack: 0x0000000056f30000,0x0000000057030000] [id=7128]

VM state:not at safepoint (normal execution)

VM Mutex/Monitor currently owned by a thread: None

Heap:
 PSYoungGen      total 66048K, used 38712K [0x00000000eab00000, 0x00000000eee00000, 0x0000000100000000)
  eden space 63488K, 56% used [0x00000000eab00000,0x00000000ece55e20,0x00000000ee900000)
  from space 2560K, 98% used [0x00000000eeb80000,0x00000000eedf8270,0x00000000eee00000)
  to   space 2560K, 0% used [0x00000000ee900000,0x00000000ee900000,0x00000000eeb80000)
 ParOldGen       total 42496K, used 13981K [0x00000000c0000000, 0x00000000c2980000, 0x00000000eab00000)
  object space 42496K, 32% used [0x00000000c0000000,0x00000000c0da77d8,0x00000000c2980000)
 Metaspace       used 6301K, capacity 7128K, committed 7424K, reserved 1056768K
  class space    used 618K, capacity 656K, committed 768K, reserved 1048576K

Card table byte_map: [0x0000000011a50000,0x0000000011c60000] byte_map_base: 0x0000000011450000

Marking Bits: (ParMarkBitMap*) 0x000000005e4b0600
 Begin Bits: [0x0000000012140000, 0x0000000013140000)
 End Bits:   [0x0000000013140000, 0x0000000014140000)

Polling page: 0x0000000000230000

CodeCache: size=245760Kb used=6421Kb max_used=6421Kb free=239338Kb
 bounds [0x0000000002690000, 0x0000000002ce0000, 0x0000000011690000]
 total_blobs=1914 nmethods=1645 adapters=182
 compilation: enabled

Compilation events (10 events):
Event: 2.865 Thread 0x000000005615b800 1675       2       java.util.concurrent.locks.ReentrantLock$Sync::isHeldExclusively (16 bytes)
Event: 2.865 Thread 0x000000005615b800 nmethod 1675 0x0000000002cc6210 code [0x0000000002cc6360, 0x0000000002cc64d0]
Event: 2.869 Thread 0x000000005615b800 1676       1       com.android.dx.cf.direct.DirectClassFile$DcfTypeList::isMutable (2 bytes)
Event: 2.869 Thread 0x000000005615b800 nmethod 1676 0x0000000002cca510 code [0x0000000002cca660, 0x0000000002cca770]
Event: 2.870 Thread 0x000000005615b800 1677   !   2       com.android.dx.cf.cst.ConstantPoolParser::determineOffsets (285 bytes)
Event: 2.871 Thread 0x000000005615b800 nmethod 1677 0x0000000002cd3a10 code [0x0000000002cd3ce0, 0x0000000002cd48d8]
Event: 2.871 Thread 0x000000005615b800 1678       2       com.android.dx.cf.cst.ConstantPoolParser::parse (365 bytes)
Event: 2.874 Thread 0x000000005615b800 nmethod 1678 0x0000000002cd6d90 code [0x0000000002cd7160, 0x0000000002cd84c8]
Event: 2.876 Thread 0x000000005615b800 1679       2       com.android.dx.dex.cf.CfTranslator::translate0 (259 bytes)
Event: 2.879 Thread 0x000000005615b800 nmethod 1679 0x0000000002cd9b50 code [0x0000000002cd9e40, 0x0000000002cdab18]

GC Heap History (8 events):
Event: 1.165 GC heap before
{Heap before GC invocations=1 (full 0):
 PSYoungGen      total 18432K, used 15872K [0x00000000eab00000, 0x00000000ebf80000, 0x0000000100000000)
  eden space 15872K, 100% used [0x00000000eab00000,0x00000000eba80000,0x00000000eba80000)
  from space 2560K, 0% used [0x00000000ebd00000,0x00000000ebd00000,0x00000000ebf80000)
  to   space 2560K, 0% used [0x00000000eba80000,0x00000000eba80000,0x00000000ebd00000)
 ParOldGen       total 42496K, used 0K [0x00000000c0000000, 0x00000000c2980000, 0x00000000eab00000)
  object space 42496K, 0% used [0x00000000c0000000,0x00000000c0000000,0x00000000c2980000)
 Metaspace       used 5684K, capacity 6640K, committed 6784K, reserved 1056768K
  class space    used 595K, capacity 616K, committed 640K, reserved 1048576K
Event: 1.183 GC heap after
Heap after GC invocations=1 (full 0):
 PSYoungGen      total 18432K, used 2538K [0x00000000eab00000, 0x00000000ecf00000, 0x0000000100000000)
  eden space 15872K, 0% used [0x00000000eab00000,0x00000000eab00000,0x00000000eba80000)
  from space 2560K, 99% used [0x00000000eba80000,0x00000000ebcfaac8,0x00000000ebd00000)
  to   space 2560K, 0% used [0x00000000ecc80000,0x00000000ecc80000,0x00000000ecf00000)
 ParOldGen       total 42496K, used 1490K [0x00000000c0000000, 0x00000000c2980000, 0x00000000eab00000)
  object space 42496K, 3% used [0x00000000c0000000,0x00000000c0174a00,0x00000000c2980000)
 Metaspace       used 5684K, capacity 6640K, committed 6784K, reserved 1056768K
  class space    used 595K, capacity 616K, committed 640K, reserved 1048576K
}
Event: 1.662 GC heap before
{Heap before GC invocations=2 (full 0):
 PSYoungGen      total 18432K, used 18410K [0x00000000eab00000, 0x00000000ecf00000, 0x0000000100000000)
  eden space 15872K, 100% used [0x00000000eab00000,0x00000000eba80000,0x00000000eba80000)
  from space 2560K, 99% used [0x00000000eba80000,0x00000000ebcfaac8,0x00000000ebd00000)
  to   space 2560K, 0% used [0x00000000ecc80000,0x00000000ecc80000,0x00000000ecf00000)
 ParOldGen       total 42496K, used 1490K [0x00000000c0000000, 0x00000000c2980000, 0x00000000eab00000)
  object space 42496K, 3% used [0x00000000c0000000,0x00000000c0174a00,0x00000000c2980000)
 Metaspace       used 5965K, capacity 6896K, committed 7040K, reserved 1056768K
  class space    used 596K, capacity 616K, committed 640K, reserved 1048576K
Event: 1.683 GC heap after
Heap after GC invocations=2 (full 0):
 PSYoungGen      total 34304K, used 2551K [0x00000000eab00000, 0x00000000ecf00000, 0x0000000100000000)
  eden space 31744K, 0% used [0x00000000eab00000,0x00000000eab00000,0x00000000eca00000)
  from space 2560K, 99% used [0x00000000ecc80000,0x00000000ecefdc88,0x00000000ecf00000)
  to   space 2560K, 0% used [0x00000000eca00000,0x00000000eca00000,0x00000000ecc80000)
 ParOldGen       total 42496K, used 4201K [0x00000000c0000000, 0x00000000c2980000, 0x00000000eab00000)
  object space 42496K, 9% used [0x00000000c0000000,0x00000000c041a730,0x00000000c2980000)
 Metaspace       used 5965K, capacity 6896K, committed 7040K, reserved 1056768K
  class space    used 596K, capacity 616K, committed 640K, reserved 1048576K
}
Event: 2.271 GC heap before
{Heap before GC invocations=3 (full 0):
 PSYoungGen      total 34304K, used 34295K [0x00000000eab00000, 0x00000000ecf00000, 0x0000000100000000)
  eden space 31744K, 100% used [0x00000000eab00000,0x00000000eca00000,0x00000000eca00000)
  from space 2560K, 99% used [0x00000000ecc80000,0x00000000ecefdc88,0x00000000ecf00000)
  to   space 2560K, 0% used [0x00000000eca00000,0x00000000eca00000,0x00000000ecc80000)
 ParOldGen       total 42496K, used 4201K [0x00000000c0000000, 0x00000000c2980000, 0x00000000eab00000)
  object space 42496K, 9% used [0x00000000c0000000,0x00000000c041a730,0x00000000c2980000)
 Metaspace       used 6189K, capacity 7064K, committed 7424K, reserved 1056768K
  class space    used 618K, capacity 656K, committed 768K, reserved 1048576K
Event: 2.317 GC heap after
Heap after GC invocations=3 (full 0):
 PSYoungGen      total 34304K, used 2544K [0x00000000eab00000, 0x00000000eee00000, 0x0000000100000000)
  eden space 31744K, 0% used [0x00000000eab00000,0x00000000eab00000,0x00000000eca00000)
  from space 2560K, 99% used [0x00000000eca00000,0x00000000ecc7c260,0x00000000ecc80000)
  to   space 2560K, 0% used [0x00000000eeb80000,0x00000000eeb80000,0x00000000eee00000)
 ParOldGen       total 42496K, used 9174K [0x00000000c0000000, 0x00000000c2980000, 0x00000000eab00000)
  object space 42496K, 21% used [0x00000000c0000000,0x00000000c08f58f8,0x00000000c2980000)
 Metaspace       used 6189K, capacity 7064K, committed 7424K, reserved 1056768K
  class space    used 618K, capacity 656K, committed 768K, reserved 1048576K
}
Event: 2.524 GC heap before
{Heap before GC invocations=4 (full 0):
 PSYoungGen      total 34304K, used 34288K [0x00000000eab00000, 0x00000000eee00000, 0x0000000100000000)
  eden space 31744K, 100% used [0x00000000eab00000,0x00000000eca00000,0x00000000eca00000)
  from space 2560K, 99% used [0x00000000eca00000,0x00000000ecc7c260,0x00000000ecc80000)
  to   space 2560K, 0% used [0x00000000eeb80000,0x00000000eeb80000,0x00000000eee00000)
 ParOldGen       total 42496K, used 9174K [0x00000000c0000000, 0x00000000c2980000, 0x00000000eab00000)
  object space 42496K, 21% used [0x00000000c0000000,0x00000000c08f58f8,0x00000000c2980000)
 Metaspace       used 6255K, capacity 7128K, committed 7424K, reserved 1056768K
  class space    used 618K, capacity 656K, committed 768K, reserved 1048576K
Event: 2.538 GC heap after
Heap after GC invocations=4 (full 0):
 PSYoungGen      total 66048K, used 2528K [0x00000000eab00000, 0x00000000eee00000, 0x0000000100000000)
  eden space 63488K, 0% used [0x00000000eab00000,0x00000000eab00000,0x00000000ee900000)
  from space 2560K, 98% used [0x00000000eeb80000,0x00000000eedf8270,0x00000000eee00000)
  to   space 2560K, 0% used [0x00000000ee900000,0x00000000ee900000,0x00000000eeb80000)
 ParOldGen       total 42496K, used 13981K [0x00000000c0000000, 0x00000000c2980000, 0x00000000eab00000)
  object space 42496K, 32% used [0x00000000c0000000,0x00000000c0da77d8,0x00000000c2980000)
 Metaspace       used 6255K, capacity 7128K, committed 7424K, reserved 1056768K
  class space    used 618K, capacity 656K, committed 768K, reserved 1048576K
}

Deoptimization events (10 events):
Event: 1.937 Thread 0x0000000056316800 Uncommon trap: reason=class_check action=maybe_recompile pc=0x0000000002a722ec method=java.util.HashMap.putVal(ILjava/lang/Object;Ljava/lang/Object;ZZ)Ljava/lang/Object; @ 203
Event: 2.155 Thread 0x0000000056316000 Uncommon trap: reason=unstable_if action=reinterpret pc=0x0000000002beb10c method=com.android.dx.ssa.SCCP.simulateStmt(Lcom/android/dx/ssa/SsaInsn;)V @ 59
Event: 2.183 Thread 0x000000005631a800 Uncommon trap: reason=unstable_if action=reinterpret pc=0x0000000002997560 method=java.util.HashMap.putVal(ILjava/lang/Object;Ljava/lang/Object;ZZ)Ljava/lang/Object; @ 162
Event: 2.185 Thread 0x0000000056313800 Uncommon trap: reason=bimorphic action=maybe_recompile pc=0x0000000002c07760 method=com.android.dx.cf.code.BytecodeArray.parseInstruction(ILcom/android/dx/cf/code/BytecodeArray$Visitor;)I @ 2281
Event: 2.206 Thread 0x000000005631a800 Uncommon trap: reason=unstable_if action=reinterpret pc=0x00000000028ccc98 method=java.util.HashMap.getNode(ILjava/lang/Object;)Ljava/util/HashMap$Node; @ 84
Event: 2.225 Thread 0x000000005631a800 Uncommon trap: reason=unstable_if action=reinterpret pc=0x0000000002be2d88 method=java.util.HashMap.getNode(ILjava/lang/Object;)Ljava/util/HashMap$Node; @ 84
Event: 2.264 Thread 0x0000000056313800 Uncommon trap: reason=bimorphic action=maybe_recompile pc=0x0000000002c07760 method=com.android.dx.cf.code.BytecodeArray.parseInstruction(ILcom/android/dx/cf/code/BytecodeArray$Visitor;)I @ 2281
Event: 2.373 Thread 0x000000005631a800 Uncommon trap: reason=bimorphic action=maybe_recompile pc=0x0000000002c08518 method=com.android.dx.cf.code.BytecodeArray.parseInstruction(ILcom/android/dx/cf/code/BytecodeArray$Visitor;)I @ 1130
Event: 2.373 Thread 0x000000005631a800 Uncommon trap: reason=bimorphic action=maybe_recompile pc=0x0000000002c08148 method=com.android.dx.cf.code.BytecodeArray.parseInstruction(ILcom/android/dx/cf/code/BytecodeArray$Visitor;)I @ 907
Event: 2.373 Thread 0x000000005631a800 Uncommon trap: reason=bimorphic action=maybe_recompile pc=0x0000000002c08518 method=com.android.dx.cf.code.BytecodeArray.parseInstruction(ILcom/android/dx/cf/code/BytecodeArray$Visitor;)I @ 1130

Internal exceptions (6 events):
Event: 0.083 Thread 0x00000000021ae800 Exception <a 'java/lang/NoSuchMethodError': Method sun.misc.Unsafe.defineClass(Ljava/lang/String;[BII)Ljava/lang/Class; name or signature does not match> (0x00000000eab130d8) thrown at [D:\re\puppet\workspace\8-2-build-windows-amd64-cygwin\jdk8u73\6086\hot¨íÅk'µ?
Event: 0.083 Thread 0x00000000021ae800 Exception <a 'java/lang/NoSuchMethodError': Method sun.misc.Unsafe.prefetchRead(Ljava/lang/Object;J)V name or signature does not match> (0x00000000eab133c0) thrown at [D:\re\puppet\workspace\8-2-build-windows-amd64-cygwin\jdk8u73\6086\hotspot\src\share\vm\
4§ê†ø?
Event: 1.533 Thread 0x0000000056316800 Implicit null exception at 0x0000000002922ba2 to 0x00000000029242cd
Event: 2.200 Thread 0x000000005631a800 Exception <a 'java/lang/ArrayIndexOutOfBoundsException': 18> (0x00000000ec55b1a0) thrown at [D:\re\puppet\workspace\8-2-build-windows-amd64-cygwin\jdk8u73\6086\hotspot\src\share\vm\interpreter\interpreterRuntime.cpp, line 366]
Event: 2.201 Thread 0x000000005631a800 Exception <a 'java/lang/ArrayIndexOutOfBoundsException'> (0x00000000ec55cd20) thrown at [D:\re\puppet\workspace\8-2-build-windows-amd64-cygwin\jdk8u73\6086\hotspot\src\share\vm\runtime\sharedRuntime.cpp, line 605]
Event: 2.205 Thread 0x000000005631a800 Exception <a 'java/lang/ArrayIndexOutOfBoundsException'> (0x00000000ec55e008) thrown at [D:\re\puppet\workspace\8-2-build-windows-amd64-cygwin\jdk8u73\6086\hotspot\src\share\vm\runtime\sharedRuntime.cpp, line 605]

Events (10 events):
Event: 2.468 Thread 0x000000005631a800 DEOPT PACKING pc=0x0000000002b805ac sp=0x000000005714e850
Event: 2.468 Thread 0x000000005631a800 DEOPT UNPACKING pc=0x00000000026d787f sp=0x000000005714e5e0 mode 0
Event: 2.521 Executing VM operation: ParallelGCFailedAllocation
Event: 2.538 Executing VM operation: ParallelGCFailedAllocation done
Event: 2.562 Thread 0x0000000056316000 DEOPT PACKING pc=0x0000000002b842cf sp=0x0000000056f0e6e0
Event: 2.562 Thread 0x0000000056316000 DEOPT UNPACKING pc=0x00000000026d787f sp=0x0000000056f0e458 mode 0
Event: 2.563 Thread 0x0000000056316000 DEOPT PACKING pc=0x0000000002b850c4 sp=0x0000000056f0e640
Event: 2.563 Thread 0x0000000056316000 DEOPT UNPACKING pc=0x00000000026d787f sp=0x0000000056f0e368 mode 0
Event: 2.878 Thread 0x0000000056316800 DEOPT PACKING pc=0x0000000002a254fb sp=0x00000000575ee980
Event: 2.878 Thread 0x0000000056316800 DEOPT UNPACKING pc=0x00000000026d787f sp=0x00000000575ee748 mode 0


Dynamic libraries:
0x000000013f060000 - 0x000000013f097000 	C:\Program Files\Java\jdk1.8.0_73\bin\java.exe
0x0000000077270000 - 0x000000007741a000 	C:\Windows\SYSTEM32\ntdll.dll
0x0000000077150000 - 0x000000007726f000 	C:\Windows\system32\kernel32.dll
0x000007fefcfd0000 - 0x000007fefd03a000 	C:\Windows\system32\KERNELBASE.dll
0x0000000074ca0000 - 0x0000000074d27000 	C:\Windows\System32\SYSFER.DLL
0x000007fefdc80000 - 0x000007fefdd5b000 	C:\Windows\system32\ADVAPI32.dll
0x000007fefdd60000 - 0x000007fefddff000 	C:\Windows\system32\msvcrt.dll
0x000007feff560000 - 0x000007feff57f000 	C:\Windows\SYSTEM32\sechost.dll
0x000007fefd450000 - 0x000007fefd57d000 	C:\Windows\system32\RPCRT4.dll
0x0000000077050000 - 0x000000007714a000 	C:\Windows\system32\USER32.dll
0x000007fefd7e0000 - 0x000007fefd847000 	C:\Windows\system32\GDI32.dll
0x000007fefd430000 - 0x000007fefd43e000 	C:\Windows\system32\LPK.dll
0x000007fefd360000 - 0x000007fefd42a000 	C:\Windows\system32\USP10.dll
0x000007fefbf40000 - 0x000007fefc134000 	C:\Windows\WinSxS\amd64_microsoft.windows.common-controls_6595b64144ccf1df_6.0.7601.18837_none_fa3b1e3d17594757\COMCTL32.dll
0x000007fefe2e0000 - 0x000007fefe351000 	C:\Windows\system32\SHLWAPI.dll
0x000007fefd580000 - 0x000007fefd5ae000 	C:\Windows\system32\IMM32.DLL
0x000007fefdea0000 - 0x000007fefdfa9000 	C:\Windows\system32\MSCTF.dll
0x000000005c340000 - 0x000000005c412000 	C:\Program Files\Java\jdk1.8.0_73\jre\bin\msvcr100.dll
0x000000005dca0000 - 0x000000005e530000 	C:\Program Files\Java\jdk1.8.0_73\jre\bin\server\jvm.dll
0x000007feef9c0000 - 0x000007feef9c9000 	C:\Windows\system32\WSOCK32.dll
0x000007fefdfb0000 - 0x000007fefdffd000 	C:\Windows\system32\WS2_32.dll
0x000007fefd440000 - 0x000007fefd448000 	C:\Windows\system32\NSI.dll
0x000007fefbc00000 - 0x000007fefbc3b000 	C:\Windows\system32\WINMM.dll
0x000007fefc330000 - 0x000007fefc33c000 	C:\Windows\system32\VERSION.dll
0x0000000077430000 - 0x0000000077437000 	C:\Windows\system32\PSAPI.DLL
0x00000000714a0000 - 0x00000000714af000 	C:\Program Files\Java\jdk1.8.0_73\jre\bin\verify.dll
0x0000000060030000 - 0x0000000060059000 	C:\Program Files\Java\jdk1.8.0_73\jre\bin\java.dll
0x0000000060010000 - 0x0000000060026000 	C:\Program Files\Java\jdk1.8.0_73\jre\bin\zip.dll
0x000007fefe360000 - 0x000007feff0ea000 	C:\Windows\system32\SHELL32.dll
0x000007fefd5b0000 - 0x000007fefd7b3000 	C:\Windows\system32\ole32.dll
0x000007fefcfa0000 - 0x000007fefcfaf000 	C:\Windows\system32\profapi.dll

VM Arguments:
jvm_args: -Djava.awt.headless=true -Xmx1024M -Dfile.encoding=windows-1251 -Duser.country=RU -Duser.language=ru -Duser.variant 
java_command: com.android.dx.command.Main --dex --force-jumbo --num-threads=4 --output C:\asp\NGS_vacancy\app\build\intermediates\pre-dexed\debug\okhttp-3.3.0_5cbcb67160bc879b5b35a7a0c40f7b9748595ab1.jar C:\Users\avtseben\.gradle\caches\modules-2\files-2.1\com.squareup.okhttp3\okhttp\3.3.0\2b802460eea20f8f2ad9c08c74e0f14718e88aa9\okhttp-3.3.0.jar
java_class_path (initial): C:\Users\avtseben\AppData\Local\Android\Sdk\build-tools\23.0.3\lib\dx.jar
Launcher Type: SUN_STANDARD

Environment Variables:
PATH=C:\Program Files\Broadcom\Broadcom 802.11;c:\Program Files (x86)\Intel\iCLS Client\;c:\Program Files\Intel\iCLS Client\;C:\ProgramData\Oracle\Java\javapath;C:\Windows\system32;C:\Windows;C:\Windows\System32\Wbem;C:\Windows\System32\WindowsPowerShell\v1.0\;C:\Program Files\Intel\Intel(R) Management Engine Components\DAL;C:\Program Files\Intel\Intel(R) Management Engine Components\IPT;C:\Program Files (x86)\Intel\Intel(R) Management Engine Components\DAL;C:\Program Files (x86)\Intel\Intel(R) Management Engine Components\IPT;c:\Program Files\WIDCOMM\Bluetooth Software\;c:\Program Files\WIDCOMM\Bluetooth Software\syswow64;C:\Program Files (x86)\Hewlett-Packard\HP ProtectTools Security Manager\Bin\;C:\Program Files (x86)\Skype\Phone\;C:\Program Files\OpenVPN\bin;C:\androidSDK\platform-tools\;C:\Program Files\Broadcom\Broadcom 802.11;c:\Program Files (x86)\Intel\iCLS Client\;c:\Program Files\Intel\iCLS Client\;C:\ProgramData\Oracle\Java\javapath;C:\Windows\system32;C:\Windows;C:\Windows\System32\Wbem;C:\Windows\System32\WindowsPowerShell\v1.0\;C:\Program Files\Intel\Intel(R) Management Engine Components\DAL;C:\Program Files\Intel\Intel(R) Management Engine Components\IPT;C:\Program Files (x86)\Intel\Intel(R) Management Engine Components\DAL;C:\Program Files (x86)\Intel\Intel(R) Management Engine Components\IPT;c:\Program Files\WIDCOMM\Bluetooth Software\;c:\Program Files\WIDCOMM\Bluetooth Software\syswow64;C:\Program Files (x86)\Hewlett-Packard\HP ProtectTools Security Manager\Bin\;C:\Program Files (x86)\Brackets\command;C:\Program Files (x86)\Skype\Phone\;C:\Program Files (x86)\ufs2tools-0.8\ufs2tools\;C:\Program Files\Git\bin\;C:\androidSDK\platform-tools;C:\gradle\bin
USERNAME=avtseben
OS=Windows_NT
PROCESSOR_IDENTIFIER=Intel64 Family 6 Model 58 Stepping 9, GenuineIntel



---------------  S Y S T E M  ---------------

OS: Windows 7 , 64 bit Build 7601 (6.1.7601.23572)

CPU:total 4 (2 cores per cpu, 2 threads per core) family 6 model 58 stepping 9, cmov, cx8, fxsr, mmx, sse, sse2, sse3, ssse3, sse4.1, sse4.2, popcnt, avx, aes, clmul, erms, ht, tsc, tscinvbit, tscinv

Memory: 4k page, physical 4056748k(342460k free), swap 4734624k(8996k free)

vm_info: Java HotSpot(TM) 64-Bit Server VM (25.73-b02) for windows-amd64 JRE (1.8.0_73-b02), built on Jan 29 2016 17:38:49 by "java_re" with MS VC++ 10.0 (VS2010)

time: Sat Dec 24 20:25:48 2016
elapsed time: 2 seconds (0d 0h 0m 2s)

