#
# There is insufficient memory for the Java Runtime Environment to continue.
# Native memory allocation (malloc) failed to allocate 340240 bytes for Chunk::new
# Possible reasons:
#   The system is out of physical RAM or swap space
#   In 32 bit mode, the process size limit was hit
# Possible solutions:
#   Reduce memory load on the system
#   Increase physical memory or swap space
#   Check if swap backing store is full
#   Use 64 bit Java on a 64 bit OS
#   Decrease Java heap size (-Xmx/-Xms)
#   Decrease number of Java threads
#   Decrease Java thread stack sizes (-Xss)
#   Set larger code cache with -XX:ReservedCodeCacheSize=
# This output file may be truncated or incomplete.
#
#  Out of Memory Error (allocation.cpp:390), pid=3712, tid=6432
#
# JRE version: Java(TM) SE Runtime Environment (8.0_73-b02) (build 1.8.0_73-b02)
# Java VM: Java HotSpot(TM) 64-Bit Server VM (25.73-b02 mixed mode windows-amd64 compressed oops)
# Failed to write core dump. Minidumps are not enabled by default on client versions of Windows
#

---------------  T H R E A D  ---------------

Current thread (0x0000000056f19000):  JavaThread "C2 CompilerThread1" daemon [_thread_in_native, id=6432, stack(0x00000000575c0000,0x00000000576c0000)]

Stack: [0x00000000575c0000,0x00000000576c0000]
[error occurred during error reporting (printing stack bounds), id 0xc0000005]

Native frames: (J=compiled Java code, j=interpreted, Vv=VM code, C=native code)


Current CompileTask:
C2:  13763 1462       4       com.android.dx.ssa.back.SsaToRop::convertBasicBlock (126 bytes)


---------------  P R O C E S S  ---------------

Java Threads: ( => current thread )
  0x00000000570bb000 JavaThread "pool-1-thread-4" [_thread_blocked, id=2132, stack(0x00000000585b0000,0x00000000586b0000)]
  0x00000000570ba800 JavaThread "pool-1-thread-3" [_thread_blocked, id=5360, stack(0x00000000588f0000,0x00000000589f0000)]
  0x00000000570b9800 JavaThread "pool-1-thread-2" [_thread_blocked, id=7664, stack(0x00000000586d0000,0x00000000587d0000)]
  0x00000000570b8800 JavaThread "pool-2-thread-1" [_thread_blocked, id=4028, stack(0x00000000584b0000,0x00000000585b0000)]
  0x0000000057100000 JavaThread "pool-1-thread-1" [_thread_in_Java, id=4304, stack(0x00000000582a0000,0x00000000583a0000)]
  0x0000000056f7c800 JavaThread "Service Thread" daemon [_thread_blocked, id=4960, stack(0x0000000057880000,0x0000000057980000)]
  0x0000000056f1a000 JavaThread "C1 CompilerThread2" daemon [_thread_blocked, id=7880, stack(0x0000000056b70000,0x0000000056c70000)]
=>0x0000000056f19000 JavaThread "C2 CompilerThread1" daemon [_thread_in_native, id=6432, stack(0x00000000575c0000,0x00000000576c0000)]
  0x0000000056f17000 JavaThread "C2 CompilerThread0" daemon [_thread_in_native, id=7012, stack(0x0000000057480000,0x0000000057580000)]
  0x0000000056f13800 JavaThread "Attach Listener" daemon [_thread_blocked, id=1288, stack(0x0000000055fa0000,0x00000000560a0000)]
  0x00000000552d1800 JavaThread "Signal Dispatcher" daemon [_thread_blocked, id=5460, stack(0x0000000057380000,0x0000000057480000)]
  0x0000000055272000 JavaThread "Finalizer" daemon [_thread_blocked, id=5168, stack(0x0000000056e10000,0x0000000056f10000)]
  0x0000000055270800 JavaThread "Reference Handler" daemon [_thread_blocked, id=5340, stack(0x0000000056cb0000,0x0000000056db0000)]
  0x00000000021be800 JavaThread "main" [_thread_blocked, id=7536, stack(0x0000000002480000,0x0000000002580000)]

Other Threads:
  0x000000005526b000 VMThread [stack: 0x0000000056a70000,0x0000000056b70000] [id=4088]
  0x0000000056f90800 WatcherThread [stack: 0x00000000576d0000,0x00000000577d0000] [id=6180]

VM state:not at safepoint (normal execution)

VM Mutex/Monitor currently owned by a thread: None

Heap:
 PSYoungGen      total 18432K, used 16721K [0x00000000eab00000, 0x00000000ebf80000, 0x0000000100000000)
  eden space 15872K, 89% used [0x00000000eab00000,0x00000000eb8d5ce0,0x00000000eba80000)
  from space 2560K, 99% used [0x00000000ebd00000,0x00000000ebf7eaa8,0x00000000ebf80000)
  to   space 2560K, 0% used [0x00000000eba80000,0x00000000eba80000,0x00000000ebd00000)
 ParOldGen       total 42496K, used 2304K [0x00000000c0000000, 0x00000000c2980000, 0x00000000eab00000)
  object space 42496K, 5% used [0x00000000c0000000,0x00000000c0240110,0x00000000c2980000)
 Metaspace       used 5978K, capacity 7024K, committed 7296K, reserved 1056768K
  class space    used 587K, capacity 616K, committed 640K, reserved 1048576K

Card table byte_map: [0x0000000011c10000,0x0000000011e20000] byte_map_base: 0x0000000011610000

Marking Bits: (ParMarkBitMap*) 0x0000000056930600
 Begin Bits: [0x00000000126e0000, 0x00000000136e0000)
 End Bits:   [0x00000000136e0000, 0x00000000146e0000)

Polling page: 0x0000000000330000

CodeCache: size=245760Kb used=5848Kb max_used=5868Kb free=239911Kb
 bounds [0x0000000002850000, 0x0000000002e20000, 0x0000000011850000]
 total_blobs=1719 nmethods=1456 adapters=176
 compilation: enabled

Compilation events (10 events):
Event: 13.631 Thread 0x0000000056f19000 nmethod 1459 0x0000000002dffc90 code [0x0000000002dffde0, 0x0000000002dffe68]
Event: 13.631 Thread 0x0000000056f19000 1458       4       java.util.ArrayList$SubList::removeRange (47 bytes)
Event: 13.635 Thread 0x0000000056f17000 nmethod 1457 0x0000000002e0ba90 code [0x0000000002e0bc00, 0x0000000002e0be78]
Event: 13.635 Thread 0x0000000056f19000 nmethod 1458 0x0000000002e0a510 code [0x0000000002e0a660, 0x0000000002e0a8b8]
Event: 13.730 Thread 0x0000000056f1a000 1460       3       java.util.concurrent.locks.ReentrantLock::lock (8 bytes)
Event: 13.730 Thread 0x0000000056f1a000 nmethod 1460 0x0000000002dfba10 code [0x0000000002dfbb80, 0x0000000002dfbda8]
Event: 13.730 Thread 0x0000000056f17000 1461       4       com.android.dx.ssa.back.FirstFitLocalCombiningAllocator$1::visitNonMoveInsn (6 bytes)
Event: 13.730 Thread 0x0000000056f19000 1462       4       com.android.dx.ssa.back.SsaToRop::convertBasicBlock (126 bytes)
Event: 13.731 Thread 0x0000000056f17000 nmethod 1461 0x0000000002e0b850 code [0x0000000002e0b9a0, 0x0000000002e0ba08]
Event: 13.731 Thread 0x0000000056f17000 1463       4       com.android.dx.ssa.Dominators::compress (229 bytes)

GC Heap History (4 events):
Event: 4.920 GC heap before
{Heap before GC invocations=1 (full 0):
 PSYoungGen      total 18432K, used 15872K [0x00000000eab00000, 0x00000000ebf80000, 0x0000000100000000)
  eden space 15872K, 100% used [0x00000000eab00000,0x00000000eba80000,0x00000000eba80000)
  from space 2560K, 0% used [0x00000000ebd00000,0x00000000ebd00000,0x00000000ebf80000)
  to   space 2560K, 0% used [0x00000000eba80000,0x00000000eba80000,0x00000000ebd00000)
 ParOldGen       total 42496K, used 0K [0x00000000c0000000, 0x00000000c2980000, 0x00000000eab00000)
  object space 42496K, 0% used [0x00000000c0000000,0x00000000c0000000,0x00000000c2980000)
 Metaspace       used 5487K, capacity 6640K, committed 6784K, reserved 1056768K
  class space    used 578K, capacity 616K, committed 640K, reserved 1048576K
Event: 4.950 GC heap after
Heap after GC invocations=1 (full 0):
 PSYoungGen      total 18432K, used 2544K [0x00000000eab00000, 0x00000000ebf80000, 0x0000000100000000)
  eden space 15872K, 0% used [0x00000000eab00000,0x00000000eab00000,0x00000000eba80000)
  from space 2560K, 99% used [0x00000000eba80000,0x00000000ebcfc348,0x00000000ebd00000)
  to   space 2560K, 0% used [0x00000000ebd00000,0x00000000ebd00000,0x00000000ebf80000)
 ParOldGen       total 42496K, used 780K [0x00000000c0000000, 0x00000000c2980000, 0x00000000eab00000)
  object space 42496K, 1% used [0x00000000c0000000,0x00000000c00c31f8,0x00000000c2980000)
 Metaspace       used 5487K, capacity 6640K, committed 6784K, reserved 1056768K
  class space    used 578K, capacity 616K, committed 640K, reserved 1048576K
}
Event: 10.569 GC heap before
{Heap before GC invocations=2 (full 0):
 PSYoungGen      total 18432K, used 18416K [0x00000000eab00000, 0x00000000ebf80000, 0x0000000100000000)
  eden space 15872K, 100% used [0x00000000eab00000,0x00000000eba80000,0x00000000eba80000)
  from space 2560K, 99% used [0x00000000eba80000,0x00000000ebcfc348,0x00000000ebd00000)
  to   space 2560K, 0% used [0x00000000ebd00000,0x00000000ebd00000,0x00000000ebf80000)
 ParOldGen       total 42496K, used 780K [0x00000000c0000000, 0x00000000c2980000, 0x00000000eab00000)
  object space 42496K, 1% used [0x00000000c0000000,0x00000000c00c31f8,0x00000000c2980000)
 Metaspace       used 5882K, capacity 6960K, committed 7040K, reserved 1056768K
  class space    used 586K, capacity 616K, committed 640K, reserved 1048576K
Event: 10.636 GC heap after
Heap after GC invocations=2 (full 0):
 PSYoungGen      total 18432K, used 2554K [0x00000000eab00000, 0x00000000ebf80000, 0x0000000100000000)
  eden space 15872K, 0% used [0x00000000eab00000,0x00000000eab00000,0x00000000eba80000)
  from space 2560K, 99% used [0x00000000ebd00000,0x00000000ebf7eaa8,0x00000000ebf80000)
  to   space 2560K, 0% used [0x00000000eba80000,0x00000000eba80000,0x00000000ebd00000)
 ParOldGen       total 42496K, used 2304K [0x00000000c0000000, 0x00000000c2980000, 0x00000000eab00000)
  object space 42496K, 5% used [0x00000000c0000000,0x00000000c0240110,0x00000000c2980000)
 Metaspace       used 5882K, capacity 6960K, committed 7040K, reserved 1056768K
  class space    used 586K, capacity 616K, committed 640K, reserved 1048576K
}

Deoptimization events (10 events):
Event: 8.832 Thread 0x00000000570ba800 Uncommon trap: reason=unstable_if action=reinterpret pc=0x0000000002a8ae24 method=java.util.BitSet.ensureCapacity(I)V @ 6
Event: 8.832 Thread 0x00000000570ba800 Uncommon trap: reason=unstable_if action=reinterpret pc=0x0000000002a3a860 method=java.util.BitSet.nextSetBit(I)I @ 87
Event: 8.836 Thread 0x00000000570ba800 Uncommon trap: reason=unstable_if action=reinterpret pc=0x0000000002a3b90c method=java.util.HashMap.getNode(ILjava/lang/Object;)Ljava/util/HashMap$Node; @ 129
Event: 8.838 Thread 0x00000000570ba800 Uncommon trap: reason=unstable_if action=reinterpret pc=0x0000000002b63ec4 method=com.android.dx.rop.cst.Constant.compareTo(Lcom/android/dx/rop/cst/Constant;)I @ 12
Event: 10.709 Thread 0x00000000570ba800 Uncommon trap: reason=null_check action=make_not_entrant pc=0x0000000002b23434 method=com.android.dx.ssa.SsaRenamer.getLocalForNewReg(I)Lcom/android/dx/rop/code/LocalItem; @ 19
Event: 10.725 Thread 0x00000000570ba800 Uncommon trap: reason=class_check action=maybe_recompile pc=0x0000000002a76460 method=com.android.dx.ssa.NormalSsaInsn.accept(Lcom/android/dx/ssa/SsaInsn$Visitor;)V @ 9
Event: 10.725 Thread 0x00000000570ba800 Uncommon trap: reason=class_check action=maybe_recompile pc=0x0000000002a76460 method=com.android.dx.ssa.NormalSsaInsn.accept(Lcom/android/dx/ssa/SsaInsn$Visitor;)V @ 9
Event: 10.725 Thread 0x00000000570ba800 Uncommon trap: reason=class_check action=maybe_recompile pc=0x0000000002a76460 method=com.android.dx.ssa.NormalSsaInsn.accept(Lcom/android/dx/ssa/SsaInsn$Visitor;)V @ 9
Event: 13.755 Thread 0x0000000057100000 Uncommon trap: reason=class_check action=maybe_recompile pc=0x0000000002d89520 method=com.android.dx.cf.code.BytecodeArray.parseInstruction(ILcom/android/dx/cf/code/BytecodeArray$Visitor;)I @ 1549
Event: 13.755 Thread 0x0000000057100000 Uncommon trap: reason=class_check action=maybe_recompile pc=0x0000000002d89520 method=com.android.dx.cf.code.BytecodeArray.parseInstruction(ILcom/android/dx/cf/code/BytecodeArray$Visitor;)I @ 1549

Internal exceptions (3 events):
Event: 0.864 Thread 0x00000000021be800 Exception <a 'java/lang/NoSuchMethodError': Method sun.misc.Unsafe.defineClass(Ljava/lang/String;[BII)Ljava/lang/Class; name or signature does not match> (0x00000000eab130d8) thrown at [D:\re\puppet\workspace\8-2-build-windows-amd64-cygwin\jdk8u73\6086\hot€ﬁ‡…¶Î?
Event: 0.864 Thread 0x00000000021be800 Exception <a 'java/lang/NoSuchMethodError': Method sun.misc.Unsafe.prefetchRead(Ljava/lang/Object;J)V name or signature does not match> (0x00000000eab133c0) thrown at [D:\re\puppet\workspace\8-2-build-windows-amd64-cygwin\jdk8u73\6086\hotspot\src\share\vm\ù˘Ë{j%@
Event: 10.709 Thread 0x00000000570ba800 Implicit null exception at 0x0000000002b21c5f to 0x0000000002b233e9

Events (10 events):
Event: 10.725 Thread 0x00000000570ba800 DEOPT PACKING pc=0x0000000002a76460 sp=0x00000000589ee6a0
Event: 10.725 Thread 0x00000000570ba800 DEOPT UNPACKING pc=0x000000000289582a sp=0x00000000589ee640 mode 2
Event: 12.284 loading class com/android/dx/rop/code/RegisterSpec$1
Event: 12.284 loading class com/android/dx/rop/code/RegisterSpec$1 done
Event: 13.755 Thread 0x0000000057100000 Uncommon trap: trap_request=0xffffffde fr.pc=0x0000000002d89520
Event: 13.755 Thread 0x0000000057100000 DEOPT PACKING pc=0x0000000002d89520 sp=0x000000005839ea20
Event: 13.755 Thread 0x0000000057100000 DEOPT UNPACKING pc=0x000000000289582a sp=0x000000005839e988 mode 2
Event: 13.755 Thread 0x0000000057100000 Uncommon trap: trap_request=0xffffffde fr.pc=0x0000000002d89520
Event: 13.755 Thread 0x0000000057100000 DEOPT PACKING pc=0x0000000002d89520 sp=0x000000005839ea20
Event: 13.755 Thread 0x0000000057100000 DEOPT UNPACKING pc=0x000000000289582a sp=0x000000005839e988 mode 2


Dynamic libraries:
0x000000013f600000 - 0x000000013f637000 	C:\Program Files\Java\jdk1.8.0_73\bin\java.exe
0x0000000077270000 - 0x000000007741a000 	C:\Windows\SYSTEM32\ntdll.dll
0x0000000077150000 - 0x000000007726f000 	C:\Windows\system32\kernel32.dll
0x000007fefcfd0000 - 0x000007fefd03a000 	C:\Windows\system32\KERNELBASE.dll
0x0000000074ca0000 - 0x0000000074d27000 	C:\Windows\System32\SYSFER.DLL
0x000007fefdc80000 - 0x000007fefdd5b000 	C:\Windows\system32\ADVAPI32.dll
0x000007fefdd60000 - 0x000007fefddff000 	C:\Windows\system32\msvcrt.dll
0x000007feff560000 - 0x000007feff57f000 	C:\Windows\SYSTEM32\sechost.dll
0x000007fefd450000 - 0x000007fefd57d000 	C:\Windows\system32\RPCRT4.dll
0x0000000077050000 - 0x000000007714a000 	C:\Windows\system32\USER32.dll
0x000007fefd7e0000 - 0x000007fefd847000 	C:\Windows\system32\GDI32.dll
0x000007fefd430000 - 0x000007fefd43e000 	C:\Windows\system32\LPK.dll
0x000007fefd360000 - 0x000007fefd42a000 	C:\Windows\system32\USP10.dll
0x000007fefbf40000 - 0x000007fefc134000 	C:\Windows\WinSxS\amd64_microsoft.windows.common-controls_6595b64144ccf1df_6.0.7601.18837_none_fa3b1e3d17594757\COMCTL32.dll
0x000007fefe2e0000 - 0x000007fefe351000 	C:\Windows\system32\SHLWAPI.dll
0x000007fefd580000 - 0x000007fefd5ae000 	C:\Windows\system32\IMM32.DLL
0x000007fefdea0000 - 0x000007fefdfa9000 	C:\Windows\system32\MSCTF.dll
0x000000005dbe0000 - 0x000000005dcb2000 	C:\Program Files\Java\jdk1.8.0_73\jre\bin\msvcr100.dll
0x0000000056120000 - 0x00000000569b0000 	C:\Program Files\Java\jdk1.8.0_73\jre\bin\server\jvm.dll
0x000007feef9c0000 - 0x000007feef9c9000 	C:\Windows\system32\WSOCK32.dll
0x000007fefdfb0000 - 0x000007fefdffd000 	C:\Windows\system32\WS2_32.dll
0x000007fefd440000 - 0x000007fefd448000 	C:\Windows\system32\NSI.dll
0x000007fefbc00000 - 0x000007fefbc3b000 	C:\Windows\system32\WINMM.dll
0x000007fefc330000 - 0x000007fefc33c000 	C:\Windows\system32\VERSION.dll
0x0000000077430000 - 0x0000000077437000 	C:\Windows\system32\PSAPI.DLL
0x00000000707d0000 - 0x00000000707df000 	C:\Program Files\Java\jdk1.8.0_73\jre\bin\verify.dll
0x00000000707a0000 - 0x00000000707c9000 	C:\Program Files\Java\jdk1.8.0_73\jre\bin\java.dll
0x0000000070780000 - 0x0000000070796000 	C:\Program Files\Java\jdk1.8.0_73\jre\bin\zip.dll
0x000007fefe360000 - 0x000007feff0ea000 	C:\Windows\system32\SHELL32.dll
0x000007fefd5b0000 - 0x000007fefd7b3000 	C:\Windows\system32\ole32.dll
0x000007fefcfa0000 - 0x000007fefcfaf000 	C:\Windows\system32\profapi.dll

VM Arguments:
jvm_args: -Djava.awt.headless=true -Xmx1024M -Dfile.encoding=windows-1251 -Duser.country=RU -Duser.language=ru -Duser.variant 
java_command: com.android.dx.command.Main --dex --force-jumbo --num-threads=4 --output C:\asp\NGS_vacancy\app\build\intermediates\pre-dexed\debug\internal_impl-24.2.1_0236ed26d861c9b6b62f3a4e3f74dc6413c60737.jar C:\asp\NGS_vacancy\app\build\intermediates\exploded-aar\com.android.support\support-compat\24.2.1\jars\libs\internal_impl-24.2.1.jar
java_class_path (initial): C:\Users\avtseben\AppData\Local\Android\Sdk\build-tools\23.0.3\lib\dx.jar
Launcher Type: SUN_STANDARD

Environment Variables:
PATH=C:\Program Files\Broadcom\Broadcom 802.11;c:\Program Files (x86)\Intel\iCLS Client\;c:\Program Files\Intel\iCLS Client\;C:\ProgramData\Oracle\Java\javapath;C:\Windows\system32;C:\Windows;C:\Windows\System32\Wbem;C:\Windows\System32\WindowsPowerShell\v1.0\;C:\Program Files\Intel\Intel(R) Management Engine Components\DAL;C:\Program Files\Intel\Intel(R) Management Engine Components\IPT;C:\Program Files (x86)\Intel\Intel(R) Management Engine Components\DAL;C:\Program Files (x86)\Intel\Intel(R) Management Engine Components\IPT;c:\Program Files\WIDCOMM\Bluetooth Software\;c:\Program Files\WIDCOMM\Bluetooth Software\syswow64;C:\Program Files (x86)\Hewlett-Packard\HP ProtectTools Security Manager\Bin\;C:\Program Files (x86)\Skype\Phone\;C:\Program Files\OpenVPN\bin;C:\androidSDK\platform-tools\;C:\Program Files\Broadcom\Broadcom 802.11;c:\Program Files (x86)\Intel\iCLS Client\;c:\Program Files\Intel\iCLS Client\;C:\ProgramData\Oracle\Java\javapath;C:\Windows\system32;C:\Windows;C:\Windows\System32\Wbem;C:\Windows\System32\WindowsPowerShell\v1.0\;C:\Program Files\Intel\Intel(R) Management Engine Components\DAL;C:\Program Files\Intel\Intel(R) Management Engine Components\IPT;C:\Program Files (x86)\Intel\Intel(R) Management Engine Components\DAL;C:\Program Files (x86)\Intel\Intel(R) Management Engine Components\IPT;c:\Program Files\WIDCOMM\Bluetooth Software\;c:\Program Files\WIDCOMM\Bluetooth Software\syswow64;C:\Program Files (x86)\Hewlett-Packard\HP ProtectTools Security Manager\Bin\;C:\Program Files (x86)\Brackets\command;C:\Program Files (x86)\Skype\Phone\;C:\Program Files (x86)\ufs2tools-0.8\ufs2tools\;C:\Program Files\Git\bin\;C:\androidSDK\platform-tools;C:\gradle\bin
USERNAME=avtseben
OS=Windows_NT
PROCESSOR_IDENTIFIER=Intel64 Family 6 Model 58 Stepping 9, GenuineIntel



---------------  S Y S T E M  ---------------

OS: Windows 7 , 64 bit Build 7601 (6.1.7601.23572)

CPU:total 4 (2 cores per cpu, 2 threads per core) family 6 model 58 stepping 9, cmov, cx8, fxsr, mmx, sse, sse2, sse3, ssse3, sse4.1, sse4.2, popcnt, avx, aes, clmul, erms, ht, tsc, tscinvbit, tscinv

Memory: 4k page, physical 4056748k(503160k free), swap 4734624k(5100k free)

vm_info: Java HotSpot(TM) 64-Bit Server VM (25.73-b02) for windows-amd64 JRE (1.8.0_73-b02), built on Jan 29 2016 17:38:49 by "java_re" with MS VC++ 10.0 (VS2010)

time: Sat Dec 24 20:33:59 2016
elapsed time: 13 seconds (0d 0h 0m 13s)

