#
# There is insufficient memory for the Java Runtime Environment to continue.
# Native memory allocation (malloc) failed to allocate 291376 bytes for Chunk::new
# Possible reasons:
#   The system is out of physical RAM or swap space
#   In 32 bit mode, the process size limit was hit
# Possible solutions:
#   Reduce memory load on the system
#   Increase physical memory or swap space
#   Check if swap backing store is full
#   Use 64 bit Java on a 64 bit OS
#   Decrease Java heap size (-Xmx/-Xms)
#   Decrease number of Java threads
#   Decrease Java thread stack sizes (-Xss)
#   Set larger code cache with -XX:ReservedCodeCacheSize=
# This output file may be truncated or incomplete.
#
#  Out of Memory Error (allocation.cpp:390), pid=7984, tid=5028
#
# JRE version: Java(TM) SE Runtime Environment (8.0_73-b02) (build 1.8.0_73-b02)
# Java VM: Java HotSpot(TM) 64-Bit Server VM (25.73-b02 mixed mode windows-amd64 compressed oops)
# Failed to write core dump. Minidumps are not enabled by default on client versions of Windows
#

---------------  T H R E A D  ---------------

Current thread (0x00000000566f9000):  JavaThread "C2 CompilerThread1" daemon [_thread_in_native, id=5028, stack(0x0000000056eb0000,0x0000000056fb0000)]

Stack: [0x0000000056eb0000,0x0000000056fb0000]
[error occurred during error reporting (printing stack bounds), id 0xc0000005]

Native frames: (J=compiled Java code, j=interpreted, Vv=VM code, C=native code)


Current CompileTask:
C2:   4313  801       4       com.android.dx.ssa.back.LivenessAnalyzer::handleTailRecursion (94 bytes)


---------------  P R O C E S S  ---------------

Java Threads: ( => current thread )
  0x000000005695b000 JavaThread "pool-1-thread-4" [_thread_in_Java, id=4308, stack(0x0000000057a30000,0x0000000057b30000)]
  0x000000005695a000 JavaThread "pool-1-thread-3" [_thread_blocked, id=4220, stack(0x0000000057870000,0x0000000057970000)]
  0x0000000056880800 JavaThread "pool-1-thread-2" [_thread_blocked, id=2836, stack(0x0000000057220000,0x0000000057320000)]
  0x000000005687f000 JavaThread "pool-2-thread-1" [_thread_blocked, id=7492, stack(0x0000000057750000,0x0000000057850000)]
  0x000000005687e800 JavaThread "pool-1-thread-1" [_thread_blocked, id=8124, stack(0x0000000057500000,0x0000000057600000)]
  0x00000000566fc800 JavaThread "Service Thread" daemon [_thread_blocked, id=4524, stack(0x0000000057320000,0x0000000057420000)]
  0x00000000566fa000 JavaThread "C1 CompilerThread2" daemon [_thread_in_vm, id=7844, stack(0x0000000057100000,0x0000000057200000)]
=>0x00000000566f9000 JavaThread "C2 CompilerThread1" daemon [_thread_in_native, id=5028, stack(0x0000000056eb0000,0x0000000056fb0000)]
  0x00000000566f7000 JavaThread "C2 CompilerThread0" daemon [_thread_blocked, id=4480, stack(0x0000000056d10000,0x0000000056e10000)]
  0x00000000566f3800 JavaThread "Attach Listener" daemon [_thread_blocked, id=7396, stack(0x0000000056b10000,0x0000000056c10000)]
  0x0000000055151000 JavaThread "Signal Dispatcher" daemon [_thread_blocked, id=7040, stack(0x00000000560c0000,0x00000000561c0000)]
  0x00000000550f2000 JavaThread "Finalizer" daemon [_thread_blocked, id=5116, stack(0x00000000565f0000,0x00000000566f0000)]
  0x00000000550f0800 JavaThread "Reference Handler" daemon [_thread_blocked, id=768, stack(0x0000000056420000,0x0000000056520000)]
  0x00000000021de800 JavaThread "main" [_thread_in_vm, id=3892, stack(0x00000000024d0000,0x00000000025d0000)]

Other Threads:
  0x00000000550eb000 VMThread [stack: 0x00000000561d0000,0x00000000562d0000] [id=7576]
  0x0000000056763800 WatcherThread [stack: 0x0000000056fc0000,0x00000000570c0000] [id=7652]

VM state:not at safepoint (normal execution)

VM Mutex/Monitor currently owned by a thread: None

Heap:
 PSYoungGen      total 18432K, used 4015K [0x00000000eab00000, 0x00000000ebf80000, 0x0000000100000000)
  eden space 15872K, 9% used [0x00000000eab00000,0x00000000eac71430,0x00000000eba80000)
  from space 2560K, 99% used [0x00000000eba80000,0x00000000ebcfaab0,0x00000000ebd00000)
  to   space 2560K, 0% used [0x00000000ebd00000,0x00000000ebd00000,0x00000000ebf80000)
 ParOldGen       total 42496K, used 2049K [0x00000000c0000000, 0x00000000c2980000, 0x00000000eab00000)
  object space 42496K, 4% used [0x00000000c0000000,0x00000000c0200488,0x00000000c2980000)
 Metaspace       used 5644K, capacity 6768K, committed 7040K, reserved 1056768K
  class space    used 588K, capacity 616K, committed 640K, reserved 1048576K

Card table byte_map: [0x0000000011c60000,0x0000000011e70000] byte_map_base: 0x0000000011660000

Marking Bits: (ParMarkBitMap*) 0x000000005df70600
 Begin Bits: [0x0000000012560000, 0x0000000013560000)
 End Bits:   [0x0000000013560000, 0x0000000014560000)

Polling page: 0x0000000000140000

CodeCache: size=245760Kb used=3042Kb max_used=3042Kb free=242717Kb
 bounds [0x00000000028a0000, 0x0000000002ba0000, 0x00000000118a0000]
 total_blobs=1037 nmethods=774 adapters=176
 compilation: enabled

Compilation events (10 events):
Event: 4.266 Thread 0x00000000566fa000  789       3       com.android.dx.ssa.NormalSsaInsn::toRopInsn (19 bytes)
Event: 4.266 Thread 0x00000000566fa000 nmethod 789 0x0000000002b909d0 code [0x0000000002b90b40, 0x0000000002b90e88]
Event: 4.266 Thread 0x00000000566fa000  780       3       com.android.dx.ssa.Optimizer::getAdvice (4 bytes)
Event: 4.266 Thread 0x00000000566fa000 nmethod 780 0x0000000002b90f50 code [0x0000000002b910a0, 0x0000000002b911d0]
Event: 4.266 Thread 0x00000000566fa000  783       3       com.android.dx.ssa.back.FirstFitLocalCombiningAllocator$1::processInsn (169 bytes)
Event: 4.269 Thread 0x00000000566fa000 nmethod 783 0x0000000002b91250 code [0x0000000002b91600, 0x0000000002b93aa8]
Event: 4.269 Thread 0x00000000566fa000  796       3       com.android.dx.ssa.LiteralOpUpgrader$1::visitNonMoveInsn (203 bytes)
Event: 4.272 Thread 0x00000000566fa000 nmethod 796 0x0000000002b94cd0 code [0x0000000002b951a0, 0x0000000002b98c48]
Event: 4.272 Thread 0x00000000566fa000  797       3       com.android.dx.ssa.LiteralOpUpgrader::access$000 (6 bytes)
Event: 4.272 Thread 0x00000000566fa000 nmethod 797 0x0000000002b9a8d0 code [0x0000000002b9aa40, 0x0000000002b9aba8]

GC Heap History (2 events):
Event: 2.888 GC heap before
{Heap before GC invocations=1 (full 0):
 PSYoungGen      total 18432K, used 15872K [0x00000000eab00000, 0x00000000ebf80000, 0x0000000100000000)
  eden space 15872K, 100% used [0x00000000eab00000,0x00000000eba80000,0x00000000eba80000)
  from space 2560K, 0% used [0x00000000ebd00000,0x00000000ebd00000,0x00000000ebf80000)
  to   space 2560K, 0% used [0x00000000eba80000,0x00000000eba80000,0x00000000ebd00000)
 ParOldGen       total 42496K, used 0K [0x00000000c0000000, 0x00000000c2980000, 0x00000000eab00000)
  object space 42496K, 0% used [0x00000000c0000000,0x00000000c0000000,0x00000000c2980000)
 Metaspace       used 5615K, capacity 6768K, committed 7040K, reserved 1056768K
  class space    used 588K, capacity 616K, committed 640K, reserved 1048576K
Event: 4.192 GC heap after
Heap after GC invocations=1 (full 0):
 PSYoungGen      total 18432K, used 2538K [0x00000000eab00000, 0x00000000ebf80000, 0x0000000100000000)
  eden space 15872K, 0% used [0x00000000eab00000,0x00000000eab00000,0x00000000eba80000)
  from space 2560K, 99% used [0x00000000eba80000,0x00000000ebcfaab0,0x00000000ebd00000)
  to   space 2560K, 0% used [0x00000000ebd00000,0x00000000ebd00000,0x00000000ebf80000)
 ParOldGen       total 42496K, used 2049K [0x00000000c0000000, 0x00000000c2980000, 0x00000000eab00000)
  object space 42496K, 4% used [0x00000000c0000000,0x00000000c0200488,0x00000000c2980000)
 Metaspace       used 5615K, capacity 6768K, committed 7040K, reserved 1056768K
  class space    used 588K, capacity 616K, committed 640K, reserved 1048576K
}

Deoptimization events (0 events):
No events

Internal exceptions (2 events):
Event: 0.178 Thread 0x00000000021de800 Exception <a 'java/lang/NoSuchMethodError': Method sun.misc.Unsafe.defineClass(Ljava/lang/String;[BII)Ljava/lang/Class; name or signature does not match> (0x00000000eab130d8) thrown at [D:\re\puppet\workspace\8-2-build-windows-amd64-cygwin\jdk8u73\6086\hotn_ÄÜÇÆ?
Event: 0.178 Thread 0x00000000021de800 Exception <a 'java/lang/NoSuchMethodError': Method sun.misc.Unsafe.prefetchRead(Ljava/lang/Object;J)V name or signature does not match> (0x00000000eab133c0) thrown at [D:\re\puppet\workspace\8-2-build-windows-amd64-cygwin\jdk8u73\6086\hotspot\src\share\vm\

Events (10 events):
Event: 2.851 loading class com/android/dx/dex/file/MethodAnnotationStruct
Event: 2.851 loading class com/android/dx/dex/file/MethodAnnotationStruct done
Event: 2.865 loading class com/android/dx/dex/file/ParameterAnnotationStruct
Event: 2.865 loading class com/android/dx/dex/file/ParameterAnnotationStruct done
Event: 2.865 loading class com/android/dx/dex/file/UniformListItem
Event: 2.865 loading class com/android/dx/dex/file/UniformListItem done
Event: 2.866 loading class com/android/dx/dex/file/AnnotationSetRefItem
Event: 2.866 loading class com/android/dx/dex/file/AnnotationSetRefItem done
Event: 2.887 Executing VM operation: ParallelGCFailedAllocation
Event: 4.192 Executing VM operation: ParallelGCFailedAllocation done


Dynamic libraries:
0x000000013f120000 - 0x000000013f157000 	C:\Program Files\Java\jdk1.8.0_73\bin\java.exe
0x0000000077b10000 - 0x0000000077cba000 	C:\Windows\SYSTEM32\ntdll.dll
0x00000000779f0000 - 0x0000000077b0f000 	C:\Windows\system32\kernel32.dll
0x000007fefdb40000 - 0x000007fefdbaa000 	C:\Windows\system32\KERNELBASE.dll
0x0000000075540000 - 0x00000000755c7000 	C:\Windows\System32\SYSFER.DLL
0x000007fefe560000 - 0x000007fefe63b000 	C:\Windows\system32\ADVAPI32.dll
0x000007fefe1a0000 - 0x000007fefe23f000 	C:\Windows\system32\msvcrt.dll
0x000007fefe180000 - 0x000007fefe19f000 	C:\Windows\SYSTEM32\sechost.dll
0x000007fefeb60000 - 0x000007fefec8d000 	C:\Windows\system32\RPCRT4.dll
0x00000000778f0000 - 0x00000000779ea000 	C:\Windows\system32\USER32.dll
0x000007fefe440000 - 0x000007fefe4a7000 	C:\Windows\system32\GDI32.dll
0x000007fefded0000 - 0x000007fefdede000 	C:\Windows\system32\LPK.dll
0x000007fefdee0000 - 0x000007fefdfaa000 	C:\Windows\system32\USP10.dll
0x000007fefc7e0000 - 0x000007fefc9d4000 	C:\Windows\WinSxS\amd64_microsoft.windows.common-controls_6595b64144ccf1df_6.0.7601.18837_none_fa3b1e3d17594757\COMCTL32.dll
0x000007feff010000 - 0x000007feff081000 	C:\Windows\system32\SHLWAPI.dll
0x000007fefe4b0000 - 0x000007fefe4de000 	C:\Windows\system32\IMM32.DLL
0x000007fefe070000 - 0x000007fefe179000 	C:\Windows\system32\MSCTF.dll
0x0000000064290000 - 0x0000000064362000 	C:\Program Files\Java\jdk1.8.0_73\jre\bin\msvcr100.dll
0x000000005d760000 - 0x000000005dff0000 	C:\Program Files\Java\jdk1.8.0_73\jre\bin\server\jvm.dll
0x000007feeca20000 - 0x000007feeca29000 	C:\Windows\system32\WSOCK32.dll
0x000007fefe640000 - 0x000007fefe68d000 	C:\Windows\system32\WS2_32.dll
0x000007fefe430000 - 0x000007fefe438000 	C:\Windows\system32\NSI.dll
0x000007fefc4a0000 - 0x000007fefc4db000 	C:\Windows\system32\WINMM.dll
0x000007fefcbc0000 - 0x000007fefcbcc000 	C:\Windows\system32\VERSION.dll
0x0000000077cd0000 - 0x0000000077cd7000 	C:\Windows\system32\PSAPI.DLL
0x0000000073260000 - 0x000000007326f000 	C:\Program Files\Java\jdk1.8.0_73\jre\bin\verify.dll
0x0000000072330000 - 0x0000000072359000 	C:\Program Files\Java\jdk1.8.0_73\jre\bin\java.dll
0x0000000072310000 - 0x0000000072326000 	C:\Program Files\Java\jdk1.8.0_73\jre\bin\zip.dll
0x000007feff090000 - 0x000007feffe1a000 	C:\Windows\system32\SHELL32.dll
0x000007fefe950000 - 0x000007fefeb53000 	C:\Windows\system32\ole32.dll
0x000007fefd850000 - 0x000007fefd85f000 	C:\Windows\system32\profapi.dll

VM Arguments:
jvm_args: -Djava.awt.headless=true -Xmx1024M -Dfile.encoding=windows-1251 -Duser.country=RU -Duser.language=ru -Duser.variant 
java_command: com.android.dx.command.Main --dex --force-jumbo --num-threads=4 --output C:\asp\NGS_vacancy\app\build\intermediates\pre-dexed\debug\com.android.support-support-vector-drawable-24.2.1_e3ef8773c31edea489c24937869020baf61a7880.jar C:\asp\NGS_vacancy\app\build\intermediates\exploded-aar\com.android.support\support-vector-drawable\24.2.1\jars\classes.jar
java_class_path (initial): C:\Users\avtseben\AppData\Local\Android\Sdk\build-tools\23.0.3\lib\dx.jar
Launcher Type: SUN_STANDARD

Environment Variables:
PATH=C:\Program Files\Broadcom\Broadcom 802.11;c:\Program Files (x86)\Intel\iCLS Client\;c:\Program Files\Intel\iCLS Client\;C:\ProgramData\Oracle\Java\javapath;C:\Windows\system32;C:\Windows;C:\Windows\System32\Wbem;C:\Windows\System32\WindowsPowerShell\v1.0\;C:\Program Files\Intel\Intel(R) Management Engine Components\DAL;C:\Program Files\Intel\Intel(R) Management Engine Components\IPT;C:\Program Files (x86)\Intel\Intel(R) Management Engine Components\DAL;C:\Program Files (x86)\Intel\Intel(R) Management Engine Components\IPT;c:\Program Files\WIDCOMM\Bluetooth Software\;c:\Program Files\WIDCOMM\Bluetooth Software\syswow64;C:\Program Files (x86)\Hewlett-Packard\HP ProtectTools Security Manager\Bin\;C:\Program Files (x86)\Skype\Phone\;C:\Program Files\OpenVPN\bin;C:\androidSDK\platform-tools\;C:\Program Files\Broadcom\Broadcom 802.11;c:\Program Files (x86)\Intel\iCLS Client\;c:\Program Files\Intel\iCLS Client\;C:\ProgramData\Oracle\Java\javapath;C:\Windows\system32;C:\Windows;C:\Windows\System32\Wbem;C:\Windows\System32\WindowsPowerShell\v1.0\;C:\Program Files\Intel\Intel(R) Management Engine Components\DAL;C:\Program Files\Intel\Intel(R) Management Engine Components\IPT;C:\Program Files (x86)\Intel\Intel(R) Management Engine Components\DAL;C:\Program Files (x86)\Intel\Intel(R) Management Engine Components\IPT;c:\Program Files\WIDCOMM\Bluetooth Software\;c:\Program Files\WIDCOMM\Bluetooth Software\syswow64;C:\Program Files (x86)\Hewlett-Packard\HP ProtectTools Security Manager\Bin\;C:\Program Files (x86)\Brackets\command;C:\Program Files (x86)\Skype\Phone\;C:\Program Files (x86)\ufs2tools-0.8\ufs2tools\;C:\Program Files\Git\bin\;C:\androidSDK\platform-tools;C:\gradle\bin
USERNAME=avtseben
OS=Windows_NT
PROCESSOR_IDENTIFIER=Intel64 Family 6 Model 58 Stepping 9, GenuineIntel



---------------  S Y S T E M  ---------------

OS: Windows 7 , 64 bit Build 7601 (6.1.7601.23572)

CPU:total 4 (2 cores per cpu, 2 threads per core) family 6 model 58 stepping 9, cmov, cx8, fxsr, mmx, sse, sse2, sse3, ssse3, sse4.1, sse4.2, popcnt, avx, aes, clmul, erms, ht, tsc, tscinvbit, tscinv

Memory: 4k page, physical 4056748k(289040k free), swap 4727752k(5124k free)

vm_info: Java HotSpot(TM) 64-Bit Server VM (25.73-b02) for windows-amd64 JRE (1.8.0_73-b02), built on Jan 29 2016 17:38:49 by "java_re" with MS VC++ 10.0 (VS2010)

time: Wed Dec 21 23:06:45 2016
elapsed time: 4 seconds (0d 0h 0m 4s)

