#
# There is insufficient memory for the Java Runtime Environment to continue.
# Native memory allocation (malloc) failed to allocate 313856 bytes for Chunk::new
# Possible reasons:
#   The system is out of physical RAM or swap space
#   In 32 bit mode, the process size limit was hit
# Possible solutions:
#   Reduce memory load on the system
#   Increase physical memory or swap space
#   Check if swap backing store is full
#   Use 64 bit Java on a 64 bit OS
#   Decrease Java heap size (-Xmx/-Xms)
#   Decrease number of Java threads
#   Decrease Java thread stack sizes (-Xss)
#   Set larger code cache with -XX:ReservedCodeCacheSize=
# This output file may be truncated or incomplete.
#
#  Out of Memory Error (allocation.cpp:390), pid=4160, tid=7244
#
# JRE version: Java(TM) SE Runtime Environment (8.0_73-b02) (build 1.8.0_73-b02)
# Java VM: Java HotSpot(TM) 64-Bit Server VM (25.73-b02 mixed mode windows-amd64 compressed oops)
# Failed to write core dump. Minidumps are not enabled by default on client versions of Windows
#

---------------  T H R E A D  ---------------

Current thread (0x00000000563ab000):  JavaThread "C2 CompilerThread1" daemon [_thread_in_native, id=7244, stack(0x0000000056800000,0x0000000056900000)]

Stack: [0x0000000056800000,0x0000000056900000]
[error occurred during error reporting (printing stack bounds), id 0xc0000005]

Native frames: (J=compiled Java code, j=interpreted, Vv=VM code, C=native code)


Current CompileTask:
C2:   2594  519       4       com.android.dx.ssa.NormalSsaInsn::accept (25 bytes)


---------------  P R O C E S S  ---------------

Java Threads: ( => current thread )
  0x00000000565a3000 JavaThread "pool-1-thread-4" [_thread_in_vm, id=8176, stack(0x00000000577e0000,0x00000000578e0000)]
  0x00000000565ca000 JavaThread "pool-1-thread-3" [_thread_in_Java, id=8172, stack(0x00000000576c0000,0x00000000577c0000)]
  0x000000005658e800 JavaThread "pool-1-thread-2" [_thread_blocked, id=8124, stack(0x0000000057520000,0x0000000057620000)]
  0x0000000056584000 JavaThread "pool-2-thread-1" [_thread_blocked, id=8120, stack(0x00000000572e0000,0x00000000573e0000)]
  0x0000000056559800 JavaThread "pool-1-thread-1" [_thread_in_Java, id=8116, stack(0x0000000056f70000,0x0000000057070000)]
  0x0000000054e4f000 JavaThread "Service Thread" daemon [_thread_blocked, id=7204, stack(0x0000000056dc0000,0x0000000056ec0000)]
  0x00000000563ac000 JavaThread "C1 CompilerThread2" daemon [_thread_in_native, id=4736, stack(0x0000000056c20000,0x0000000056d20000)]
=>0x00000000563ab000 JavaThread "C2 CompilerThread1" daemon [_thread_in_native, id=7244, stack(0x0000000056800000,0x0000000056900000)]
  0x00000000563a5000 JavaThread "C2 CompilerThread0" daemon [_thread_blocked, id=168, stack(0x0000000056a70000,0x0000000056b70000)]
  0x00000000563a1800 JavaThread "Attach Listener" daemon [_thread_blocked, id=5004, stack(0x0000000056940000,0x0000000056a40000)]
  0x0000000054e41800 JavaThread "Signal Dispatcher" daemon [_thread_blocked, id=3036, stack(0x0000000055e40000,0x0000000055f40000)]
  0x0000000054de2000 JavaThread "Finalizer" daemon [_thread_blocked, id=6204, stack(0x00000000562a0000,0x00000000563a0000)]
  0x0000000054de0800 JavaThread "Reference Handler" daemon [_thread_blocked, id=7124, stack(0x0000000056090000,0x0000000056190000)]
  0x00000000003ae800 JavaThread "main" [_thread_in_Java, id=7260, stack(0x0000000002150000,0x0000000002250000)]

Other Threads:
  0x0000000054ddb000 VMThread [stack: 0x0000000055f80000,0x0000000056080000] [id=2312]
  0x000000005641c800 WatcherThread [stack: 0x0000000057080000,0x0000000057180000] [id=8112]

VM state:not at safepoint (normal execution)

VM Mutex/Monitor currently owned by a thread: None

Heap:
 PSYoungGen      total 18432K, used 11767K [0x00000000eab00000, 0x00000000ebf80000, 0x0000000100000000)
  eden space 15872K, 74% used [0x00000000eab00000,0x00000000eb67de28,0x00000000eba80000)
  from space 2560K, 0% used [0x00000000ebd00000,0x00000000ebd00000,0x00000000ebf80000)
  to   space 2560K, 0% used [0x00000000eba80000,0x00000000eba80000,0x00000000ebd00000)
 ParOldGen       total 42496K, used 0K [0x00000000c0000000, 0x00000000c2980000, 0x00000000eab00000)
  object space 42496K, 0% used [0x00000000c0000000,0x00000000c0000000,0x00000000c2980000)
 Metaspace       used 5392K, capacity 6512K, committed 6784K, reserved 1056768K
  class space    used 584K, capacity 616K, committed 640K, reserved 1048576K

Card table byte_map: [0x00000000118e0000,0x0000000011af0000] byte_map_base: 0x00000000112e0000

Marking Bits: (ParMarkBitMap*) 0x000000005cdd0600
 Begin Bits: [0x0000000012250000, 0x0000000013250000)
 End Bits:   [0x0000000013250000, 0x0000000014250000)

Polling page: 0x0000000000340000

CodeCache: size=245760Kb used=2092Kb max_used=2092Kb free=243667Kb
 bounds [0x0000000002520000, 0x0000000002790000, 0x0000000011520000]
 total_blobs=714 nmethods=451 adapters=176
 compilation: enabled

Compilation events (10 events):
Event: 2.591 Thread 0x00000000563ac000  489       3       java.util.BitSet::cardinality (32 bytes)
Event: 2.591 Thread 0x00000000563ac000 nmethod 489 0x0000000002703150 code [0x00000000027032c0, 0x0000000002703548]
Event: 2.591 Thread 0x00000000563ac000  498       3       com.android.dx.util.Bits::findFirst (61 bytes)
Event: 2.592 Thread 0x00000000563ac000 nmethod 498 0x0000000002702a50 code [0x0000000002702be0, 0x0000000002702f88]
Event: 2.592 Thread 0x00000000563ac000  503       3       java.util.BitSet::recalculateWordsInUse (39 bytes)
Event: 2.592 Thread 0x00000000563a5000 nmethod 517 0x0000000002705950 code [0x0000000002705ae0, 0x00000000027063f8]
Event: 2.592 Thread 0x00000000563ac000 nmethod 503 0x00000000027024d0 code [0x0000000002702640, 0x00000000027028b0]
Event: 2.592 Thread 0x00000000563ac000  497       3       java.util.ArrayList::<init> (12 bytes)
Event: 2.592 Thread 0x00000000563ac000 nmethod 497 0x00000000027053d0 code [0x0000000002705540, 0x00000000027057d0]
Event: 2.592 Thread 0x00000000563ac000  502       3       java.util.Vector::elementData (7 bytes)

GC Heap History (0 events):
No events

Deoptimization events (0 events):
No events

Internal exceptions (2 events):
Event: 1.068 Thread 0x00000000003ae800 Exception <a 'java/lang/NoSuchMethodError': Method sun.misc.Unsafe.defineClass(Ljava/lang/String;[BII)Ljava/lang/Class; name or signature does not match> (0x00000000eab130d8) thrown at [D:\re\puppet\workspace\8-2-build-windows-amd64-cygwin\jdk8u73\6086\hotÎ9“Gÿñ?
Event: 1.068 Thread 0x00000000003ae800 Exception <a 'java/lang/NoSuchMethodError': Method sun.misc.Unsafe.prefetchRead(Ljava/lang/Object;J)V name or signature does not match> (0x00000000eab133c0) thrown at [D:\re\puppet\workspace\8-2-build-windows-amd64-cygwin\jdk8u73\6086\hotspot\src\share\vm\

Events (10 events):
Event: 2.303 loading class com/android/dx/ssa/back/FirstFitLocalCombiningAllocator$Multiset
Event: 2.303 loading class com/android/dx/ssa/back/FirstFitLocalCombiningAllocator$Multiset done
Event: 2.427 loading class com/android/dx/dex/file/MethodAnnotationStruct
Event: 2.427 loading class com/android/dx/dex/file/MethodAnnotationStruct done
Event: 2.472 loading class com/android/dx/dex/file/FieldAnnotationStruct
Event: 2.472 loading class com/android/dx/dex/file/FieldAnnotationStruct done
Event: 2.504 loading class java/util/TreeMap$EntrySet
Event: 2.505 loading class java/util/TreeMap$EntrySet done
Event: 2.505 loading class java/util/TreeMap$EntryIterator
Event: 2.505 loading class java/util/TreeMap$EntryIterator done


Dynamic libraries:
0x000000013f4c0000 - 0x000000013f4f7000 	C:\Program Files\Java\jdk1.8.0_73\bin\java.exe
0x0000000077b10000 - 0x0000000077cba000 	C:\Windows\SYSTEM32\ntdll.dll
0x00000000779f0000 - 0x0000000077b0f000 	C:\Windows\system32\kernel32.dll
0x000007fefdb40000 - 0x000007fefdbaa000 	C:\Windows\system32\KERNELBASE.dll
0x0000000075540000 - 0x00000000755c7000 	C:\Windows\System32\SYSFER.DLL
0x000007fefe560000 - 0x000007fefe63b000 	C:\Windows\system32\ADVAPI32.dll
0x000007fefe1a0000 - 0x000007fefe23f000 	C:\Windows\system32\msvcrt.dll
0x000007fefe180000 - 0x000007fefe19f000 	C:\Windows\SYSTEM32\sechost.dll
0x000007fefeb60000 - 0x000007fefec8d000 	C:\Windows\system32\RPCRT4.dll
0x00000000778f0000 - 0x00000000779ea000 	C:\Windows\system32\USER32.dll
0x000007fefe440000 - 0x000007fefe4a7000 	C:\Windows\system32\GDI32.dll
0x000007fefded0000 - 0x000007fefdede000 	C:\Windows\system32\LPK.dll
0x000007fefdee0000 - 0x000007fefdfaa000 	C:\Windows\system32\USP10.dll
0x000007fefc7e0000 - 0x000007fefc9d4000 	C:\Windows\WinSxS\amd64_microsoft.windows.common-controls_6595b64144ccf1df_6.0.7601.18837_none_fa3b1e3d17594757\COMCTL32.dll
0x000007feff010000 - 0x000007feff081000 	C:\Windows\system32\SHLWAPI.dll
0x000007fefe4b0000 - 0x000007fefe4de000 	C:\Windows\system32\IMM32.DLL
0x000007fefe070000 - 0x000007fefe179000 	C:\Windows\system32\MSCTF.dll
0x00000000593b0000 - 0x0000000059482000 	C:\Program Files\Java\jdk1.8.0_73\jre\bin\msvcr100.dll
0x000000005c5c0000 - 0x000000005ce50000 	C:\Program Files\Java\jdk1.8.0_73\jre\bin\server\jvm.dll
0x000007feeca20000 - 0x000007feeca29000 	C:\Windows\system32\WSOCK32.dll
0x000007fefe640000 - 0x000007fefe68d000 	C:\Windows\system32\WS2_32.dll
0x000007fefe430000 - 0x000007fefe438000 	C:\Windows\system32\NSI.dll
0x000007fefc4a0000 - 0x000007fefc4db000 	C:\Windows\system32\WINMM.dll
0x000007fefcbc0000 - 0x000007fefcbcc000 	C:\Windows\system32\VERSION.dll
0x0000000077cd0000 - 0x0000000077cd7000 	C:\Windows\system32\PSAPI.DLL
0x00000000617e0000 - 0x00000000617ef000 	C:\Program Files\Java\jdk1.8.0_73\jre\bin\verify.dll
0x00000000605c0000 - 0x00000000605e9000 	C:\Program Files\Java\jdk1.8.0_73\jre\bin\java.dll
0x00000000605a0000 - 0x00000000605b6000 	C:\Program Files\Java\jdk1.8.0_73\jre\bin\zip.dll
0x000007feff090000 - 0x000007feffe1a000 	C:\Windows\system32\SHELL32.dll
0x000007fefe950000 - 0x000007fefeb53000 	C:\Windows\system32\ole32.dll
0x000007fefd850000 - 0x000007fefd85f000 	C:\Windows\system32\profapi.dll

VM Arguments:
jvm_args: -Djava.awt.headless=true -Xmx1024M -Dfile.encoding=windows-1251 -Duser.country=RU -Duser.language=ru -Duser.variant 
java_command: com.android.dx.command.Main --dex --force-jumbo --num-threads=4 --output C:\asp\NGS_vacancy\app\build\intermediates\pre-dexed\debug\com.android.support-support-core-utils-24.2.1_ad066250bac37d23de6986d3b83d6cc9638c7422.jar C:\asp\NGS_vacancy\app\build\intermediates\exploded-aar\com.android.support\support-core-utils\24.2.1\jars\classes.jar
java_class_path (initial): C:\Users\avtseben\AppData\Local\Android\Sdk\build-tools\23.0.3\lib\dx.jar
Launcher Type: SUN_STANDARD

Environment Variables:
PATH=C:\Program Files\Broadcom\Broadcom 802.11;c:\Program Files (x86)\Intel\iCLS Client\;c:\Program Files\Intel\iCLS Client\;C:\ProgramData\Oracle\Java\javapath;C:\Windows\system32;C:\Windows;C:\Windows\System32\Wbem;C:\Windows\System32\WindowsPowerShell\v1.0\;C:\Program Files\Intel\Intel(R) Management Engine Components\DAL;C:\Program Files\Intel\Intel(R) Management Engine Components\IPT;C:\Program Files (x86)\Intel\Intel(R) Management Engine Components\DAL;C:\Program Files (x86)\Intel\Intel(R) Management Engine Components\IPT;c:\Program Files\WIDCOMM\Bluetooth Software\;c:\Program Files\WIDCOMM\Bluetooth Software\syswow64;C:\Program Files (x86)\Hewlett-Packard\HP ProtectTools Security Manager\Bin\;C:\Program Files (x86)\Skype\Phone\;C:\Program Files\OpenVPN\bin;C:\androidSDK\platform-tools\;C:\Program Files\Broadcom\Broadcom 802.11;c:\Program Files (x86)\Intel\iCLS Client\;c:\Program Files\Intel\iCLS Client\;C:\ProgramData\Oracle\Java\javapath;C:\Windows\system32;C:\Windows;C:\Windows\System32\Wbem;C:\Windows\System32\WindowsPowerShell\v1.0\;C:\Program Files\Intel\Intel(R) Management Engine Components\DAL;C:\Program Files\Intel\Intel(R) Management Engine Components\IPT;C:\Program Files (x86)\Intel\Intel(R) Management Engine Components\DAL;C:\Program Files (x86)\Intel\Intel(R) Management Engine Components\IPT;c:\Program Files\WIDCOMM\Bluetooth Software\;c:\Program Files\WIDCOMM\Bluetooth Software\syswow64;C:\Program Files (x86)\Hewlett-Packard\HP ProtectTools Security Manager\Bin\;C:\Program Files (x86)\Brackets\command;C:\Program Files (x86)\Skype\Phone\;C:\Program Files (x86)\ufs2tools-0.8\ufs2tools\;C:\Program Files\Git\bin\;C:\androidSDK\platform-tools;C:\gradle\bin
USERNAME=avtseben
OS=Windows_NT
PROCESSOR_IDENTIFIER=Intel64 Family 6 Model 58 Stepping 9, GenuineIntel



---------------  S Y S T E M  ---------------

OS: Windows 7 , 64 bit Build 7601 (6.1.7601.23572)

CPU:total 4 (2 cores per cpu, 2 threads per core) family 6 model 58 stepping 9, cmov, cx8, fxsr, mmx, sse, sse2, sse3, ssse3, sse4.1, sse4.2, popcnt, avx, aes, clmul, erms, ht, tsc, tscinvbit, tscinv

Memory: 4k page, physical 4056748k(144896k free), swap 4727752k(5276k free)

vm_info: Java HotSpot(TM) 64-Bit Server VM (25.73-b02) for windows-amd64 JRE (1.8.0_73-b02), built on Jan 29 2016 17:38:49 by "java_re" with MS VC++ 10.0 (VS2010)

time: Tue Dec 20 23:10:33 2016
elapsed time: 2 seconds (0d 0h 0m 2s)

