#
# There is insufficient memory for the Java Runtime Environment to continue.
# Native memory allocation (malloc) failed to allocate 32744 bytes for ChunkPool::allocate
# Possible reasons:
#   The system is out of physical RAM or swap space
#   In 32 bit mode, the process size limit was hit
# Possible solutions:
#   Reduce memory load on the system
#   Increase physical memory or swap space
#   Check if swap backing store is full
#   Use 64 bit Java on a 64 bit OS
#   Decrease Java heap size (-Xmx/-Xms)
#   Decrease number of Java threads
#   Decrease Java thread stack sizes (-Xss)
#   Set larger code cache with -XX:ReservedCodeCacheSize=
# This output file may be truncated or incomplete.
#
#  Out of Memory Error (allocation.cpp:273), pid=8372, tid=8316
#
# JRE version: Java(TM) SE Runtime Environment (8.0_73-b02) (build 1.8.0_73-b02)
# Java VM: Java HotSpot(TM) 64-Bit Server VM (25.73-b02 mixed mode windows-amd64 compressed oops)
# Failed to write core dump. Minidumps are not enabled by default on client versions of Windows
#

---------------  T H R E A D  ---------------

Current thread (0x0000000056d59800):  JavaThread "C2 CompilerThread1" daemon [_thread_in_native, id=8316, stack(0x00000000572f0000,0x00000000573f0000)]

Stack: [0x00000000572f0000,0x00000000573f0000]
[error occurred during error reporting (printing stack bounds), id 0xc0000005]

Native frames: (J=compiled Java code, j=interpreted, Vv=VM code, C=native code)


Current CompileTask:
C2:   5470 1535   !   4       com.android.dx.cf.cst.ConstantPoolParser::parse0 (731 bytes)


---------------  P R O C E S S  ---------------

Java Threads: ( => current thread )
  0x0000000057056000 JavaThread "pool-1-thread-4" [_thread_blocked, id=8620, stack(0x0000000057f90000,0x0000000058090000)]
  0x000000005704a000 JavaThread "pool-1-thread-3" [_thread_blocked, id=8756, stack(0x0000000057d30000,0x0000000057e30000)]
  0x0000000057055000 JavaThread "pool-1-thread-2" [_thread_blocked, id=9128, stack(0x0000000057e80000,0x0000000057f80000)]
  0x0000000056eaf800 JavaThread "pool-2-thread-1" [_thread_blocked, id=7880, stack(0x0000000057c10000,0x0000000057d10000)]
  0x0000000056ead800 JavaThread "pool-1-thread-1" [_thread_blocked, id=8276, stack(0x0000000057af0000,0x0000000057bf0000)]
  0x0000000055a1f000 JavaThread "Service Thread" daemon [_thread_blocked, id=7116, stack(0x0000000057690000,0x0000000057790000)]
  0x0000000056d5a000 JavaThread "C1 CompilerThread2" daemon [_thread_blocked, id=7472, stack(0x0000000057560000,0x0000000057660000)]
=>0x0000000056d59800 JavaThread "C2 CompilerThread1" daemon [_thread_in_native, id=8316, stack(0x00000000572f0000,0x00000000573f0000)]
  0x0000000056d54000 JavaThread "C2 CompilerThread0" daemon [_thread_in_native, id=3904, stack(0x0000000057420000,0x0000000057520000)]
  0x0000000056d51800 JavaThread "Attach Listener" daemon [_thread_blocked, id=6412, stack(0x00000000571e0000,0x00000000572e0000)]
  0x0000000055a12000 JavaThread "Signal Dispatcher" daemon [_thread_blocked, id=9096, stack(0x0000000056b40000,0x0000000056c40000)]
  0x00000000559b2000 JavaThread "Finalizer" daemon [_thread_blocked, id=5776, stack(0x0000000056c50000,0x0000000056d50000)]
  0x00000000559b0800 JavaThread "Reference Handler" daemon [_thread_blocked, id=7252, stack(0x0000000056860000,0x0000000056960000)]
  0x000000000211e800 JavaThread "main" [_thread_blocked, id=7076, stack(0x0000000002450000,0x0000000002550000)]

Other Threads:
  0x00000000559ab000 VMThread [stack: 0x00000000569c0000,0x0000000056ac0000] [id=6984]
  0x0000000056de3000 WatcherThread [stack: 0x00000000578e0000,0x00000000579e0000] [id=9104]

VM state:not at safepoint (normal execution)

VM Mutex/Monitor currently owned by a thread: None

Heap:
 PSYoungGen      total 34304K, used 33057K [0x00000000eab00000, 0x00000000eee00000, 0x0000000100000000)
  eden space 31744K, 96% used [0x00000000eab00000,0x00000000ec8d0470,0x00000000eca00000)
  from space 2560K, 98% used [0x00000000eca00000,0x00000000ecc78038,0x00000000ecc80000)
  to   space 2560K, 0% used [0x00000000eeb80000,0x00000000eeb80000,0x00000000eee00000)
 ParOldGen       total 42496K, used 8728K [0x00000000c0000000, 0x00000000c2980000, 0x00000000eab00000)
  object space 42496K, 20% used [0x00000000c0000000,0x00000000c0886318,0x00000000c2980000)
 Metaspace       used 5976K, capacity 7024K, committed 7296K, reserved 1056768K
  class space    used 589K, capacity 616K, committed 640K, reserved 1048576K

Card table byte_map: [0x0000000011be0000,0x0000000011df0000] byte_map_base: 0x00000000115e0000

Marking Bits: (ParMarkBitMap*) 0x00000000557a0600
 Begin Bits: [0x00000000123d0000, 0x00000000133d0000)
 End Bits:   [0x00000000133d0000, 0x00000000143d0000)

Polling page: 0x0000000000240000

CodeCache: size=245760Kb used=5434Kb max_used=5445Kb free=240326Kb
 bounds [0x0000000002820000, 0x0000000002d80000, 0x0000000011820000]
 total_blobs=1730 nmethods=1467 adapters=176
 compilation: enabled

Compilation events (10 events):
Event: 5.389 Thread 0x0000000056d5a000 1530  s    3       com.android.dx.dex.file.StringIdsSection::intern (53 bytes)
Event: 5.389 Thread 0x0000000056d5a000 nmethod 1530 0x0000000002d5dc90 code [0x0000000002d5de60, 0x0000000002d5e7b8]
Event: 5.391 Thread 0x0000000056d5a000 1532       3       com.android.dx.rop.code.Insn::canThrow (8 bytes)
Event: 5.391 Thread 0x0000000056d5a000 nmethod 1532 0x0000000002d5d6d0 code [0x0000000002d5d840, 0x0000000002d5db88]
Event: 5.420 Thread 0x0000000056d59800 nmethod 1518 0x0000000002d70d10 code [0x0000000002d70f40, 0x0000000002d72448]
Event: 5.420 Thread 0x0000000056d59800 1534       4       com.android.dx.ssa.SsaRenamer$BlockRenamer::updateSuccessorPhis (64 bytes)
Event: 5.449 Thread 0x0000000056d59800 nmethod 1534 0x0000000002d74350 code [0x0000000002d74500, 0x0000000002d75058]
Event: 5.449 Thread 0x0000000056d59800 1533       4       java.util.HashMap::resize (359 bytes)
Event: 5.459 Thread 0x0000000056d59800 nmethod 1533 0x0000000002d6f690 code [0x0000000002d6f820, 0x0000000002d6fd78]
Event: 5.459 Thread 0x0000000056d59800 1535   !   4       com.android.dx.cf.cst.ConstantPoolParser::parse0 (731 bytes)

GC Heap History (6 events):
Event: 1.044 GC heap before
{Heap before GC invocations=1 (full 0):
 PSYoungGen      total 18432K, used 15872K [0x00000000eab00000, 0x00000000ebf80000, 0x0000000100000000)
  eden space 15872K, 100% used [0x00000000eab00000,0x00000000eba80000,0x00000000eba80000)
  from space 2560K, 0% used [0x00000000ebd00000,0x00000000ebd00000,0x00000000ebf80000)
  to   space 2560K, 0% used [0x00000000eba80000,0x00000000eba80000,0x00000000ebd00000)
 ParOldGen       total 42496K, used 0K [0x00000000c0000000, 0x00000000c2980000, 0x00000000eab00000)
  object space 42496K, 0% used [0x00000000c0000000,0x00000000c0000000,0x00000000c2980000)
 Metaspace       used 5504K, capacity 6640K, committed 6784K, reserved 1056768K
  class space    used 585K, capacity 616K, committed 640K, reserved 1048576K
Event: 1.300 GC heap after
Heap after GC invocations=1 (full 0):
 PSYoungGen      total 18432K, used 2532K [0x00000000eab00000, 0x00000000ecf00000, 0x0000000100000000)
  eden space 15872K, 0% used [0x00000000eab00000,0x00000000eab00000,0x00000000eba80000)
  from space 2560K, 98% used [0x00000000eba80000,0x00000000ebcf9288,0x00000000ebd00000)
  to   space 2560K, 0% used [0x00000000ecc80000,0x00000000ecc80000,0x00000000ecf00000)
 ParOldGen       total 42496K, used 1335K [0x00000000c0000000, 0x00000000c2980000, 0x00000000eab00000)
  object space 42496K, 3% used [0x00000000c0000000,0x00000000c014de40,0x00000000c2980000)
 Metaspace       used 5504K, capacity 6640K, committed 6784K, reserved 1056768K
  class space    used 585K, capacity 616K, committed 640K, reserved 1048576K
}
Event: 1.838 GC heap before
{Heap before GC invocations=2 (full 0):
 PSYoungGen      total 18432K, used 18404K [0x00000000eab00000, 0x00000000ecf00000, 0x0000000100000000)
  eden space 15872K, 100% used [0x00000000eab00000,0x00000000eba80000,0x00000000eba80000)
  from space 2560K, 98% used [0x00000000eba80000,0x00000000ebcf9288,0x00000000ebd00000)
  to   space 2560K, 0% used [0x00000000ecc80000,0x00000000ecc80000,0x00000000ecf00000)
 ParOldGen       total 42496K, used 1335K [0x00000000c0000000, 0x00000000c2980000, 0x00000000eab00000)
  object space 42496K, 3% used [0x00000000c0000000,0x00000000c014de40,0x00000000c2980000)
 Metaspace       used 5696K, capacity 6768K, committed 7040K, reserved 1056768K
  class space    used 588K, capacity 616K, committed 640K, reserved 1048576K
Event: 2.447 GC heap after
Heap after GC invocations=2 (full 0):
 PSYoungGen      total 34304K, used 2528K [0x00000000eab00000, 0x00000000ecf00000, 0x0000000100000000)
  eden space 31744K, 0% used [0x00000000eab00000,0x00000000eab00000,0x00000000eca00000)
  from space 2560K, 98% used [0x00000000ecc80000,0x00000000ecef8018,0x00000000ecf00000)
  to   space 2560K, 0% used [0x00000000eca00000,0x00000000eca00000,0x00000000ecc80000)
 ParOldGen       total 42496K, used 3602K [0x00000000c0000000, 0x00000000c2980000, 0x00000000eab00000)
  object space 42496K, 8% used [0x00000000c0000000,0x00000000c0384928,0x00000000c2980000)
 Metaspace       used 5696K, capacity 6768K, committed 7040K, reserved 1056768K
  class space    used 588K, capacity 616K, committed 640K, reserved 1048576K
}
Event: 3.492 GC heap before
{Heap before GC invocations=3 (full 0):
 PSYoungGen      total 34304K, used 34272K [0x00000000eab00000, 0x00000000ecf00000, 0x0000000100000000)
  eden space 31744K, 100% used [0x00000000eab00000,0x00000000eca00000,0x00000000eca00000)
  from space 2560K, 98% used [0x00000000ecc80000,0x00000000ecef8018,0x00000000ecf00000)
  to   space 2560K, 0% used [0x00000000eca00000,0x00000000eca00000,0x00000000ecc80000)
 ParOldGen       total 42496K, used 3602K [0x00000000c0000000, 0x00000000c2980000, 0x00000000eab00000)
  object space 42496K, 8% used [0x00000000c0000000,0x00000000c0384928,0x00000000c2980000)
 Metaspace       used 5837K, capacity 6896K, committed 7040K, reserved 1056768K
  class space    used 589K, capacity 616K, committed 640K, reserved 1048576K
Event: 4.242 GC heap after
Heap after GC invocations=3 (full 0):
 PSYoungGen      total 34304K, used 2528K [0x00000000eab00000, 0x00000000eee00000, 0x0000000100000000)
  eden space 31744K, 0% used [0x00000000eab00000,0x00000000eab00000,0x00000000eca00000)
  from space 2560K, 98% used [0x00000000eca00000,0x00000000ecc78038,0x00000000ecc80000)
  to   space 2560K, 0% used [0x00000000eeb80000,0x00000000eeb80000,0x00000000eee00000)
 ParOldGen       total 42496K, used 8728K [0x00000000c0000000, 0x00000000c2980000, 0x00000000eab00000)
  object space 42496K, 20% used [0x00000000c0000000,0x00000000c0886318,0x00000000c2980000)
 Metaspace       used 5837K, capacity 6896K, committed 7040K, reserved 1056768K
  class space    used 589K, capacity 616K, committed 640K, reserved 1048576K
}

Deoptimization events (10 events):
Event: 3.087 Thread 0x000000000211e800 Uncommon trap: reason=class_check action=maybe_recompile pc=0x0000000002acc768 method=com.android.dx.ssa.NormalSsaInsn.accept(Lcom/android/dx/ssa/SsaInsn$Visitor;)V @ 9
Event: 3.142 Thread 0x000000000211e800 Uncommon trap: reason=unstable_if action=reinterpret pc=0x0000000002aeab1c method=com.android.dx.rop.code.RegisterSpecSet.put(Lcom/android/dx/rop/code/RegisterSpec;)V @ 77
Event: 3.143 Thread 0x000000000211e800 Uncommon trap: reason=unstable_if action=reinterpret pc=0x0000000002aedf98 method=com.android.dx.rop.code.RegisterSpecSet.put(Lcom/android/dx/rop/code/RegisterSpec;)V @ 77
Event: 3.296 Thread 0x000000000211e800 Uncommon trap: reason=unstable_if action=reinterpret pc=0x0000000002be44f4 method=com.android.dx.ssa.LiteralOpUpgrader$1.visitNonMoveInsn(Lcom/android/dx/ssa/NormalSsaInsn;)V @ 55
Event: 3.297 Thread 0x000000000211e800 Uncommon trap: reason=unstable_if action=reinterpret pc=0x0000000002b4918c method=com.android.dx.ssa.SsaMethod.updateOneDefinition(Lcom/android/dx/ssa/SsaInsn;Lcom/android/dx/rop/code/RegisterSpec;)V @ 4
Event: 3.298 Thread 0x000000000211e800 Uncommon trap: reason=unstable_if action=reinterpret pc=0x0000000002bd94ac method=com.android.dx.rop.code.LocalItem.compareHandlesNulls(Lcom/android/dx/rop/cst/CstString;Lcom/android/dx/rop/cst/CstString;)I @ 14
Event: 4.317 Thread 0x000000005704a000 Uncommon trap: reason=unstable_if action=reinterpret pc=0x0000000002aca604 method=com.android.dx.rop.cst.Constant.compareTo(Lcom/android/dx/rop/cst/Constant;)I @ 12
Event: 4.396 Thread 0x000000000211e800 Uncommon trap: reason=unstable_if action=reinterpret pc=0x0000000002bedb60 method=com.android.dx.cf.code.LocalVariableList$Item.matchesPcAndIndex(II)Z @ 13
Event: 4.734 Thread 0x0000000057055000 Uncommon trap: reason=null_check action=make_not_entrant pc=0x0000000002ac3410 method=com.android.dx.rop.type.Type.equals(Ljava/lang/Object;)Z @ 8
Event: 4.928 Thread 0x000000000211e800 Uncommon trap: reason=unstable_if action=reinterpret pc=0x0000000002a11354 method=java.util.HashMap.getNode(ILjava/lang/Object;)Ljava/util/HashMap$Node; @ 62

Internal exceptions (4 events):
Event: 0.183 Thread 0x000000000211e800 Exception <a 'java/lang/NoSuchMethodError': Method sun.misc.Unsafe.defineClass(Ljava/lang/String;[BII)Ljava/lang/Class; name or signature does not match> (0x00000000eab12de0) thrown at [D:\re\puppet\workspace\8-2-build-windows-amd64-cygwin\jdk8u73\6086\hotU«¬(Ò_Ç?
Event: 0.183 Thread 0x000000000211e800 Exception <a 'java/lang/NoSuchMethodError': Method sun.misc.Unsafe.prefetchRead(Ljava/lang/Object;J)V name or signature does not match> (0x00000000eab130c8) thrown at [D:\re\puppet\workspace\8-2-build-windows-amd64-cygwin\jdk8u73\6086\hotspot\src\share\vm\|PÉc
@
Event: 3.298 Thread 0x000000000211e800 Implicit null exception at 0x0000000002bd80bd to 0x0000000002bd9485
Event: 4.733 Thread 0x0000000057055000 Implicit null exception at 0x0000000002ac3312 to 0x0000000002ac3402

Events (10 events):
Event: 4.734 Thread 0x0000000057055000 Uncommon trap: trap_request=0xfffffff4 fr.pc=0x0000000002ac3410
Event: 4.734 Thread 0x0000000057055000 DEOPT PACKING pc=0x0000000002ac3410 sp=0x0000000057f7e700
Event: 4.734 Thread 0x0000000057055000 DEOPT UNPACKING pc=0x000000000286582a sp=0x0000000057f7e688 mode 2
Event: 4.740 Thread 0x0000000056ead800 DEOPT PACKING pc=0x0000000002af84f5 sp=0x0000000057bee8a0
Event: 4.740 Thread 0x0000000056ead800 DEOPT UNPACKING pc=0x000000000286787f sp=0x0000000057bee638 mode 0
Event: 4.928 Thread 0x000000000211e800 Uncommon trap: trap_request=0xffffff65 fr.pc=0x0000000002a11354
Event: 4.928 Thread 0x000000000211e800 DEOPT PACKING pc=0x0000000002a11354 sp=0x000000000254e340
Event: 4.928 Thread 0x000000000211e800 DEOPT UNPACKING pc=0x000000000286582a sp=0x000000000254e250 mode 2
Event: 5.075 Thread 0x0000000056ead800 DEOPT PACKING pc=0x0000000002c1271b sp=0x0000000057bee980
Event: 5.075 Thread 0x0000000056ead800 DEOPT UNPACKING pc=0x000000000286787f sp=0x0000000057bee6d8 mode 0


Dynamic libraries:
0x000000013f060000 - 0x000000013f097000 	C:\Program Files\Java\jdk1.8.0_73\bin\java.exe
0x0000000077540000 - 0x00000000776ea000 	C:\Windows\SYSTEM32\ntdll.dll
0x0000000077420000 - 0x000000007753f000 	C:\Windows\system32\kernel32.dll
0x000007fefd330000 - 0x000007fefd39a000 	C:\Windows\system32\KERNELBASE.dll
0x0000000074f70000 - 0x0000000074ff7000 	C:\Windows\System32\SYSFER.DLL
0x000007fefd630000 - 0x000007fefd70b000 	C:\Windows\system32\ADVAPI32.dll
0x000007fefeb80000 - 0x000007fefec1f000 	C:\Windows\system32\msvcrt.dll
0x000007feff620000 - 0x000007feff63f000 	C:\Windows\SYSTEM32\sechost.dll
0x000007fefe6d0000 - 0x000007fefe7fd000 	C:\Windows\system32\RPCRT4.dll
0x0000000077320000 - 0x000000007741a000 	C:\Windows\system32\USER32.dll
0x000007fefec70000 - 0x000007fefecd7000 	C:\Windows\system32\GDI32.dll
0x000007fefe880000 - 0x000007fefe88e000 	C:\Windows\system32\LPK.dll
0x000007feff550000 - 0x000007feff61a000 	C:\Windows\system32\USP10.dll
0x000007fefc1d0000 - 0x000007fefc3c4000 	C:\Windows\WinSxS\amd64_microsoft.windows.common-controls_6595b64144ccf1df_6.0.7601.18837_none_fa3b1e3d17594757\COMCTL32.dll
0x000007fefd820000 - 0x000007fefd891000 	C:\Windows\system32\SHLWAPI.dll
0x000007fefd7f0000 - 0x000007fefd81e000 	C:\Windows\system32\IMM32.DLL
0x000007fefeec0000 - 0x000007fefefc9000 	C:\Windows\system32\MSCTF.dll
0x0000000061210000 - 0x00000000612e2000 	C:\Program Files\Java\jdk1.8.0_73\jre\bin\msvcr100.dll
0x0000000054f90000 - 0x0000000055820000 	C:\Program Files\Java\jdk1.8.0_73\jre\bin\server\jvm.dll
0x000007feec600000 - 0x000007feec609000 	C:\Windows\system32\WSOCK32.dll
0x000007fefec20000 - 0x000007fefec6d000 	C:\Windows\system32\WS2_32.dll
0x000007fefeb70000 - 0x000007fefeb78000 	C:\Windows\system32\NSI.dll
0x000007fefbed0000 - 0x000007fefbf0b000 	C:\Windows\system32\WINMM.dll
0x000007fefc5b0000 - 0x000007fefc5bc000 	C:\Windows\system32\VERSION.dll
0x0000000077700000 - 0x0000000077707000 	C:\Windows\system32\PSAPI.DLL
0x0000000071c70000 - 0x0000000071c7f000 	C:\Program Files\Java\jdk1.8.0_73\jre\bin\verify.dll
0x0000000071c40000 - 0x0000000071c69000 	C:\Program Files\Java\jdk1.8.0_73\jre\bin\java.dll
0x0000000065c70000 - 0x0000000065c86000 	C:\Program Files\Java\jdk1.8.0_73\jre\bin\zip.dll
0x000007fefd8a0000 - 0x000007fefe62a000 	C:\Windows\system32\SHELL32.dll
0x000007feff640000 - 0x000007feff843000 	C:\Windows\system32\ole32.dll
0x000007fefd280000 - 0x000007fefd28f000 	C:\Windows\system32\profapi.dll

VM Arguments:
jvm_args: -Djava.awt.headless=true -Xmx1024M -Dfile.encoding=windows-1251 -Duser.country=RU -Duser.language=ru -Duser.variant 
java_command: com.android.dx.command.Main --dex --force-jumbo --num-threads=4 --output C:\asp\NGS_vacancy\app\build\intermediates\pre-dexed\debug\com.android.support-support-media-compat-24.2.1_919525091849c5e6064dfee7bf8d316923666620.jar C:\asp\NGS_vacancy\app\build\intermediates\exploded-aar\com.android.support\support-media-compat\24.2.1\jars\classes.jar
java_class_path (initial): C:\Users\avtseben\AppData\Local\Android\Sdk\build-tools\23.0.3\lib\dx.jar
Launcher Type: SUN_STANDARD

Environment Variables:
PATH=C:\Program Files\Broadcom\Broadcom 802.11;c:\Program Files (x86)\Intel\iCLS Client\;c:\Program Files\Intel\iCLS Client\;C:\ProgramData\Oracle\Java\javapath;C:\Windows\system32;C:\Windows;C:\Windows\System32\Wbem;C:\Windows\System32\WindowsPowerShell\v1.0\;C:\Program Files\Intel\Intel(R) Management Engine Components\DAL;C:\Program Files\Intel\Intel(R) Management Engine Components\IPT;C:\Program Files (x86)\Intel\Intel(R) Management Engine Components\DAL;C:\Program Files (x86)\Intel\Intel(R) Management Engine Components\IPT;c:\Program Files\WIDCOMM\Bluetooth Software\;c:\Program Files\WIDCOMM\Bluetooth Software\syswow64;C:\Program Files (x86)\Hewlett-Packard\HP ProtectTools Security Manager\Bin\;C:\Program Files (x86)\Skype\Phone\;C:\Program Files\OpenVPN\bin;C:\androidSDK\platform-tools\;C:\Program Files\Broadcom\Broadcom 802.11;c:\Program Files (x86)\Intel\iCLS Client\;c:\Program Files\Intel\iCLS Client\;C:\ProgramData\Oracle\Java\javapath;C:\Windows\system32;C:\Windows;C:\Windows\System32\Wbem;C:\Windows\System32\WindowsPowerShell\v1.0\;C:\Program Files\Intel\Intel(R) Management Engine Components\DAL;C:\Program Files\Intel\Intel(R) Management Engine Components\IPT;C:\Program Files (x86)\Intel\Intel(R) Management Engine Components\DAL;C:\Program Files (x86)\Intel\Intel(R) Management Engine Components\IPT;c:\Program Files\WIDCOMM\Bluetooth Software\;c:\Program Files\WIDCOMM\Bluetooth Software\syswow64;C:\Program Files (x86)\Hewlett-Packard\HP ProtectTools Security Manager\Bin\;C:\Program Files (x86)\Brackets\command;C:\Program Files (x86)\Skype\Phone\;C:\Program Files (x86)\ufs2tools-0.8\ufs2tools\;C:\Program Files\Git\bin\;C:\androidSDK\platform-tools;C:\gradle\bin
USERNAME=avtseben
OS=Windows_NT
PROCESSOR_IDENTIFIER=Intel64 Family 6 Model 58 Stepping 9, GenuineIntel



---------------  S Y S T E M  ---------------

OS: Windows 7 , 64 bit Build 7601 (6.1.7601.23572)

CPU:total 4 (2 cores per cpu, 2 threads per core) family 6 model 58 stepping 9, cmov, cx8, fxsr, mmx, sse, sse2, sse3, ssse3, sse4.1, sse4.2, popcnt, avx, aes, clmul, erms, ht, tsc, tscinvbit, tscinv

Memory: 4k page, physical 4056748k(293408k free), swap 5123076k(5120k free)

vm_info: Java HotSpot(TM) 64-Bit Server VM (25.73-b02) for windows-amd64 JRE (1.8.0_73-b02), built on Jan 29 2016 17:38:49 by "java_re" with MS VC++ 10.0 (VS2010)

time: Sat Dec 24 11:44:14 2016
elapsed time: 5 seconds (0d 0h 0m 5s)

