#
# There is insufficient memory for the Java Runtime Environment to continue.
# Native memory allocation (malloc) failed to allocate 32744 bytes for ChunkPool::allocate
# Possible reasons:
#   The system is out of physical RAM or swap space
#   In 32 bit mode, the process size limit was hit
# Possible solutions:
#   Reduce memory load on the system
#   Increase physical memory or swap space
#   Check if swap backing store is full
#   Use 64 bit Java on a 64 bit OS
#   Decrease Java heap size (-Xmx/-Xms)
#   Decrease number of Java threads
#   Decrease Java thread stack sizes (-Xss)
#   Set larger code cache with -XX:ReservedCodeCacheSize=
# This output file may be truncated or incomplete.
#
#  Out of Memory Error (allocation.cpp:273), pid=4668, tid=9204
#
# JRE version: Java(TM) SE Runtime Environment (8.0_73-b02) (build 1.8.0_73-b02)
# Java VM: Java HotSpot(TM) 64-Bit Server VM (25.73-b02 mixed mode windows-amd64 compressed oops)
# Failed to write core dump. Minidumps are not enabled by default on client versions of Windows
#

---------------  T H R E A D  ---------------

Current thread (0x0000000056e0a800):  JavaThread "C1 CompilerThread2" daemon [_thread_in_native, id=9204, stack(0x00000000576f0000,0x00000000577f0000)]

Stack: [0x00000000576f0000,0x00000000577f0000]
[error occurred during error reporting (printing stack bounds), id 0xc0000005]

Native frames: (J=compiled Java code, j=interpreted, Vv=VM code, C=native code)


Current CompileTask:
C1:   1946  863   !   3       com.android.dx.cf.code.RopperMachine::run (1550 bytes)


---------------  P R O C E S S  ---------------

Java Threads: ( => current thread )
  0x0000000056fd6000 JavaThread "pool-1-thread-4" [_thread_in_vm, id=8216, stack(0x0000000057420000,0x0000000057520000)]
  0x0000000056fcf000 JavaThread "pool-1-thread-3" [_thread_in_Java, id=1000, stack(0x0000000057d70000,0x0000000057e70000)]
  0x0000000056fcd800 JavaThread "pool-1-thread-2" [_thread_in_vm, id=6356, stack(0x0000000057bd0000,0x0000000057cd0000)]
  0x0000000056fcc800 JavaThread "pool-2-thread-1" [_thread_blocked, id=1448, stack(0x0000000057200000,0x0000000057300000)]
  0x0000000056fba000 JavaThread "pool-1-thread-1" [_thread_in_Java, id=5184, stack(0x0000000057970000,0x0000000057a70000)]
  0x0000000056e3e000 JavaThread "Service Thread" daemon [_thread_blocked, id=7064, stack(0x0000000057850000,0x0000000057950000)]
=>0x0000000056e0a800 JavaThread "C1 CompilerThread2" daemon [_thread_in_native, id=9204, stack(0x00000000576f0000,0x00000000577f0000)]
  0x0000000056e09800 JavaThread "C2 CompilerThread1" daemon [_thread_in_native, id=2712, stack(0x00000000560d0000,0x00000000561d0000)]
  0x0000000056e04000 JavaThread "C2 CompilerThread0" daemon [_thread_in_native, id=9072, stack(0x0000000057590000,0x0000000057690000)]
  0x0000000056e00800 JavaThread "Attach Listener" daemon [_thread_blocked, id=1348, stack(0x0000000056bc0000,0x0000000056cc0000)]
  0x0000000054ee2000 JavaThread "Signal Dispatcher" daemon [_thread_blocked, id=7888, stack(0x0000000057300000,0x0000000057400000)]
  0x0000000054e82000 JavaThread "Finalizer" daemon [_thread_blocked, id=1556, stack(0x0000000056d00000,0x0000000056e00000)]
  0x0000000054e80800 JavaThread "Reference Handler" daemon [_thread_blocked, id=8384, stack(0x0000000055e00000,0x0000000055f00000)]
  0x000000000205e800 JavaThread "main" [_thread_in_Java, id=6256, stack(0x0000000002170000,0x0000000002270000)]

Other Threads:
  0x0000000054e7b000 VMThread [stack: 0x0000000056a70000,0x0000000056b70000] [id=8632]
  0x0000000056e8b000 WatcherThread [stack: 0x0000000057a90000,0x0000000057b90000] [id=5060]

VM state:not at safepoint (normal execution)

VM Mutex/Monitor currently owned by a thread: None

Heap:
 PSYoungGen      total 18432K, used 14679K [0x00000000eab00000, 0x00000000ecf00000, 0x0000000100000000)
  eden space 15872K, 76% used [0x00000000eab00000,0x00000000eb6d7530,0x00000000eba80000)
  from space 2560K, 99% used [0x00000000eba80000,0x00000000ebcfeaa0,0x00000000ebd00000)
  to   space 2560K, 0% used [0x00000000ecc80000,0x00000000ecc80000,0x00000000ecf00000)
 ParOldGen       total 42496K, used 1812K [0x00000000c0000000, 0x00000000c2980000, 0x00000000eab00000)
  object space 42496K, 4% used [0x00000000c0000000,0x00000000c01c5258,0x00000000c2980000)
 Metaspace       used 5771K, capacity 6704K, committed 6784K, reserved 1056768K
  class space    used 596K, capacity 616K, committed 640K, reserved 1048576K

Card table byte_map: [0x0000000011900000,0x0000000011b10000] byte_map_base: 0x0000000011300000

Marking Bits: (ParMarkBitMap*) 0x00000000569e0600
 Begin Bits: [0x00000000122f0000, 0x00000000132f0000)
 End Bits:   [0x00000000132f0000, 0x00000000142f0000)

Polling page: 0x0000000000550000

CodeCache: size=245760Kb used=3204Kb max_used=3204Kb free=242555Kb
 bounds [0x0000000002540000, 0x0000000002870000, 0x0000000011540000]
 total_blobs=1103 nmethods=834 adapters=182
 compilation: enabled

Compilation events (10 events):
Event: 1.931 Thread 0x0000000056e0a800 nmethod 871 0x000000000285ef10 code [0x000000000285f0c0, 0x000000000285f858]
Event: 1.931 Thread 0x0000000056e0a800  847       3       com.android.dx.util.Bits::or (24 bytes)
Event: 1.931 Thread 0x0000000056e0a800 nmethod 847 0x000000000284e150 code [0x000000000284e2c0, 0x000000000284e4d0]
Event: 1.931 Thread 0x0000000056e0a800  824       3       com.android.dx.cf.iface.StdAttributeList::findFirst (44 bytes)
Event: 1.931 Thread 0x0000000056e0a800 nmethod 824 0x000000000285fad0 code [0x000000000285fc80, 0x00000000028603d8]
Event: 1.931 Thread 0x0000000056e0a800  865       3       com.android.dx.cf.code.BaseMachine::storeResults (90 bytes)
Event: 1.932 Thread 0x0000000056e0a800 nmethod 865 0x0000000002860650 code [0x0000000002860840, 0x00000000028612c8]
Event: 1.932 Thread 0x0000000056e0a800  826       3       java.util.TreeMap::put (247 bytes)
Event: 1.933 Thread 0x0000000056e0a800 nmethod 826 0x00000000028617d0 code [0x0000000002861a40, 0x0000000002862bf8]
Event: 1.933 Thread 0x0000000056e0a800  863   !   3       com.android.dx.cf.code.RopperMachine::run (1550 bytes)

GC Heap History (2 events):
Event: 1.365 GC heap before
{Heap before GC invocations=1 (full 0):
 PSYoungGen      total 18432K, used 15872K [0x00000000eab00000, 0x00000000ebf80000, 0x0000000100000000)
  eden space 15872K, 100% used [0x00000000eab00000,0x00000000eba80000,0x00000000eba80000)
  from space 2560K, 0% used [0x00000000ebd00000,0x00000000ebd00000,0x00000000ebf80000)
  to   space 2560K, 0% used [0x00000000eba80000,0x00000000eba80000,0x00000000ebd00000)
 ParOldGen       total 42496K, used 0K [0x00000000c0000000, 0x00000000c2980000, 0x00000000eab00000)
  object space 42496K, 0% used [0x00000000c0000000,0x00000000c0000000,0x00000000c2980000)
 Metaspace       used 5715K, capacity 6704K, committed 6784K, reserved 1056768K
  class space    used 596K, capacity 616K, committed 640K, reserved 1048576K
Event: 1.769 GC heap after
Heap after GC invocations=1 (full 0):
 PSYoungGen      total 18432K, used 2554K [0x00000000eab00000, 0x00000000ecf00000, 0x0000000100000000)
  eden space 15872K, 0% used [0x00000000eab00000,0x00000000eab00000,0x00000000eba80000)
  from space 2560K, 99% used [0x00000000eba80000,0x00000000ebcfeaa0,0x00000000ebd00000)
  to   space 2560K, 0% used [0x00000000ecc80000,0x00000000ecc80000,0x00000000ecf00000)
 ParOldGen       total 42496K, used 1812K [0x00000000c0000000, 0x00000000c2980000, 0x00000000eab00000)
  object space 42496K, 4% used [0x00000000c0000000,0x00000000c01c5258,0x00000000c2980000)
 Metaspace       used 5715K, capacity 6704K, committed 6784K, reserved 1056768K
  class space    used 596K, capacity 616K, committed 640K, reserved 1048576K
}

Deoptimization events (3 events):
Event: 1.341 Thread 0x000000000205e800 Uncommon trap: reason=null_check action=make_not_entrant pc=0x0000000002828d50 method=com.android.dx.rop.type.Type.equals(Ljava/lang/Object;)Z @ 8
Event: 1.842 Thread 0x000000000205e800 Uncommon trap: reason=unstable_if action=reinterpret pc=0x000000000282854c method=com.android.dx.rop.code.RegisterSpec.equals(ILcom/android/dx/rop/type/TypeBearer;Lcom/android/dx/rop/code/LocalItem;)Z @ 42
Event: 1.939 Thread 0x0000000056fcd800 Uncommon trap: reason=null_check action=make_not_entrant pc=0x0000000002833ae8 method=com.android.dx.ssa.SsaRenamer.getLocalForNewReg(I)Lcom/android/dx/rop/code/LocalItem; @ 19

Internal exceptions (4 events):
Event: 0.236 Thread 0x000000000205e800 Exception <a 'java/lang/NoSuchMethodError': Method sun.misc.Unsafe.defineClass(Ljava/lang/String;[BII)Ljava/lang/Class; name or signature does not match> (0x00000000eab130d8) thrown at [D:\re\puppet\workspace\8-2-build-windows-amd64-cygwin\jdk8u73\6086\hot%Ò[R0Î?
Event: 0.236 Thread 0x000000000205e800 Exception <a 'java/lang/NoSuchMethodError': Method sun.misc.Unsafe.prefetchRead(Ljava/lang/Object;J)V name or signature does not match> (0x00000000eab133c0) thrown at [D:\re\puppet\workspace\8-2-build-windows-amd64-cygwin\jdk8u73\6086\hotspot\src\share\vm\¢´×Üàuõ?
Event: 1.341 Thread 0x000000000205e800 Implicit null exception at 0x0000000002828c52 to 0x0000000002828d42
Event: 1.939 Thread 0x0000000056fcd800 Implicit null exception at 0x0000000002832372 to 0x0000000002833a9d

Events (10 events):
Event: 1.356 loading class java/util/DualPivotQuicksort
Event: 1.356 Executing VM operation: ParallelGCFailedAllocation
Event: 1.356 loading class java/util/DualPivotQuicksort done
Event: 1.769 Executing VM operation: ParallelGCFailedAllocation done
Event: 1.842 Thread 0x000000000205e800 Uncommon trap: trap_request=0xffffff65 fr.pc=0x000000000282854c
Event: 1.842 Thread 0x000000000205e800 DEOPT PACKING pc=0x000000000282854c sp=0x000000000226e5f0
Event: 1.842 Thread 0x000000000205e800 DEOPT UNPACKING pc=0x000000000258582a sp=0x000000000226e578 mode 2
Event: 1.939 Thread 0x0000000056fcd800 Uncommon trap: trap_request=0xfffffff4 fr.pc=0x0000000002833ae8
Event: 1.939 Thread 0x0000000056fcd800 DEOPT PACKING pc=0x0000000002833ae8 sp=0x0000000057cce9e0
Event: 1.939 Thread 0x0000000056fcd800 DEOPT UNPACKING pc=0x000000000258582a sp=0x0000000057cce838 mode 2


Dynamic libraries:
0x000000013f330000 - 0x000000013f367000 	C:\Program Files\Java\jdk1.8.0_73\bin\java.exe
0x00000000774d0000 - 0x000000007767a000 	C:\Windows\SYSTEM32\ntdll.dll
0x00000000772b0000 - 0x00000000773cf000 	C:\Windows\system32\kernel32.dll
0x000007fefd550000 - 0x000007fefd5ba000 	C:\Windows\system32\KERNELBASE.dll
0x0000000074f00000 - 0x0000000074f87000 	C:\Windows\System32\SYSFER.DLL
0x000007fefef40000 - 0x000007feff01b000 	C:\Windows\system32\ADVAPI32.dll
0x000007feff6d0000 - 0x000007feff76f000 	C:\Windows\system32\msvcrt.dll
0x000007fefdf20000 - 0x000007fefdf3f000 	C:\Windows\SYSTEM32\sechost.dll
0x000007fefd830000 - 0x000007fefd95d000 	C:\Windows\system32\RPCRT4.dll
0x00000000773d0000 - 0x00000000774ca000 	C:\Windows\system32\USER32.dll
0x000007feff770000 - 0x000007feff7d7000 	C:\Windows\system32\GDI32.dll
0x000007fefdc30000 - 0x000007fefdc3e000 	C:\Windows\system32\LPK.dll
0x000007feff580000 - 0x000007feff64a000 	C:\Windows\system32\USP10.dll
0x000007fefc280000 - 0x000007fefc474000 	C:\Windows\WinSxS\amd64_microsoft.windows.common-controls_6595b64144ccf1df_6.0.7601.18837_none_fa3b1e3d17594757\COMCTL32.dll
0x000007feff280000 - 0x000007feff2f1000 	C:\Windows\system32\SHLWAPI.dll
0x000007feff020000 - 0x000007feff04e000 	C:\Windows\system32\IMM32.DLL
0x000007fefd6a0000 - 0x000007fefd7a9000 	C:\Windows\system32\MSCTF.dll
0x0000000055fd0000 - 0x00000000560a2000 	C:\Program Files\Java\jdk1.8.0_73\jre\bin\msvcr100.dll
0x00000000561d0000 - 0x0000000056a60000 	C:\Program Files\Java\jdk1.8.0_73\jre\bin\server\jvm.dll
0x000007fefacb0000 - 0x000007fefacb9000 	C:\Windows\system32\WSOCK32.dll
0x000007fefe160000 - 0x000007fefe1ad000 	C:\Windows\system32\WS2_32.dll
0x000007fefe150000 - 0x000007fefe158000 	C:\Windows\system32\NSI.dll
0x000007fefbb40000 - 0x000007fefbb7b000 	C:\Windows\system32\WINMM.dll
0x000007fefc620000 - 0x000007fefc62c000 	C:\Windows\system32\VERSION.dll
0x00000000776a0000 - 0x00000000776a7000 	C:\Windows\system32\PSAPI.DLL
0x0000000073d50000 - 0x0000000073d5f000 	C:\Program Files\Java\jdk1.8.0_73\jre\bin\verify.dll
0x0000000073610000 - 0x0000000073639000 	C:\Program Files\Java\jdk1.8.0_73\jre\bin\java.dll
0x0000000073650000 - 0x0000000073666000 	C:\Program Files\Java\jdk1.8.0_73\jre\bin\zip.dll
0x000007fefe1b0000 - 0x000007fefef3a000 	C:\Windows\system32\SHELL32.dll
0x000007fefdf40000 - 0x000007fefe143000 	C:\Windows\system32\ole32.dll
0x000007fefd210000 - 0x000007fefd21f000 	C:\Windows\system32\profapi.dll

VM Arguments:
jvm_args: -Djava.awt.headless=true -Xmx1024M -Dfile.encoding=windows-1251 -Duser.country=RU -Duser.language=ru -Duser.variant 
java_command: com.android.dx.command.Main --dex --force-jumbo --num-threads=4 --output C:\asp\NGS_vacancy\app\build\intermediates\pre-dexed\debug\instant-run_d7308ab2533d20ea44ee794460bb78ad3f65fc42.jar C:\asp\NGS_vacancy\app\build\intermediates\incremental-runtime-classes\debug\instant-run.jar
java_class_path (initial): C:\Users\avtseben\AppData\Local\Android\Sdk\build-tools\23.0.3\lib\dx.jar
Launcher Type: SUN_STANDARD

Environment Variables:
PATH=C:\Program Files\Broadcom\Broadcom 802.11;c:\Program Files (x86)\Intel\iCLS Client\;c:\Program Files\Intel\iCLS Client\;C:\ProgramData\Oracle\Java\javapath;C:\Windows\system32;C:\Windows;C:\Windows\System32\Wbem;C:\Windows\System32\WindowsPowerShell\v1.0\;C:\Program Files\Intel\Intel(R) Management Engine Components\DAL;C:\Program Files\Intel\Intel(R) Management Engine Components\IPT;C:\Program Files (x86)\Intel\Intel(R) Management Engine Components\DAL;C:\Program Files (x86)\Intel\Intel(R) Management Engine Components\IPT;c:\Program Files\WIDCOMM\Bluetooth Software\;c:\Program Files\WIDCOMM\Bluetooth Software\syswow64;C:\Program Files (x86)\Hewlett-Packard\HP ProtectTools Security Manager\Bin\;C:\Program Files (x86)\Skype\Phone\;C:\Program Files\OpenVPN\bin;C:\androidSDK\platform-tools\;C:\Program Files\Broadcom\Broadcom 802.11;c:\Program Files (x86)\Intel\iCLS Client\;c:\Program Files\Intel\iCLS Client\;C:\ProgramData\Oracle\Java\javapath;C:\Windows\system32;C:\Windows;C:\Windows\System32\Wbem;C:\Windows\System32\WindowsPowerShell\v1.0\;C:\Program Files\Intel\Intel(R) Management Engine Components\DAL;C:\Program Files\Intel\Intel(R) Management Engine Components\IPT;C:\Program Files (x86)\Intel\Intel(R) Management Engine Components\DAL;C:\Program Files (x86)\Intel\Intel(R) Management Engine Components\IPT;c:\Program Files\WIDCOMM\Bluetooth Software\;c:\Program Files\WIDCOMM\Bluetooth Software\syswow64;C:\Program Files (x86)\Hewlett-Packard\HP ProtectTools Security Manager\Bin\;C:\Program Files (x86)\Brackets\command;C:\Program Files (x86)\Skype\Phone\;C:\Program Files (x86)\ufs2tools-0.8\ufs2tools\;C:\Program Files\Git\bin\;C:\androidSDK\platform-tools;C:\gradle\bin
USERNAME=avtseben
OS=Windows_NT
PROCESSOR_IDENTIFIER=Intel64 Family 6 Model 58 Stepping 9, GenuineIntel



---------------  S Y S T E M  ---------------

OS: Windows 7 , 64 bit Build 7601 (6.1.7601.23569)

CPU:total 4 (2 cores per cpu, 2 threads per core) family 6 model 58 stepping 9, cmov, cx8, fxsr, mmx, sse, sse2, sse3, ssse3, sse4.1, sse4.2, popcnt, avx, aes, clmul, erms, ht, tsc, tscinvbit, tscinv

Memory: 4k page, physical 4056748k(306560k free), swap 5111208k(5096k free)

vm_info: Java HotSpot(TM) 64-Bit Server VM (25.73-b02) for windows-amd64 JRE (1.8.0_73-b02), built on Jan 29 2016 17:38:49 by "java_re" with MS VC++ 10.0 (VS2010)

time: Sun Dec 18 18:37:08 2016
elapsed time: 1 seconds (0d 0h 0m 1s)

