#
# There is insufficient memory for the Java Runtime Environment to continue.
# Native memory allocation (malloc) failed to allocate 131088 bytes for Chunk::new
# Possible reasons:
#   The system is out of physical RAM or swap space
#   In 32 bit mode, the process size limit was hit
# Possible solutions:
#   Reduce memory load on the system
#   Increase physical memory or swap space
#   Check if swap backing store is full
#   Use 64 bit Java on a 64 bit OS
#   Decrease Java heap size (-Xmx/-Xms)
#   Decrease number of Java threads
#   Decrease Java thread stack sizes (-Xss)
#   Set larger code cache with -XX:ReservedCodeCacheSize=
# This output file may be truncated or incomplete.
#
#  Out of Memory Error (allocation.cpp:390), pid=7820, tid=6876
#
# JRE version: Java(TM) SE Runtime Environment (8.0_73-b02) (build 1.8.0_73-b02)
# Java VM: Java HotSpot(TM) 64-Bit Server VM (25.73-b02 mixed mode windows-amd64 compressed oops)
# Failed to write core dump. Minidumps are not enabled by default on client versions of Windows
#

---------------  T H R E A D  ---------------

Current thread (0x0000000056e96000):  JavaThread "C2 CompilerThread1" daemon [_thread_in_native, id=6876, stack(0x0000000057670000,0x0000000057770000)]

Stack: [0x0000000057670000,0x0000000057770000]
[error occurred during error reporting (printing stack bounds), id 0xc0000005]

Native frames: (J=compiled Java code, j=interpreted, Vv=VM code, C=native code)


Current CompileTask:
C2:   6046 1729       4       com.android.dx.ssa.SCCP::run (298 bytes)


---------------  P R O C E S S  ---------------

Java Threads: ( => current thread )
  0x0000000057182800 JavaThread "pool-1-thread-4" [_thread_blocked, id=7176, stack(0x0000000058120000,0x0000000058220000)]
  0x0000000057180000 JavaThread "pool-1-thread-3" [_thread_blocked, id=8884, stack(0x00000000573f0000,0x00000000574f0000)]
  0x00000000571b2000 JavaThread "pool-1-thread-2" [_thread_blocked, id=3404, stack(0x0000000058010000,0x0000000058110000)]
  0x000000005719e000 JavaThread "pool-2-thread-1" [_thread_blocked, id=3764, stack(0x0000000057ee0000,0x0000000057fe0000)]
  0x000000005719c000 JavaThread "pool-1-thread-1" [_thread_blocked, id=8704, stack(0x0000000057dd0000,0x0000000057ed0000)]
  0x0000000056ef1000 JavaThread "Service Thread" daemon [_thread_blocked, id=4344, stack(0x0000000057a80000,0x0000000057b80000)]
  0x0000000056e97000 JavaThread "C1 CompilerThread2" daemon [_thread_blocked, id=8272, stack(0x0000000057980000,0x0000000057a80000)]
=>0x0000000056e96000 JavaThread "C2 CompilerThread1" daemon [_thread_in_native, id=6876, stack(0x0000000057670000,0x0000000057770000)]
  0x0000000056e93800 JavaThread "C2 CompilerThread0" daemon [_thread_blocked, id=6668, stack(0x0000000057790000,0x0000000057890000)]
  0x0000000056e90800 JavaThread "Attach Listener" daemon [_thread_blocked, id=8104, stack(0x0000000057540000,0x0000000057640000)]
  0x0000000055a11800 JavaThread "Signal Dispatcher" daemon [_thread_blocked, id=8328, stack(0x00000000572f0000,0x00000000573f0000)]
  0x00000000559b2000 JavaThread "Finalizer" daemon [_thread_blocked, id=7124, stack(0x0000000056d90000,0x0000000056e90000)]
  0x00000000559b0800 JavaThread "Reference Handler" daemon [_thread_blocked, id=7548, stack(0x0000000056a30000,0x0000000056b30000)]
  0x000000000047e800 JavaThread "main" [_thread_blocked, id=8520, stack(0x0000000002400000,0x0000000002500000)]

Other Threads:
  0x00000000559ab000 VMThread [stack: 0x0000000056b70000,0x0000000056c70000] [id=9016]
  0x0000000056f0d000 WatcherThread [stack: 0x0000000057bf0000,0x0000000057cf0000] [id=8208]

VM state:not at safepoint (normal execution)

VM Mutex/Monitor currently owned by a thread: None

Heap:
 PSYoungGen      total 34304K, used 16030K [0x00000000eab00000, 0x00000000eee00000, 0x0000000100000000)
  eden space 31744K, 42% used [0x00000000eab00000,0x00000000eb82fae0,0x00000000eca00000)
  from space 2560K, 98% used [0x00000000eca00000,0x00000000ecc78048,0x00000000ecc80000)
  to   space 2560K, 0% used [0x00000000eeb80000,0x00000000eeb80000,0x00000000eee00000)
 ParOldGen       total 42496K, used 6438K [0x00000000c0000000, 0x00000000c2980000, 0x00000000eab00000)
  object space 42496K, 15% used [0x00000000c0000000,0x00000000c0649ad8,0x00000000c2980000)
 Metaspace       used 6126K, capacity 7088K, committed 7296K, reserved 1056768K
  class space    used 591K, capacity 616K, committed 640K, reserved 1048576K

Card table byte_map: [0x0000000011b90000,0x0000000011da0000] byte_map_base: 0x0000000011590000

Marking Bits: (ParMarkBitMap*) 0x00000000557a0600
 Begin Bits: [0x00000000124c0000, 0x00000000134c0000)
 End Bits:   [0x00000000134c0000, 0x00000000144c0000)

Polling page: 0x0000000000430000

CodeCache: size=245760Kb used=7523Kb max_used=7538Kb free=238236Kb
 bounds [0x00000000027d0000, 0x0000000002f40000, 0x00000000117d0000]
 total_blobs=1964 nmethods=1701 adapters=176
 compilation: enabled

Compilation events (10 events):
Event: 5.675 Thread 0x0000000056e93800 nmethod 1723 0x0000000002ee2b90 code [0x0000000002ee2d00, 0x0000000002ee3158]
Event: 5.843 Thread 0x0000000056e97000 1725       3       com.android.dx.rop.code.Rop::<init> (15 bytes)
Event: 5.843 Thread 0x0000000056e97000 nmethod 1725 0x0000000002f0e290 code [0x0000000002f0e400, 0x0000000002f0e5a8]
Event: 5.844 Thread 0x0000000056e96000 1726       4       com.android.dx.ssa.Dominators::run (506 bytes)
Event: 5.916 Thread 0x0000000056e96000 nmethod 1726 0x0000000002f1af90 code [0x0000000002f1b220, 0x0000000002f1cdb0]
Event: 5.929 Thread 0x0000000056e93800 1727       4       com.android.dx.ssa.SsaConverter::edgeSplitSuccessors (98 bytes)
Event: 5.934 Thread 0x0000000056e97000 1728   !   3       com.android.dx.cf.direct.MemberListParser::parse (641 bytes)
Event: 5.944 Thread 0x0000000056e97000 nmethod 1728 0x0000000002f1ef90 code [0x0000000002f1fb60, 0x0000000002f28418]
Event: 5.965 Thread 0x0000000056e93800 nmethod 1727 0x0000000002f082d0 code [0x0000000002f08540, 0x0000000002f09348]
Event: 5.974 Thread 0x0000000056e96000 1729       4       com.android.dx.ssa.SCCP::run (298 bytes)

GC Heap History (6 events):
Event: 0.966 GC heap before
{Heap before GC invocations=1 (full 0):
 PSYoungGen      total 18432K, used 15872K [0x00000000eab00000, 0x00000000ebf80000, 0x0000000100000000)
  eden space 15872K, 100% used [0x00000000eab00000,0x00000000eba80000,0x00000000eba80000)
  from space 2560K, 0% used [0x00000000ebd00000,0x00000000ebd00000,0x00000000ebf80000)
  to   space 2560K, 0% used [0x00000000eba80000,0x00000000eba80000,0x00000000ebd00000)
 ParOldGen       total 42496K, used 0K [0x00000000c0000000, 0x00000000c2980000, 0x00000000eab00000)
  object space 42496K, 0% used [0x00000000c0000000,0x00000000c0000000,0x00000000c2980000)
 Metaspace       used 5075K, capacity 6224K, committed 6528K, reserved 1056768K
  class space    used 563K, capacity 584K, committed 640K, reserved 1048576K
Event: 1.035 GC heap after
Heap after GC invocations=1 (full 0):
 PSYoungGen      total 18432K, used 2546K [0x00000000eab00000, 0x00000000ecf00000, 0x0000000100000000)
  eden space 15872K, 0% used [0x00000000eab00000,0x00000000eab00000,0x00000000eba80000)
  from space 2560K, 99% used [0x00000000eba80000,0x00000000ebcfca70,0x00000000ebd00000)
  to   space 2560K, 0% used [0x00000000ecc80000,0x00000000ecc80000,0x00000000ecf00000)
 ParOldGen       total 42496K, used 76K [0x00000000c0000000, 0x00000000c2980000, 0x00000000eab00000)
  object space 42496K, 0% used [0x00000000c0000000,0x00000000c0013208,0x00000000c2980000)
 Metaspace       used 5075K, capacity 6224K, committed 6528K, reserved 1056768K
  class space    used 563K, capacity 584K, committed 640K, reserved 1048576K
}
Event: 1.675 GC heap before
{Heap before GC invocations=2 (full 0):
 PSYoungGen      total 18432K, used 18418K [0x00000000eab00000, 0x00000000ecf00000, 0x0000000100000000)
  eden space 15872K, 100% used [0x00000000eab00000,0x00000000eba80000,0x00000000eba80000)
  from space 2560K, 99% used [0x00000000eba80000,0x00000000ebcfca70,0x00000000ebd00000)
  to   space 2560K, 0% used [0x00000000ecc80000,0x00000000ecc80000,0x00000000ecf00000)
 ParOldGen       total 42496K, used 76K [0x00000000c0000000, 0x00000000c2980000, 0x00000000eab00000)
  object space 42496K, 0% used [0x00000000c0000000,0x00000000c0013208,0x00000000c2980000)
 Metaspace       used 5807K, capacity 6832K, committed 7040K, reserved 1056768K
  class space    used 590K, capacity 616K, committed 640K, reserved 1048576K
Event: 1.701 GC heap after
Heap after GC invocations=2 (full 0):
 PSYoungGen      total 34304K, used 2544K [0x00000000eab00000, 0x00000000ecf00000, 0x0000000100000000)
  eden space 31744K, 0% used [0x00000000eab00000,0x00000000eab00000,0x00000000eca00000)
  from space 2560K, 99% used [0x00000000ecc80000,0x00000000ecefc028,0x00000000ecf00000)
  to   space 2560K, 0% used [0x00000000eca00000,0x00000000eca00000,0x00000000ecc80000)
 ParOldGen       total 42496K, used 1687K [0x00000000c0000000, 0x00000000c2980000, 0x00000000eab00000)
  object space 42496K, 3% used [0x00000000c0000000,0x00000000c01a5f90,0x00000000c2980000)
 Metaspace       used 5807K, capacity 6832K, committed 7040K, reserved 1056768K
  class space    used 590K, capacity 616K, committed 640K, reserved 1048576K
}
Event: 2.944 GC heap before
{Heap before GC invocations=3 (full 0):
 PSYoungGen      total 34304K, used 34288K [0x00000000eab00000, 0x00000000ecf00000, 0x0000000100000000)
  eden space 31744K, 100% used [0x00000000eab00000,0x00000000eca00000,0x00000000eca00000)
  from space 2560K, 99% used [0x00000000ecc80000,0x00000000ecefc028,0x00000000ecf00000)
  to   space 2560K, 0% used [0x00000000eca00000,0x00000000eca00000,0x00000000ecc80000)
 ParOldGen       total 42496K, used 1687K [0x00000000c0000000, 0x00000000c2980000, 0x00000000eab00000)
  object space 42496K, 3% used [0x00000000c0000000,0x00000000c01a5f90,0x00000000c2980000)
 Metaspace       used 6055K, capacity 7088K, committed 7296K, reserved 1056768K
  class space    used 590K, capacity 616K, committed 640K, reserved 1048576K
Event: 2.968 GC heap after
Heap after GC invocations=3 (full 0):
 PSYoungGen      total 34304K, used 2528K [0x00000000eab00000, 0x00000000eee00000, 0x0000000100000000)
  eden space 31744K, 0% used [0x00000000eab00000,0x00000000eab00000,0x00000000eca00000)
  from space 2560K, 98% used [0x00000000eca00000,0x00000000ecc78048,0x00000000ecc80000)
  to   space 2560K, 0% used [0x00000000eeb80000,0x00000000eeb80000,0x00000000eee00000)
 ParOldGen       total 42496K, used 6438K [0x00000000c0000000, 0x00000000c2980000, 0x00000000eab00000)
  object space 42496K, 15% used [0x00000000c0000000,0x00000000c0649ad8,0x00000000c2980000)
 Metaspace       used 6055K, capacity 7088K, committed 7296K, reserved 1056768K
  class space    used 590K, capacity 616K, committed 640K, reserved 1048576K
}

Deoptimization events (10 events):
Event: 1.340 Thread 0x0000000057180000 Uncommon trap: reason=unstable_if action=reinterpret pc=0x00000000029d23a0 method=java.util.HashMap.getNode(ILjava/lang/Object;)Ljava/util/HashMap$Node; @ 62
Event: 1.407 Thread 0x000000005719c000 Uncommon trap: reason=unstable_if action=reinterpret pc=0x00000000029c0c20 method=java.util.BitSet.nextSetBit(I)I @ 87
Event: 1.815 Thread 0x000000000047e800 Uncommon trap: reason=unstable_if action=reinterpret pc=0x0000000002b385bc method=java.util.HashMap.getNode(ILjava/lang/Object;)Ljava/util/HashMap$Node; @ 62
Event: 2.696 Thread 0x000000005719c000 Uncommon trap: reason=bimorphic action=maybe_recompile pc=0x0000000002dab5c8 method=com.android.dx.cf.code.BytecodeArray.parseInstruction(ILcom/android/dx/cf/code/BytecodeArray$Visitor;)I @ 1130
Event: 2.696 Thread 0x000000005719c000 Uncommon trap: reason=uninitialized action=reinterpret pc=0x0000000002dab098 method=com.android.dx.cf.code.BytecodeArray.parseInstruction(ILcom/android/dx/cf/code/BytecodeArray$Visitor;)I @ 1047
Event: 2.706 Thread 0x000000005719c000 Uncommon trap: reason=unstable_if action=reinterpret pc=0x0000000002ae0604 method=com.android.dx.rop.cst.Constant.compareTo(Lcom/android/dx/rop/cst/Constant;)I @ 12
Event: 2.969 Thread 0x000000005719c000 Uncommon trap: reason=unstable_if action=reinterpret pc=0x0000000002de49dc method=com.android.dx.dex.code.RopToDop.dopFor(Lcom/android/dx/rop/code/Insn;)Lcom/android/dx/dex/code/Dop; @ 747
Event: 3.254 Thread 0x000000005719c000 Uncommon trap: reason=bimorphic action=maybe_recompile pc=0x0000000002d9aa30 method=com.android.dx.ssa.LiteralOpUpgrader.tryReplacingWithConstant(Lcom/android/dx/ssa/NormalSsaInsn;)Z @ 52
Event: 3.316 Thread 0x0000000057182800 Uncommon trap: reason=class_check action=maybe_recompile pc=0x0000000002dfe2a0 method=com.android.dx.rop.code.RegisterSpec.withSimpleType()Lcom/android/dx/rop/code/RegisterSpec; @ 21
Event: 3.644 Thread 0x0000000057180000 Uncommon trap: reason=bimorphic action=maybe_recompile pc=0x0000000002d9aa30 method=com.android.dx.ssa.LiteralOpUpgrader.tryReplacingWithConstant(Lcom/android/dx/ssa/NormalSsaInsn;)Z @ 52

Internal exceptions (2 events):
Event: 0.498 Thread 0x000000000047e800 Exception <a 'java/lang/NoSuchMethodError': Method sun.misc.Unsafe.defineClass(Ljava/lang/String;[BII)Ljava/lang/Class; name or signature does not match> (0x00000000eab130d8) thrown at [D:\re\puppet\workspace\8-2-build-windows-amd64-cygwin\jdk8u73\6086\hotg≥Ehr‰ﬂ?
Event: 0.498 Thread 0x000000000047e800 Exception <a 'java/lang/NoSuchMethodError': Method sun.misc.Unsafe.prefetchRead(Ljava/lang/Object;J)V name or signature does not match> (0x00000000eab133c0) thrown at [D:\re\puppet\workspace\8-2-build-windows-amd64-cygwin\jdk8u73\6086\hotspot\src\share\vm\

Events (10 events):
Event: 3.316 Thread 0x0000000057182800 Uncommon trap: trap_request=0xffffffde fr.pc=0x0000000002dfe2a0
Event: 3.316 Thread 0x0000000057182800 DEOPT PACKING pc=0x0000000002dfe2a0 sp=0x000000005821e670
Event: 3.316 Thread 0x0000000057182800 DEOPT UNPACKING pc=0x000000000281582a sp=0x000000005821e5d8 mode 2
Event: 3.644 Thread 0x0000000057180000 Uncommon trap: trap_request=0xffffffc6 fr.pc=0x0000000002d9aa30
Event: 3.644 Thread 0x0000000057180000 DEOPT PACKING pc=0x0000000002d9aa30 sp=0x00000000574ee730
Event: 3.644 Thread 0x0000000057180000 DEOPT UNPACKING pc=0x000000000281582a sp=0x00000000574ee618 mode 2
Event: 4.671 Executing VM operation: EnableBiasedLocking
Event: 4.672 Executing VM operation: EnableBiasedLocking done
Event: 5.534 loading class com/android/dx/rop/code/RegisterSpec$1
Event: 5.534 loading class com/android/dx/rop/code/RegisterSpec$1 done


Dynamic libraries:
0x000000013f060000 - 0x000000013f097000 	C:\Program Files\Java\jdk1.8.0_73\bin\java.exe
0x0000000077540000 - 0x00000000776ea000 	C:\Windows\SYSTEM32\ntdll.dll
0x0000000077420000 - 0x000000007753f000 	C:\Windows\system32\kernel32.dll
0x000007fefd330000 - 0x000007fefd39a000 	C:\Windows\system32\KERNELBASE.dll
0x0000000074f70000 - 0x0000000074ff7000 	C:\Windows\System32\SYSFER.DLL
0x000007fefd630000 - 0x000007fefd70b000 	C:\Windows\system32\ADVAPI32.dll
0x000007fefeb80000 - 0x000007fefec1f000 	C:\Windows\system32\msvcrt.dll
0x000007feff620000 - 0x000007feff63f000 	C:\Windows\SYSTEM32\sechost.dll
0x000007fefe6d0000 - 0x000007fefe7fd000 	C:\Windows\system32\RPCRT4.dll
0x0000000077320000 - 0x000000007741a000 	C:\Windows\system32\USER32.dll
0x000007fefec70000 - 0x000007fefecd7000 	C:\Windows\system32\GDI32.dll
0x000007fefe880000 - 0x000007fefe88e000 	C:\Windows\system32\LPK.dll
0x000007feff550000 - 0x000007feff61a000 	C:\Windows\system32\USP10.dll
0x000007fefc1d0000 - 0x000007fefc3c4000 	C:\Windows\WinSxS\amd64_microsoft.windows.common-controls_6595b64144ccf1df_6.0.7601.18837_none_fa3b1e3d17594757\COMCTL32.dll
0x000007fefd820000 - 0x000007fefd891000 	C:\Windows\system32\SHLWAPI.dll
0x000007fefd7f0000 - 0x000007fefd81e000 	C:\Windows\system32\IMM32.DLL
0x000007fefeec0000 - 0x000007fefefc9000 	C:\Windows\system32\MSCTF.dll
0x0000000061210000 - 0x00000000612e2000 	C:\Program Files\Java\jdk1.8.0_73\jre\bin\msvcr100.dll
0x0000000054f90000 - 0x0000000055820000 	C:\Program Files\Java\jdk1.8.0_73\jre\bin\server\jvm.dll
0x000007feec600000 - 0x000007feec609000 	C:\Windows\system32\WSOCK32.dll
0x000007fefec20000 - 0x000007fefec6d000 	C:\Windows\system32\WS2_32.dll
0x000007fefeb70000 - 0x000007fefeb78000 	C:\Windows\system32\NSI.dll
0x000007fefbed0000 - 0x000007fefbf0b000 	C:\Windows\system32\WINMM.dll
0x000007fefc5b0000 - 0x000007fefc5bc000 	C:\Windows\system32\VERSION.dll
0x0000000077700000 - 0x0000000077707000 	C:\Windows\system32\PSAPI.DLL
0x0000000071c70000 - 0x0000000071c7f000 	C:\Program Files\Java\jdk1.8.0_73\jre\bin\verify.dll
0x0000000071c40000 - 0x0000000071c69000 	C:\Program Files\Java\jdk1.8.0_73\jre\bin\java.dll
0x0000000065c70000 - 0x0000000065c86000 	C:\Program Files\Java\jdk1.8.0_73\jre\bin\zip.dll
0x000007fefd8a0000 - 0x000007fefe62a000 	C:\Windows\system32\SHELL32.dll
0x000007feff640000 - 0x000007feff843000 	C:\Windows\system32\ole32.dll
0x000007fefd280000 - 0x000007fefd28f000 	C:\Windows\system32\profapi.dll

VM Arguments:
jvm_args: -Djava.awt.headless=true -Xmx1024M -Dfile.encoding=windows-1251 -Duser.country=RU -Duser.language=ru -Duser.variant 
java_command: com.android.dx.command.Main --dex --force-jumbo --num-threads=4 --output C:\asp\NGS_vacancy\app\build\intermediates\pre-dexed\debug\com.android.support-support-compat-24.2.1_c3a95cf76ae12c0f72d408e708f2771bacaa9896.jar C:\asp\NGS_vacancy\app\build\intermediates\exploded-aar\com.android.support\support-compat\24.2.1\jars\classes.jar
java_class_path (initial): C:\Users\avtseben\AppData\Local\Android\Sdk\build-tools\23.0.3\lib\dx.jar
Launcher Type: SUN_STANDARD

Environment Variables:
PATH=C:\Program Files\Broadcom\Broadcom 802.11;c:\Program Files (x86)\Intel\iCLS Client\;c:\Program Files\Intel\iCLS Client\;C:\ProgramData\Oracle\Java\javapath;C:\Windows\system32;C:\Windows;C:\Windows\System32\Wbem;C:\Windows\System32\WindowsPowerShell\v1.0\;C:\Program Files\Intel\Intel(R) Management Engine Components\DAL;C:\Program Files\Intel\Intel(R) Management Engine Components\IPT;C:\Program Files (x86)\Intel\Intel(R) Management Engine Components\DAL;C:\Program Files (x86)\Intel\Intel(R) Management Engine Components\IPT;c:\Program Files\WIDCOMM\Bluetooth Software\;c:\Program Files\WIDCOMM\Bluetooth Software\syswow64;C:\Program Files (x86)\Hewlett-Packard\HP ProtectTools Security Manager\Bin\;C:\Program Files (x86)\Skype\Phone\;C:\Program Files\OpenVPN\bin;C:\androidSDK\platform-tools\;C:\Program Files\Broadcom\Broadcom 802.11;c:\Program Files (x86)\Intel\iCLS Client\;c:\Program Files\Intel\iCLS Client\;C:\ProgramData\Oracle\Java\javapath;C:\Windows\system32;C:\Windows;C:\Windows\System32\Wbem;C:\Windows\System32\WindowsPowerShell\v1.0\;C:\Program Files\Intel\Intel(R) Management Engine Components\DAL;C:\Program Files\Intel\Intel(R) Management Engine Components\IPT;C:\Program Files (x86)\Intel\Intel(R) Management Engine Components\DAL;C:\Program Files (x86)\Intel\Intel(R) Management Engine Components\IPT;c:\Program Files\WIDCOMM\Bluetooth Software\;c:\Program Files\WIDCOMM\Bluetooth Software\syswow64;C:\Program Files (x86)\Hewlett-Packard\HP ProtectTools Security Manager\Bin\;C:\Program Files (x86)\Brackets\command;C:\Program Files (x86)\Skype\Phone\;C:\Program Files (x86)\ufs2tools-0.8\ufs2tools\;C:\Program Files\Git\bin\;C:\androidSDK\platform-tools;C:\gradle\bin
USERNAME=avtseben
OS=Windows_NT
PROCESSOR_IDENTIFIER=Intel64 Family 6 Model 58 Stepping 9, GenuineIntel



---------------  S Y S T E M  ---------------

OS: Windows 7 , 64 bit Build 7601 (6.1.7601.23572)

CPU:total 4 (2 cores per cpu, 2 threads per core) family 6 model 58 stepping 9, cmov, cx8, fxsr, mmx, sse, sse2, sse3, ssse3, sse4.1, sse4.2, popcnt, avx, aes, clmul, erms, ht, tsc, tscinvbit, tscinv

Memory: 4k page, physical 4056748k(376824k free), swap 5123076k(5156k free)

vm_info: Java HotSpot(TM) 64-Bit Server VM (25.73-b02) for windows-amd64 JRE (1.8.0_73-b02), built on Jan 29 2016 17:38:49 by "java_re" with MS VC++ 10.0 (VS2010)

time: Sat Dec 24 11:44:01 2016
elapsed time: 6 seconds (0d 0h 0m 6s)

