#
# There is insufficient memory for the Java Runtime Environment to continue.
# Native memory allocation (malloc) failed to allocate 32784 bytes for Chunk::new
# Possible reasons:
#   The system is out of physical RAM or swap space
#   In 32 bit mode, the process size limit was hit
# Possible solutions:
#   Reduce memory load on the system
#   Increase physical memory or swap space
#   Check if swap backing store is full
#   Use 64 bit Java on a 64 bit OS
#   Decrease Java heap size (-Xmx/-Xms)
#   Decrease number of Java threads
#   Decrease Java thread stack sizes (-Xss)
#   Set larger code cache with -XX:ReservedCodeCacheSize=
# This output file may be truncated or incomplete.
#
#  Out of Memory Error (allocation.cpp:390), pid=7616, tid=7548
#
# JRE version: Java(TM) SE Runtime Environment (8.0_73-b02) (build 1.8.0_73-b02)
# Java VM: Java HotSpot(TM) 64-Bit Server VM (25.73-b02 mixed mode windows-amd64 compressed oops)
# Failed to write core dump. Minidumps are not enabled by default on client versions of Windows
#

---------------  T H R E A D  ---------------

Current thread (0x0000000056e7a800):  JavaThread "C2 CompilerThread1" daemon [_thread_in_native, id=7548, stack(0x0000000057720000,0x0000000057820000)]

Stack: [0x0000000057720000,0x0000000057820000]
[error occurred during error reporting (printing stack bounds), id 0xc0000005]

Native frames: (J=compiled Java code, j=interpreted, Vv=VM code, C=native code)


Current CompileTask:
C2:   6086 1315       4       com.android.dx.ssa.SCCP::simulateBranch (666 bytes)


---------------  P R O C E S S  ---------------

Java Threads: ( => current thread )
  0x000000005712b800 JavaThread "pool-1-thread-4" [_thread_blocked, id=8184, stack(0x00000000582c0000,0x00000000583c0000)]
  0x000000005712a000 JavaThread "pool-1-thread-3" [_thread_blocked, id=6884, stack(0x00000000581b0000,0x00000000582b0000)]
  0x00000000570e7000 JavaThread "pool-1-thread-2" [_thread_blocked, id=7868, stack(0x0000000058010000,0x0000000058110000)]
  0x00000000570ec000 JavaThread "pool-2-thread-1" [_thread_blocked, id=5888, stack(0x0000000057ee0000,0x0000000057fe0000)]
  0x0000000057127000 JavaThread "pool-1-thread-1" [_thread_in_Java, id=6496, stack(0x0000000057cd0000,0x0000000057dd0000)]
  0x0000000056ee5000 JavaThread "Service Thread" daemon [_thread_blocked, id=4868, stack(0x00000000579c0000,0x0000000057ac0000)]
  0x0000000056ec1000 JavaThread "C1 CompilerThread2" daemon [_thread_blocked, id=7972, stack(0x0000000057830000,0x0000000057930000)]
=>0x0000000056e7a800 JavaThread "C2 CompilerThread1" daemon [_thread_in_native, id=7548, stack(0x0000000057720000,0x0000000057820000)]
  0x0000000056e75000 JavaThread "C2 CompilerThread0" daemon [_thread_blocked, id=3876, stack(0x00000000575a0000,0x00000000576a0000)]
  0x0000000056e71800 JavaThread "Attach Listener" daemon [_thread_blocked, id=6816, stack(0x00000000569f0000,0x0000000056af0000)]
  0x0000000054e61800 JavaThread "Signal Dispatcher" daemon [_thread_blocked, id=4248, stack(0x00000000572f0000,0x00000000573f0000)]
  0x0000000054e02000 JavaThread "Finalizer" daemon [_thread_blocked, id=6432, stack(0x0000000056d70000,0x0000000056e70000)]
  0x0000000054e00800 JavaThread "Reference Handler" daemon [_thread_blocked, id=876, stack(0x0000000056b90000,0x0000000056c90000)]
  0x000000000215e800 JavaThread "main" [_thread_blocked, id=6388, stack(0x00000000023c0000,0x00000000024c0000)]

Other Threads:
  0x0000000054dfb000 VMThread [stack: 0x0000000055f60000,0x0000000056060000] [id=5372]
  0x0000000056eec800 WatcherThread [stack: 0x0000000057ac0000,0x0000000057bc0000] [id=6148]

VM state:not at safepoint (normal execution)

VM Mutex/Monitor currently owned by a thread: None

Heap:
 PSYoungGen      total 34304K, used 9224K [0x00000000eab00000, 0x00000000ecf00000, 0x0000000100000000)
  eden space 31744K, 21% used [0x00000000eab00000,0x00000000eb186008,0x00000000eca00000)
  from space 2560K, 99% used [0x00000000ecc80000,0x00000000ecefc038,0x00000000ecf00000)
  to   space 2560K, 0% used [0x00000000eca00000,0x00000000eca00000,0x00000000ecc80000)
 ParOldGen       total 42496K, used 2179K [0x00000000c0000000, 0x00000000c2980000, 0x00000000eab00000)
  object space 42496K, 5% used [0x00000000c0000000,0x00000000c0220c70,0x00000000c2980000)
 Metaspace       used 5904K, capacity 6960K, committed 7040K, reserved 1056768K
  class space    used 586K, capacity 616K, committed 640K, reserved 1048576K

Card table byte_map: [0x0000000011b50000,0x0000000011d60000] byte_map_base: 0x0000000011550000

Marking Bits: (ParMarkBitMap*) 0x0000000056930600
 Begin Bits: [0x0000000012270000, 0x0000000013270000)
 End Bits:   [0x0000000013270000, 0x0000000014270000)

Polling page: 0x0000000000330000

CodeCache: size=245760Kb used=5259Kb max_used=5271Kb free=240500Kb
 bounds [0x0000000002790000, 0x0000000002cc0000, 0x0000000011790000]
 total_blobs=1576 nmethods=1313 adapters=176
 compilation: enabled

Compilation events (10 events):
Event: 6.059 Thread 0x0000000056ec1000 nmethod 1311 0x0000000002c9b850 code [0x0000000002c9b9c0, 0x0000000002c9bb48]
Event: 6.059 Thread 0x0000000056ec1000 1310       3       com.android.dx.rop.cst.CstFieldRef::<init> (7 bytes)
Event: 6.059 Thread 0x0000000056ec1000 nmethod 1310 0x0000000002c9b410 code [0x0000000002c9b580, 0x0000000002c9b708]
Event: 6.059 Thread 0x0000000056ec1000 1309       1       com.android.dx.cf.attrib.InnerClassList$Item::getOuterClass (5 bytes)
Event: 6.059 Thread 0x0000000056ec1000 nmethod 1309 0x0000000002caedd0 code [0x0000000002caef20, 0x0000000002caf030]
Event: 6.068 Thread 0x0000000056e7a800 1315       4       com.android.dx.ssa.SCCP::simulateBranch (666 bytes)
Event: 6.068 Thread 0x0000000056e75000 1313       4       com.android.dx.cf.code.Ropper::getAvailableLabel (54 bytes)
Event: 6.076 Thread 0x0000000056e75000 nmethod 1313 0x0000000002cacf90 code [0x0000000002cad100, 0x0000000002cad518]
Event: 6.076 Thread 0x0000000056e75000 1314       4       com.android.dx.ssa.MoveParamCombiner$1::visitNonMoveInsn (213 bytes)
Event: 6.079 Thread 0x0000000056e75000 nmethod 1314 0x0000000002cac990 code [0x0000000002cacae0, 0x0000000002cacc58]

GC Heap History (4 events):
Event: 0.843 GC heap before
{Heap before GC invocations=1 (full 0):
 PSYoungGen      total 18432K, used 15872K [0x00000000eab00000, 0x00000000ebf80000, 0x0000000100000000)
  eden space 15872K, 100% used [0x00000000eab00000,0x00000000eba80000,0x00000000eba80000)
  from space 2560K, 0% used [0x00000000ebd00000,0x00000000ebd00000,0x00000000ebf80000)
  to   space 2560K, 0% used [0x00000000eba80000,0x00000000eba80000,0x00000000ebd00000)
 ParOldGen       total 42496K, used 0K [0x00000000c0000000, 0x00000000c2980000, 0x00000000eab00000)
  object space 42496K, 0% used [0x00000000c0000000,0x00000000c0000000,0x00000000c2980000)
 Metaspace       used 5416K, capacity 6576K, committed 6784K, reserved 1056768K
  class space    used 577K, capacity 616K, committed 640K, reserved 1048576K
Event: 0.973 GC heap after
Heap after GC invocations=1 (full 0):
 PSYoungGen      total 18432K, used 2544K [0x00000000eab00000, 0x00000000ecf00000, 0x0000000100000000)
  eden space 15872K, 0% used [0x00000000eab00000,0x00000000eab00000,0x00000000eba80000)
  from space 2560K, 99% used [0x00000000eba80000,0x00000000ebcfc030,0x00000000ebd00000)
  to   space 2560K, 0% used [0x00000000ecc80000,0x00000000ecc80000,0x00000000ecf00000)
 ParOldGen       total 42496K, used 781K [0x00000000c0000000, 0x00000000c2980000, 0x00000000eab00000)
  object space 42496K, 1% used [0x00000000c0000000,0x00000000c00c35f0,0x00000000c2980000)
 Metaspace       used 5416K, capacity 6576K, committed 6784K, reserved 1056768K
  class space    used 577K, capacity 616K, committed 640K, reserved 1048576K
}
Event: 4.915 GC heap before
{Heap before GC invocations=2 (full 0):
 PSYoungGen      total 18432K, used 18416K [0x00000000eab00000, 0x00000000ecf00000, 0x0000000100000000)
  eden space 15872K, 100% used [0x00000000eab00000,0x00000000eba80000,0x00000000eba80000)
  from space 2560K, 99% used [0x00000000eba80000,0x00000000ebcfc030,0x00000000ebd00000)
  to   space 2560K, 0% used [0x00000000ecc80000,0x00000000ecc80000,0x00000000ecf00000)
 ParOldGen       total 42496K, used 781K [0x00000000c0000000, 0x00000000c2980000, 0x00000000eab00000)
  object space 42496K, 1% used [0x00000000c0000000,0x00000000c00c35f0,0x00000000c2980000)
 Metaspace       used 5832K, capacity 6896K, committed 7040K, reserved 1056768K
  class space    used 586K, capacity 616K, committed 640K, reserved 1048576K
Event: 5.537 GC heap after
Heap after GC invocations=2 (full 0):
 PSYoungGen      total 34304K, used 2544K [0x00000000eab00000, 0x00000000ecf00000, 0x0000000100000000)
  eden space 31744K, 0% used [0x00000000eab00000,0x00000000eab00000,0x00000000eca00000)
  from space 2560K, 99% used [0x00000000ecc80000,0x00000000ecefc038,0x00000000ecf00000)
  to   space 2560K, 0% used [0x00000000eca00000,0x00000000eca00000,0x00000000ecc80000)
 ParOldGen       total 42496K, used 2179K [0x00000000c0000000, 0x00000000c2980000, 0x00000000eab00000)
  object space 42496K, 5% used [0x00000000c0000000,0x00000000c0220c70,0x00000000c2980000)
 Metaspace       used 5832K, capacity 6896K, committed 7040K, reserved 1056768K
  class space    used 586K, capacity 616K, committed 640K, reserved 1048576K
}

Deoptimization events (10 events):
Event: 2.312 Thread 0x000000005712b800 Uncommon trap: reason=unstable_if action=reinterpret pc=0x00000000029c6ca0 method=java.util.BitSet.ensureCapacity(I)V @ 6
Event: 2.312 Thread 0x000000005712b800 Uncommon trap: reason=unstable_if action=reinterpret pc=0x000000000299ca20 method=java.util.BitSet.nextSetBit(I)I @ 87
Event: 2.323 Thread 0x000000005712b800 Uncommon trap: reason=unstable_if action=reinterpret pc=0x0000000002aca404 method=com.android.dx.rop.cst.Constant.compareTo(Lcom/android/dx/rop/cst/Constant;)I @ 12
Event: 2.323 Thread 0x000000005712b800 Uncommon trap: reason=unstable_if action=reinterpret pc=0x0000000002b76a94 method=com.android.dx.ssa.SsaMethod.onSourcesChanged(Lcom/android/dx/ssa/SsaInsn;Lcom/android/dx/rop/code/RegisterSpecList;)V @ 4
Event: 2.849 Thread 0x000000005712a000 Uncommon trap: reason=class_check action=maybe_recompile pc=0x0000000002a2bc00 method=com.android.dx.ssa.NormalSsaInsn.accept(Lcom/android/dx/ssa/SsaInsn$Visitor;)V @ 9
Event: 2.849 Thread 0x000000005712a000 Uncommon trap: reason=class_check action=maybe_recompile pc=0x0000000002a2bc00 method=com.android.dx.ssa.NormalSsaInsn.accept(Lcom/android/dx/ssa/SsaInsn$Visitor;)V @ 9
Event: 2.849 Thread 0x000000005712a000 Uncommon trap: reason=class_check action=maybe_recompile pc=0x0000000002a2bc00 method=com.android.dx.ssa.NormalSsaInsn.accept(Lcom/android/dx/ssa/SsaInsn$Visitor;)V @ 9
Event: 2.850 Thread 0x000000005712a000 Uncommon trap: reason=class_check action=maybe_recompile pc=0x00000000029a72a0 method=com.android.dx.ssa.NormalSsaInsn.accept(Lcom/android/dx/ssa/SsaInsn$Visitor;)V @ 9
Event: 5.682 Thread 0x0000000057127000 Uncommon trap: reason=null_check action=make_not_entrant pc=0x0000000002c01ff0 method=com.android.dx.ssa.SsaRenamer.getLocalForNewReg(I)Lcom/android/dx/rop/code/LocalItem; @ 19
Event: 5.682 Thread 0x0000000057127000 Uncommon trap: reason=null_check action=make_not_entrant pc=0x0000000002bfb0bc method=com.android.dx.ssa.SsaRenamer.getLocalForNewReg(I)Lcom/android/dx/rop/code/LocalItem; @ 19

Internal exceptions (4 events):
Event: 0.083 Thread 0x000000000215e800 Exception <a 'java/lang/NoSuchMethodError': Method sun.misc.Unsafe.defineClass(Ljava/lang/String;[BII)Ljava/lang/Class; name or signature does not match> (0x00000000eab130d8) thrown at [D:\re\puppet\workspace\8-2-build-windows-amd64-cygwin\jdk8u73\6086\hoth∆cıb@µ?
Event: 0.083 Thread 0x000000000215e800 Exception <a 'java/lang/NoSuchMethodError': Method sun.misc.Unsafe.prefetchRead(Ljava/lang/Object;J)V name or signature does not match> (0x00000000eab133c0) thrown at [D:\re\puppet\workspace\8-2-build-windows-amd64-cygwin\jdk8u73\6086\hotspot\src\share\vm\•ÈB&E∫@
Event: 5.682 Thread 0x0000000057127000 Implicit null exception at 0x0000000002c00ecb to 0x0000000002c01fa5
Event: 5.682 Thread 0x0000000057127000 Implicit null exception at 0x0000000002bfa22c to 0x0000000002bfb089

Events (10 events):
Event: 4.239 Executing VM operation: EnableBiasedLocking
Event: 4.239 Executing VM operation: EnableBiasedLocking done
Event: 4.915 Executing VM operation: ParallelGCFailedAllocation
Event: 5.537 Executing VM operation: ParallelGCFailedAllocation done
Event: 5.682 Thread 0x0000000057127000 Uncommon trap: trap_request=0xfffffff4 fr.pc=0x0000000002c01ff0
Event: 5.682 Thread 0x0000000057127000 DEOPT PACKING pc=0x0000000002c01ff0 sp=0x0000000057dceae0
Event: 5.682 Thread 0x0000000057127000 DEOPT UNPACKING pc=0x00000000027d582a sp=0x0000000057dce8d8 mode 2
Event: 5.682 Thread 0x0000000057127000 Uncommon trap: trap_request=0xfffffff4 fr.pc=0x0000000002bfb0bc
Event: 5.682 Thread 0x0000000057127000 DEOPT PACKING pc=0x0000000002bfb0bc sp=0x0000000057dcea60
Event: 5.682 Thread 0x0000000057127000 DEOPT UNPACKING pc=0x00000000027d582a sp=0x0000000057dce8c8 mode 2


Dynamic libraries:
0x000000013f600000 - 0x000000013f637000 	C:\Program Files\Java\jdk1.8.0_73\bin\java.exe
0x0000000077270000 - 0x000000007741a000 	C:\Windows\SYSTEM32\ntdll.dll
0x0000000077150000 - 0x000000007726f000 	C:\Windows\system32\kernel32.dll
0x000007fefcfd0000 - 0x000007fefd03a000 	C:\Windows\system32\KERNELBASE.dll
0x0000000074ca0000 - 0x0000000074d27000 	C:\Windows\System32\SYSFER.DLL
0x000007fefdc80000 - 0x000007fefdd5b000 	C:\Windows\system32\ADVAPI32.dll
0x000007fefdd60000 - 0x000007fefddff000 	C:\Windows\system32\msvcrt.dll
0x000007feff560000 - 0x000007feff57f000 	C:\Windows\SYSTEM32\sechost.dll
0x000007fefd450000 - 0x000007fefd57d000 	C:\Windows\system32\RPCRT4.dll
0x0000000077050000 - 0x000000007714a000 	C:\Windows\system32\USER32.dll
0x000007fefd7e0000 - 0x000007fefd847000 	C:\Windows\system32\GDI32.dll
0x000007fefd430000 - 0x000007fefd43e000 	C:\Windows\system32\LPK.dll
0x000007fefd360000 - 0x000007fefd42a000 	C:\Windows\system32\USP10.dll
0x000007fefbf40000 - 0x000007fefc134000 	C:\Windows\WinSxS\amd64_microsoft.windows.common-controls_6595b64144ccf1df_6.0.7601.18837_none_fa3b1e3d17594757\COMCTL32.dll
0x000007fefe2e0000 - 0x000007fefe351000 	C:\Windows\system32\SHLWAPI.dll
0x000007fefd580000 - 0x000007fefd5ae000 	C:\Windows\system32\IMM32.DLL
0x000007fefdea0000 - 0x000007fefdfa9000 	C:\Windows\system32\MSCTF.dll
0x000000005dbe0000 - 0x000000005dcb2000 	C:\Program Files\Java\jdk1.8.0_73\jre\bin\msvcr100.dll
0x0000000056120000 - 0x00000000569b0000 	C:\Program Files\Java\jdk1.8.0_73\jre\bin\server\jvm.dll
0x000007feef9c0000 - 0x000007feef9c9000 	C:\Windows\system32\WSOCK32.dll
0x000007fefdfb0000 - 0x000007fefdffd000 	C:\Windows\system32\WS2_32.dll
0x000007fefd440000 - 0x000007fefd448000 	C:\Windows\system32\NSI.dll
0x000007fefbc00000 - 0x000007fefbc3b000 	C:\Windows\system32\WINMM.dll
0x000007fefc330000 - 0x000007fefc33c000 	C:\Windows\system32\VERSION.dll
0x0000000077430000 - 0x0000000077437000 	C:\Windows\system32\PSAPI.DLL
0x00000000707d0000 - 0x00000000707df000 	C:\Program Files\Java\jdk1.8.0_73\jre\bin\verify.dll
0x00000000707a0000 - 0x00000000707c9000 	C:\Program Files\Java\jdk1.8.0_73\jre\bin\java.dll
0x0000000070780000 - 0x0000000070796000 	C:\Program Files\Java\jdk1.8.0_73\jre\bin\zip.dll
0x000007fefe360000 - 0x000007feff0ea000 	C:\Windows\system32\SHELL32.dll
0x000007fefd5b0000 - 0x000007fefd7b3000 	C:\Windows\system32\ole32.dll
0x000007fefcfa0000 - 0x000007fefcfaf000 	C:\Windows\system32\profapi.dll

VM Arguments:
jvm_args: -Djava.awt.headless=true -Xmx1024M -Dfile.encoding=windows-1251 -Duser.country=RU -Duser.language=ru -Duser.variant 
java_command: com.android.dx.command.Main --dex --force-jumbo --num-threads=4 --output C:\asp\NGS_vacancy\app\build\intermediates\pre-dexed\debug\internal_impl-24.2.1_0236ed26d861c9b6b62f3a4e3f74dc6413c60737.jar C:\asp\NGS_vacancy\app\build\intermediates\exploded-aar\com.android.support\support-compat\24.2.1\jars\libs\internal_impl-24.2.1.jar
java_class_path (initial): C:\Users\avtseben\AppData\Local\Android\Sdk\build-tools\23.0.3\lib\dx.jar
Launcher Type: SUN_STANDARD

Environment Variables:
PATH=C:\Program Files\Broadcom\Broadcom 802.11;c:\Program Files (x86)\Intel\iCLS Client\;c:\Program Files\Intel\iCLS Client\;C:\ProgramData\Oracle\Java\javapath;C:\Windows\system32;C:\Windows;C:\Windows\System32\Wbem;C:\Windows\System32\WindowsPowerShell\v1.0\;C:\Program Files\Intel\Intel(R) Management Engine Components\DAL;C:\Program Files\Intel\Intel(R) Management Engine Components\IPT;C:\Program Files (x86)\Intel\Intel(R) Management Engine Components\DAL;C:\Program Files (x86)\Intel\Intel(R) Management Engine Components\IPT;c:\Program Files\WIDCOMM\Bluetooth Software\;c:\Program Files\WIDCOMM\Bluetooth Software\syswow64;C:\Program Files (x86)\Hewlett-Packard\HP ProtectTools Security Manager\Bin\;C:\Program Files (x86)\Skype\Phone\;C:\Program Files\OpenVPN\bin;C:\androidSDK\platform-tools\;C:\Program Files\Broadcom\Broadcom 802.11;c:\Program Files (x86)\Intel\iCLS Client\;c:\Program Files\Intel\iCLS Client\;C:\ProgramData\Oracle\Java\javapath;C:\Windows\system32;C:\Windows;C:\Windows\System32\Wbem;C:\Windows\System32\WindowsPowerShell\v1.0\;C:\Program Files\Intel\Intel(R) Management Engine Components\DAL;C:\Program Files\Intel\Intel(R) Management Engine Components\IPT;C:\Program Files (x86)\Intel\Intel(R) Management Engine Components\DAL;C:\Program Files (x86)\Intel\Intel(R) Management Engine Components\IPT;c:\Program Files\WIDCOMM\Bluetooth Software\;c:\Program Files\WIDCOMM\Bluetooth Software\syswow64;C:\Program Files (x86)\Hewlett-Packard\HP ProtectTools Security Manager\Bin\;C:\Program Files (x86)\Brackets\command;C:\Program Files (x86)\Skype\Phone\;C:\Program Files (x86)\ufs2tools-0.8\ufs2tools\;C:\Program Files\Git\bin\;C:\androidSDK\platform-tools;C:\gradle\bin
USERNAME=avtseben
OS=Windows_NT
PROCESSOR_IDENTIFIER=Intel64 Family 6 Model 58 Stepping 9, GenuineIntel



---------------  S Y S T E M  ---------------

OS: Windows 7 , 64 bit Build 7601 (6.1.7601.23572)

CPU:total 4 (2 cores per cpu, 2 threads per core) family 6 model 58 stepping 9, cmov, cx8, fxsr, mmx, sse, sse2, sse3, ssse3, sse4.1, sse4.2, popcnt, avx, aes, clmul, erms, ht, tsc, tscinvbit, tscinv

Memory: 4k page, physical 4056748k(442648k free), swap 4734624k(5480k free)

vm_info: Java HotSpot(TM) 64-Bit Server VM (25.73-b02) for windows-amd64 JRE (1.8.0_73-b02), built on Jan 29 2016 17:38:49 by "java_re" with MS VC++ 10.0 (VS2010)

time: Sat Dec 24 20:36:32 2016
elapsed time: 6 seconds (0d 0h 0m 6s)

