#
# There is insufficient memory for the Java Runtime Environment to continue.
# Native memory allocation (malloc) failed to allocate 943952 bytes for Chunk::new
# Possible reasons:
#   The system is out of physical RAM or swap space
#   In 32 bit mode, the process size limit was hit
# Possible solutions:
#   Reduce memory load on the system
#   Increase physical memory or swap space
#   Check if swap backing store is full
#   Use 64 bit Java on a 64 bit OS
#   Decrease Java heap size (-Xmx/-Xms)
#   Decrease number of Java threads
#   Decrease Java thread stack sizes (-Xss)
#   Set larger code cache with -XX:ReservedCodeCacheSize=
# This output file may be truncated or incomplete.
#
#  Out of Memory Error (allocation.cpp:390), pid=2348, tid=4204
#
# JRE version: Java(TM) SE Runtime Environment (8.0_73-b02) (build 1.8.0_73-b02)
# Java VM: Java HotSpot(TM) 64-Bit Server VM (25.73-b02 mixed mode windows-amd64 compressed oops)
# Failed to write core dump. Minidumps are not enabled by default on client versions of Windows
#

---------------  T H R E A D  ---------------

Current thread (0x000000005500f000):  JavaThread "C2 CompilerThread1" daemon [_thread_in_native, id=4204, stack(0x00000000576f0000,0x00000000577f0000)]

Stack: [0x00000000576f0000,0x00000000577f0000]
[error occurred during error reporting (printing stack bounds), id 0xc0000005]

Native frames: (J=compiled Java code, j=interpreted, Vv=VM code, C=native code)


Current CompileTask:
C2:   7025 1700       4       com.android.dx.dex.code.OutputFinisher::addConstants (93 bytes)


---------------  P R O C E S S  ---------------

Java Threads: ( => current thread )
  0x0000000056e54800 JavaThread "Service Thread" daemon [_thread_blocked, id=1096, stack(0x0000000056bc0000,0x0000000056cc0000)]
  0x0000000056e3d000 JavaThread "C1 CompilerThread2" daemon [_thread_in_native, id=7568, stack(0x0000000057840000,0x0000000057940000)]
=>0x000000005500f000 JavaThread "C2 CompilerThread1" daemon [_thread_in_native, id=4204, stack(0x00000000576f0000,0x00000000577f0000)]
  0x0000000056df4800 JavaThread "C2 CompilerThread0" daemon [_thread_in_native, id=6492, stack(0x0000000057540000,0x0000000057640000)]
  0x0000000056df1800 JavaThread "Attach Listener" daemon [_thread_blocked, id=6136, stack(0x0000000057430000,0x0000000057530000)]
  0x0000000055001800 JavaThread "Signal Dispatcher" daemon [_thread_blocked, id=3852, stack(0x0000000057260000,0x0000000057360000)]
  0x0000000054fa2000 JavaThread "Finalizer" daemon [_thread_blocked, id=7708, stack(0x0000000056cf0000,0x0000000056df0000)]
  0x0000000054fa0800 JavaThread "Reference Handler" daemon [_thread_blocked, id=7400, stack(0x0000000055fd0000,0x00000000560d0000)]
  0x000000000025e800 JavaThread "main" [_thread_in_Java, id=7328, stack(0x0000000002280000,0x0000000002380000)]

Other Threads:
  0x0000000054f9b000 VMThread [stack: 0x0000000056a50000,0x0000000056b50000] [id=7460]
  0x0000000056e5c000 WatcherThread [stack: 0x0000000057a00000,0x0000000057b00000] [id=4280]

VM state:not at safepoint (normal execution)

VM Mutex/Monitor currently owned by a thread: None

Heap:
 PSYoungGen      total 34304K, used 2743K [0x00000000eab00000, 0x00000000ecf00000, 0x0000000100000000)
  eden space 31744K, 0% used [0x00000000eab00000,0x00000000eab31d30,0x00000000eca00000)
  from space 2560K, 99% used [0x00000000eca00000,0x00000000ecc7c058,0x00000000ecc80000)
  to   space 2560K, 0% used [0x00000000ecc80000,0x00000000ecc80000,0x00000000ecf00000)
 ParOldGen       total 42496K, used 8052K [0x00000000c0000000, 0x00000000c2980000, 0x00000000eab00000)
  object space 42496K, 18% used [0x00000000c0000000,0x00000000c07dd290,0x00000000c2980000)
 Metaspace       used 6271K, capacity 7128K, committed 7424K, reserved 1056768K
  class space    used 627K, capacity 656K, committed 768K, reserved 1048576K

Card table byte_map: [0x0000000011a10000,0x0000000011c20000] byte_map_base: 0x0000000011410000

Marking Bits: (ParMarkBitMap*) 0x0000000056930600
 Begin Bits: [0x0000000012410000, 0x0000000013410000)
 End Bits:   [0x0000000013410000, 0x0000000014410000)

Polling page: 0x0000000000230000

CodeCache: size=245760Kb used=6374Kb max_used=6389Kb free=239385Kb
 bounds [0x0000000002650000, 0x0000000002ca0000, 0x0000000011650000]
 total_blobs=1906 nmethods=1637 adapters=182
 compilation: enabled

Compilation events (10 events):
Event: 6.695 Thread 0x0000000056e3d000 1732       1       com.android.dx.dex.file.DexFile::getStringData (5 bytes)
Event: 6.696 Thread 0x0000000056e3d000 nmethod 1732 0x0000000002c87650 code [0x0000000002c877a0, 0x0000000002c878b0]
Event: 6.696 Thread 0x0000000056e3d000 1733       3       com.android.dx.dex.file.StringIdItem::addContents (36 bytes)
Event: 6.697 Thread 0x0000000056e3d000 nmethod 1733 0x0000000002c87910 code [0x0000000002c87ae0, 0x0000000002c883f8]
Event: 7.020 Thread 0x0000000056e3d000 1734       3       com.android.dx.dex.file.StringDataItem::addContents (1 bytes)
Event: 7.020 Thread 0x0000000056e3d000 nmethod 1734 0x0000000002c89e90 code [0x0000000002c89fe0, 0x0000000002c8a130]
Event: 7.020 Thread 0x0000000056e3d000 1735       3       java.lang.ref.Reference::access$100 (4 bytes)
Event: 7.020 Thread 0x0000000056e3d000 nmethod 1735 0x0000000002c8a550 code [0x0000000002c8a6a0, 0x0000000002c8a7d0]
Event: 7.020 Thread 0x0000000056e3d000 1737   !   3       java.lang.ref.ReferenceQueue::enqueue (119 bytes)
Event: 7.021 Thread 0x0000000056e3d000 nmethod 1737 0x0000000002c8dc10 code [0x0000000002c8dda0, 0x0000000002c8e4e8]

GC Heap History (6 events):
Event: 1.696 GC heap before
{Heap before GC invocations=1 (full 0):
 PSYoungGen      total 18432K, used 15872K [0x00000000eab00000, 0x00000000ebf80000, 0x0000000100000000)
  eden space 15872K, 100% used [0x00000000eab00000,0x00000000eba80000,0x00000000eba80000)
  from space 2560K, 0% used [0x00000000ebd00000,0x00000000ebd00000,0x00000000ebf80000)
  to   space 2560K, 0% used [0x00000000eba80000,0x00000000eba80000,0x00000000ebd00000)
 ParOldGen       total 42496K, used 0K [0x00000000c0000000, 0x00000000c2980000, 0x00000000eab00000)
  object space 42496K, 0% used [0x00000000c0000000,0x00000000c0000000,0x00000000c2980000)
 Metaspace       used 5670K, capacity 6640K, committed 6784K, reserved 1056768K
  class space    used 598K, capacity 616K, committed 640K, reserved 1048576K
Event: 1.798 GC heap after
Heap after GC invocations=1 (full 0):
 PSYoungGen      total 18432K, used 2549K [0x00000000eab00000, 0x00000000ecf00000, 0x0000000100000000)
  eden space 15872K, 0% used [0x00000000eab00000,0x00000000eab00000,0x00000000eba80000)
  from space 2560K, 99% used [0x00000000eba80000,0x00000000ebcfd5f0,0x00000000ebd00000)
  to   space 2560K, 0% used [0x00000000ecc80000,0x00000000ecc80000,0x00000000ecf00000)
 ParOldGen       total 42496K, used 1586K [0x00000000c0000000, 0x00000000c2980000, 0x00000000eab00000)
  object space 42496K, 3% used [0x00000000c0000000,0x00000000c018cb70,0x00000000c2980000)
 Metaspace       used 5670K, capacity 6640K, committed 6784K, reserved 1056768K
  class space    used 598K, capacity 616K, committed 640K, reserved 1048576K
}
Event: 2.274 GC heap before
{Heap before GC invocations=2 (full 0):
 PSYoungGen      total 18432K, used 18421K [0x00000000eab00000, 0x00000000ecf00000, 0x0000000100000000)
  eden space 15872K, 100% used [0x00000000eab00000,0x00000000eba80000,0x00000000eba80000)
  from space 2560K, 99% used [0x00000000eba80000,0x00000000ebcfd5f0,0x00000000ebd00000)
  to   space 2560K, 0% used [0x00000000ecc80000,0x00000000ecc80000,0x00000000ecf00000)
 ParOldGen       total 42496K, used 1586K [0x00000000c0000000, 0x00000000c2980000, 0x00000000eab00000)
  object space 42496K, 3% used [0x00000000c0000000,0x00000000c018cb70,0x00000000c2980000)
 Metaspace       used 5795K, capacity 6768K, committed 7040K, reserved 1056768K
  class space    used 598K, capacity 616K, committed 640K, reserved 1048576K
Event: 2.323 GC heap after
Heap after GC invocations=2 (full 0):
 PSYoungGen      total 34304K, used 2542K [0x00000000eab00000, 0x00000000ecf00000, 0x0000000100000000)
  eden space 31744K, 0% used [0x00000000eab00000,0x00000000eab00000,0x00000000eca00000)
  from space 2560K, 99% used [0x00000000ecc80000,0x00000000ecefb9a0,0x00000000ecf00000)
  to   space 2560K, 0% used [0x00000000eca00000,0x00000000eca00000,0x00000000ecc80000)
 ParOldGen       total 42496K, used 3569K [0x00000000c0000000, 0x00000000c2980000, 0x00000000eab00000)
  object space 42496K, 8% used [0x00000000c0000000,0x00000000c037c7e0,0x00000000c2980000)
 Metaspace       used 5795K, capacity 6768K, committed 7040K, reserved 1056768K
  class space    used 598K, capacity 616K, committed 640K, reserved 1048576K
}
Event: 6.697 GC heap before
{Heap before GC invocations=3 (full 0):
 PSYoungGen      total 34304K, used 34286K [0x00000000eab00000, 0x00000000ecf00000, 0x0000000100000000)
  eden space 31744K, 100% used [0x00000000eab00000,0x00000000eca00000,0x00000000eca00000)
  from space 2560K, 99% used [0x00000000ecc80000,0x00000000ecefb9a0,0x00000000ecf00000)
  to   space 2560K, 0% used [0x00000000eca00000,0x00000000eca00000,0x00000000ecc80000)
 ParOldGen       total 42496K, used 3569K [0x00000000c0000000, 0x00000000c2980000, 0x00000000eab00000)
  object space 42496K, 8% used [0x00000000c0000000,0x00000000c037c7e0,0x00000000c2980000)
 Metaspace       used 6264K, capacity 7128K, committed 7424K, reserved 1056768K
  class space    used 626K, capacity 656K, committed 768K, reserved 1048576K
Event: 7.019 GC heap after
Heap after GC invocations=3 (full 0):
 PSYoungGen      total 34304K, used 2544K [0x00000000eab00000, 0x00000000ecf00000, 0x0000000100000000)
  eden space 31744K, 0% used [0x00000000eab00000,0x00000000eab00000,0x00000000eca00000)
  from space 2560K, 99% used [0x00000000eca00000,0x00000000ecc7c058,0x00000000ecc80000)
  to   space 2560K, 0% used [0x00000000ecc80000,0x00000000ecc80000,0x00000000ecf00000)
 ParOldGen       total 42496K, used 8052K [0x00000000c0000000, 0x00000000c2980000, 0x00000000eab00000)
  object space 42496K, 18% used [0x00000000c0000000,0x00000000c07dd290,0x00000000c2980000)
 Metaspace       used 6264K, capacity 7128K, committed 7424K, reserved 1056768K
  class space    used 626K, capacity 656K, committed 768K, reserved 1048576K
}

Deoptimization events (10 events):
Event: 2.772 Thread 0x0000000056f69800 Uncommon trap: reason=bimorphic action=maybe_recompile pc=0x0000000002825810 method=java.util.HashMap.getNode(ILjava/lang/Object;)Ljava/util/HashMap$Node; @ 126
Event: 2.798 Thread 0x0000000056f69800 Uncommon trap: reason=bimorphic action=maybe_recompile pc=0x0000000002825810 method=java.util.HashMap.getNode(ILjava/lang/Object;)Ljava/util/HashMap$Node; @ 126
Event: 2.798 Thread 0x0000000056f69800 Uncommon trap: reason=bimorphic action=maybe_recompile pc=0x0000000002825810 method=java.util.HashMap.getNode(ILjava/lang/Object;)Ljava/util/HashMap$Node; @ 126
Event: 2.798 Thread 0x0000000056f69800 Uncommon trap: reason=bimorphic action=maybe_recompile pc=0x0000000002825810 method=java.util.HashMap.getNode(ILjava/lang/Object;)Ljava/util/HashMap$Node; @ 126
Event: 2.799 Thread 0x0000000056f69800 Uncommon trap: reason=bimorphic action=maybe_recompile pc=0x0000000002822914 method=java.util.HashMap.getNode(ILjava/lang/Object;)Ljava/util/HashMap$Node; @ 126
Event: 2.801 Thread 0x0000000056f69800 Uncommon trap: reason=unstable_if action=reinterpret pc=0x000000000284bc94 method=java.util.HashMap.putVal(ILjava/lang/Object;Ljava/lang/Object;ZZ)Ljava/lang/Object; @ 162
Event: 3.239 Thread 0x0000000056f6a000 Uncommon trap: reason=unstable_if action=reinterpret pc=0x0000000002a74010 method=com.android.dx.ssa.InterferenceRegisterMapper.interferes(III)Z @ 69
Event: 5.395 Thread 0x0000000056f6e000 Uncommon trap: reason=bimorphic action=maybe_recompile pc=0x0000000002a1f5b0 method=com.android.dx.cf.code.BytecodeArray.parseInstruction(ILcom/android/dx/cf/code/BytecodeArray$Visitor;)I @ 1161
Event: 5.395 Thread 0x0000000056f6e000 Uncommon trap: reason=bimorphic action=maybe_recompile pc=0x0000000002a1f5b0 method=com.android.dx.cf.code.BytecodeArray.parseInstruction(ILcom/android/dx/cf/code/BytecodeArray$Visitor;)I @ 1161
Event: 5.884 Thread 0x0000000056f65800 Uncommon trap: reason=unstable_if action=reinterpret pc=0x0000000002b68b30 method=com.android.dx.ssa.LiteralOpUpgrader$1.visitNonMoveInsn(Lcom/android/dx/ssa/NormalSsaInsn;)V @ 176

Internal exceptions (6 events):
Event: 0.343 Thread 0x000000000025e800 Exception <a 'java/lang/NoSuchMethodError': Method sun.misc.Unsafe.defineClass(Ljava/lang/String;[BII)Ljava/lang/Class; name or signature does not match> (0x00000000eab130d8) thrown at [D:\re\puppet\workspace\8-2-build-windows-amd64-cygwin\jdk8u73\6086\hotåoQlïÕ?
Event: 0.343 Thread 0x000000000025e800 Exception <a 'java/lang/NoSuchMethodError': Method sun.misc.Unsafe.prefetchRead(Ljava/lang/Object;J)V name or signature does not match> (0x00000000eab133c0) thrown at [D:\re\puppet\workspace\8-2-build-windows-amd64-cygwin\jdk8u73\6086\hotspot\src\share\vm\¨›†Ø2ÿ?
Event: 1.950 Thread 0x0000000056f69800 Implicit null exception at 0x00000000028a7812 to 0x00000000028a7902
Event: 2.803 Thread 0x0000000056f69800 Exception <a 'java/lang/ArrayIndexOutOfBoundsException': 18> (0x00000000eb0f2de0) thrown at [D:\re\puppet\workspace\8-2-build-windows-amd64-cygwin\jdk8u73\6086\hotspot\src\share\vm\interpreter\interpreterRuntime.cpp, line 366]
Event: 2.803 Thread 0x0000000056f69800 Exception <a 'java/lang/ArrayIndexOutOfBoundsException': 145> (0x00000000eb0f4978) thrown at [D:\re\puppet\workspace\8-2-build-windows-amd64-cygwin\jdk8u73\6086\hotspot\src\share\vm\interpreter\interpreterRuntime.cpp, line 366]
Event: 2.804 Thread 0x0000000056f69800 Exception <a 'java/lang/ArrayIndexOutOfBoundsException': 40> (0x00000000eb0f5c60) thrown at [D:\re\puppet\workspace\8-2-build-windows-amd64-cygwin\jdk8u73\6086\hotspot\src\share\vm\interpreter\interpreterRuntime.cpp, line 366]

Events (10 events):
Event: 6.508 loading class com/android/dx/dex/file/CatchStructs done
Event: 6.536 Thread 0x000000000025e800 DEOPT PACKING pc=0x00000000029a843d sp=0x000000000237ef50
Event: 6.536 Thread 0x000000000025e800 DEOPT UNPACKING pc=0x000000000269787f sp=0x000000000237ec68 mode 0
Event: 6.656 loading class com/android/dx/dex/file/ProtoIdItem
Event: 6.656 loading class com/android/dx/dex/file/ProtoIdItem done
Event: 6.695 loading class com/android/dex/Leb128
Event: 6.695 loading class com/android/dex/Leb128 done
Event: 6.697 Executing VM operation: ParallelGCFailedAllocation
Event: 7.019 Executing VM operation: ParallelGCFailedAllocation done
Event: 7.021 loading class java/util/Collections$1


Dynamic libraries:
0x000000013f600000 - 0x000000013f637000 	C:\Program Files\Java\jdk1.8.0_73\bin\java.exe
0x0000000077270000 - 0x000000007741a000 	C:\Windows\SYSTEM32\ntdll.dll
0x0000000077150000 - 0x000000007726f000 	C:\Windows\system32\kernel32.dll
0x000007fefcfd0000 - 0x000007fefd03a000 	C:\Windows\system32\KERNELBASE.dll
0x0000000074ca0000 - 0x0000000074d27000 	C:\Windows\System32\SYSFER.DLL
0x000007fefdc80000 - 0x000007fefdd5b000 	C:\Windows\system32\ADVAPI32.dll
0x000007fefdd60000 - 0x000007fefddff000 	C:\Windows\system32\msvcrt.dll
0x000007feff560000 - 0x000007feff57f000 	C:\Windows\SYSTEM32\sechost.dll
0x000007fefd450000 - 0x000007fefd57d000 	C:\Windows\system32\RPCRT4.dll
0x0000000077050000 - 0x000000007714a000 	C:\Windows\system32\USER32.dll
0x000007fefd7e0000 - 0x000007fefd847000 	C:\Windows\system32\GDI32.dll
0x000007fefd430000 - 0x000007fefd43e000 	C:\Windows\system32\LPK.dll
0x000007fefd360000 - 0x000007fefd42a000 	C:\Windows\system32\USP10.dll
0x000007fefbf40000 - 0x000007fefc134000 	C:\Windows\WinSxS\amd64_microsoft.windows.common-controls_6595b64144ccf1df_6.0.7601.18837_none_fa3b1e3d17594757\COMCTL32.dll
0x000007fefe2e0000 - 0x000007fefe351000 	C:\Windows\system32\SHLWAPI.dll
0x000007fefd580000 - 0x000007fefd5ae000 	C:\Windows\system32\IMM32.DLL
0x000007fefdea0000 - 0x000007fefdfa9000 	C:\Windows\system32\MSCTF.dll
0x000000005dbe0000 - 0x000000005dcb2000 	C:\Program Files\Java\jdk1.8.0_73\jre\bin\msvcr100.dll
0x0000000056120000 - 0x00000000569b0000 	C:\Program Files\Java\jdk1.8.0_73\jre\bin\server\jvm.dll
0x000007feef9c0000 - 0x000007feef9c9000 	C:\Windows\system32\WSOCK32.dll
0x000007fefdfb0000 - 0x000007fefdffd000 	C:\Windows\system32\WS2_32.dll
0x000007fefd440000 - 0x000007fefd448000 	C:\Windows\system32\NSI.dll
0x000007fefbc00000 - 0x000007fefbc3b000 	C:\Windows\system32\WINMM.dll
0x000007fefc330000 - 0x000007fefc33c000 	C:\Windows\system32\VERSION.dll
0x0000000077430000 - 0x0000000077437000 	C:\Windows\system32\PSAPI.DLL
0x00000000707d0000 - 0x00000000707df000 	C:\Program Files\Java\jdk1.8.0_73\jre\bin\verify.dll
0x00000000707a0000 - 0x00000000707c9000 	C:\Program Files\Java\jdk1.8.0_73\jre\bin\java.dll
0x0000000070780000 - 0x0000000070796000 	C:\Program Files\Java\jdk1.8.0_73\jre\bin\zip.dll
0x000007fefe360000 - 0x000007feff0ea000 	C:\Windows\system32\SHELL32.dll
0x000007fefd5b0000 - 0x000007fefd7b3000 	C:\Windows\system32\ole32.dll
0x000007fefcfa0000 - 0x000007fefcfaf000 	C:\Windows\system32\profapi.dll

VM Arguments:
jvm_args: -Djava.awt.headless=true -Xmx1024M -Dfile.encoding=windows-1251 -Duser.country=RU -Duser.language=ru -Duser.variant 
java_command: com.android.dx.command.Main --dex --num-threads=4 --output C:\asp\NGS_vacancy\app\build\intermediates\pre-dexed\debug\okio-1.8.0_d0aad528935da1511b973c0c126e9d7768279627.jar C:\Users\avtseben\.gradle\caches\modules-2\files-2.1\com.squareup.okio\okio\1.8.0\5ea7af56cc7c567ed9856d99efb30740e9b17ff\okio-1.8.0.jar
java_class_path (initial): C:\Users\avtseben\AppData\Local\Android\Sdk\build-tools\23.0.3\lib\dx.jar
Launcher Type: SUN_STANDARD

Environment Variables:
PATH=C:\Program Files\Broadcom\Broadcom 802.11;c:\Program Files (x86)\Intel\iCLS Client\;c:\Program Files\Intel\iCLS Client\;C:\ProgramData\Oracle\Java\javapath;C:\Windows\system32;C:\Windows;C:\Windows\System32\Wbem;C:\Windows\System32\WindowsPowerShell\v1.0\;C:\Program Files\Intel\Intel(R) Management Engine Components\DAL;C:\Program Files\Intel\Intel(R) Management Engine Components\IPT;C:\Program Files (x86)\Intel\Intel(R) Management Engine Components\DAL;C:\Program Files (x86)\Intel\Intel(R) Management Engine Components\IPT;c:\Program Files\WIDCOMM\Bluetooth Software\;c:\Program Files\WIDCOMM\Bluetooth Software\syswow64;C:\Program Files (x86)\Hewlett-Packard\HP ProtectTools Security Manager\Bin\;C:\Program Files (x86)\Skype\Phone\;C:\Program Files\OpenVPN\bin;C:\androidSDK\platform-tools\;C:\Program Files\Broadcom\Broadcom 802.11;c:\Program Files (x86)\Intel\iCLS Client\;c:\Program Files\Intel\iCLS Client\;C:\ProgramData\Oracle\Java\javapath;C:\Windows\system32;C:\Windows;C:\Windows\System32\Wbem;C:\Windows\System32\WindowsPowerShell\v1.0\;C:\Program Files\Intel\Intel(R) Management Engine Components\DAL;C:\Program Files\Intel\Intel(R) Management Engine Components\IPT;C:\Program Files (x86)\Intel\Intel(R) Management Engine Components\DAL;C:\Program Files (x86)\Intel\Intel(R) Management Engine Components\IPT;c:\Program Files\WIDCOMM\Bluetooth Software\;c:\Program Files\WIDCOMM\Bluetooth Software\syswow64;C:\Program Files (x86)\Hewlett-Packard\HP ProtectTools Security Manager\Bin\;C:\Program Files (x86)\Brackets\command;C:\Program Files (x86)\Skype\Phone\;C:\Program Files (x86)\ufs2tools-0.8\ufs2tools\;C:\Program Files\Git\bin\;C:\androidSDK\platform-tools;C:\gradle\bin
USERNAME=avtseben
OS=Windows_NT
PROCESSOR_IDENTIFIER=Intel64 Family 6 Model 58 Stepping 9, GenuineIntel



---------------  S Y S T E M  ---------------

OS: Windows 7 , 64 bit Build 7601 (6.1.7601.23572)

CPU:total 4 (2 cores per cpu, 2 threads per core) family 6 model 58 stepping 9, cmov, cx8, fxsr, mmx, sse, sse2, sse3, ssse3, sse4.1, sse4.2, popcnt, avx, aes, clmul, erms, ht, tsc, tscinvbit, tscinv

Memory: 4k page, physical 4056748k(447732k free), swap 4734624k(4944k free)

vm_info: Java HotSpot(TM) 64-Bit Server VM (25.73-b02) for windows-amd64 JRE (1.8.0_73-b02), built on Jan 29 2016 17:38:49 by "java_re" with MS VC++ 10.0 (VS2010)

time: Sat Dec 24 20:35:11 2016
elapsed time: 7 seconds (0d 0h 0m 7s)

