#
# There is insufficient memory for the Java Runtime Environment to continue.
# Native memory allocation (malloc) failed to allocate 428256 bytes for Chunk::new
# Possible reasons:
#   The system is out of physical RAM or swap space
#   In 32 bit mode, the process size limit was hit
# Possible solutions:
#   Reduce memory load on the system
#   Increase physical memory or swap space
#   Check if swap backing store is full
#   Use 64 bit Java on a 64 bit OS
#   Decrease Java heap size (-Xmx/-Xms)
#   Decrease number of Java threads
#   Decrease Java thread stack sizes (-Xss)
#   Set larger code cache with -XX:ReservedCodeCacheSize=
# This output file may be truncated or incomplete.
#
#  Out of Memory Error (allocation.cpp:390), pid=6112, tid=3560
#
# JRE version: Java(TM) SE Runtime Environment (8.0_73-b02) (build 1.8.0_73-b02)
# Java VM: Java HotSpot(TM) 64-Bit Server VM (25.73-b02 mixed mode windows-amd64 compressed oops)
# Failed to write core dump. Minidumps are not enabled by default on client versions of Windows
#

---------------  T H R E A D  ---------------

Current thread (0x0000000056316000):  JavaThread "C2 CompilerThread1" daemon [_thread_in_native, id=3560, stack(0x0000000056de0000,0x0000000056ee0000)]

Stack: [0x0000000056de0000,0x0000000056ee0000]
[error occurred during error reporting (printing stack bounds), id 0xc0000005]

Native frames: (J=compiled Java code, j=interpreted, Vv=VM code, C=native code)


Current CompileTask:
C2:  22127 2033       4       com.android.dx.ssa.Dominators::run (506 bytes)


---------------  P R O C E S S  ---------------

Java Threads: ( => current thread )
  0x00000000565f6000 JavaThread "pool-1-thread-4" [_thread_blocked, id=5408, stack(0x0000000057c00000,0x0000000057d00000)]
  0x00000000571fb000 JavaThread "pool-1-thread-3" [_thread_in_Java, id=7600, stack(0x0000000057de0000,0x0000000057ee0000)]
  0x00000000565f2800 JavaThread "pool-1-thread-2" [_thread_blocked, id=6752, stack(0x0000000057af0000,0x0000000057bf0000)]
  0x00000000566d1000 JavaThread "pool-2-thread-1" [_thread_blocked, id=6796, stack(0x00000000579c0000,0x0000000057ac0000)]
  0x00000000571fd800 JavaThread "pool-1-thread-1" [_thread_blocked, id=6136, stack(0x0000000056960000,0x0000000056a60000)]
  0x000000005514e800 JavaThread "Service Thread" daemon [_thread_blocked, id=4076, stack(0x00000000570c0000,0x00000000571c0000)]
  0x0000000056317000 JavaThread "C1 CompilerThread2" daemon [_thread_blocked, id=3880, stack(0x0000000056f30000,0x0000000057030000)]
=>0x0000000056316000 JavaThread "C2 CompilerThread1" daemon [_thread_in_native, id=3560, stack(0x0000000056de0000,0x0000000056ee0000)]
  0x0000000056313800 JavaThread "C2 CompilerThread0" daemon [_thread_in_native, id=228, stack(0x0000000056ca0000,0x0000000056da0000)]
  0x0000000056310800 JavaThread "Attach Listener" daemon [_thread_blocked, id=5424, stack(0x0000000056a90000,0x0000000056b90000)]
  0x0000000055141800 JavaThread "Signal Dispatcher" daemon [_thread_blocked, id=3524, stack(0x00000000567e0000,0x00000000568e0000)]
  0x00000000550e2000 JavaThread "Finalizer" daemon [_thread_blocked, id=6356, stack(0x0000000056210000,0x0000000056310000)]
  0x00000000550e0800 JavaThread "Reference Handler" daemon [_thread_blocked, id=8144, stack(0x00000000560a0000,0x00000000561a0000)]
  0x000000000204e800 JavaThread "main" [_thread_blocked, id=7884, stack(0x00000000021f0000,0x00000000022f0000)]

Other Threads:
  0x00000000550db000 VMThread [stack: 0x0000000055f50000,0x0000000056050000] [id=4164]
  0x000000005638c800 WatcherThread [stack: 0x0000000056ba0000,0x0000000056ca0000] [id=3240]

VM state:not at safepoint (normal execution)

VM Mutex/Monitor currently owned by a thread: None

Heap:
 PSYoungGen      total 66048K, used 9758K [0x00000000eab00000, 0x00000000f4200000, 0x0000000100000000)
  eden space 63488K, 11% used [0x00000000eab00000,0x00000000eb20d020,0x00000000ee900000)
  from space 2560K, 99% used [0x00000000ee900000,0x00000000eeb7a930,0x00000000eeb80000)
  to   space 13824K, 0% used [0x00000000f3480000,0x00000000f3480000,0x00000000f4200000)
 ParOldGen       total 42496K, used 21978K [0x00000000c0000000, 0x00000000c2980000, 0x00000000eab00000)
  object space 42496K, 51% used [0x00000000c0000000,0x00000000c1576820,0x00000000c2980000)
 Metaspace       used 6194K, capacity 7152K, committed 7296K, reserved 1056768K
  class space    used 590K, capacity 616K, committed 640K, reserved 1048576K

Card table byte_map: [0x0000000011980000,0x0000000011b90000] byte_map_base: 0x0000000011380000

Marking Bits: (ParMarkBitMap*) 0x000000005a440600
 Begin Bits: [0x0000000012550000, 0x0000000013550000)
 End Bits:   [0x0000000013550000, 0x0000000014550000)

Polling page: 0x0000000000640000

CodeCache: size=245760Kb used=10284Kb max_used=10304Kb free=235475Kb
 bounds [0x00000000025c0000, 0x0000000002fe0000, 0x00000000115c0000]
 total_blobs=2282 nmethods=2018 adapters=176
 compilation: enabled

Compilation events (10 events):
Event: 22.055 Thread 0x0000000056317000 2028       3       java.util.HashMap::put (13 bytes)
Event: 22.055 Thread 0x0000000056317000 nmethod 2028 0x0000000002f83190 code [0x0000000002f83320, 0x0000000002f836d8]
Event: 22.055 Thread 0x0000000056317000 2029       3       java.util.HashMap::getNode (148 bytes)
Event: 22.056 Thread 0x0000000056317000 nmethod 2029 0x0000000002f98ed0 code [0x0000000002f990c0, 0x0000000002f99d08]
Event: 22.063 Thread 0x0000000056313800 nmethod 2025 0x0000000002fa58d0 code [0x0000000002fa5a60, 0x0000000002fa6378]
Event: 22.063 Thread 0x0000000056313800 2027       4       com.android.dx.ssa.ConstCollector::updateConstUses (248 bytes)
Event: 22.070 Thread 0x0000000056317000 2032       3       java.util.HashMap::putVal (300 bytes)
Event: 22.072 Thread 0x0000000056317000 nmethod 2032 0x0000000002fbbfd0 code [0x0000000002fbc240, 0x0000000002fbd4b8]
Event: 22.098 Thread 0x0000000056316000 nmethod 2024 0x0000000002fd9d50 code [0x0000000002fda040, 0x0000000002fdc088]
Event: 22.098 Thread 0x0000000056316000 2033       4       com.android.dx.ssa.Dominators::run (506 bytes)

GC Heap History (10 events):
Event: 1.245 GC heap before
{Heap before GC invocations=1 (full 0):
 PSYoungGen      total 18432K, used 15872K [0x00000000eab00000, 0x00000000ebf80000, 0x0000000100000000)
  eden space 15872K, 100% used [0x00000000eab00000,0x00000000eba80000,0x00000000eba80000)
  from space 2560K, 0% used [0x00000000ebd00000,0x00000000ebd00000,0x00000000ebf80000)
  to   space 2560K, 0% used [0x00000000eba80000,0x00000000eba80000,0x00000000ebd00000)
 ParOldGen       total 42496K, used 0K [0x00000000c0000000, 0x00000000c2980000, 0x00000000eab00000)
  object space 42496K, 0% used [0x00000000c0000000,0x00000000c0000000,0x00000000c2980000)
 Metaspace       used 5181K, capacity 6384K, committed 6528K, reserved 1056768K
  class space    used 579K, capacity 616K, committed 640K, reserved 1048576K
Event: 1.810 GC heap after
Heap after GC invocations=1 (full 0):
 PSYoungGen      total 18432K, used 2537K [0x00000000eab00000, 0x00000000ecf00000, 0x0000000100000000)
  eden space 15872K, 0% used [0x00000000eab00000,0x00000000eab00000,0x00000000eba80000)
  from space 2560K, 99% used [0x00000000eba80000,0x00000000ebcfa400,0x00000000ebd00000)
  to   space 2560K, 0% used [0x00000000ecc80000,0x00000000ecc80000,0x00000000ecf00000)
 ParOldGen       total 42496K, used 400K [0x00000000c0000000, 0x00000000c2980000, 0x00000000eab00000)
  object space 42496K, 0% used [0x00000000c0000000,0x00000000c0064108,0x00000000c2980000)
 Metaspace       used 5181K, capacity 6384K, committed 6528K, reserved 1056768K
  class space    used 579K, capacity 616K, committed 640K, reserved 1048576K
}
Event: 3.063 GC heap before
{Heap before GC invocations=2 (full 0):
 PSYoungGen      total 18432K, used 18409K [0x00000000eab00000, 0x00000000ecf00000, 0x0000000100000000)
  eden space 15872K, 100% used [0x00000000eab00000,0x00000000eba80000,0x00000000eba80000)
  from space 2560K, 99% used [0x00000000eba80000,0x00000000ebcfa400,0x00000000ebd00000)
  to   space 2560K, 0% used [0x00000000ecc80000,0x00000000ecc80000,0x00000000ecf00000)
 ParOldGen       total 42496K, used 400K [0x00000000c0000000, 0x00000000c2980000, 0x00000000eab00000)
  object space 42496K, 0% used [0x00000000c0000000,0x00000000c0064108,0x00000000c2980000)
 Metaspace       used 5870K, capacity 6960K, committed 7040K, reserved 1056768K
  class space    used 590K, capacity 616K, committed 640K, reserved 1048576K
Event: 3.521 GC heap after
Heap after GC invocations=2 (full 0):
 PSYoungGen      total 34304K, used 2554K [0x00000000eab00000, 0x00000000ecf00000, 0x0000000100000000)
  eden space 31744K, 0% used [0x00000000eab00000,0x00000000eab00000,0x00000000eca00000)
  from space 2560K, 99% used [0x00000000ecc80000,0x00000000ecefeaa0,0x00000000ecf00000)
  to   space 2560K, 0% used [0x00000000eca00000,0x00000000eca00000,0x00000000ecc80000)
 ParOldGen       total 42496K, used 1569K [0x00000000c0000000, 0x00000000c2980000, 0x00000000eab00000)
  object space 42496K, 3% used [0x00000000c0000000,0x00000000c01884f8,0x00000000c2980000)
 Metaspace       used 5870K, capacity 6960K, committed 7040K, reserved 1056768K
  class space    used 590K, capacity 616K, committed 640K, reserved 1048576K
}
Event: 5.388 GC heap before
{Heap before GC invocations=3 (full 0):
 PSYoungGen      total 34304K, used 34298K [0x00000000eab00000, 0x00000000ecf00000, 0x0000000100000000)
  eden space 31744K, 100% used [0x00000000eab00000,0x00000000eca00000,0x00000000eca00000)
  from space 2560K, 99% used [0x00000000ecc80000,0x00000000ecefeaa0,0x00000000ecf00000)
  to   space 2560K, 0% used [0x00000000eca00000,0x00000000eca00000,0x00000000ecc80000)
 ParOldGen       total 42496K, used 1569K [0x00000000c0000000, 0x00000000c2980000, 0x00000000eab00000)
  object space 42496K, 3% used [0x00000000c0000000,0x00000000c01884f8,0x00000000c2980000)
 Metaspace       used 6003K, capacity 7024K, committed 7296K, reserved 1056768K
  class space    used 590K, capacity 616K, committed 640K, reserved 1048576K
Event: 5.614 GC heap after
Heap after GC invocations=3 (full 0):
 PSYoungGen      total 34304K, used 2544K [0x00000000eab00000, 0x00000000eee00000, 0x0000000100000000)
  eden space 31744K, 0% used [0x00000000eab00000,0x00000000eab00000,0x00000000eca00000)
  from space 2560K, 99% used [0x00000000eca00000,0x00000000ecc7c020,0x00000000ecc80000)
  to   space 2560K, 0% used [0x00000000eeb80000,0x00000000eeb80000,0x00000000eee00000)
 ParOldGen       total 42496K, used 6695K [0x00000000c0000000, 0x00000000c2980000, 0x00000000eab00000)
  object space 42496K, 15% used [0x00000000c0000000,0x00000000c0689d30,0x00000000c2980000)
 Metaspace       used 6003K, capacity 7024K, committed 7296K, reserved 1056768K
  class space    used 590K, capacity 616K, committed 640K, reserved 1048576K
}
Event: 12.355 GC heap before
{Heap before GC invocations=4 (full 0):
 PSYoungGen      total 34304K, used 34288K [0x00000000eab00000, 0x00000000eee00000, 0x0000000100000000)
  eden space 31744K, 100% used [0x00000000eab00000,0x00000000eca00000,0x00000000eca00000)
  from space 2560K, 99% used [0x00000000eca00000,0x00000000ecc7c020,0x00000000ecc80000)
  to   space 2560K, 0% used [0x00000000eeb80000,0x00000000eeb80000,0x00000000eee00000)
 ParOldGen       total 42496K, used 6695K [0x00000000c0000000, 0x00000000c2980000, 0x00000000eab00000)
  object space 42496K, 15% used [0x00000000c0000000,0x00000000c0689d30,0x00000000c2980000)
 Metaspace       used 6105K, capacity 7088K, committed 7296K, reserved 1056768K
  class space    used 590K, capacity 616K, committed 640K, reserved 1048576K
Event: 12.717 GC heap after
Heap after GC invocations=4 (full 0):
 PSYoungGen      total 66048K, used 2544K [0x00000000eab00000, 0x00000000eee00000, 0x0000000100000000)
  eden space 63488K, 0% used [0x00000000eab00000,0x00000000eab00000,0x00000000ee900000)
  from space 2560K, 99% used [0x00000000eeb80000,0x00000000eedfc020,0x00000000eee00000)
  to   space 2560K, 0% used [0x00000000ee900000,0x00000000ee900000,0x00000000eeb80000)
 ParOldGen       total 42496K, used 11823K [0x00000000c0000000, 0x00000000c2980000, 0x00000000eab00000)
  object space 42496K, 27% used [0x00000000c0000000,0x00000000c0b8bfe0,0x00000000c2980000)
 Metaspace       used 6105K, capacity 7088K, committed 7296K, reserved 1056768K
  class space    used 590K, capacity 616K, committed 640K, reserved 1048576K
}
Event: 21.661 GC heap before
{Heap before GC invocations=5 (full 0):
 PSYoungGen      total 66048K, used 66032K [0x00000000eab00000, 0x00000000eee00000, 0x0000000100000000)
  eden space 63488K, 100% used [0x00000000eab00000,0x00000000ee900000,0x00000000ee900000)
  from space 2560K, 99% used [0x00000000eeb80000,0x00000000eedfc020,0x00000000eee00000)
  to   space 2560K, 0% used [0x00000000ee900000,0x00000000ee900000,0x00000000eeb80000)
 ParOldGen       total 42496K, used 11823K [0x00000000c0000000, 0x00000000c2980000, 0x00000000eab00000)
  object space 42496K, 27% used [0x00000000c0000000,0x00000000c0b8bfe0,0x00000000c2980000)
 Metaspace       used 6190K, capacity 7152K, committed 7296K, reserved 1056768K
  class space    used 590K, capacity 616K, committed 640K, reserved 1048576K
Event: 21.907 GC heap after
Heap after GC invocations=5 (full 0):
 PSYoungGen      total 66048K, used 2538K [0x00000000eab00000, 0x00000000f4200000, 0x0000000100000000)
  eden space 63488K, 0% used [0x00000000eab00000,0x00000000eab00000,0x00000000ee900000)
  from space 2560K, 99% used [0x00000000ee900000,0x00000000eeb7a930,0x00000000eeb80000)
  to   space 13824K, 0% used [0x00000000f3480000,0x00000000f3480000,0x00000000f4200000)
 ParOldGen       total 42496K, used 21978K [0x00000000c0000000, 0x00000000c2980000, 0x00000000eab00000)
  object space 42496K, 51% used [0x00000000c0000000,0x00000000c1576820,0x00000000c2980000)
 Metaspace       used 6190K, capacity 7152K, committed 7296K, reserved 1056768K
  class space    used 590K, capacity 616K, committed 640K, reserved 1048576K
}

Deoptimization events (10 events):
Event: 14.254 Thread 0x00000000571fd800 Uncommon trap: reason=bimorphic action=maybe_recompile pc=0x0000000002e0b064 method=com.android.dx.ssa.SCCP.setLatticeValueTo(IILcom/android/dx/rop/cst/Constant;)Z @ 43
Event: 14.254 Thread 0x00000000571fd800 Uncommon trap: reason=bimorphic action=maybe_recompile pc=0x0000000002e0b064 method=com.android.dx.ssa.SCCP.setLatticeValueTo(IILcom/android/dx/rop/cst/Constant;)Z @ 43
Event: 14.260 Thread 0x00000000571fd800 Uncommon trap: reason=bimorphic action=maybe_recompile pc=0x0000000002d2cd00 method=com.android.dx.ssa.SCCP.simulatePhi(Lcom/android/dx/ssa/PhiInsn;)V @ 124
Event: 14.260 Thread 0x00000000571fd800 Uncommon trap: reason=bimorphic action=maybe_recompile pc=0x0000000002e0b064 method=com.android.dx.ssa.SCCP.setLatticeValueTo(IILcom/android/dx/rop/cst/Constant;)Z @ 43
Event: 16.043 Thread 0x000000000204e800 Uncommon trap: reason=unloaded action=reinterpret pc=0x0000000002f0e9d4 method=com.android.dx.cf.cst.ConstantPoolParser.parse0(ILjava/util/BitSet;)Lcom/android/dx/rop/cst/Constant; @ 220
Event: 20.607 Thread 0x000000000204e800 Uncommon trap: reason=unstable_if action=reinterpret pc=0x0000000002f3cbc0 method=com.android.dx.cf.direct.StdAttributeFactory.parse0(Lcom/android/dx/cf/direct/DirectClassFile;ILjava/lang/String;IILcom/android/dx/cf/iface/ParseObserver;)Lcom/android/dx/cf/ÀƒË“Ï6@
Event: 22.054 Thread 0x00000000565f6000 Uncommon trap: reason=unstable_if action=reinterpret pc=0x0000000002b92e58 method=java.util.HashMap.putVal(ILjava/lang/Object;Ljava/lang/Object;ZZ)Ljava/lang/Object; @ 162
Event: 22.054 Thread 0x00000000565f6000 Uncommon trap: reason=unstable_if action=reinterpret pc=0x0000000002d55ce4 method=java.util.HashMap.putVal(ILjava/lang/Object;Ljava/lang/Object;ZZ)Ljava/lang/Object; @ 162
Event: 22.054 Thread 0x00000000565f6000 Uncommon trap: reason=unstable_if action=reinterpret pc=0x0000000002a3ee44 method=java.util.HashMap.getNode(ILjava/lang/Object;)Ljava/util/HashMap$Node; @ 84
Event: 22.054 Thread 0x00000000565f6000 Uncommon trap: reason=class_check action=maybe_recompile pc=0x0000000002fc10bc method=com.android.dx.ssa.ConstCollector.getConstsSortedByCountUse()Ljava/util/ArrayList; @ 331

Internal exceptions (4 events):
Event: 0.292 Thread 0x000000000204e800 Exception <a 'java/lang/NoSuchMethodError': Method sun.misc.Unsafe.defineClass(Ljava/lang/String;[BII)Ljava/lang/Class; name or signature does not match> (0x00000000eab130d8) thrown at [D:\re\puppet\workspace\8-2-build-windows-amd64-cygwin\jdk8u73\6086\hotÅŠÈ€´Ò?
Event: 0.292 Thread 0x000000000204e800 Exception <a 'java/lang/NoSuchMethodError': Method sun.misc.Unsafe.prefetchRead(Ljava/lang/Object;J)V name or signature does not match> (0x00000000eab133c0) thrown at [D:\re\puppet\workspace\8-2-build-windows-amd64-cygwin\jdk8u73\6086\hotspot\src\share\vm\¡#;öS„@
Event: 5.129 Thread 0x00000000565f2800 Implicit null exception at 0x0000000002a36358 to 0x0000000002a38679
Event: 5.623 Thread 0x00000000565f2800 Implicit null exception at 0x000000000299c112 to 0x000000000299c202

Events (10 events):
Event: 22.054 Thread 0x00000000565f6000 DEOPT UNPACKING pc=0x000000000260582a sp=0x0000000057cfe890 mode 2
Event: 22.054 Thread 0x00000000565f6000 Uncommon trap: trap_request=0xffffff65 fr.pc=0x0000000002d55ce4
Event: 22.054 Thread 0x00000000565f6000 DEOPT PACKING pc=0x0000000002d55ce4 sp=0x0000000057cfe8d0
Event: 22.054 Thread 0x00000000565f6000 DEOPT UNPACKING pc=0x000000000260582a sp=0x0000000057cfe888 mode 2
Event: 22.054 Thread 0x00000000565f6000 Uncommon trap: trap_request=0xffffff65 fr.pc=0x0000000002a3ee44
Event: 22.054 Thread 0x00000000565f6000 DEOPT PACKING pc=0x0000000002a3ee44 sp=0x0000000057cfe9a0
Event: 22.054 Thread 0x00000000565f6000 DEOPT UNPACKING pc=0x000000000260582a sp=0x0000000057cfe928 mode 2
Event: 22.054 Thread 0x00000000565f6000 Uncommon trap: trap_request=0xffffffde fr.pc=0x0000000002fc10bc
Event: 22.054 Thread 0x00000000565f6000 DEOPT PACKING pc=0x0000000002fc10bc sp=0x0000000057cfe9f0
Event: 22.054 Thread 0x00000000565f6000 DEOPT UNPACKING pc=0x000000000260582a sp=0x0000000057cfe9f0 mode 2


Dynamic libraries:
0x000000013fbc0000 - 0x000000013fbf7000 	C:\Program Files\Java\jdk1.8.0_73\bin\java.exe
0x0000000077270000 - 0x000000007741a000 	C:\Windows\SYSTEM32\ntdll.dll
0x0000000077150000 - 0x000000007726f000 	C:\Windows\system32\kernel32.dll
0x000007fefcfd0000 - 0x000007fefd03a000 	C:\Windows\system32\KERNELBASE.dll
0x0000000074ca0000 - 0x0000000074d27000 	C:\Windows\System32\SYSFER.DLL
0x000007fefdc80000 - 0x000007fefdd5b000 	C:\Windows\system32\ADVAPI32.dll
0x000007fefdd60000 - 0x000007fefddff000 	C:\Windows\system32\msvcrt.dll
0x000007feff560000 - 0x000007feff57f000 	C:\Windows\SYSTEM32\sechost.dll
0x000007fefd450000 - 0x000007fefd57d000 	C:\Windows\system32\RPCRT4.dll
0x0000000077050000 - 0x000000007714a000 	C:\Windows\system32\USER32.dll
0x000007fefd7e0000 - 0x000007fefd847000 	C:\Windows\system32\GDI32.dll
0x000007fefd430000 - 0x000007fefd43e000 	C:\Windows\system32\LPK.dll
0x000007fefd360000 - 0x000007fefd42a000 	C:\Windows\system32\USP10.dll
0x000007fefbf40000 - 0x000007fefc134000 	C:\Windows\WinSxS\amd64_microsoft.windows.common-controls_6595b64144ccf1df_6.0.7601.18837_none_fa3b1e3d17594757\COMCTL32.dll
0x000007fefe2e0000 - 0x000007fefe351000 	C:\Windows\system32\SHLWAPI.dll
0x000007fefd580000 - 0x000007fefd5ae000 	C:\Windows\system32\IMM32.DLL
0x000007fefdea0000 - 0x000007fefdfa9000 	C:\Windows\system32\MSCTF.dll
0x000000005d0b0000 - 0x000000005d182000 	C:\Program Files\Java\jdk1.8.0_73\jre\bin\msvcr100.dll
0x0000000059c30000 - 0x000000005a4c0000 	C:\Program Files\Java\jdk1.8.0_73\jre\bin\server\jvm.dll
0x000007fef3e50000 - 0x000007fef3e59000 	C:\Windows\system32\WSOCK32.dll
0x000007fefdfb0000 - 0x000007fefdffd000 	C:\Windows\system32\WS2_32.dll
0x000007fefd440000 - 0x000007fefd448000 	C:\Windows\system32\NSI.dll
0x000007fefbc00000 - 0x000007fefbc3b000 	C:\Windows\system32\WINMM.dll
0x000007fefc330000 - 0x000007fefc33c000 	C:\Windows\system32\VERSION.dll
0x0000000077430000 - 0x0000000077437000 	C:\Windows\system32\PSAPI.DLL
0x0000000064430000 - 0x000000006443f000 	C:\Program Files\Java\jdk1.8.0_73\jre\bin\verify.dll
0x0000000061ce0000 - 0x0000000061d09000 	C:\Program Files\Java\jdk1.8.0_73\jre\bin\java.dll
0x0000000062f50000 - 0x0000000062f66000 	C:\Program Files\Java\jdk1.8.0_73\jre\bin\zip.dll
0x000007fefe360000 - 0x000007feff0ea000 	C:\Windows\system32\SHELL32.dll
0x000007fefd5b0000 - 0x000007fefd7b3000 	C:\Windows\system32\ole32.dll
0x000007fefcfa0000 - 0x000007fefcfaf000 	C:\Windows\system32\profapi.dll

VM Arguments:
jvm_args: -Djava.awt.headless=true -Xmx1024M -Dfile.encoding=windows-1251 -Duser.country=RU -Duser.language=ru -Duser.variant 
java_command: com.android.dx.command.Main --dex --force-jumbo --num-threads=4 --output C:\asp\NGS_vacancy\app\build\intermediates\pre-dexed\debug\com.android.support-support-compat-24.2.1_c3a95cf76ae12c0f72d408e708f2771bacaa9896.jar C:\asp\NGS_vacancy\app\build\intermediates\exploded-aar\com.android.support\support-compat\24.2.1\jars\classes.jar
java_class_path (initial): C:\Users\avtseben\AppData\Local\Android\Sdk\build-tools\23.0.3\lib\dx.jar
Launcher Type: SUN_STANDARD

Environment Variables:
PATH=C:\Program Files\Broadcom\Broadcom 802.11;c:\Program Files (x86)\Intel\iCLS Client\;c:\Program Files\Intel\iCLS Client\;C:\ProgramData\Oracle\Java\javapath;C:\Windows\system32;C:\Windows;C:\Windows\System32\Wbem;C:\Windows\System32\WindowsPowerShell\v1.0\;C:\Program Files\Intel\Intel(R) Management Engine Components\DAL;C:\Program Files\Intel\Intel(R) Management Engine Components\IPT;C:\Program Files (x86)\Intel\Intel(R) Management Engine Components\DAL;C:\Program Files (x86)\Intel\Intel(R) Management Engine Components\IPT;c:\Program Files\WIDCOMM\Bluetooth Software\;c:\Program Files\WIDCOMM\Bluetooth Software\syswow64;C:\Program Files (x86)\Hewlett-Packard\HP ProtectTools Security Manager\Bin\;C:\Program Files (x86)\Skype\Phone\;C:\Program Files\OpenVPN\bin;C:\androidSDK\platform-tools\;C:\Program Files\Broadcom\Broadcom 802.11;c:\Program Files (x86)\Intel\iCLS Client\;c:\Program Files\Intel\iCLS Client\;C:\ProgramData\Oracle\Java\javapath;C:\Windows\system32;C:\Windows;C:\Windows\System32\Wbem;C:\Windows\System32\WindowsPowerShell\v1.0\;C:\Program Files\Intel\Intel(R) Management Engine Components\DAL;C:\Program Files\Intel\Intel(R) Management Engine Components\IPT;C:\Program Files (x86)\Intel\Intel(R) Management Engine Components\DAL;C:\Program Files (x86)\Intel\Intel(R) Management Engine Components\IPT;c:\Program Files\WIDCOMM\Bluetooth Software\;c:\Program Files\WIDCOMM\Bluetooth Software\syswow64;C:\Program Files (x86)\Hewlett-Packard\HP ProtectTools Security Manager\Bin\;C:\Program Files (x86)\Brackets\command;C:\Program Files (x86)\Skype\Phone\;C:\Program Files (x86)\ufs2tools-0.8\ufs2tools\;C:\Program Files\Git\bin\;C:\androidSDK\platform-tools;C:\gradle\bin
USERNAME=avtseben
OS=Windows_NT
PROCESSOR_IDENTIFIER=Intel64 Family 6 Model 58 Stepping 9, GenuineIntel



---------------  S Y S T E M  ---------------

OS: Windows 7 , 64 bit Build 7601 (6.1.7601.23572)

CPU:total 4 (2 cores per cpu, 2 threads per core) family 6 model 58 stepping 9, cmov, cx8, fxsr, mmx, sse, sse2, sse3, ssse3, sse4.1, sse4.2, popcnt, avx, aes, clmul, erms, ht, tsc, tscinvbit, tscinv

Memory: 4k page, physical 4056748k(659348k free), swap 4734624k(5160k free)

vm_info: Java HotSpot(TM) 64-Bit Server VM (25.73-b02) for windows-amd64 JRE (1.8.0_73-b02), built on Jan 29 2016 17:38:49 by "java_re" with MS VC++ 10.0 (VS2010)

time: Sat Dec 24 20:40:49 2016
elapsed time: 22 seconds (0d 0h 0m 22s)

