#
# There is insufficient memory for the Java Runtime Environment to continue.
# Native memory allocation (malloc) failed to allocate 1662176 bytes for Chunk::new
# Possible reasons:
#   The system is out of physical RAM or swap space
#   In 32 bit mode, the process size limit was hit
# Possible solutions:
#   Reduce memory load on the system
#   Increase physical memory or swap space
#   Check if swap backing store is full
#   Use 64 bit Java on a 64 bit OS
#   Decrease Java heap size (-Xmx/-Xms)
#   Decrease number of Java threads
#   Decrease Java thread stack sizes (-Xss)
#   Set larger code cache with -XX:ReservedCodeCacheSize=
# This output file may be truncated or incomplete.
#
#  Out of Memory Error (allocation.cpp:390), pid=4400, tid=7516
#
# JRE version: Java(TM) SE Runtime Environment (8.0_73-b02) (build 1.8.0_73-b02)
# Java VM: Java HotSpot(TM) 64-Bit Server VM (25.73-b02 mixed mode windows-amd64 compressed oops)
# Failed to write core dump. Minidumps are not enabled by default on client versions of Windows
#

---------------  T H R E A D  ---------------

Current thread (0x000000005502c000):  JavaThread "C2 CompilerThread1" daemon [_thread_in_native, id=7516, stack(0x00000000569f0000,0x0000000056af0000)]

Stack: [0x00000000569f0000,0x0000000056af0000]
[error occurred during error reporting (printing stack bounds), id 0xc0000005]

Native frames: (J=compiled Java code, j=interpreted, Vv=VM code, C=native code)


Current CompileTask:
C2:  25192 2124       4       com.android.dx.ssa.ConstCollector::getConstsSortedByCountUse (386 bytes)


---------------  P R O C E S S  ---------------

Java Threads: ( => current thread )
  0x0000000056f77800 JavaThread "pool-1-thread-4" [_thread_blocked, id=1300, stack(0x0000000057820000,0x0000000057920000)]
  0x0000000056eab000 JavaThread "pool-1-thread-3" [_thread_blocked, id=6356, stack(0x0000000057930000,0x0000000057a30000)]
  0x0000000056ea9800 JavaThread "pool-1-thread-2" [_thread_blocked, id=1748, stack(0x00000000574c0000,0x00000000575c0000)]
  0x0000000056ea9000 JavaThread "pool-2-thread-1" [_thread_blocked, id=1460, stack(0x0000000057660000,0x0000000057760000)]
  0x0000000056f1f800 JavaThread "pool-1-thread-1" [_thread_blocked, id=3528, stack(0x00000000570e0000,0x00000000571e0000)]
  0x000000005502f800 JavaThread "Service Thread" daemon [_thread_blocked, id=6012, stack(0x0000000057240000,0x0000000057340000)]
  0x000000005502d000 JavaThread "C1 CompilerThread2" daemon [_thread_blocked, id=7792, stack(0x0000000056ba0000,0x0000000056ca0000)]
=>0x000000005502c000 JavaThread "C2 CompilerThread1" daemon [_thread_in_native, id=7516, stack(0x00000000569f0000,0x0000000056af0000)]
  0x0000000055029800 JavaThread "C2 CompilerThread0" daemon [_thread_in_native, id=6204, stack(0x0000000056800000,0x0000000056900000)]
  0x0000000055026800 JavaThread "Attach Listener" daemon [_thread_blocked, id=7292, stack(0x0000000056690000,0x0000000056790000)]
  0x0000000055024000 JavaThread "Signal Dispatcher" daemon [_thread_blocked, id=7196, stack(0x0000000056520000,0x0000000056620000)]
  0x0000000054fc2000 JavaThread "Finalizer" daemon [_thread_blocked, id=7120, stack(0x00000000562a0000,0x00000000563a0000)]
  0x0000000054fc0800 JavaThread "Reference Handler" daemon [_thread_blocked, id=7808, stack(0x00000000560e0000,0x00000000561e0000)]
  0x000000000227e800 JavaThread "main" [_thread_blocked, id=7136, stack(0x0000000002450000,0x0000000002550000)]

Other Threads:
  0x0000000054fbb000 VMThread [stack: 0x0000000055f70000,0x0000000056070000] [id=2180]
  0x0000000056d3e800 WatcherThread [stack: 0x0000000057370000,0x0000000057470000] [id=3036]

VM state:not at safepoint (normal execution)

VM Mutex/Monitor currently owned by a thread: None

Heap:
 PSYoungGen      total 66048K, used 53426K [0x00000000eab00000, 0x00000000eee00000, 0x0000000100000000)
  eden space 63488K, 80% used [0x00000000eab00000,0x00000000edcb3200,0x00000000ee900000)
  from space 2560K, 98% used [0x00000000ee900000,0x00000000eeb79670,0x00000000eeb80000)
  to   space 2560K, 0% used [0x00000000eeb80000,0x00000000eeb80000,0x00000000eee00000)
 ParOldGen       total 42496K, used 22980K [0x00000000c0000000, 0x00000000c2980000, 0x00000000eab00000)
  object space 42496K, 54% used [0x00000000c0000000,0x00000000c16713c0,0x00000000c2980000)
 Metaspace       used 6356K, capacity 7192K, committed 7424K, reserved 1056768K
  class space    used 619K, capacity 656K, committed 768K, reserved 1048576K

Card table byte_map: [0x0000000011be0000,0x0000000011df0000] byte_map_base: 0x00000000115e0000

Marking Bits: (ParMarkBitMap*) 0x000000005cdd0600
 Begin Bits: [0x0000000012430000, 0x0000000013430000)
 End Bits:   [0x0000000013430000, 0x0000000014430000)

Polling page: 0x0000000000330000

CodeCache: size=245760Kb used=9702Kb max_used=9883Kb free=236057Kb
 bounds [0x0000000002820000, 0x00000000031e0000, 0x0000000011820000]
 total_blobs=2224 nmethods=1954 adapters=182
 compilation: enabled

Compilation events (10 events):
Event: 24.415 Thread 0x000000005502c000 2121 %     4       com.android.dx.ssa.SsaConverter::edgeSplitSuccessors @ 12 (98 bytes)
Event: 24.416 Thread 0x0000000055029800 2122 %     4       com.android.dx.ssa.SsaMethod::forEachBlockDepthFirstDom @ 32 (128 bytes)
Event: 24.453 Thread 0x0000000055029800 nmethod 2122% 0x0000000002953f90 code [0x0000000002954180, 0x0000000002955618]
Event: 24.538 Thread 0x000000005502c000 nmethod 2121% 0x00000000031cf510 code [0x00000000031cf780, 0x00000000031d1cf8]
Event: 24.647 Thread 0x0000000055029800 2123       4       com.android.dx.cf.code.Simulator$SimVisitor::visitLocal (329 bytes)
Event: 24.663 Thread 0x000000005502c000 2124       4       com.android.dx.ssa.ConstCollector::getConstsSortedByCountUse (386 bytes)
Event: 24.670 Thread 0x000000005502d000 2128       1       com.android.dx.ssa.LiteralOpUpgrader$1::visitPhiInsn (1 bytes)
Event: 24.670 Thread 0x000000005502d000 nmethod 2128 0x000000000294fe10 code [0x000000000294ff60, 0x0000000002950070]
Event: 24.697 Thread 0x0000000055029800 nmethod 2123 0x00000000031cd0d0 code [0x00000000031cd320, 0x00000000031ce390]
Event: 24.698 Thread 0x0000000055029800 2126       4       com.android.dx.ssa.ConstCollector::updateConstUses (248 bytes)

GC Heap History (10 events):
Event: 2.978 GC heap before
{Heap before GC invocations=1 (full 0):
 PSYoungGen      total 18432K, used 15872K [0x00000000eab00000, 0x00000000ebf80000, 0x0000000100000000)
  eden space 15872K, 100% used [0x00000000eab00000,0x00000000eba80000,0x00000000eba80000)
  from space 2560K, 0% used [0x00000000ebd00000,0x00000000ebd00000,0x00000000ebf80000)
  to   space 2560K, 0% used [0x00000000eba80000,0x00000000eba80000,0x00000000ebd00000)
 ParOldGen       total 42496K, used 0K [0x00000000c0000000, 0x00000000c2980000, 0x00000000eab00000)
  object space 42496K, 0% used [0x00000000c0000000,0x00000000c0000000,0x00000000c2980000)
 Metaspace       used 5649K, capacity 6640K, committed 6784K, reserved 1056768K
  class space    used 595K, capacity 616K, committed 640K, reserved 1048576K
Event: 3.020 GC heap after
Heap after GC invocations=1 (full 0):
 PSYoungGen      total 18432K, used 2538K [0x00000000eab00000, 0x00000000ecf00000, 0x0000000100000000)
  eden space 15872K, 0% used [0x00000000eab00000,0x00000000eab00000,0x00000000eba80000)
  from space 2560K, 99% used [0x00000000eba80000,0x00000000ebcfaaa8,0x00000000ebd00000)
  to   space 2560K, 0% used [0x00000000ecc80000,0x00000000ecc80000,0x00000000ecf00000)
 ParOldGen       total 42496K, used 1490K [0x00000000c0000000, 0x00000000c2980000, 0x00000000eab00000)
  object space 42496K, 3% used [0x00000000c0000000,0x00000000c0174b58,0x00000000c2980000)
 Metaspace       used 5649K, capacity 6640K, committed 6784K, reserved 1056768K
  class space    used 595K, capacity 616K, committed 640K, reserved 1048576K
}
Event: 4.243 GC heap before
{Heap before GC invocations=2 (full 0):
 PSYoungGen      total 18432K, used 18410K [0x00000000eab00000, 0x00000000ecf00000, 0x0000000100000000)
  eden space 15872K, 100% used [0x00000000eab00000,0x00000000eba80000,0x00000000eba80000)
  from space 2560K, 99% used [0x00000000eba80000,0x00000000ebcfaaa8,0x00000000ebd00000)
  to   space 2560K, 0% used [0x00000000ecc80000,0x00000000ecc80000,0x00000000ecf00000)
 ParOldGen       total 42496K, used 1490K [0x00000000c0000000, 0x00000000c2980000, 0x00000000eab00000)
  object space 42496K, 3% used [0x00000000c0000000,0x00000000c0174b58,0x00000000c2980000)
 Metaspace       used 5905K, capacity 6896K, committed 7040K, reserved 1056768K
  class space    used 596K, capacity 616K, committed 640K, reserved 1048576K
Event: 4.378 GC heap after
Heap after GC invocations=2 (full 0):
 PSYoungGen      total 34304K, used 2560K [0x00000000eab00000, 0x00000000ecf00000, 0x0000000100000000)
  eden space 31744K, 0% used [0x00000000eab00000,0x00000000eab00000,0x00000000eca00000)
  from space 2560K, 100% used [0x00000000ecc80000,0x00000000ecf00000,0x00000000ecf00000)
  to   space 2560K, 0% used [0x00000000eca00000,0x00000000eca00000,0x00000000ecc80000)
 ParOldGen       total 42496K, used 4107K [0x00000000c0000000, 0x00000000c2980000, 0x00000000eab00000)
  object space 42496K, 9% used [0x00000000c0000000,0x00000000c0402c08,0x00000000c2980000)
 Metaspace       used 5905K, capacity 6896K, committed 7040K, reserved 1056768K
  class space    used 596K, capacity 616K, committed 640K, reserved 1048576K
}
Event: 7.070 GC heap before
{Heap before GC invocations=3 (full 0):
 PSYoungGen      total 34304K, used 34304K [0x00000000eab00000, 0x00000000ecf00000, 0x0000000100000000)
  eden space 31744K, 100% used [0x00000000eab00000,0x00000000eca00000,0x00000000eca00000)
  from space 2560K, 100% used [0x00000000ecc80000,0x00000000ecf00000,0x00000000ecf00000)
  to   space 2560K, 0% used [0x00000000eca00000,0x00000000eca00000,0x00000000ecc80000)
 ParOldGen       total 42496K, used 4107K [0x00000000c0000000, 0x00000000c2980000, 0x00000000eab00000)
  object space 42496K, 9% used [0x00000000c0000000,0x00000000c0402c08,0x00000000c2980000)
 Metaspace       used 6194K, capacity 7064K, committed 7424K, reserved 1056768K
  class space    used 617K, capacity 656K, committed 768K, reserved 1048576K
Event: 7.389 GC heap after
Heap after GC invocations=3 (full 0):
 PSYoungGen      total 34304K, used 2552K [0x00000000eab00000, 0x00000000eee00000, 0x0000000100000000)
  eden space 31744K, 0% used [0x00000000eab00000,0x00000000eab00000,0x00000000eca00000)
  from space 2560K, 99% used [0x00000000eca00000,0x00000000ecc7e200,0x00000000ecc80000)
  to   space 2560K, 0% used [0x00000000eeb80000,0x00000000eeb80000,0x00000000eee00000)
 ParOldGen       total 42496K, used 8544K [0x00000000c0000000, 0x00000000c2980000, 0x00000000eab00000)
  object space 42496K, 20% used [0x00000000c0000000,0x00000000c08581d8,0x00000000c2980000)
 Metaspace       used 6194K, capacity 7064K, committed 7424K, reserved 1056768K
  class space    used 617K, capacity 656K, committed 768K, reserved 1048576K
}
Event: 11.255 GC heap before
{Heap before GC invocations=4 (full 0):
 PSYoungGen      total 34304K, used 34296K [0x00000000eab00000, 0x00000000eee00000, 0x0000000100000000)
  eden space 31744K, 100% used [0x00000000eab00000,0x00000000eca00000,0x00000000eca00000)
  from space 2560K, 99% used [0x00000000eca00000,0x00000000ecc7e200,0x00000000ecc80000)
  to   space 2560K, 0% used [0x00000000eeb80000,0x00000000eeb80000,0x00000000eee00000)
 ParOldGen       total 42496K, used 8544K [0x00000000c0000000, 0x00000000c2980000, 0x00000000eab00000)
  object space 42496K, 20% used [0x00000000c0000000,0x00000000c08581d8,0x00000000c2980000)
 Metaspace       used 6262K, capacity 7128K, committed 7424K, reserved 1056768K
  class space    used 618K, capacity 656K, committed 768K, reserved 1048576K
Event: 12.095 GC heap after
Heap after GC invocations=4 (full 0):
 PSYoungGen      total 66048K, used 2544K [0x00000000eab00000, 0x00000000eee00000, 0x0000000100000000)
  eden space 63488K, 0% used [0x00000000eab00000,0x00000000eab00000,0x00000000ee900000)
  from space 2560K, 99% used [0x00000000eeb80000,0x00000000eedfc248,0x00000000eee00000)
  to   space 2560K, 0% used [0x00000000ee900000,0x00000000ee900000,0x00000000eeb80000)
 ParOldGen       total 42496K, used 13260K [0x00000000c0000000, 0x00000000c2980000, 0x00000000eab00000)
  object space 42496K, 31% used [0x00000000c0000000,0x00000000c0cf3288,0x00000000c2980000)
 Metaspace       used 6262K, capacity 7128K, committed 7424K, reserved 1056768K
  class space    used 618K, capacity 656K, committed 768K, reserved 1048576K
}
Event: 16.018 GC heap before
{Heap before GC invocations=5 (full 0):
 PSYoungGen      total 66048K, used 66032K [0x00000000eab00000, 0x00000000eee00000, 0x0000000100000000)
  eden space 63488K, 100% used [0x00000000eab00000,0x00000000ee900000,0x00000000ee900000)
  from space 2560K, 99% used [0x00000000eeb80000,0x00000000eedfc248,0x00000000eee00000)
  to   space 2560K, 0% used [0x00000000ee900000,0x00000000ee900000,0x00000000eeb80000)
 ParOldGen       total 42496K, used 13260K [0x00000000c0000000, 0x00000000c2980000, 0x00000000eab00000)
  object space 42496K, 31% used [0x00000000c0000000,0x00000000c0cf3288,0x00000000c2980000)
 Metaspace       used 6329K, capacity 7128K, committed 7424K, reserved 1056768K
  class space    used 618K, capacity 656K, committed 768K, reserved 1048576K
Event: 16.436 GC heap after
Heap after GC invocations=5 (full 0):
 PSYoungGen      total 66048K, used 2533K [0x00000000eab00000, 0x00000000eee00000, 0x0000000100000000)
  eden space 63488K, 0% used [0x00000000eab00000,0x00000000eab00000,0x00000000ee900000)
  from space 2560K, 98% used [0x00000000ee900000,0x00000000eeb79670,0x00000000eeb80000)
  to   space 2560K, 0% used [0x00000000eeb80000,0x00000000eeb80000,0x00000000eee00000)
 ParOldGen       total 42496K, used 22980K [0x00000000c0000000, 0x00000000c2980000, 0x00000000eab00000)
  object space 42496K, 54% used [0x00000000c0000000,0x00000000c16713c0,0x00000000c2980000)
 Metaspace       used 6329K, capacity 7128K, committed 7424K, reserved 1056768K
  class space    used 618K, capacity 656K, committed 768K, reserved 1048576K
}

Deoptimization events (10 events):
Event: 14.016 Thread 0x0000000056f1f800 Uncommon trap: reason=class_check action=maybe_recompile pc=0x0000000002f24c3c method=com.android.dx.ssa.back.FirstFitLocalCombiningAllocator.findNextUnreservedRopReg(IILcom/android/dx/ssa/back/FirstFitLocalCombiningAllocator$Alignment;)I @ 60
Event: 14.055 Thread 0x0000000056f1f800 Uncommon trap: reason=unstable_if action=reinterpret pc=0x0000000002f29d64 method=com.android.dx.rop.code.BasicBlockList.preferredSuccessorOf(Lcom/android/dx/rop/code/BasicBlock;)Lcom/android/dx/rop/code/BasicBlock; @ 58
Event: 14.974 Thread 0x000000000227e800 Uncommon trap: reason=unstable_if action=reinterpret pc=0x0000000002f1bfb0 method=com.android.dx.cf.code.Merger.mergeType(Lcom/android/dx/rop/type/TypeBearer;Lcom/android/dx/rop/type/TypeBearer;)Lcom/android/dx/rop/type/TypeBearer; @ 52
Event: 15.985 Thread 0x0000000056f77800 Uncommon trap: reason=class_check action=maybe_recompile pc=0x0000000002f6e6a8 method=com.android.dx.cf.code.RopperMachine.run(Lcom/android/dx/cf/code/Frame;II)V @ 1024
Event: 16.525 Thread 0x0000000056f1f800 Uncommon trap: reason=class_check action=maybe_recompile pc=0x0000000002f6db40 method=com.android.dx.cf.code.RopperMachine.run(Lcom/android/dx/cf/code/Frame;II)V @ 310
Event: 16.525 Thread 0x0000000056f1f800 Uncommon trap: reason=class_check action=maybe_recompile pc=0x0000000002f6db40 method=com.android.dx.cf.code.RopperMachine.run(Lcom/android/dx/cf/code/Frame;II)V @ 310
Event: 16.533 Thread 0x0000000056f1f800 Uncommon trap: reason=unstable_if action=reinterpret pc=0x0000000002d4f840 method=com.android.dx.ssa.SCCP.simulateBranch(Lcom/android/dx/ssa/SsaInsn;)V @ 548
Event: 16.554 Thread 0x0000000056f77800 Uncommon trap: reason=class_check action=maybe_recompile pc=0x0000000002f6e6a8 method=com.android.dx.cf.code.RopperMachine.run(Lcom/android/dx/cf/code/Frame;II)V @ 1024
Event: 20.668 Thread 0x0000000056ea9800 Uncommon trap: reason=bimorphic action=maybe_recompile pc=0x0000000002e05874 method=com.android.dx.rop.code.RegisterSpec.withSimpleType()Lcom/android/dx/rop/code/RegisterSpec; @ 21
Event: 21.158 Thread 0x0000000056f1f800 Uncommon trap: reason=unstable_if action=reinterpret pc=0x0000000002f9f39c method=com.android.dx.cf.code.BaseMachine.popArgs(Lcom/android/dx/cf/code/Frame;I)V @ 15

Internal exceptions (7 events):
Event: 0.146 Thread 0x000000000227e800 Exception <a 'java/lang/NoSuchMethodError': Method sun.misc.Unsafe.defineClass(Ljava/lang/String;[BII)Ljava/lang/Class; name or signature does not match> (0x00000000eab130d8) thrown at [D:\re\puppet\workspace\8-2-build-windows-amd64-cygwin\jdk8u73\6086\hot´Z6Ê£Â?
Event: 0.146 Thread 0x000000000227e800 Exception <a 'java/lang/NoSuchMethodError': Method sun.misc.Unsafe.prefetchRead(Ljava/lang/Object;J)V name or signature does not match> (0x00000000eab133c0) thrown at [D:\re\puppet\workspace\8-2-build-windows-amd64-cygwin\jdk8u73\6086\hotspot\src\share\vm\ë}wÛÚ@
Event: 3.106 Thread 0x0000000056f77800 Implicit null exception at 0x0000000002a401de to 0x0000000002a41701
Event: 3.958 Thread 0x0000000056ea9800 Implicit null exception at 0x0000000002a57222 to 0x0000000002a58965
Event: 6.462 Thread 0x0000000056ea9800 Exception <a 'java/lang/ArrayIndexOutOfBoundsException': 18> (0x00000000ec53cd88) thrown at [D:\re\puppet\workspace\8-2-build-windows-amd64-cygwin\jdk8u73\6086\hotspot\src\share\vm\interpreter\interpreterRuntime.cpp, line 366]
Event: 6.462 Thread 0x0000000056ea9800 Exception <a 'java/lang/ArrayIndexOutOfBoundsException': 145> (0x00000000ec53e908) thrown at [D:\re\puppet\workspace\8-2-build-windows-amd64-cygwin\jdk8u73\6086\hotspot\src\share\vm\interpreter\interpreterRuntime.cpp, line 366]
Event: 6.463 Thread 0x0000000056ea9800 Exception <a 'java/lang/ArrayIndexOutOfBoundsException'> (0x00000000ec53fbf0) thrown at [D:\re\puppet\workspace\8-2-build-windows-amd64-cygwin\jdk8u73\6086\hotspot\src\share\vm\runtime\sharedRuntime.cpp, line 605]

Events (10 events):
Event: 24.698 Thread 0x0000000055029800 flushing nmethod 0x00000000029ac7d0
Event: 24.698 Thread 0x0000000055029800 flushing nmethod 0x00000000029acb90
Event: 24.698 Thread 0x0000000055029800 flushing nmethod 0x00000000029ad290
Event: 24.698 Thread 0x0000000055029800 flushing nmethod 0x00000000029ad5d0
Event: 24.698 Thread 0x0000000055029800 flushing nmethod 0x00000000029af6d0
Event: 24.698 Thread 0x0000000055029800 flushing nmethod 0x00000000029afad0
Event: 24.698 Thread 0x0000000055029800 flushing nmethod 0x00000000029afe90
Event: 24.698 Thread 0x0000000055029800 flushing nmethod 0x00000000029b01d0
Event: 24.698 Thread 0x0000000055029800 flushing nmethod 0x00000000029b1310
Event: 24.698 Thread 0x0000000055029800 flushing nmethod 0x00000000029b2ad0


Dynamic libraries:
0x000000013f4c0000 - 0x000000013f4f7000 	C:\Program Files\Java\jdk1.8.0_73\bin\java.exe
0x0000000077b10000 - 0x0000000077cba000 	C:\Windows\SYSTEM32\ntdll.dll
0x00000000779f0000 - 0x0000000077b0f000 	C:\Windows\system32\kernel32.dll
0x000007fefdb40000 - 0x000007fefdbaa000 	C:\Windows\system32\KERNELBASE.dll
0x0000000075540000 - 0x00000000755c7000 	C:\Windows\System32\SYSFER.DLL
0x000007fefe560000 - 0x000007fefe63b000 	C:\Windows\system32\ADVAPI32.dll
0x000007fefe1a0000 - 0x000007fefe23f000 	C:\Windows\system32\msvcrt.dll
0x000007fefe180000 - 0x000007fefe19f000 	C:\Windows\SYSTEM32\sechost.dll
0x000007fefeb60000 - 0x000007fefec8d000 	C:\Windows\system32\RPCRT4.dll
0x00000000778f0000 - 0x00000000779ea000 	C:\Windows\system32\USER32.dll
0x000007fefe440000 - 0x000007fefe4a7000 	C:\Windows\system32\GDI32.dll
0x000007fefded0000 - 0x000007fefdede000 	C:\Windows\system32\LPK.dll
0x000007fefdee0000 - 0x000007fefdfaa000 	C:\Windows\system32\USP10.dll
0x000007fefc7e0000 - 0x000007fefc9d4000 	C:\Windows\WinSxS\amd64_microsoft.windows.common-controls_6595b64144ccf1df_6.0.7601.18837_none_fa3b1e3d17594757\COMCTL32.dll
0x000007feff010000 - 0x000007feff081000 	C:\Windows\system32\SHLWAPI.dll
0x000007fefe4b0000 - 0x000007fefe4de000 	C:\Windows\system32\IMM32.DLL
0x000007fefe070000 - 0x000007fefe179000 	C:\Windows\system32\MSCTF.dll
0x00000000593b0000 - 0x0000000059482000 	C:\Program Files\Java\jdk1.8.0_73\jre\bin\msvcr100.dll
0x000000005c5c0000 - 0x000000005ce50000 	C:\Program Files\Java\jdk1.8.0_73\jre\bin\server\jvm.dll
0x000007feeca20000 - 0x000007feeca29000 	C:\Windows\system32\WSOCK32.dll
0x000007fefe640000 - 0x000007fefe68d000 	C:\Windows\system32\WS2_32.dll
0x000007fefe430000 - 0x000007fefe438000 	C:\Windows\system32\NSI.dll
0x000007fefc4a0000 - 0x000007fefc4db000 	C:\Windows\system32\WINMM.dll
0x000007fefcbc0000 - 0x000007fefcbcc000 	C:\Windows\system32\VERSION.dll
0x0000000077cd0000 - 0x0000000077cd7000 	C:\Windows\system32\PSAPI.DLL
0x00000000617e0000 - 0x00000000617ef000 	C:\Program Files\Java\jdk1.8.0_73\jre\bin\verify.dll
0x00000000605c0000 - 0x00000000605e9000 	C:\Program Files\Java\jdk1.8.0_73\jre\bin\java.dll
0x00000000605a0000 - 0x00000000605b6000 	C:\Program Files\Java\jdk1.8.0_73\jre\bin\zip.dll
0x000007feff090000 - 0x000007feffe1a000 	C:\Windows\system32\SHELL32.dll
0x000007fefe950000 - 0x000007fefeb53000 	C:\Windows\system32\ole32.dll
0x000007fefd850000 - 0x000007fefd85f000 	C:\Windows\system32\profapi.dll

VM Arguments:
jvm_args: -Djava.awt.headless=true -Xmx1024M -Dfile.encoding=windows-1251 -Duser.country=RU -Duser.language=ru -Duser.variant 
java_command: com.android.dx.command.Main --dex --num-threads=4 --output C:\asp\NGS_vacancy\app\build\intermediates\pre-dexed\debug\okhttp-3.3.0_5cbcb67160bc879b5b35a7a0c40f7b9748595ab1.jar C:\Users\avtseben\.gradle\caches\modules-2\files-2.1\com.squareup.okhttp3\okhttp\3.3.0\2b802460eea20f8f2ad9c08c74e0f14718e88aa9\okhttp-3.3.0.jar
java_class_path (initial): C:\Users\avtseben\AppData\Local\Android\Sdk\build-tools\23.0.3\lib\dx.jar
Launcher Type: SUN_STANDARD

Environment Variables:
PATH=C:\Program Files\Broadcom\Broadcom 802.11;c:\Program Files (x86)\Intel\iCLS Client\;c:\Program Files\Intel\iCLS Client\;C:\ProgramData\Oracle\Java\javapath;C:\Windows\system32;C:\Windows;C:\Windows\System32\Wbem;C:\Windows\System32\WindowsPowerShell\v1.0\;C:\Program Files\Intel\Intel(R) Management Engine Components\DAL;C:\Program Files\Intel\Intel(R) Management Engine Components\IPT;C:\Program Files (x86)\Intel\Intel(R) Management Engine Components\DAL;C:\Program Files (x86)\Intel\Intel(R) Management Engine Components\IPT;c:\Program Files\WIDCOMM\Bluetooth Software\;c:\Program Files\WIDCOMM\Bluetooth Software\syswow64;C:\Program Files (x86)\Hewlett-Packard\HP ProtectTools Security Manager\Bin\;C:\Program Files (x86)\Skype\Phone\;C:\Program Files\OpenVPN\bin;C:\androidSDK\platform-tools\;C:\Program Files\Broadcom\Broadcom 802.11;c:\Program Files (x86)\Intel\iCLS Client\;c:\Program Files\Intel\iCLS Client\;C:\ProgramData\Oracle\Java\javapath;C:\Windows\system32;C:\Windows;C:\Windows\System32\Wbem;C:\Windows\System32\WindowsPowerShell\v1.0\;C:\Program Files\Intel\Intel(R) Management Engine Components\DAL;C:\Program Files\Intel\Intel(R) Management Engine Components\IPT;C:\Program Files (x86)\Intel\Intel(R) Management Engine Components\DAL;C:\Program Files (x86)\Intel\Intel(R) Management Engine Components\IPT;c:\Program Files\WIDCOMM\Bluetooth Software\;c:\Program Files\WIDCOMM\Bluetooth Software\syswow64;C:\Program Files (x86)\Hewlett-Packard\HP ProtectTools Security Manager\Bin\;C:\Program Files (x86)\Brackets\command;C:\Program Files (x86)\Skype\Phone\;C:\Program Files (x86)\ufs2tools-0.8\ufs2tools\;C:\Program Files\Git\bin\;C:\androidSDK\platform-tools;C:\gradle\bin
USERNAME=avtseben
OS=Windows_NT
PROCESSOR_IDENTIFIER=Intel64 Family 6 Model 58 Stepping 9, GenuineIntel



---------------  S Y S T E M  ---------------

OS: Windows 7 , 64 bit Build 7601 (6.1.7601.23572)

CPU:total 4 (2 cores per cpu, 2 threads per core) family 6 model 58 stepping 9, cmov, cx8, fxsr, mmx, sse, sse2, sse3, ssse3, sse4.1, sse4.2, popcnt, avx, aes, clmul, erms, ht, tsc, tscinvbit, tscinv

Memory: 4k page, physical 4056748k(230572k free), swap 4727752k(5120k free)

vm_info: Java HotSpot(TM) 64-Bit Server VM (25.73-b02) for windows-amd64 JRE (1.8.0_73-b02), built on Jan 29 2016 17:38:49 by "java_re" with MS VC++ 10.0 (VS2010)

time: Tue Dec 20 23:13:57 2016
elapsed time: 25 seconds (0d 0h 0m 25s)

