#
# There is insufficient memory for the Java Runtime Environment to continue.
# Native memory allocation (malloc) failed to allocate 421520 bytes for Chunk::new
# Possible reasons:
#   The system is out of physical RAM or swap space
#   In 32 bit mode, the process size limit was hit
# Possible solutions:
#   Reduce memory load on the system
#   Increase physical memory or swap space
#   Check if swap backing store is full
#   Use 64 bit Java on a 64 bit OS
#   Decrease Java heap size (-Xmx/-Xms)
#   Decrease number of Java threads
#   Decrease Java thread stack sizes (-Xss)
#   Set larger code cache with -XX:ReservedCodeCacheSize=
# This output file may be truncated or incomplete.
#
#  Out of Memory Error (allocation.cpp:390), pid=6652, tid=8024
#
# JRE version: Java(TM) SE Runtime Environment (8.0_73-b02) (build 1.8.0_73-b02)
# Java VM: Java HotSpot(TM) 64-Bit Server VM (25.73-b02 mixed mode windows-amd64 compressed oops)
# Failed to write core dump. Minidumps are not enabled by default on client versions of Windows
#

---------------  T H R E A D  ---------------

Current thread (0x0000000056b25000):  JavaThread "C2 CompilerThread1" daemon [_thread_in_native, id=8024, stack(0x00000000573a0000,0x00000000574a0000)]

Stack: [0x00000000573a0000,0x00000000574a0000]
[error occurred during error reporting (printing stack bounds), id 0xc0000005]

Native frames: (J=compiled Java code, j=interpreted, Vv=VM code, C=native code)


Current CompileTask:
C2:   8582 1745   !   4       com.android.dx.cf.code.RopperMachine::run (1550 bytes)


---------------  P R O C E S S  ---------------

Java Threads: ( => current thread )
  0x0000000056e3a800 JavaThread "pool-1-thread-4" [_thread_blocked, id=7024, stack(0x00000000580f0000,0x00000000581f0000)]
  0x0000000056e38000 JavaThread "pool-1-thread-3" [_thread_blocked, id=6280, stack(0x0000000058660000,0x0000000058760000)]
  0x0000000056e37800 JavaThread "pool-1-thread-2" [_thread_blocked, id=5676, stack(0x0000000058480000,0x0000000058580000)]
  0x0000000056e35800 JavaThread "pool-2-thread-1" [_thread_blocked, id=2724, stack(0x0000000058210000,0x0000000058310000)]
  0x0000000056dd0000 JavaThread "pool-1-thread-1" [_thread_blocked, id=2692, stack(0x00000000574b0000,0x00000000575b0000)]
  0x0000000054faf000 JavaThread "Service Thread" daemon [_thread_blocked, id=288, stack(0x0000000057660000,0x0000000057760000)]
  0x0000000056b26000 JavaThread "C1 CompilerThread2" daemon [_thread_blocked, id=6688, stack(0x0000000057150000,0x0000000057250000)]
=>0x0000000056b25000 JavaThread "C2 CompilerThread1" daemon [_thread_in_native, id=8024, stack(0x00000000573a0000,0x00000000574a0000)]
  0x0000000056b23000 JavaThread "C2 CompilerThread0" daemon [_thread_in_native, id=8016, stack(0x0000000057270000,0x0000000057370000)]
  0x0000000054fa4000 JavaThread "Attach Listener" daemon [_thread_blocked, id=6928, stack(0x0000000056f30000,0x0000000057030000)]
  0x0000000054fa2000 JavaThread "Signal Dispatcher" daemon [_thread_blocked, id=6892, stack(0x0000000057030000,0x0000000057130000)]
  0x0000000054f47800 JavaThread "Finalizer" daemon [_thread_blocked, id=6500, stack(0x0000000056a20000,0x0000000056b20000)]
  0x0000000054f40800 JavaThread "Reference Handler" daemon [_thread_blocked, id=7792, stack(0x0000000055fc0000,0x00000000560c0000)]
  0x00000000006de800 JavaThread "main" [_thread_blocked, id=2728, stack(0x0000000002290000,0x0000000002390000)]

Other Threads:
  0x0000000054f3b000 VMThread [stack: 0x0000000055e90000,0x0000000055f90000] [id=7744]
  0x0000000056bc7800 WatcherThread [stack: 0x00000000577b0000,0x00000000578b0000] [id=5736]

VM state:not at safepoint (normal execution)

VM Mutex/Monitor currently owned by a thread: None

Heap:
 PSYoungGen      total 66048K, used 4714K [0x00000000eab00000, 0x00000000eee00000, 0x0000000100000000)
  eden space 63488K, 3% used [0x00000000eab00000,0x00000000ead20e30,0x00000000ee900000)
  from space 2560K, 99% used [0x00000000eeb80000,0x00000000eedf9ca0,0x00000000eee00000)
  to   space 2560K, 0% used [0x00000000ee900000,0x00000000ee900000,0x00000000eeb80000)
 ParOldGen       total 42496K, used 12633K [0x00000000c0000000, 0x00000000c2980000, 0x00000000eab00000)
  object space 42496K, 29% used [0x00000000c0000000,0x00000000c0c564d0,0x00000000c2980000)
 Metaspace       used 6234K, capacity 7088K, committed 7296K, reserved 1056768K
  class space    used 599K, capacity 616K, committed 640K, reserved 1048576K

Card table byte_map: [0x0000000011a20000,0x0000000011c30000] byte_map_base: 0x0000000011420000

Marking Bits: (ParMarkBitMap*) 0x0000000056930600
 Begin Bits: [0x00000000123b0000, 0x00000000133b0000)
 End Bits:   [0x00000000133b0000, 0x00000000143b0000)

Polling page: 0x0000000000430000

CodeCache: size=245760Kb used=7344Kb max_used=7344Kb free=238415Kb
 bounds [0x0000000002660000, 0x0000000002da0000, 0x0000000011660000]
 total_blobs=2048 nmethods=1778 adapters=182
 compilation: enabled

Compilation events (10 events):
Event: 8.336 Thread 0x0000000056b26000 nmethod 1781 0x0000000002d7d990 code [0x0000000002d7db00, 0x0000000002d7ddf0]
Event: 8.345 Thread 0x0000000056b26000 1782       3       java.util.concurrent.locks.ReentrantLock$NonfairSync::lock (25 bytes)
Event: 8.346 Thread 0x0000000056b26000 nmethod 1782 0x0000000002d7ded0 code [0x0000000002d7e0a0, 0x0000000002d7e8d8]
Event: 8.359 Thread 0x0000000056b26000 1783       3       com.android.dx.ssa.back.SsaToRop::convertBasicBlock (126 bytes)
Event: 8.361 Thread 0x0000000056b26000 nmethod 1783 0x0000000002d7eb50 code [0x0000000002d7ee80, 0x0000000002d80b78]
Event: 8.361 Thread 0x0000000056b26000 1784       3       com.android.dx.util.IntList::binarysearch (124 bytes)
Event: 8.362 Thread 0x0000000056b26000 nmethod 1784 0x0000000002d81cd0 code [0x0000000002d81e60, 0x0000000002d82310]
Event: 8.362 Thread 0x0000000056b26000 1785       3       com.android.dx.util.LabeledList::removeLabel (10 bytes)
Event: 8.362 Thread 0x0000000056b26000 nmethod 1785 0x0000000002d825d0 code [0x0000000002d82740, 0x0000000002d82968]
Event: 8.363 Thread 0x0000000056b26000 1786   !   3       java.util.BitSet::clone (49 bytes)

GC Heap History (8 events):
Event: 1.091 GC heap before
{Heap before GC invocations=1 (full 0):
 PSYoungGen      total 18432K, used 15872K [0x00000000eab00000, 0x00000000ebf80000, 0x0000000100000000)
  eden space 15872K, 100% used [0x00000000eab00000,0x00000000eba80000,0x00000000eba80000)
  from space 2560K, 0% used [0x00000000ebd00000,0x00000000ebd00000,0x00000000ebf80000)
  to   space 2560K, 0% used [0x00000000eba80000,0x00000000eba80000,0x00000000ebd00000)
 ParOldGen       total 42496K, used 0K [0x00000000c0000000, 0x00000000c2980000, 0x00000000eab00000)
  object space 42496K, 0% used [0x00000000c0000000,0x00000000c0000000,0x00000000c2980000)
 Metaspace       used 4083K, capacity 5232K, committed 5376K, reserved 1056768K
  class space    used 458K, capacity 488K, committed 512K, reserved 1048576K
Event: 1.252 GC heap after
Heap after GC invocations=1 (full 0):
 PSYoungGen      total 18432K, used 1888K [0x00000000eab00000, 0x00000000ecf00000, 0x0000000100000000)
  eden space 15872K, 0% used [0x00000000eab00000,0x00000000eab00000,0x00000000eba80000)
  from space 2560K, 73% used [0x00000000eba80000,0x00000000ebc583f0,0x00000000ebd00000)
  to   space 2560K, 0% used [0x00000000ecc80000,0x00000000ecc80000,0x00000000ecf00000)
 ParOldGen       total 42496K, used 0K [0x00000000c0000000, 0x00000000c2980000, 0x00000000eab00000)
  object space 42496K, 0% used [0x00000000c0000000,0x00000000c0000000,0x00000000c2980000)
 Metaspace       used 4083K, capacity 5232K, committed 5376K, reserved 1056768K
  class space    used 458K, capacity 488K, committed 512K, reserved 1048576K
}
Event: 2.464 GC heap before
{Heap before GC invocations=2 (full 0):
 PSYoungGen      total 18432K, used 17760K [0x00000000eab00000, 0x00000000ecf00000, 0x0000000100000000)
  eden space 15872K, 100% used [0x00000000eab00000,0x00000000eba80000,0x00000000eba80000)
  from space 2560K, 73% used [0x00000000eba80000,0x00000000ebc583f0,0x00000000ebd00000)
  to   space 2560K, 0% used [0x00000000ecc80000,0x00000000ecc80000,0x00000000ecf00000)
 ParOldGen       total 42496K, used 0K [0x00000000c0000000, 0x00000000c2980000, 0x00000000eab00000)
  object space 42496K, 0% used [0x00000000c0000000,0x00000000c0000000,0x00000000c2980000)
 Metaspace       used 5922K, capacity 6832K, committed 7040K, reserved 1056768K
  class space    used 598K, capacity 616K, committed 640K, reserved 1048576K
Event: 2.946 GC heap after
Heap after GC invocations=2 (full 0):
 PSYoungGen      total 34304K, used 2559K [0x00000000eab00000, 0x00000000ecf00000, 0x0000000100000000)
  eden space 31744K, 0% used [0x00000000eab00000,0x00000000eab00000,0x00000000eca00000)
  from space 2560K, 99% used [0x00000000ecc80000,0x00000000ecefffb0,0x00000000ecf00000)
  to   space 2560K, 0% used [0x00000000eca00000,0x00000000eca00000,0x00000000ecc80000)
 ParOldGen       total 42496K, used 1673K [0x00000000c0000000, 0x00000000c2980000, 0x00000000eab00000)
  object space 42496K, 3% used [0x00000000c0000000,0x00000000c01a24a8,0x00000000c2980000)
 Metaspace       used 5922K, capacity 6832K, committed 7040K, reserved 1056768K
  class space    used 598K, capacity 616K, committed 640K, reserved 1048576K
}
Event: 4.408 GC heap before
{Heap before GC invocations=3 (full 0):
 PSYoungGen      total 34304K, used 34303K [0x00000000eab00000, 0x00000000ecf00000, 0x0000000100000000)
  eden space 31744K, 100% used [0x00000000eab00000,0x00000000eca00000,0x00000000eca00000)
  from space 2560K, 99% used [0x00000000ecc80000,0x00000000ecefffb0,0x00000000ecf00000)
  to   space 2560K, 0% used [0x00000000eca00000,0x00000000eca00000,0x00000000ecc80000)
 ParOldGen       total 42496K, used 1673K [0x00000000c0000000, 0x00000000c2980000, 0x00000000eab00000)
  object space 42496K, 3% used [0x00000000c0000000,0x00000000c01a24a8,0x00000000c2980000)
 Metaspace       used 6133K, capacity 7024K, committed 7296K, reserved 1056768K
  class space    used 599K, capacity 616K, committed 640K, reserved 1048576K
Event: 4.450 GC heap after
Heap after GC invocations=3 (full 0):
 PSYoungGen      total 34304K, used 2535K [0x00000000eab00000, 0x00000000eee00000, 0x0000000100000000)
  eden space 31744K, 0% used [0x00000000eab00000,0x00000000eab00000,0x00000000eca00000)
  from space 2560K, 99% used [0x00000000eca00000,0x00000000ecc79ca0,0x00000000ecc80000)
  to   space 2560K, 0% used [0x00000000eeb80000,0x00000000eeb80000,0x00000000eee00000)
 ParOldGen       total 42496K, used 7506K [0x00000000c0000000, 0x00000000c2980000, 0x00000000eab00000)
  object space 42496K, 17% used [0x00000000c0000000,0x00000000c0754988,0x00000000c2980000)
 Metaspace       used 6133K, capacity 7024K, committed 7296K, reserved 1056768K
  class space    used 599K, capacity 616K, committed 640K, reserved 1048576K
}
Event: 8.429 GC heap before
{Heap before GC invocations=4 (full 0):
 PSYoungGen      total 34304K, used 34279K [0x00000000eab00000, 0x00000000eee00000, 0x0000000100000000)
  eden space 31744K, 100% used [0x00000000eab00000,0x00000000eca00000,0x00000000eca00000)
  from space 2560K, 99% used [0x00000000eca00000,0x00000000ecc79ca0,0x00000000ecc80000)
  to   space 2560K, 0% used [0x00000000eeb80000,0x00000000eeb80000,0x00000000eee00000)
 ParOldGen       total 42496K, used 7506K [0x00000000c0000000, 0x00000000c2980000, 0x00000000eab00000)
  object space 42496K, 17% used [0x00000000c0000000,0x00000000c0754988,0x00000000c2980000)
 Metaspace       used 6230K, capacity 7088K, committed 7296K, reserved 1056768K
  class space    used 599K, capacity 616K, committed 640K, reserved 1048576K
Event: 8.524 GC heap after
Heap after GC invocations=4 (full 0):
 PSYoungGen      total 66048K, used 2535K [0x00000000eab00000, 0x00000000eee00000, 0x0000000100000000)
  eden space 63488K, 0% used [0x00000000eab00000,0x00000000eab00000,0x00000000ee900000)
  from space 2560K, 99% used [0x00000000eeb80000,0x00000000eedf9ca0,0x00000000eee00000)
  to   space 2560K, 0% used [0x00000000ee900000,0x00000000ee900000,0x00000000eeb80000)
 ParOldGen       total 42496K, used 12633K [0x00000000c0000000, 0x00000000c2980000, 0x00000000eab00000)
  object space 42496K, 29% used [0x00000000c0000000,0x00000000c0c564d0,0x00000000c2980000)
 Metaspace       used 6230K, capacity 7088K, committed 7296K, reserved 1056768K
  class space    used 599K, capacity 616K, committed 640K, reserved 1048576K
}

Deoptimization events (10 events):
Event: 8.324 Thread 0x0000000056e3a800 Uncommon trap: reason=class_check action=maybe_recompile pc=0x0000000002b470b4 method=java.util.HashMap.putVal(ILjava/lang/Object;Ljava/lang/Object;ZZ)Ljava/lang/Object; @ 203
Event: 8.324 Thread 0x0000000056e3a800 Uncommon trap: reason=unstable_if action=reinterpret pc=0x0000000002a2eb04 method=com.android.dx.rop.cst.Constant.compareTo(Lcom/android/dx/rop/cst/Constant;)I @ 12
Event: 8.324 Thread 0x0000000056e3a800 Uncommon trap: reason=bimorphic action=maybe_recompile pc=0x00000000028f7c18 method=java.util.HashMap.getNode(ILjava/lang/Object;)Ljava/util/HashMap$Node; @ 126
Event: 8.327 Thread 0x0000000056e3a800 Uncommon trap: reason=class_check action=maybe_recompile pc=0x0000000002c512d0 method=com.android.dx.rop.code.RegisterSpec.withSimpleType()Lcom/android/dx/rop/code/RegisterSpec; @ 21
Event: 8.327 Thread 0x0000000056e3a800 Uncommon trap: reason=class_check action=maybe_recompile pc=0x0000000002c512d0 method=com.android.dx.rop.code.RegisterSpec.withSimpleType()Lcom/android/dx/rop/code/RegisterSpec; @ 21
Event: 8.356 Thread 0x0000000056e37800 Uncommon trap: reason=unstable_if action=reinterpret pc=0x0000000002a8b42c method=com.android.dx.util.IntList.binarysearch(I)I @ 105
Event: 8.357 Thread 0x0000000056e37800 Uncommon trap: reason=unstable_if action=reinterpret pc=0x0000000002d21394 method=com.android.dx.ssa.SsaBasicBlock.newFromRop(Lcom/android/dx/rop/code/RopMethod;ILcom/android/dx/ssa/SsaMethod;)Lcom/android/dx/ssa/SsaBasicBlock; @ 164
Event: 8.357 Thread 0x0000000056e37800 Uncommon trap: reason=unstable_if action=reinterpret pc=0x0000000002b749f0 method=java.util.BitSet.clone()Ljava/lang/Object; @ 4
Event: 8.359 Thread 0x0000000056e37800 Uncommon trap: reason=unstable_if action=reinterpret pc=0x0000000002ce540c method=java.util.BitSet.clone()Ljava/lang/Object; @ 4
Event: 8.359 Thread 0x0000000056e37800 Uncommon trap: reason=unstable_if action=reinterpret pc=0x0000000002d5bbf8 method=com.android.dx.ssa.SsaMethod.blockIndexToRopLabel(I)I @ 1

Internal exceptions (4 events):
Event: 0.083 Thread 0x00000000006de800 Exception <a 'java/lang/NoSuchMethodError': Method sun.misc.Unsafe.defineClass(Ljava/lang/String;[BII)Ljava/lang/Class; name or signature does not match> (0x00000000eab130d8) thrown at [D:\re\puppet\workspace\8-2-build-windows-amd64-cygwin\jdk8u73\6086\hot¿¿Ω•6µ?
Event: 0.083 Thread 0x00000000006de800 Exception <a 'java/lang/NoSuchMethodError': Method sun.misc.Unsafe.prefetchRead(Ljava/lang/Object;J)V name or signature does not match> (0x00000000eab133c0) thrown at [D:\re\puppet\workspace\8-2-build-windows-amd64-cygwin\jdk8u73\6086\hotspot\src\share\vm\X≠QHJô@
Event: 3.575 Thread 0x0000000056e3a800 Implicit null exception at 0x0000000002a56d39 to 0x0000000002a578f9
Event: 3.575 Thread 0x0000000056e3a800 Implicit null exception at 0x0000000002a3c6d6 to 0x0000000002a3d069

Events (10 events):
Event: 8.357 Thread 0x0000000056e37800 DEOPT PACKING pc=0x0000000002b749f0 sp=0x000000005857e5a0
Event: 8.357 Thread 0x0000000056e37800 DEOPT UNPACKING pc=0x00000000026a582a sp=0x000000005857e568 mode 2
Event: 8.359 Thread 0x0000000056e37800 Uncommon trap: trap_request=0xffffff65 fr.pc=0x0000000002ce540c
Event: 8.359 Thread 0x0000000056e37800 DEOPT PACKING pc=0x0000000002ce540c sp=0x000000005857e570
Event: 8.359 Thread 0x0000000056e37800 DEOPT UNPACKING pc=0x00000000026a582a sp=0x000000005857e4b0 mode 2
Event: 8.359 Thread 0x0000000056e37800 Uncommon trap: trap_request=0xffffff65 fr.pc=0x0000000002d5bbf8
Event: 8.359 Thread 0x0000000056e37800 DEOPT PACKING pc=0x0000000002d5bbf8 sp=0x000000005857e4d0
Event: 8.359 Thread 0x0000000056e37800 DEOPT UNPACKING pc=0x00000000026a582a sp=0x000000005857e3f8 mode 2
Event: 8.363 Executing VM operation: ParallelGCFailedAllocation
Event: 8.524 Executing VM operation: ParallelGCFailedAllocation done


Dynamic libraries:
0x000000013f600000 - 0x000000013f637000 	C:\Program Files\Java\jdk1.8.0_73\bin\java.exe
0x0000000077270000 - 0x000000007741a000 	C:\Windows\SYSTEM32\ntdll.dll
0x0000000077150000 - 0x000000007726f000 	C:\Windows\system32\kernel32.dll
0x000007fefcfd0000 - 0x000007fefd03a000 	C:\Windows\system32\KERNELBASE.dll
0x0000000074ca0000 - 0x0000000074d27000 	C:\Windows\System32\SYSFER.DLL
0x000007fefdc80000 - 0x000007fefdd5b000 	C:\Windows\system32\ADVAPI32.dll
0x000007fefdd60000 - 0x000007fefddff000 	C:\Windows\system32\msvcrt.dll
0x000007feff560000 - 0x000007feff57f000 	C:\Windows\SYSTEM32\sechost.dll
0x000007fefd450000 - 0x000007fefd57d000 	C:\Windows\system32\RPCRT4.dll
0x0000000077050000 - 0x000000007714a000 	C:\Windows\system32\USER32.dll
0x000007fefd7e0000 - 0x000007fefd847000 	C:\Windows\system32\GDI32.dll
0x000007fefd430000 - 0x000007fefd43e000 	C:\Windows\system32\LPK.dll
0x000007fefd360000 - 0x000007fefd42a000 	C:\Windows\system32\USP10.dll
0x000007fefbf40000 - 0x000007fefc134000 	C:\Windows\WinSxS\amd64_microsoft.windows.common-controls_6595b64144ccf1df_6.0.7601.18837_none_fa3b1e3d17594757\COMCTL32.dll
0x000007fefe2e0000 - 0x000007fefe351000 	C:\Windows\system32\SHLWAPI.dll
0x000007fefd580000 - 0x000007fefd5ae000 	C:\Windows\system32\IMM32.DLL
0x000007fefdea0000 - 0x000007fefdfa9000 	C:\Windows\system32\MSCTF.dll
0x000000005dbe0000 - 0x000000005dcb2000 	C:\Program Files\Java\jdk1.8.0_73\jre\bin\msvcr100.dll
0x0000000056120000 - 0x00000000569b0000 	C:\Program Files\Java\jdk1.8.0_73\jre\bin\server\jvm.dll
0x000007feef9c0000 - 0x000007feef9c9000 	C:\Windows\system32\WSOCK32.dll
0x000007fefdfb0000 - 0x000007fefdffd000 	C:\Windows\system32\WS2_32.dll
0x000007fefd440000 - 0x000007fefd448000 	C:\Windows\system32\NSI.dll
0x000007fefbc00000 - 0x000007fefbc3b000 	C:\Windows\system32\WINMM.dll
0x000007fefc330000 - 0x000007fefc33c000 	C:\Windows\system32\VERSION.dll
0x0000000077430000 - 0x0000000077437000 	C:\Windows\system32\PSAPI.DLL
0x00000000707d0000 - 0x00000000707df000 	C:\Program Files\Java\jdk1.8.0_73\jre\bin\verify.dll
0x00000000707a0000 - 0x00000000707c9000 	C:\Program Files\Java\jdk1.8.0_73\jre\bin\java.dll
0x0000000070780000 - 0x0000000070796000 	C:\Program Files\Java\jdk1.8.0_73\jre\bin\zip.dll
0x000007fefe360000 - 0x000007feff0ea000 	C:\Windows\system32\SHELL32.dll
0x000007fefd5b0000 - 0x000007fefd7b3000 	C:\Windows\system32\ole32.dll
0x000007fefcfa0000 - 0x000007fefcfaf000 	C:\Windows\system32\profapi.dll

VM Arguments:
jvm_args: -Djava.awt.headless=true -Xmx1024M -Dfile.encoding=windows-1251 -Duser.country=RU -Duser.language=ru -Duser.variant 
java_command: com.android.dx.command.Main --dex --force-jumbo --num-threads=4 --output C:\asp\NGS_vacancy\app\build\intermediates\pre-dexed\debug\rxjava-1.1.6_35c4004d97e1d1e29c1bf075d596af46427d036c.jar C:\Users\avtseben\.gradle\caches\modules-2\files-2.1\io.reactivex\rxjava\1.1.6\2586312cd2b8a511e4c6236736f5a039fc0f2273\rxjava-1.1.6.jar
java_class_path (initial): C:\Users\avtseben\AppData\Local\Android\Sdk\build-tools\23.0.3\lib\dx.jar
Launcher Type: SUN_STANDARD

Environment Variables:
PATH=C:\Program Files\Broadcom\Broadcom 802.11;c:\Program Files (x86)\Intel\iCLS Client\;c:\Program Files\Intel\iCLS Client\;C:\ProgramData\Oracle\Java\javapath;C:\Windows\system32;C:\Windows;C:\Windows\System32\Wbem;C:\Windows\System32\WindowsPowerShell\v1.0\;C:\Program Files\Intel\Intel(R) Management Engine Components\DAL;C:\Program Files\Intel\Intel(R) Management Engine Components\IPT;C:\Program Files (x86)\Intel\Intel(R) Management Engine Components\DAL;C:\Program Files (x86)\Intel\Intel(R) Management Engine Components\IPT;c:\Program Files\WIDCOMM\Bluetooth Software\;c:\Program Files\WIDCOMM\Bluetooth Software\syswow64;C:\Program Files (x86)\Hewlett-Packard\HP ProtectTools Security Manager\Bin\;C:\Program Files (x86)\Skype\Phone\;C:\Program Files\OpenVPN\bin;C:\androidSDK\platform-tools\;C:\Program Files\Broadcom\Broadcom 802.11;c:\Program Files (x86)\Intel\iCLS Client\;c:\Program Files\Intel\iCLS Client\;C:\ProgramData\Oracle\Java\javapath;C:\Windows\system32;C:\Windows;C:\Windows\System32\Wbem;C:\Windows\System32\WindowsPowerShell\v1.0\;C:\Program Files\Intel\Intel(R) Management Engine Components\DAL;C:\Program Files\Intel\Intel(R) Management Engine Components\IPT;C:\Program Files (x86)\Intel\Intel(R) Management Engine Components\DAL;C:\Program Files (x86)\Intel\Intel(R) Management Engine Components\IPT;c:\Program Files\WIDCOMM\Bluetooth Software\;c:\Program Files\WIDCOMM\Bluetooth Software\syswow64;C:\Program Files (x86)\Hewlett-Packard\HP ProtectTools Security Manager\Bin\;C:\Program Files (x86)\Brackets\command;C:\Program Files (x86)\Skype\Phone\;C:\Program Files (x86)\ufs2tools-0.8\ufs2tools\;C:\Program Files\Git\bin\;C:\androidSDK\platform-tools;C:\gradle\bin
USERNAME=avtseben
OS=Windows_NT
PROCESSOR_IDENTIFIER=Intel64 Family 6 Model 58 Stepping 9, GenuineIntel



---------------  S Y S T E M  ---------------

OS: Windows 7 , 64 bit Build 7601 (6.1.7601.23572)

CPU:total 4 (2 cores per cpu, 2 threads per core) family 6 model 58 stepping 9, cmov, cx8, fxsr, mmx, sse, sse2, sse3, ssse3, sse4.1, sse4.2, popcnt, avx, aes, clmul, erms, ht, tsc, tscinvbit, tscinv

Memory: 4k page, physical 4056748k(455836k free), swap 4734624k(4096k free)

vm_info: Java HotSpot(TM) 64-Bit Server VM (25.73-b02) for windows-amd64 JRE (1.8.0_73-b02), built on Jan 29 2016 17:38:49 by "java_re" with MS VC++ 10.0 (VS2010)

time: Sat Dec 24 20:34:14 2016
elapsed time: 8 seconds (0d 0h 0m 8s)

