#
# There is insufficient memory for the Java Runtime Environment to continue.
# Native memory allocation (malloc) failed to allocate 37488 bytes for Chunk::new
# Possible reasons:
#   The system is out of physical RAM or swap space
#   In 32 bit mode, the process size limit was hit
# Possible solutions:
#   Reduce memory load on the system
#   Increase physical memory or swap space
#   Check if swap backing store is full
#   Use 64 bit Java on a 64 bit OS
#   Decrease Java heap size (-Xmx/-Xms)
#   Decrease number of Java threads
#   Decrease Java thread stack sizes (-Xss)
#   Set larger code cache with -XX:ReservedCodeCacheSize=
# This output file may be truncated or incomplete.
#
#  Out of Memory Error (allocation.cpp:390), pid=4504, tid=6240
#
# JRE version: Java(TM) SE Runtime Environment (8.0_73-b02) (build 1.8.0_73-b02)
# Java VM: Java HotSpot(TM) 64-Bit Server VM (25.73-b02 mixed mode windows-amd64 compressed oops)
# Failed to write core dump. Minidumps are not enabled by default on client versions of Windows
#

---------------  T H R E A D  ---------------

Current thread (0x0000000056cb5000):  JavaThread "C2 CompilerThread1" daemon [_thread_in_native, id=6240, stack(0x00000000576d0000,0x00000000577d0000)]

Stack: [0x00000000576d0000,0x00000000577d0000]
[error occurred during error reporting (printing stack bounds), id 0xc0000005]

Native frames: (J=compiled Java code, j=interpreted, Vv=VM code, C=native code)


Current CompileTask:
C2:   5691 1396       4       com.android.dx.rop.code.Rops::ropFor (771 bytes)


---------------  P R O C E S S  ---------------

Java Threads: ( => current thread )
  0x0000000056f13000 JavaThread "pool-1-thread-4" [_thread_blocked, id=1316, stack(0x0000000058090000,0x0000000058190000)]
  0x0000000056f3c000 JavaThread "pool-1-thread-3" [_thread_blocked, id=7996, stack(0x0000000057be0000,0x0000000057ce0000)]
  0x0000000056f21000 JavaThread "pool-1-thread-2" [_thread_blocked, id=5324, stack(0x0000000057f50000,0x0000000058050000)]
  0x0000000056f2b800 JavaThread "pool-2-thread-1" [_thread_blocked, id=7300, stack(0x0000000057d00000,0x0000000057e00000)]
  0x0000000056f2a800 JavaThread "pool-1-thread-1" [_thread_blocked, id=1408, stack(0x0000000057ac0000,0x0000000057bc0000)]
  0x0000000056cbe000 JavaThread "Service Thread" daemon [_thread_blocked, id=2132, stack(0x0000000057980000,0x0000000057a80000)]
  0x0000000056cbb000 JavaThread "C1 CompilerThread2" daemon [_thread_blocked, id=3728, stack(0x0000000057340000,0x0000000057440000)]
=>0x0000000056cb5000 JavaThread "C2 CompilerThread1" daemon [_thread_in_native, id=6240, stack(0x00000000576d0000,0x00000000577d0000)]
  0x0000000056c53000 JavaThread "C2 CompilerThread0" daemon [_thread_blocked, id=8116, stack(0x00000000574d0000,0x00000000575d0000)]
  0x0000000055054000 JavaThread "Attach Listener" daemon [_thread_blocked, id=7744, stack(0x0000000057240000,0x0000000057340000)]
  0x0000000055052000 JavaThread "Signal Dispatcher" daemon [_thread_blocked, id=6212, stack(0x0000000057070000,0x0000000057170000)]
  0x0000000054ff2000 JavaThread "Finalizer" daemon [_thread_blocked, id=3488, stack(0x0000000056a40000,0x0000000056b40000)]
  0x0000000054ff0800 JavaThread "Reference Handler" daemon [_thread_blocked, id=912, stack(0x0000000056b50000,0x0000000056c50000)]
  0x0000000001efe800 JavaThread "main" [_thread_blocked, id=7700, stack(0x00000000021f0000,0x00000000022f0000)]

Other Threads:
  0x0000000054feb000 VMThread [stack: 0x0000000055f30000,0x0000000056030000] [id=7788]
  0x0000000056cc7800 WatcherThread [stack: 0x0000000057830000,0x0000000057930000] [id=2624]

VM state:not at safepoint (normal execution)

VM Mutex/Monitor currently owned by a thread: None

Heap:
 PSYoungGen      total 34304K, used 26709K [0x00000000eab00000, 0x00000000ecf00000, 0x0000000100000000)
  eden space 31744K, 76% used [0x00000000eab00000,0x00000000ec298af0,0x00000000eca00000)
  from space 2560K, 99% used [0x00000000ecc80000,0x00000000ecefcc00,0x00000000ecf00000)
  to   space 2560K, 0% used [0x00000000eca00000,0x00000000eca00000,0x00000000ecc80000)
 ParOldGen       total 42496K, used 3209K [0x00000000c0000000, 0x00000000c2980000, 0x00000000eab00000)
  object space 42496K, 7% used [0x00000000c0000000,0x00000000c03224f8,0x00000000c2980000)
 Metaspace       used 6051K, capacity 7032K, committed 7296K, reserved 1056768K
  class space    used 610K, capacity 624K, committed 640K, reserved 1048576K

Card table byte_map: [0x0000000011980000,0x0000000011b90000] byte_map_base: 0x0000000011380000

Marking Bits: (ParMarkBitMap*) 0x0000000056930600
 Begin Bits: [0x0000000012460000, 0x0000000013460000)
 End Bits:   [0x0000000013460000, 0x0000000014460000)

Polling page: 0x0000000000240000

CodeCache: size=245760Kb used=5828Kb max_used=5828Kb free=239931Kb
 bounds [0x00000000025c0000, 0x0000000002b80000, 0x00000000115c0000]
 total_blobs=1661 nmethods=1396 adapters=176
 compilation: enabled

Compilation events (10 events):
Event: 5.290 Thread 0x0000000056c53000 1400   !   4       com.android.dx.ssa.LocalVariableInfo::setStarts (40 bytes)
Event: 5.296 Thread 0x0000000056c53000 nmethod 1400 0x0000000002b54790 code [0x0000000002b548e0, 0x0000000002b549d8]
Event: 5.524 Thread 0x0000000056cbb000 1402   !   3       com.android.dx.cf.direct.StdAttributeFactory::parseLocalVariables (274 bytes)
Event: 5.524 Thread 0x0000000056c53000 1403       4       java.io.DataInputStream::readUnsignedShort (39 bytes)
Event: 5.527 Thread 0x0000000056c53000 nmethod 1403 0x0000000002b530d0 code [0x0000000002b53220, 0x0000000002b53438]
Event: 5.529 Thread 0x0000000056cbb000 nmethod 1402 0x0000000002b6c910 code [0x0000000002b6d080, 0x0000000002b71fa8]
Event: 5.529 Thread 0x0000000056cbb000 1405       3       com.android.dx.cf.attrib.BaseLocalVariables::byteLength (14 bytes)
Event: 5.530 Thread 0x0000000056cbb000 nmethod 1405 0x0000000002b44410 code [0x0000000002b44580, 0x0000000002b447d0]
Event: 5.530 Thread 0x0000000056cbb000 1404   !   3       com.android.dx.cf.attrib.BaseLocalVariables::<init> (42 bytes)
Event: 5.530 Thread 0x0000000056cbb000 nmethod 1404 0x0000000002b43990 code [0x0000000002b43b40, 0x0000000002b44108]

GC Heap History (4 events):
Event: 2.091 GC heap before
{Heap before GC invocations=1 (full 0):
 PSYoungGen      total 18432K, used 15872K [0x00000000eab00000, 0x00000000ebf80000, 0x0000000100000000)
  eden space 15872K, 100% used [0x00000000eab00000,0x00000000eba80000,0x00000000eba80000)
  from space 2560K, 0% used [0x00000000ebd00000,0x00000000ebd00000,0x00000000ebf80000)
  to   space 2560K, 0% used [0x00000000eba80000,0x00000000eba80000,0x00000000ebd00000)
 ParOldGen       total 42496K, used 0K [0x00000000c0000000, 0x00000000c2980000, 0x00000000eab00000)
  object space 42496K, 0% used [0x00000000c0000000,0x00000000c0000000,0x00000000c2980000)
 Metaspace       used 5548K, capacity 6640K, committed 6784K, reserved 1056768K
  class space    used 588K, capacity 616K, committed 640K, reserved 1048576K
Event: 2.115 GC heap after
Heap after GC invocations=1 (full 0):
 PSYoungGen      total 18432K, used 2536K [0x00000000eab00000, 0x00000000ecf00000, 0x0000000100000000)
  eden space 15872K, 0% used [0x00000000eab00000,0x00000000eab00000,0x00000000eba80000)
  from space 2560K, 99% used [0x00000000eba80000,0x00000000ebcfa0c8,0x00000000ebd00000)
  to   space 2560K, 0% used [0x00000000ecc80000,0x00000000ecc80000,0x00000000ecf00000)
 ParOldGen       total 42496K, used 1191K [0x00000000c0000000, 0x00000000c2980000, 0x00000000eab00000)
  object space 42496K, 2% used [0x00000000c0000000,0x00000000c0129ca0,0x00000000c2980000)
 Metaspace       used 5548K, capacity 6640K, committed 6784K, reserved 1056768K
  class space    used 588K, capacity 616K, committed 640K, reserved 1048576K
}
Event: 3.480 GC heap before
{Heap before GC invocations=2 (full 0):
 PSYoungGen      total 18432K, used 18408K [0x00000000eab00000, 0x00000000ecf00000, 0x0000000100000000)
  eden space 15872K, 100% used [0x00000000eab00000,0x00000000eba80000,0x00000000eba80000)
  from space 2560K, 99% used [0x00000000eba80000,0x00000000ebcfa0c8,0x00000000ebd00000)
  to   space 2560K, 0% used [0x00000000ecc80000,0x00000000ecc80000,0x00000000ecf00000)
 ParOldGen       total 42496K, used 1191K [0x00000000c0000000, 0x00000000c2980000, 0x00000000eab00000)
  object space 42496K, 2% used [0x00000000c0000000,0x00000000c0129ca0,0x00000000c2980000)
 Metaspace       used 5860K, capacity 6896K, committed 7040K, reserved 1056768K
  class space    used 589K, capacity 616K, committed 640K, reserved 1048576K
Event: 4.227 GC heap after
Heap after GC invocations=2 (full 0):
 PSYoungGen      total 34304K, used 2547K [0x00000000eab00000, 0x00000000ecf00000, 0x0000000100000000)
  eden space 31744K, 0% used [0x00000000eab00000,0x00000000eab00000,0x00000000eca00000)
  from space 2560K, 99% used [0x00000000ecc80000,0x00000000ecefcc00,0x00000000ecf00000)
  to   space 2560K, 0% used [0x00000000eca00000,0x00000000eca00000,0x00000000ecc80000)
 ParOldGen       total 42496K, used 3209K [0x00000000c0000000, 0x00000000c2980000, 0x00000000eab00000)
  object space 42496K, 7% used [0x00000000c0000000,0x00000000c03224f8,0x00000000c2980000)
 Metaspace       used 5860K, capacity 6896K, committed 7040K, reserved 1056768K
  class space    used 589K, capacity 616K, committed 640K, reserved 1048576K
}

Deoptimization events (10 events):
Event: 3.469 Thread 0x0000000056f13000 Uncommon trap: reason=unstable_if action=reinterpret pc=0x000000000284f840 method=com.android.dx.rop.code.RegisterSpec.equals(ILcom/android/dx/rop/type/TypeBearer;Lcom/android/dx/rop/code/LocalItem;)Z @ 42
Event: 4.527 Thread 0x0000000056f13000 Uncommon trap: reason=bimorphic action=maybe_recompile pc=0x00000000027a874c method=java.util.HashMap.getNode(ILjava/lang/Object;)Ljava/util/HashMap$Node; @ 126
Event: 4.527 Thread 0x0000000056f13000 Uncommon trap: reason=bimorphic action=maybe_recompile pc=0x00000000027a874c method=java.util.HashMap.getNode(ILjava/lang/Object;)Ljava/util/HashMap$Node; @ 126
Event: 4.527 Thread 0x0000000056f13000 Uncommon trap: reason=bimorphic action=maybe_recompile pc=0x00000000027a874c method=java.util.HashMap.getNode(ILjava/lang/Object;)Ljava/util/HashMap$Node; @ 126
Event: 4.527 Thread 0x0000000056f13000 Uncommon trap: reason=bimorphic action=maybe_recompile pc=0x00000000028357e0 method=java.util.HashMap.getNode(ILjava/lang/Object;)Ljava/util/HashMap$Node; @ 126
Event: 4.736 Thread 0x0000000056f13000 Uncommon trap: reason=unstable_if action=reinterpret pc=0x00000000028da0b0 method=com.android.dx.rop.code.LocalItem.hashCode()I @ 25
Event: 4.736 Thread 0x0000000056f13000 Uncommon trap: reason=unstable_if action=reinterpret pc=0x00000000028993d8 method=com.android.dx.rop.code.LocalItem.hashCode()I @ 25
Event: 4.804 Thread 0x0000000056f13000 Uncommon trap: reason=unstable_if action=reinterpret pc=0x0000000002af6d24 method=java.util.HashMap.getNode(ILjava/lang/Object;)Ljava/util/HashMap$Node; @ 84
Event: 4.878 Thread 0x0000000056f13000 Uncommon trap: reason=unstable_if action=reinterpret pc=0x0000000002924a9c method=com.android.dx.rop.code.RegisterSpecSet.put(Lcom/android/dx/rop/code/RegisterSpec;)V @ 77
Event: 4.878 Thread 0x0000000056f13000 Uncommon trap: reason=unstable_if action=reinterpret pc=0x0000000002979fd8 method=com.android.dx.rop.code.RegisterSpecSet.put(Lcom/android/dx/rop/code/RegisterSpec;)V @ 77

Internal exceptions (5 events):
Event: 0.567 Thread 0x0000000001efe800 Exception <a 'java/lang/NoSuchMethodError': Method sun.misc.Unsafe.defineClass(Ljava/lang/String;[BII)Ljava/lang/Class; name or signature does not match> (0x00000000eab130d8) thrown at [D:\re\puppet\workspace\8-2-build-windows-amd64-cygwin\jdk8u73\6086\hotõ\Òir'â?
Event: 0.567 Thread 0x0000000001efe800 Exception <a 'java/lang/NoSuchMethodError': Method sun.misc.Unsafe.prefetchRead(Ljava/lang/Object;J)V name or signature does not match> (0x00000000eab133c0) thrown at [D:\re\puppet\workspace\8-2-build-windows-amd64-cygwin\jdk8u73\6086\hotspot\src\share\vm\]Ÿâ˜35@
Event: 4.802 Thread 0x0000000056f13000 Exception <a 'java/lang/ArrayIndexOutOfBoundsException': 18> (0x00000000eb3f8a70) thrown at [D:\re\puppet\workspace\8-2-build-windows-amd64-cygwin\jdk8u73\6086\hotspot\src\share\vm\interpreter\interpreterRuntime.cpp, line 366]
Event: 4.802 Thread 0x0000000056f13000 Exception <a 'java/lang/ArrayIndexOutOfBoundsException': 145> (0x00000000eb3fa5f0) thrown at [D:\re\puppet\workspace\8-2-build-windows-amd64-cygwin\jdk8u73\6086\hotspot\src\share\vm\interpreter\interpreterRuntime.cpp, line 366]
Event: 4.804 Thread 0x0000000056f13000 Exception <a 'java/lang/ArrayIndexOutOfBoundsException'> (0x00000000eb3fb8d8) thrown at [D:\re\puppet\workspace\8-2-build-windows-amd64-cygwin\jdk8u73\6086\hotspot\src\share\vm\runtime\sharedRuntime.cpp, line 605]

Events (10 events):
Event: 4.804 Thread 0x0000000056f13000 DEOPT PACKING pc=0x0000000002af6d24 sp=0x000000005818dec0
Event: 4.804 Thread 0x0000000056f13000 DEOPT UNPACKING pc=0x000000000260582a sp=0x000000005818de48 mode 2
Event: 4.878 Thread 0x0000000056f13000 Uncommon trap: trap_request=0xffffff65 fr.pc=0x0000000002924a9c
Event: 4.878 Thread 0x0000000056f13000 DEOPT PACKING pc=0x0000000002924a9c sp=0x000000005818e850
Event: 4.878 Thread 0x0000000056f13000 DEOPT UNPACKING pc=0x000000000260582a sp=0x000000005818e7d8 mode 2
Event: 4.878 Thread 0x0000000056f13000 Uncommon trap: trap_request=0xffffff65 fr.pc=0x0000000002979fd8
Event: 4.878 Thread 0x0000000056f13000 DEOPT PACKING pc=0x0000000002979fd8 sp=0x000000005818e840
Event: 4.878 Thread 0x0000000056f13000 DEOPT UNPACKING pc=0x000000000260582a sp=0x000000005818e760 mode 2
Event: 5.157 Executing VM operation: EnableBiasedLocking
Event: 5.157 Executing VM operation: EnableBiasedLocking done


Dynamic libraries:
0x000000013f600000 - 0x000000013f637000 	C:\Program Files\Java\jdk1.8.0_73\bin\java.exe
0x0000000077270000 - 0x000000007741a000 	C:\Windows\SYSTEM32\ntdll.dll
0x0000000077150000 - 0x000000007726f000 	C:\Windows\system32\kernel32.dll
0x000007fefcfd0000 - 0x000007fefd03a000 	C:\Windows\system32\KERNELBASE.dll
0x0000000074ca0000 - 0x0000000074d27000 	C:\Windows\System32\SYSFER.DLL
0x000007fefdc80000 - 0x000007fefdd5b000 	C:\Windows\system32\ADVAPI32.dll
0x000007fefdd60000 - 0x000007fefddff000 	C:\Windows\system32\msvcrt.dll
0x000007feff560000 - 0x000007feff57f000 	C:\Windows\SYSTEM32\sechost.dll
0x000007fefd450000 - 0x000007fefd57d000 	C:\Windows\system32\RPCRT4.dll
0x0000000077050000 - 0x000000007714a000 	C:\Windows\system32\USER32.dll
0x000007fefd7e0000 - 0x000007fefd847000 	C:\Windows\system32\GDI32.dll
0x000007fefd430000 - 0x000007fefd43e000 	C:\Windows\system32\LPK.dll
0x000007fefd360000 - 0x000007fefd42a000 	C:\Windows\system32\USP10.dll
0x000007fefbf40000 - 0x000007fefc134000 	C:\Windows\WinSxS\amd64_microsoft.windows.common-controls_6595b64144ccf1df_6.0.7601.18837_none_fa3b1e3d17594757\COMCTL32.dll
0x000007fefe2e0000 - 0x000007fefe351000 	C:\Windows\system32\SHLWAPI.dll
0x000007fefd580000 - 0x000007fefd5ae000 	C:\Windows\system32\IMM32.DLL
0x000007fefdea0000 - 0x000007fefdfa9000 	C:\Windows\system32\MSCTF.dll
0x000000005dbe0000 - 0x000000005dcb2000 	C:\Program Files\Java\jdk1.8.0_73\jre\bin\msvcr100.dll
0x0000000056120000 - 0x00000000569b0000 	C:\Program Files\Java\jdk1.8.0_73\jre\bin\server\jvm.dll
0x000007feef9c0000 - 0x000007feef9c9000 	C:\Windows\system32\WSOCK32.dll
0x000007fefdfb0000 - 0x000007fefdffd000 	C:\Windows\system32\WS2_32.dll
0x000007fefd440000 - 0x000007fefd448000 	C:\Windows\system32\NSI.dll
0x000007fefbc00000 - 0x000007fefbc3b000 	C:\Windows\system32\WINMM.dll
0x000007fefc330000 - 0x000007fefc33c000 	C:\Windows\system32\VERSION.dll
0x0000000077430000 - 0x0000000077437000 	C:\Windows\system32\PSAPI.DLL
0x00000000707d0000 - 0x00000000707df000 	C:\Program Files\Java\jdk1.8.0_73\jre\bin\verify.dll
0x00000000707a0000 - 0x00000000707c9000 	C:\Program Files\Java\jdk1.8.0_73\jre\bin\java.dll
0x0000000070780000 - 0x0000000070796000 	C:\Program Files\Java\jdk1.8.0_73\jre\bin\zip.dll
0x000007fefe360000 - 0x000007feff0ea000 	C:\Windows\system32\SHELL32.dll
0x000007fefd5b0000 - 0x000007fefd7b3000 	C:\Windows\system32\ole32.dll
0x000007fefcfa0000 - 0x000007fefcfaf000 	C:\Windows\system32\profapi.dll

VM Arguments:
jvm_args: -Djava.awt.headless=true -Xmx1024M -Dfile.encoding=windows-1251 -Duser.country=RU -Duser.language=ru -Duser.variant 
java_command: com.android.dx.command.Main --dex --force-jumbo --num-threads=4 --output C:\asp\NGS_vacancy\app\build\intermediates\pre-dexed\debug\com.android.support-support-core-ui-24.2.1_29a662d8f2130ea86194286a305525c539540484.jar C:\asp\NGS_vacancy\app\build\intermediates\exploded-aar\com.android.support\support-core-ui\24.2.1\jars\classes.jar
java_class_path (initial): C:\Users\avtseben\AppData\Local\Android\Sdk\build-tools\23.0.3\lib\dx.jar
Launcher Type: SUN_STANDARD

Environment Variables:
PATH=C:\Program Files\Broadcom\Broadcom 802.11;c:\Program Files (x86)\Intel\iCLS Client\;c:\Program Files\Intel\iCLS Client\;C:\ProgramData\Oracle\Java\javapath;C:\Windows\system32;C:\Windows;C:\Windows\System32\Wbem;C:\Windows\System32\WindowsPowerShell\v1.0\;C:\Program Files\Intel\Intel(R) Management Engine Components\DAL;C:\Program Files\Intel\Intel(R) Management Engine Components\IPT;C:\Program Files (x86)\Intel\Intel(R) Management Engine Components\DAL;C:\Program Files (x86)\Intel\Intel(R) Management Engine Components\IPT;c:\Program Files\WIDCOMM\Bluetooth Software\;c:\Program Files\WIDCOMM\Bluetooth Software\syswow64;C:\Program Files (x86)\Hewlett-Packard\HP ProtectTools Security Manager\Bin\;C:\Program Files (x86)\Skype\Phone\;C:\Program Files\OpenVPN\bin;C:\androidSDK\platform-tools\;C:\Program Files\Broadcom\Broadcom 802.11;c:\Program Files (x86)\Intel\iCLS Client\;c:\Program Files\Intel\iCLS Client\;C:\ProgramData\Oracle\Java\javapath;C:\Windows\system32;C:\Windows;C:\Windows\System32\Wbem;C:\Windows\System32\WindowsPowerShell\v1.0\;C:\Program Files\Intel\Intel(R) Management Engine Components\DAL;C:\Program Files\Intel\Intel(R) Management Engine Components\IPT;C:\Program Files (x86)\Intel\Intel(R) Management Engine Components\DAL;C:\Program Files (x86)\Intel\Intel(R) Management Engine Components\IPT;c:\Program Files\WIDCOMM\Bluetooth Software\;c:\Program Files\WIDCOMM\Bluetooth Software\syswow64;C:\Program Files (x86)\Hewlett-Packard\HP ProtectTools Security Manager\Bin\;C:\Program Files (x86)\Brackets\command;C:\Program Files (x86)\Skype\Phone\;C:\Program Files (x86)\ufs2tools-0.8\ufs2tools\;C:\Program Files\Git\bin\;C:\androidSDK\platform-tools;C:\gradle\bin
USERNAME=avtseben
OS=Windows_NT
PROCESSOR_IDENTIFIER=Intel64 Family 6 Model 58 Stepping 9, GenuineIntel



---------------  S Y S T E M  ---------------

OS: Windows 7 , 64 bit Build 7601 (6.1.7601.23572)

CPU:total 4 (2 cores per cpu, 2 threads per core) family 6 model 58 stepping 9, cmov, cx8, fxsr, mmx, sse, sse2, sse3, ssse3, sse4.1, sse4.2, popcnt, avx, aes, clmul, erms, ht, tsc, tscinvbit, tscinv

Memory: 4k page, physical 4056748k(440216k free), swap 4734624k(5116k free)

vm_info: Java HotSpot(TM) 64-Bit Server VM (25.73-b02) for windows-amd64 JRE (1.8.0_73-b02), built on Jan 29 2016 17:38:49 by "java_re" with MS VC++ 10.0 (VS2010)

time: Sat Dec 24 20:36:32 2016
elapsed time: 5 seconds (0d 0h 0m 5s)

