#
# There is insufficient memory for the Java Runtime Environment to continue.
# Native memory allocation (malloc) failed to allocate 693776 bytes for Chunk::new
# Possible reasons:
#   The system is out of physical RAM or swap space
#   In 32 bit mode, the process size limit was hit
# Possible solutions:
#   Reduce memory load on the system
#   Increase physical memory or swap space
#   Check if swap backing store is full
#   Use 64 bit Java on a 64 bit OS
#   Decrease Java heap size (-Xmx/-Xms)
#   Decrease number of Java threads
#   Decrease Java thread stack sizes (-Xss)
#   Set larger code cache with -XX:ReservedCodeCacheSize=
# This output file may be truncated or incomplete.
#
#  Out of Memory Error (allocation.cpp:390), pid=3948, tid=6932
#
# JRE version: Java(TM) SE Runtime Environment (8.0_73-b02) (build 1.8.0_73-b02)
# Java VM: Java HotSpot(TM) 64-Bit Server VM (25.73-b02 mixed mode windows-amd64 compressed oops)
# Failed to write core dump. Minidumps are not enabled by default on client versions of Windows
#

---------------  T H R E A D  ---------------

Current thread (0x00000000564a4000):  JavaThread "C2 CompilerThread0" daemon [_thread_in_native, id=6932, stack(0x0000000056cc0000,0x0000000056dc0000)]

Stack: [0x0000000056cc0000,0x0000000056dc0000]
[error occurred during error reporting (printing stack bounds), id 0xc0000005]

Native frames: (J=compiled Java code, j=interpreted, Vv=VM code, C=native code)


Current CompileTask:
C2:  38479 2766   !   4       com.android.dx.cf.code.Ropper::doit (126 bytes)


---------------  P R O C E S S  ---------------

Java Threads: ( => current thread )
  0x000000005682c800 JavaThread "pool-1-thread-4" [_thread_blocked, id=1320, stack(0x0000000057ed0000,0x0000000057fd0000)]
  0x000000005678e000 JavaThread "pool-1-thread-3" [_thread_blocked, id=1908, stack(0x0000000057b20000,0x0000000057c20000)]
  0x000000005675a000 JavaThread "pool-1-thread-2" [_thread_blocked, id=6500, stack(0x0000000057c80000,0x0000000057d80000)]
  0x0000000056757800 JavaThread "pool-2-thread-1" [_thread_blocked, id=3204, stack(0x0000000057a20000,0x0000000057b20000)]
  0x0000000056757000 JavaThread "pool-1-thread-1" [_thread_blocked, id=6936, stack(0x00000000568c0000,0x00000000569c0000)]
  0x00000000564fc800 JavaThread "Service Thread" daemon [_thread_blocked, id=3788, stack(0x0000000057070000,0x0000000057170000)]
  0x00000000564f6000 JavaThread "C1 CompilerThread2" daemon [_thread_blocked, id=6492, stack(0x0000000056de0000,0x0000000056ee0000)]
  0x00000000550ef000 JavaThread "C2 CompilerThread1" daemon [_thread_blocked, id=3980, stack(0x0000000056030000,0x0000000056130000)]
=>0x00000000564a4000 JavaThread "C2 CompilerThread0" daemon [_thread_in_native, id=6932, stack(0x0000000056cc0000,0x0000000056dc0000)]
  0x00000000564a0800 JavaThread "Attach Listener" daemon [_thread_blocked, id=1096, stack(0x0000000056b40000,0x0000000056c40000)]
  0x00000000550e2000 JavaThread "Signal Dispatcher" daemon [_thread_blocked, id=7712, stack(0x00000000569c0000,0x0000000056ac0000)]
  0x0000000055082000 JavaThread "Finalizer" daemon [_thread_blocked, id=7804, stack(0x0000000056260000,0x0000000056360000)]
  0x0000000055080800 JavaThread "Reference Handler" daemon [_thread_blocked, id=6740, stack(0x00000000563a0000,0x00000000564a0000)]
  0x000000000058e800 JavaThread "main" [_thread_blocked, id=3644, stack(0x00000000024c0000,0x00000000025c0000)]

Other Threads:
  0x000000005507b000 VMThread [stack: 0x0000000056130000,0x0000000056230000] [id=3860]
  0x0000000056504000 WatcherThread [stack: 0x0000000056f60000,0x0000000057060000] [id=2824]

VM state:not at safepoint (normal execution)

VM Mutex/Monitor currently owned by a thread: None

Heap:
 PSYoungGen      total 141824K, used 23387K [0x00000000eab00000, 0x00000000fd500000, 0x0000000100000000)
  eden space 124928K, 10% used [0x00000000eab00000,0x00000000eb767750,0x00000000f2500000)
  from space 16896K, 63% used [0x00000000f2500000,0x00000000f2f6f5c8,0x00000000f3580000)
  to   space 27648K, 0% used [0x00000000fba00000,0x00000000fba00000,0x00000000fd500000)
 ParOldGen       total 81408K, used 42347K [0x00000000c0000000, 0x00000000c4f80000, 0x00000000eab00000)
  object space 81408K, 52% used [0x00000000c0000000,0x00000000c295aee0,0x00000000c4f80000)
 Metaspace       used 6487K, capacity 7256K, committed 7424K, reserved 1056768K
  class space    used 622K, capacity 656K, committed 768K, reserved 1048576K

Card table byte_map: [0x0000000011c50000,0x0000000011e60000] byte_map_base: 0x0000000011650000

Marking Bits: (ParMarkBitMap*) 0x000000005a440600
 Begin Bits: [0x00000000124f0000, 0x00000000134f0000)
 End Bits:   [0x00000000134f0000, 0x00000000144f0000)

Polling page: 0x0000000000230000

CodeCache: size=245760Kb used=9891Kb max_used=10889Kb free=235868Kb
 bounds [0x0000000002890000, 0x0000000003360000, 0x0000000011890000]
 total_blobs=2265 nmethods=1995 adapters=182
 compilation: enabled

Compilation events (10 events):
Event: 36.928 Thread 0x00000000564a4000 2762       4       com.android.dx.rop.type.StdTypeList::set (7 bytes)
Event: 36.929 Thread 0x00000000564a4000 nmethod 2762 0x0000000002c33f50 code [0x0000000002c340a0, 0x0000000002c34198]
Event: 37.058 Thread 0x00000000564a4000 2763       4       com.android.dx.cf.code.LocalVariableList::itemToLocal (47 bytes)
Event: 37.062 Thread 0x00000000564a4000 nmethod 2763 0x00000000029a9e50 code [0x00000000029a9fa0, 0x00000000029aa278]
Event: 37.062 Thread 0x00000000564f6000 2764       3       com.android.dx.ssa.LiteralOpUpgrader$1::visitNonMoveInsn (203 bytes)
Event: 37.065 Thread 0x00000000564f6000 nmethod 2764 0x0000000002be2cd0 code [0x0000000002be31a0, 0x0000000002be6c08]
Event: 37.698 Thread 0x00000000550ef000 nmethod 2731 0x0000000002b1ebd0 code [0x0000000002b1f6a0, 0x0000000002b2a628]
Event: 37.952 Thread 0x00000000564a4000 2765       4       com.android.dx.rop.cst.Constant::compareTo (33 bytes)
Event: 37.954 Thread 0x00000000564a4000 nmethod 2765 0x0000000002ed4550 code [0x0000000002ed46a0, 0x0000000002ed4878]
Event: 38.296 Thread 0x00000000564a4000 2766   !   4       com.android.dx.cf.code.Ropper::doit (126 bytes)

GC Heap History (10 events):
Event: 8.787 GC heap before
{Heap before GC invocations=4 (full 0):
 PSYoungGen      total 34304K, used 34276K [0x00000000eab00000, 0x00000000eee00000, 0x0000000100000000)
  eden space 31744K, 100% used [0x00000000eab00000,0x00000000eca00000,0x00000000eca00000)
  from space 2560K, 98% used [0x00000000eca00000,0x00000000ecc792b8,0x00000000ecc80000)
  to   space 2560K, 0% used [0x00000000eeb80000,0x00000000eeb80000,0x00000000eee00000)
 ParOldGen       total 42496K, used 7038K [0x00000000c0000000, 0x00000000c2980000, 0x00000000eab00000)
  object space 42496K, 16% used [0x00000000c0000000,0x00000000c06df9a8,0x00000000c2980000)
 Metaspace       used 6226K, capacity 7088K, committed 7296K, reserved 1056768K
  class space    used 599K, capacity 616K, committed 640K, reserved 1048576K
Event: 9.050 GC heap after
Heap after GC invocations=4 (full 0):
 PSYoungGen      total 66048K, used 2558K [0x00000000eab00000, 0x00000000eee00000, 0x0000000100000000)
  eden space 63488K, 0% used [0x00000000eab00000,0x00000000eab00000,0x00000000ee900000)
  from space 2560K, 99% used [0x00000000eeb80000,0x00000000eedff940,0x00000000eee00000)
  to   space 2560K, 0% used [0x00000000ee900000,0x00000000ee900000,0x00000000eeb80000)
 ParOldGen       total 42496K, used 12491K [0x00000000c0000000, 0x00000000c2980000, 0x00000000eab00000)
  object space 42496K, 29% used [0x00000000c0000000,0x00000000c0c32c60,0x00000000c2980000)
 Metaspace       used 6226K, capacity 7088K, committed 7296K, reserved 1056768K
  class space    used 599K, capacity 616K, committed 640K, reserved 1048576K
}
Event: 12.889 GC heap before
{Heap before GC invocations=5 (full 0):
 PSYoungGen      total 66048K, used 66046K [0x00000000eab00000, 0x00000000eee00000, 0x0000000100000000)
  eden space 63488K, 100% used [0x00000000eab00000,0x00000000ee900000,0x00000000ee900000)
  from space 2560K, 99% used [0x00000000eeb80000,0x00000000eedff940,0x00000000eee00000)
  to   space 2560K, 0% used [0x00000000ee900000,0x00000000ee900000,0x00000000eeb80000)
 ParOldGen       total 42496K, used 12491K [0x00000000c0000000, 0x00000000c2980000, 0x00000000eab00000)
  object space 42496K, 29% used [0x00000000c0000000,0x00000000c0c32c60,0x00000000c2980000)
 Metaspace       used 6322K, capacity 7152K, committed 7296K, reserved 1056768K
  class space    used 600K, capacity 616K, committed 640K, reserved 1048576K
Event: 12.947 GC heap after
Heap after GC invocations=5 (full 0):
 PSYoungGen      total 66048K, used 2535K [0x00000000eab00000, 0x00000000f4400000, 0x0000000100000000)
  eden space 63488K, 0% used [0x00000000eab00000,0x00000000eab00000,0x00000000ee900000)
  from space 2560K, 99% used [0x00000000ee900000,0x00000000eeb79c70,0x00000000eeb80000)
  to   space 14848K, 0% used [0x00000000f3580000,0x00000000f3580000,0x00000000f4400000)
 ParOldGen       total 42496K, used 22706K [0x00000000c0000000, 0x00000000c2980000, 0x00000000eab00000)
  object space 42496K, 53% used [0x00000000c0000000,0x00000000c162caf8,0x00000000c2980000)
 Metaspace       used 6322K, capacity 7152K, committed 7296K, reserved 1056768K
  class space    used 600K, capacity 616K, committed 640K, reserved 1048576K
}
Event: 20.662 GC heap before
{Heap before GC invocations=6 (full 0):
 PSYoungGen      total 66048K, used 66023K [0x00000000eab00000, 0x00000000f4400000, 0x0000000100000000)
  eden space 63488K, 100% used [0x00000000eab00000,0x00000000ee900000,0x00000000ee900000)
  from space 2560K, 99% used [0x00000000ee900000,0x00000000eeb79c70,0x00000000eeb80000)
  to   space 14848K, 0% used [0x00000000f3580000,0x00000000f3580000,0x00000000f4400000)
 ParOldGen       total 42496K, used 22706K [0x00000000c0000000, 0x00000000c2980000, 0x00000000eab00000)
  object space 42496K, 53% used [0x00000000c0000000,0x00000000c162caf8,0x00000000c2980000)
 Metaspace       used 6465K, capacity 7192K, committed 7424K, reserved 1056768K
  class space    used 621K, capacity 656K, committed 768K, reserved 1048576K
Event: 20.994 GC heap after
Heap after GC invocations=6 (full 0):
 PSYoungGen      total 139776K, used 12334K [0x00000000eab00000, 0x00000000f4800000, 0x0000000100000000)
  eden space 124928K, 0% used [0x00000000eab00000,0x00000000eab00000,0x00000000f2500000)
  from space 14848K, 83% used [0x00000000f3580000,0x00000000f418b970,0x00000000f4400000)
  to   space 16896K, 0% used [0x00000000f2500000,0x00000000f2500000,0x00000000f3580000)
 ParOldGen       total 42496K, used 22706K [0x00000000c0000000, 0x00000000c2980000, 0x00000000eab00000)
  object space 42496K, 53% used [0x00000000c0000000,0x00000000c162caf8,0x00000000c2980000)
 Metaspace       used 6465K, capacity 7192K, committed 7424K, reserved 1056768K
  class space    used 621K, capacity 656K, committed 768K, reserved 1048576K
}
Event: 34.516 GC heap before
{Heap before GC invocations=7 (full 0):
 PSYoungGen      total 139776K, used 137262K [0x00000000eab00000, 0x00000000f4800000, 0x0000000100000000)
  eden space 124928K, 100% used [0x00000000eab00000,0x00000000f2500000,0x00000000f2500000)
  from space 14848K, 83% used [0x00000000f3580000,0x00000000f418b970,0x00000000f4400000)
  to   space 16896K, 0% used [0x00000000f2500000,0x00000000f2500000,0x00000000f3580000)
 ParOldGen       total 42496K, used 22706K [0x00000000c0000000, 0x00000000c2980000, 0x00000000eab00000)
  object space 42496K, 53% used [0x00000000c0000000,0x00000000c162caf8,0x00000000c2980000)
 Metaspace       used 6485K, capacity 7256K, committed 7424K, reserved 1056768K
  class space    used 622K, capacity 656K, committed 768K, reserved 1048576K
Event: 34.604 GC heap after
Heap after GC invocations=7 (full 0):
 PSYoungGen      total 141824K, used 16878K [0x00000000eab00000, 0x00000000fd500000, 0x0000000100000000)
  eden space 124928K, 0% used [0x00000000eab00000,0x00000000eab00000,0x00000000f2500000)
  from space 16896K, 99% used [0x00000000f2500000,0x00000000f357b960,0x00000000f3580000)
  to   space 27648K, 0% used [0x00000000fba00000,0x00000000fba00000,0x00000000fd500000)
 ParOldGen       total 42496K, used 38309K [0x00000000c0000000, 0x00000000c2980000, 0x00000000eab00000)
  object space 42496K, 90% used [0x00000000c0000000,0x00000000c2569670,0x00000000c2980000)
 Metaspace       used 6485K, capacity 7256K, committed 7424K, reserved 1056768K
  class space    used 622K, capacity 656K, committed 768K, reserved 1048576K
}
Event: 34.604 GC heap before
{Heap before GC invocations=8 (full 1):
 PSYoungGen      total 141824K, used 16878K [0x00000000eab00000, 0x00000000fd500000, 0x0000000100000000)
  eden space 124928K, 0% used [0x00000000eab00000,0x00000000eab00000,0x00000000f2500000)
  from space 16896K, 99% used [0x00000000f2500000,0x00000000f357b960,0x00000000f3580000)
  to   space 27648K, 0% used [0x00000000fba00000,0x00000000fba00000,0x00000000fd500000)
 ParOldGen       total 42496K, used 38309K [0x00000000c0000000, 0x00000000c2980000, 0x00000000eab00000)
  object space 42496K, 90% used [0x00000000c0000000,0x00000000c2569670,0x00000000c2980000)
 Metaspace       used 6485K, capacity 7256K, committed 7424K, reserved 1056768K
  class space    used 622K, capacity 656K, committed 768K, reserved 1048576K
Event: 35.821 GC heap after
Heap after GC invocations=8 (full 1):
 PSYoungGen      total 141824K, used 10685K [0x00000000eab00000, 0x00000000fd500000, 0x0000000100000000)
  eden space 124928K, 0% used [0x00000000eab00000,0x00000000eab00000,0x00000000f2500000)
  from space 16896K, 63% used [0x00000000f2500000,0x00000000f2f6f5c8,0x00000000f3580000)
  to   space 27648K, 0% used [0x00000000fba00000,0x00000000fba00000,0x00000000fd500000)
 ParOldGen       total 81408K, used 42347K [0x00000000c0000000, 0x00000000c4f80000, 0x00000000eab00000)
  object space 81408K, 52% used [0x00000000c0000000,0x00000000c295aee0,0x00000000c4f80000)
 Metaspace       used 6485K, capacity 7256K, committed 7424K, reserved 1056768K
  class space    used 622K, capacity 656K, committed 768K, reserved 1048576K
}

Deoptimization events (10 events):
Event: 36.186 Thread 0x0000000056757000 Uncommon trap: reason=unstable_if action=reinterpret pc=0x0000000002cc51ec method=com.android.dx.rop.code.LocalItem.compareHandlesNulls(Lcom/android/dx/rop/cst/CstString;Lcom/android/dx/rop/cst/CstString;)I @ 8
Event: 36.194 Thread 0x0000000056757000 Uncommon trap: reason=unstable_if action=reinterpret pc=0x0000000003197064 method=com.android.dx.rop.code.LocalItem.compareHandlesNulls(Lcom/android/dx/rop/cst/CstString;Lcom/android/dx/rop/cst/CstString;)I @ 8
Event: 36.194 Thread 0x0000000056757000 Uncommon trap: reason=unstable_if action=reinterpret pc=0x00000000029dd820 method=com.android.dx.rop.code.LocalItem.compareHandlesNulls(Lcom/android/dx/rop/cst/CstString;Lcom/android/dx/rop/cst/CstString;)I @ 8
Event: 36.194 Thread 0x0000000056757000 Uncommon trap: reason=unstable_if action=reinterpret pc=0x0000000003199c84 method=com.android.dx.rop.code.LocalItem.compareHandlesNulls(Lcom/android/dx/rop/cst/CstString;Lcom/android/dx/rop/cst/CstString;)I @ 8
Event: 36.292 Thread 0x000000000058e800 Uncommon trap: reason=unstable_if action=reinterpret pc=0x0000000003010664 method=com.android.dx.cf.direct.StdAttributeFactory.parse0(Lcom/android/dx/cf/direct/DirectClassFile;ILjava/lang/String;IILcom/android/dx/cf/iface/ParseObserver;)Lcom/android/dx/cf/úHç.Z‡B@
Event: 37.057 Thread 0x000000005675a000 Uncommon trap: reason=class_check action=maybe_recompile pc=0x000000000334559c method=com.android.dx.ssa.SCCP.replaceConstants()V @ 127
Event: 37.058 Thread 0x000000005675a000 Uncommon trap: reason=bimorphic action=maybe_recompile pc=0x0000000002e80800 method=com.android.dx.ssa.LiteralOpUpgrader.tryReplacingWithConstant(Lcom/android/dx/ssa/NormalSsaInsn;)Z @ 62
Event: 37.058 Thread 0x000000005675a000 Uncommon trap: reason=unstable_if action=reinterpret pc=0x000000000319ecfc method=com.android.dx.ssa.LiteralOpUpgrader$1.visitNonMoveInsn(Lcom/android/dx/ssa/NormalSsaInsn;)V @ 24
Event: 37.895 Thread 0x000000005675a000 Uncommon trap: reason=class_check action=maybe_recompile pc=0x000000000334559c method=com.android.dx.ssa.SCCP.replaceConstants()V @ 127
Event: 37.895 Thread 0x000000005675a000 Uncommon trap: reason=bimorphic action=maybe_recompile pc=0x0000000002e80800 method=com.android.dx.ssa.LiteralOpUpgrader.tryReplacingWithConstant(Lcom/android/dx/ssa/NormalSsaInsn;)Z @ 62

Internal exceptions (10 events):
Event: 6.293 Thread 0x000000005675a000 Implicit null exception at 0x0000000002cbe412 to 0x0000000002cbe502
Event: 10.582 Thread 0x000000005678e000 Implicit null exception at 0x0000000002e3c555 to 0x0000000002e3d871
Event: 18.224 Thread 0x000000005675a000 Exception <a 'java/lang/ArrayIndexOutOfBoundsException': 18> (0x00000000ed5b26a0) thrown at [D:\re\puppet\workspace\8-2-build-windows-amd64-cygwin\jdk8u73\6086\hotspot\src\share\vm\interpreter\interpreterRuntime.cpp, line 366]
Event: 18.225 Thread 0x000000005675a000 Exception <a 'java/lang/ArrayIndexOutOfBoundsException': 145> (0x00000000ed5b4220) thrown at [D:\re\puppet\workspace\8-2-build-windows-amd64-cygwin\jdk8u73\6086\hotspot\src\share\vm\interpreter\interpreterRuntime.cpp, line 366]
Event: 18.225 Thread 0x000000005675a000 Exception <a 'java/lang/ArrayIndexOutOfBoundsException': 40> (0x00000000ed5b5508) thrown at [D:\re\puppet\workspace\8-2-build-windows-amd64-cygwin\jdk8u73\6086\hotspot\src\share\vm\interpreter\interpreterRuntime.cpp, line 366]
Event: 36.186 Thread 0x0000000056757000 Implicit null exception at 0x00000000032a09b6 to 0x00000000032a2965
Event: 36.186 Thread 0x0000000056757000 Implicit null exception at 0x0000000002cc507f to 0x0000000002cc51d9
Event: 36.194 Thread 0x0000000056757000 Implicit null exception at 0x0000000003196342 to 0x0000000003197031
Event: 36.194 Thread 0x0000000056757000 Implicit null exception at 0x00000000029dd5b8 to 0x00000000029dd80d
Event: 36.194 Thread 0x0000000056757000 Implicit null exception at 0x0000000003198cf0 to 0x0000000003199c59

Events (10 events):
Event: 37.058 Thread 0x000000005675a000 DEOPT UNPACKING pc=0x00000000028d582a sp=0x0000000057d7e9b0 mode 2
Event: 37.058 Thread 0x000000005675a000 Uncommon trap: trap_request=0xffffff65 fr.pc=0x000000000319ecfc
Event: 37.058 Thread 0x000000005675a000 DEOPT PACKING pc=0x000000000319ecfc sp=0x0000000057d7ea80
Event: 37.058 Thread 0x000000005675a000 DEOPT UNPACKING pc=0x00000000028d582a sp=0x0000000057d7ea30 mode 2
Event: 37.895 Thread 0x000000005675a000 Uncommon trap: trap_request=0xffffffde fr.pc=0x000000000334559c
Event: 37.895 Thread 0x000000005675a000 DEOPT PACKING pc=0x000000000334559c sp=0x0000000057d7eb20
Event: 37.895 Thread 0x000000005675a000 DEOPT UNPACKING pc=0x00000000028d582a sp=0x0000000057d7ea50 mode 2
Event: 37.895 Thread 0x000000005675a000 Uncommon trap: trap_request=0xffffffc6 fr.pc=0x0000000002e80800
Event: 37.895 Thread 0x000000005675a000 DEOPT PACKING pc=0x0000000002e80800 sp=0x0000000057d7e8c0
Event: 37.895 Thread 0x000000005675a000 DEOPT UNPACKING pc=0x00000000028d582a sp=0x0000000057d7e890 mode 2


Dynamic libraries:
0x000000013fbc0000 - 0x000000013fbf7000 	C:\Program Files\Java\jdk1.8.0_73\bin\java.exe
0x0000000077270000 - 0x000000007741a000 	C:\Windows\SYSTEM32\ntdll.dll
0x0000000077150000 - 0x000000007726f000 	C:\Windows\system32\kernel32.dll
0x000007fefcfd0000 - 0x000007fefd03a000 	C:\Windows\system32\KERNELBASE.dll
0x0000000074ca0000 - 0x0000000074d27000 	C:\Windows\System32\SYSFER.DLL
0x000007fefdc80000 - 0x000007fefdd5b000 	C:\Windows\system32\ADVAPI32.dll
0x000007fefdd60000 - 0x000007fefddff000 	C:\Windows\system32\msvcrt.dll
0x000007feff560000 - 0x000007feff57f000 	C:\Windows\SYSTEM32\sechost.dll
0x000007fefd450000 - 0x000007fefd57d000 	C:\Windows\system32\RPCRT4.dll
0x0000000077050000 - 0x000000007714a000 	C:\Windows\system32\USER32.dll
0x000007fefd7e0000 - 0x000007fefd847000 	C:\Windows\system32\GDI32.dll
0x000007fefd430000 - 0x000007fefd43e000 	C:\Windows\system32\LPK.dll
0x000007fefd360000 - 0x000007fefd42a000 	C:\Windows\system32\USP10.dll
0x000007fefbf40000 - 0x000007fefc134000 	C:\Windows\WinSxS\amd64_microsoft.windows.common-controls_6595b64144ccf1df_6.0.7601.18837_none_fa3b1e3d17594757\COMCTL32.dll
0x000007fefe2e0000 - 0x000007fefe351000 	C:\Windows\system32\SHLWAPI.dll
0x000007fefd580000 - 0x000007fefd5ae000 	C:\Windows\system32\IMM32.DLL
0x000007fefdea0000 - 0x000007fefdfa9000 	C:\Windows\system32\MSCTF.dll
0x000000005d0b0000 - 0x000000005d182000 	C:\Program Files\Java\jdk1.8.0_73\jre\bin\msvcr100.dll
0x0000000059c30000 - 0x000000005a4c0000 	C:\Program Files\Java\jdk1.8.0_73\jre\bin\server\jvm.dll
0x000007fef3e50000 - 0x000007fef3e59000 	C:\Windows\system32\WSOCK32.dll
0x000007fefdfb0000 - 0x000007fefdffd000 	C:\Windows\system32\WS2_32.dll
0x000007fefd440000 - 0x000007fefd448000 	C:\Windows\system32\NSI.dll
0x000007fefbc00000 - 0x000007fefbc3b000 	C:\Windows\system32\WINMM.dll
0x000007fefc330000 - 0x000007fefc33c000 	C:\Windows\system32\VERSION.dll
0x0000000077430000 - 0x0000000077437000 	C:\Windows\system32\PSAPI.DLL
0x0000000064430000 - 0x000000006443f000 	C:\Program Files\Java\jdk1.8.0_73\jre\bin\verify.dll
0x0000000061ce0000 - 0x0000000061d09000 	C:\Program Files\Java\jdk1.8.0_73\jre\bin\java.dll
0x0000000062f50000 - 0x0000000062f66000 	C:\Program Files\Java\jdk1.8.0_73\jre\bin\zip.dll
0x000007fefe360000 - 0x000007feff0ea000 	C:\Windows\system32\SHELL32.dll
0x000007fefd5b0000 - 0x000007fefd7b3000 	C:\Windows\system32\ole32.dll
0x000007fefcfa0000 - 0x000007fefcfaf000 	C:\Windows\system32\profapi.dll

VM Arguments:
jvm_args: -Djava.awt.headless=true -Xmx1024M -Dfile.encoding=windows-1251 -Duser.country=RU -Duser.language=ru -Duser.variant 
java_command: com.android.dx.command.Main --dex --force-jumbo --num-threads=4 --output C:\asp\NGS_vacancy\app\build\intermediates\pre-dexed\debug\rxjava-1.1.6_35c4004d97e1d1e29c1bf075d596af46427d036c.jar C:\Users\avtseben\.gradle\caches\modules-2\files-2.1\io.reactivex\rxjava\1.1.6\2586312cd2b8a511e4c6236736f5a039fc0f2273\rxjava-1.1.6.jar
java_class_path (initial): C:\Users\avtseben\AppData\Local\Android\Sdk\build-tools\23.0.3\lib\dx.jar
Launcher Type: SUN_STANDARD

Environment Variables:
PATH=C:\Program Files\Broadcom\Broadcom 802.11;c:\Program Files (x86)\Intel\iCLS Client\;c:\Program Files\Intel\iCLS Client\;C:\ProgramData\Oracle\Java\javapath;C:\Windows\system32;C:\Windows;C:\Windows\System32\Wbem;C:\Windows\System32\WindowsPowerShell\v1.0\;C:\Program Files\Intel\Intel(R) Management Engine Components\DAL;C:\Program Files\Intel\Intel(R) Management Engine Components\IPT;C:\Program Files (x86)\Intel\Intel(R) Management Engine Components\DAL;C:\Program Files (x86)\Intel\Intel(R) Management Engine Components\IPT;c:\Program Files\WIDCOMM\Bluetooth Software\;c:\Program Files\WIDCOMM\Bluetooth Software\syswow64;C:\Program Files (x86)\Hewlett-Packard\HP ProtectTools Security Manager\Bin\;C:\Program Files (x86)\Skype\Phone\;C:\Program Files\OpenVPN\bin;C:\androidSDK\platform-tools\;C:\Program Files\Broadcom\Broadcom 802.11;c:\Program Files (x86)\Intel\iCLS Client\;c:\Program Files\Intel\iCLS Client\;C:\ProgramData\Oracle\Java\javapath;C:\Windows\system32;C:\Windows;C:\Windows\System32\Wbem;C:\Windows\System32\WindowsPowerShell\v1.0\;C:\Program Files\Intel\Intel(R) Management Engine Components\DAL;C:\Program Files\Intel\Intel(R) Management Engine Components\IPT;C:\Program Files (x86)\Intel\Intel(R) Management Engine Components\DAL;C:\Program Files (x86)\Intel\Intel(R) Management Engine Components\IPT;c:\Program Files\WIDCOMM\Bluetooth Software\;c:\Program Files\WIDCOMM\Bluetooth Software\syswow64;C:\Program Files (x86)\Hewlett-Packard\HP ProtectTools Security Manager\Bin\;C:\Program Files (x86)\Brackets\command;C:\Program Files (x86)\Skype\Phone\;C:\Program Files (x86)\ufs2tools-0.8\ufs2tools\;C:\Program Files\Git\bin\;C:\androidSDK\platform-tools;C:\gradle\bin
USERNAME=avtseben
OS=Windows_NT
PROCESSOR_IDENTIFIER=Intel64 Family 6 Model 58 Stepping 9, GenuineIntel



---------------  S Y S T E M  ---------------

OS: Windows 7 , 64 bit Build 7601 (6.1.7601.23572)

CPU:total 4 (2 cores per cpu, 2 threads per core) family 6 model 58 stepping 9, cmov, cx8, fxsr, mmx, sse, sse2, sse3, ssse3, sse4.1, sse4.2, popcnt, avx, aes, clmul, erms, ht, tsc, tscinvbit, tscinv

Memory: 4k page, physical 4056748k(659936k free), swap 4734624k(5200k free)

vm_info: Java HotSpot(TM) 64-Bit Server VM (25.73-b02) for windows-amd64 JRE (1.8.0_73-b02), built on Jan 29 2016 17:38:49 by "java_re" with MS VC++ 10.0 (VS2010)

time: Sat Dec 24 20:40:49 2016
elapsed time: 38 seconds (0d 0h 0m 38s)

