#
# There is insufficient memory for the Java Runtime Environment to continue.
# Native memory allocation (malloc) failed to allocate 888736 bytes for Chunk::new
# Possible reasons:
#   The system is out of physical RAM or swap space
#   In 32 bit mode, the process size limit was hit
# Possible solutions:
#   Reduce memory load on the system
#   Increase physical memory or swap space
#   Check if swap backing store is full
#   Use 64 bit Java on a 64 bit OS
#   Decrease Java heap size (-Xmx/-Xms)
#   Decrease number of Java threads
#   Decrease Java thread stack sizes (-Xss)
#   Set larger code cache with -XX:ReservedCodeCacheSize=
# This output file may be truncated or incomplete.
#
#  Out of Memory Error (allocation.cpp:390), pid=3848, tid=3908
#
# JRE version: Java(TM) SE Runtime Environment (8.0_73-b02) (build 1.8.0_73-b02)
# Java VM: Java HotSpot(TM) 64-Bit Server VM (25.73-b02 mixed mode windows-amd64 compressed oops)
# Failed to write core dump. Minidumps are not enabled by default on client versions of Windows
#

---------------  T H R E A D  ---------------

Current thread (0x0000000056e44800):  JavaThread "C2 CompilerThread0" daemon [_thread_in_native, id=3908, stack(0x00000000576d0000,0x00000000577d0000)]

Stack: [0x00000000576d0000,0x00000000577d0000]
[error occurred during error reporting (printing stack bounds), id 0xc0000005]

Native frames: (J=compiled Java code, j=interpreted, Vv=VM code, C=native code)


Current CompileTask:
C2:   6165  877       4       com.android.dx.ssa.SsaBasicBlock::forEachInsn (37 bytes)


---------------  P R O C E S S  ---------------

Java Threads: ( => current thread )
  0x000000005700b000 JavaThread "pool-1-thread-4" [_thread_in_vm, id=5212, stack(0x0000000058140000,0x0000000058240000)]
  0x0000000057007800 JavaThread "pool-1-thread-3" [_thread_in_Java, id=6060, stack(0x0000000058240000,0x0000000058340000)]
  0x0000000057006800 JavaThread "pool-1-thread-2" [_thread_in_vm, id=7696, stack(0x0000000058000000,0x0000000058100000)]
  0x0000000057006000 JavaThread "pool-2-thread-1" [_thread_blocked, id=8164, stack(0x0000000057dd0000,0x0000000057ed0000)]
  0x0000000057005800 JavaThread "pool-1-thread-1" [_thread_blocked, id=1908, stack(0x0000000057ab0000,0x0000000057bb0000)]
  0x000000005459f000 JavaThread "Service Thread" daemon [_thread_blocked, id=3444, stack(0x0000000057930000,0x0000000057a30000)]
  0x0000000056e48000 JavaThread "C1 CompilerThread2" daemon [_thread_in_native, id=3588, stack(0x0000000057270000,0x0000000057370000)]
  0x0000000056e47000 JavaThread "C2 CompilerThread1" daemon [_thread_blocked, id=7968, stack(0x0000000057800000,0x0000000057900000)]
=>0x0000000056e44800 JavaThread "C2 CompilerThread0" daemon [_thread_in_native, id=3908, stack(0x00000000576d0000,0x00000000577d0000)]
  0x0000000056e41800 JavaThread "Attach Listener" daemon [_thread_blocked, id=7152, stack(0x0000000057560000,0x0000000057660000)]
  0x0000000054594000 JavaThread "Signal Dispatcher" daemon [_thread_blocked, id=6468, stack(0x0000000057370000,0x0000000057470000)]
  0x0000000054532000 JavaThread "Finalizer" daemon [_thread_blocked, id=7964, stack(0x0000000056d40000,0x0000000056e40000)]
  0x0000000054530800 JavaThread "Reference Handler" daemon [_thread_blocked, id=4564, stack(0x0000000056b80000,0x0000000056c80000)]
  0x000000000212e800 JavaThread "main" [_thread_in_Java, id=6240, stack(0x0000000002230000,0x0000000002330000)]

Other Threads:
  0x000000005452b000 VMThread [stack: 0x0000000056a40000,0x0000000056b40000] [id=7220]
  0x0000000056ede800 WatcherThread [stack: 0x0000000057c00000,0x0000000057d00000] [id=7672]

VM state:synchronizing (normal execution)

VM Mutex/Monitor currently owned by a thread:  ([mutex/lock_event])
[0x000000000212cd00] Safepoint_lock - owner thread: 0x000000005452b000
[0x000000000212cd80] Threads_lock - owner thread: 0x000000005452b000
[0x000000000212d280] Heap_lock - owner thread: 0x0000000057006800

Heap:
 PSYoungGen      total 18432K, used 18421K [0x00000000eab00000, 0x00000000ecf00000, 0x0000000100000000)
  eden space 15872K, 100% used [0x00000000eab00000,0x00000000eba80000,0x00000000eba80000)
  from space 2560K, 99% used [0x00000000eba80000,0x00000000ebcfd5f0,0x00000000ebd00000)
  to   space 2560K, 0% used [0x00000000ecc80000,0x00000000ecc80000,0x00000000ecf00000)
 ParOldGen       total 42496K, used 1614K [0x00000000c0000000, 0x00000000c2980000, 0x00000000eab00000)
  object space 42496K, 3% used [0x00000000c0000000,0x00000000c0193830,0x00000000c2980000)
 Metaspace       used 5844K, capacity 6832K, committed 7040K, reserved 1056768K
  class space    used 598K, capacity 616K, committed 640K, reserved 1048576K

Card table byte_map: [0x00000000119c0000,0x0000000011bd0000] byte_map_base: 0x00000000113c0000

Marking Bits: (ParMarkBitMap*) 0x00000000557a0600
 Begin Bits: [0x00000000121a0000, 0x00000000131a0000)
 End Bits:   [0x00000000131a0000, 0x00000000141a0000)

Polling page: 0x0000000000330000

CodeCache: size=245760Kb used=3720Kb max_used=3720Kb free=242040Kb
 bounds [0x0000000002600000, 0x00000000029b0000, 0x0000000011600000]
 total_blobs=1237 nmethods=968 adapters=182
 compilation: enabled

Compilation events (10 events):
Event: 6.134 Thread 0x0000000056e48000 nmethod 1021 0x00000000029a2490 code [0x00000000029a2600, 0x00000000029a27a8]
Event: 6.134 Thread 0x0000000056e48000  994       2       com.android.dx.ssa.SsaMethod::getEntryBlock (15 bytes)
Event: 6.134 Thread 0x0000000056e48000 nmethod 994 0x00000000029a2890 code [0x00000000029a2a20, 0x00000000029a2cb8]
Event: 6.135 Thread 0x0000000056e48000 1025       2       com.android.dx.util.IntList::shrink (42 bytes)
Event: 6.135 Thread 0x0000000056e48000 nmethod 1025 0x00000000029a2f50 code [0x00000000029a30e0, 0x00000000029a3468]
Event: 6.135 Thread 0x0000000056e48000 1027       2       com.android.dx.dex.file.Section::throwIfPrepared (18 bytes)
Event: 6.135 Thread 0x0000000056e48000 nmethod 1027 0x00000000029a3650 code [0x00000000029a37c0, 0x00000000029a39c8]
Event: 6.135 Thread 0x0000000056e48000 1030       2       com.android.dx.util.IntList::mutableCopy (39 bytes)
Event: 6.135 Thread 0x0000000056e48000 nmethod 1030 0x00000000029a3a90 code [0x00000000029a3c00, 0x00000000029a3e98]
Event: 6.135 Thread 0x0000000056e48000 1034       2       com.android.dx.cf.code.ByteCatchList::listFor (120 bytes)

GC Heap History (2 events):
Event: 3.408 GC heap before
{Heap before GC invocations=1 (full 0):
 PSYoungGen      total 18432K, used 15872K [0x00000000eab00000, 0x00000000ebf80000, 0x0000000100000000)
  eden space 15872K, 100% used [0x00000000eab00000,0x00000000eba80000,0x00000000eba80000)
  from space 2560K, 0% used [0x00000000ebd00000,0x00000000ebd00000,0x00000000ebf80000)
  to   space 2560K, 0% used [0x00000000eba80000,0x00000000eba80000,0x00000000ebd00000)
 ParOldGen       total 42496K, used 0K [0x00000000c0000000, 0x00000000c2980000, 0x00000000eab00000)
  object space 42496K, 0% used [0x00000000c0000000,0x00000000c0000000,0x00000000c2980000)
 Metaspace       used 5747K, capacity 6704K, committed 6784K, reserved 1056768K
  class space    used 598K, capacity 616K, committed 640K, reserved 1048576K
Event: 4.894 GC heap after
Heap after GC invocations=1 (full 0):
 PSYoungGen      total 18432K, used 2549K [0x00000000eab00000, 0x00000000ecf00000, 0x0000000100000000)
  eden space 15872K, 0% used [0x00000000eab00000,0x00000000eab00000,0x00000000eba80000)
  from space 2560K, 99% used [0x00000000eba80000,0x00000000ebcfd5f0,0x00000000ebd00000)
  to   space 2560K, 0% used [0x00000000ecc80000,0x00000000ecc80000,0x00000000ecf00000)
 ParOldGen       total 42496K, used 1614K [0x00000000c0000000, 0x00000000c2980000, 0x00000000eab00000)
  object space 42496K, 3% used [0x00000000c0000000,0x00000000c0193830,0x00000000c2980000)
 Metaspace       used 5747K, capacity 6704K, committed 6784K, reserved 1056768K
  class space    used 598K, capacity 616K, committed 640K, reserved 1048576K
}

Deoptimization events (8 events):
Event: 5.091 Thread 0x0000000057006800 Uncommon trap: reason=unstable_if action=reinterpret pc=0x00000000028301e4 method=java.util.BitSet.ensureCapacity(I)V @ 6
Event: 5.167 Thread 0x0000000057005800 Uncommon trap: reason=null_check action=make_not_entrant pc=0x000000000291e8bc method=com.android.dx.ssa.SsaRenamer.getLocalForNewReg(I)Lcom/android/dx/rop/code/LocalItem; @ 19
Event: 5.866 Thread 0x0000000057007800 Uncommon trap: reason=bimorphic action=maybe_recompile pc=0x000000000282fb8c method=java.util.HashMap.getNode(ILjava/lang/Object;)Ljava/util/HashMap$Node; @ 126
Event: 5.866 Thread 0x0000000057007800 Uncommon trap: reason=bimorphic action=maybe_recompile pc=0x000000000282fb8c method=java.util.HashMap.getNode(ILjava/lang/Object;)Ljava/util/HashMap$Node; @ 126
Event: 5.866 Thread 0x0000000057007800 Uncommon trap: reason=bimorphic action=maybe_recompile pc=0x000000000282fb8c method=java.util.HashMap.getNode(ILjava/lang/Object;)Ljava/util/HashMap$Node; @ 126
Event: 5.866 Thread 0x0000000057007800 Uncommon trap: reason=bimorphic action=maybe_recompile pc=0x000000000282fb8c method=java.util.HashMap.getNode(ILjava/lang/Object;)Ljava/util/HashMap$Node; @ 126
Event: 5.866 Thread 0x0000000057007800 Uncommon trap: reason=bimorphic action=maybe_recompile pc=0x00000000027f9a0c method=java.util.HashMap.getNode(ILjava/lang/Object;)Ljava/util/HashMap$Node; @ 126
Event: 6.094 Thread 0x0000000057006800 Uncommon trap: reason=null_check action=make_not_entrant pc=0x00000000028f2350 method=com.android.dx.rop.type.Type.equals(Ljava/lang/Object;)Z @ 8

Internal exceptions (4 events):
Event: 0.822 Thread 0x000000000212e800 Exception <a 'java/lang/NoSuchMethodError': Method sun.misc.Unsafe.defineClass(Ljava/lang/String;[BII)Ljava/lang/Class; name or signature does not match> (0x00000000eab130d8) thrown at [D:\re\puppet\workspace\8-2-build-windows-amd64-cygwin\jdk8u73\6086\hot›kYÌ¶NÍ?
Event: 0.822 Thread 0x000000000212e800 Exception <a 'java/lang/NoSuchMethodError': Method sun.misc.Unsafe.prefetchRead(Ljava/lang/Object;J)V name or signature does not match> (0x00000000eab133c0) thrown at [D:\re\puppet\workspace\8-2-build-windows-amd64-cygwin\jdk8u73\6086\hotspot\src\share\vm\xV
Event: 5.167 Thread 0x0000000057005800 Implicit null exception at 0x000000000291d033 to 0x000000000291e871
Event: 6.094 Thread 0x0000000057006800 Implicit null exception at 0x00000000028f2252 to 0x00000000028f2342

Events (10 events):
Event: 5.866 Thread 0x0000000057007800 Uncommon trap: trap_request=0xffffffc6 fr.pc=0x000000000282fb8c
Event: 5.866 Thread 0x0000000057007800 DEOPT PACKING pc=0x000000000282fb8c sp=0x000000005833e930
Event: 5.866 Thread 0x0000000057007800 DEOPT UNPACKING pc=0x000000000264582a sp=0x000000005833e848 mode 2
Event: 5.866 Thread 0x0000000057007800 Uncommon trap: trap_request=0xffffffc6 fr.pc=0x00000000027f9a0c
Event: 5.866 Thread 0x0000000057007800 DEOPT PACKING pc=0x00000000027f9a0c sp=0x000000005833e8d0
Event: 5.866 Thread 0x0000000057007800 DEOPT UNPACKING pc=0x000000000264582a sp=0x000000005833e858 mode 2
Event: 6.094 Thread 0x0000000057006800 Uncommon trap: trap_request=0xfffffff4 fr.pc=0x00000000028f2350
Event: 6.094 Thread 0x0000000057006800 DEOPT PACKING pc=0x00000000028f2350 sp=0x00000000580fe710
Event: 6.094 Thread 0x0000000057006800 DEOPT UNPACKING pc=0x000000000264582a sp=0x00000000580fe698 mode 2
Event: 6.159 Executing VM operation: ParallelGCFailedAllocation


Dynamic libraries:
0x000000013fd20000 - 0x000000013fd57000 	C:\Program Files\Java\jdk1.8.0_73\bin\java.exe
0x0000000077540000 - 0x00000000776ea000 	C:\Windows\SYSTEM32\ntdll.dll
0x0000000077420000 - 0x000000007753f000 	C:\Windows\system32\kernel32.dll
0x000007fefd330000 - 0x000007fefd39a000 	C:\Windows\system32\KERNELBASE.dll
0x0000000074f70000 - 0x0000000074ff7000 	C:\Windows\System32\SYSFER.DLL
0x000007fefd630000 - 0x000007fefd70b000 	C:\Windows\system32\ADVAPI32.dll
0x000007fefeb80000 - 0x000007fefec1f000 	C:\Windows\system32\msvcrt.dll
0x000007feff620000 - 0x000007feff63f000 	C:\Windows\SYSTEM32\sechost.dll
0x000007fefe6d0000 - 0x000007fefe7fd000 	C:\Windows\system32\RPCRT4.dll
0x0000000077320000 - 0x000000007741a000 	C:\Windows\system32\USER32.dll
0x000007fefec70000 - 0x000007fefecd7000 	C:\Windows\system32\GDI32.dll
0x000007fefe880000 - 0x000007fefe88e000 	C:\Windows\system32\LPK.dll
0x000007feff550000 - 0x000007feff61a000 	C:\Windows\system32\USP10.dll
0x000007fefc1d0000 - 0x000007fefc3c4000 	C:\Windows\WinSxS\amd64_microsoft.windows.common-controls_6595b64144ccf1df_6.0.7601.18837_none_fa3b1e3d17594757\COMCTL32.dll
0x000007fefd820000 - 0x000007fefd891000 	C:\Windows\system32\SHLWAPI.dll
0x000007fefd7f0000 - 0x000007fefd81e000 	C:\Windows\system32\IMM32.DLL
0x000007fefeec0000 - 0x000007fefefc9000 	C:\Windows\system32\MSCTF.dll
0x0000000054990000 - 0x0000000054a62000 	C:\Program Files\Java\jdk1.8.0_73\jre\bin\msvcr100.dll
0x0000000054f90000 - 0x0000000055820000 	C:\Program Files\Java\jdk1.8.0_73\jre\bin\server\jvm.dll
0x000007feec600000 - 0x000007feec609000 	C:\Windows\system32\WSOCK32.dll
0x000007fefec20000 - 0x000007fefec6d000 	C:\Windows\system32\WS2_32.dll
0x000007fefeb70000 - 0x000007fefeb78000 	C:\Windows\system32\NSI.dll
0x000007fefbed0000 - 0x000007fefbf0b000 	C:\Windows\system32\WINMM.dll
0x000007fefc5b0000 - 0x000007fefc5bc000 	C:\Windows\system32\VERSION.dll
0x0000000077700000 - 0x0000000077707000 	C:\Windows\system32\PSAPI.DLL
0x0000000054f80000 - 0x0000000054f8f000 	C:\Program Files\Java\jdk1.8.0_73\jre\bin\verify.dll
0x0000000054f50000 - 0x0000000054f79000 	C:\Program Files\Java\jdk1.8.0_73\jre\bin\java.dll
0x0000000054f30000 - 0x0000000054f46000 	C:\Program Files\Java\jdk1.8.0_73\jre\bin\zip.dll
0x000007fefd8a0000 - 0x000007fefe62a000 	C:\Windows\system32\SHELL32.dll
0x000007feff640000 - 0x000007feff843000 	C:\Windows\system32\ole32.dll
0x000007fefd280000 - 0x000007fefd28f000 	C:\Windows\system32\profapi.dll

VM Arguments:
jvm_args: -Djava.awt.headless=true -Xmx1024M -Dfile.encoding=windows-1251 -Duser.country=RU -Duser.language=ru -Duser.variant 
java_command: com.android.dx.command.Main --dex --force-jumbo --num-threads=4 --output C:\asp\NGS_vacancy\app\build\intermediates\pre-dexed\debug\okio-1.8.0_d0aad528935da1511b973c0c126e9d7768279627.jar C:\Users\avtseben\.gradle\caches\modules-2\files-2.1\com.squareup.okio\okio\1.8.0\5ea7af56cc7c567ed9856d99efb30740e9b17ff\okio-1.8.0.jar
java_class_path (initial): C:\Users\avtseben\AppData\Local\Android\Sdk\build-tools\23.0.3\lib\dx.jar
Launcher Type: SUN_STANDARD

Environment Variables:
PATH=C:\Program Files\Broadcom\Broadcom 802.11;c:\Program Files (x86)\Intel\iCLS Client\;c:\Program Files\Intel\iCLS Client\;C:\ProgramData\Oracle\Java\javapath;C:\Windows\system32;C:\Windows;C:\Windows\System32\Wbem;C:\Windows\System32\WindowsPowerShell\v1.0\;C:\Program Files\Intel\Intel(R) Management Engine Components\DAL;C:\Program Files\Intel\Intel(R) Management Engine Components\IPT;C:\Program Files (x86)\Intel\Intel(R) Management Engine Components\DAL;C:\Program Files (x86)\Intel\Intel(R) Management Engine Components\IPT;c:\Program Files\WIDCOMM\Bluetooth Software\;c:\Program Files\WIDCOMM\Bluetooth Software\syswow64;C:\Program Files (x86)\Hewlett-Packard\HP ProtectTools Security Manager\Bin\;C:\Program Files (x86)\Skype\Phone\;C:\Program Files\OpenVPN\bin;C:\androidSDK\platform-tools\;C:\Program Files\Broadcom\Broadcom 802.11;c:\Program Files (x86)\Intel\iCLS Client\;c:\Program Files\Intel\iCLS Client\;C:\ProgramData\Oracle\Java\javapath;C:\Windows\system32;C:\Windows;C:\Windows\System32\Wbem;C:\Windows\System32\WindowsPowerShell\v1.0\;C:\Program Files\Intel\Intel(R) Management Engine Components\DAL;C:\Program Files\Intel\Intel(R) Management Engine Components\IPT;C:\Program Files (x86)\Intel\Intel(R) Management Engine Components\DAL;C:\Program Files (x86)\Intel\Intel(R) Management Engine Components\IPT;c:\Program Files\WIDCOMM\Bluetooth Software\;c:\Program Files\WIDCOMM\Bluetooth Software\syswow64;C:\Program Files (x86)\Hewlett-Packard\HP ProtectTools Security Manager\Bin\;C:\Program Files (x86)\Brackets\command;C:\Program Files (x86)\Skype\Phone\;C:\Program Files (x86)\ufs2tools-0.8\ufs2tools\;C:\Program Files\Git\bin\;C:\androidSDK\platform-tools;C:\gradle\bin
USERNAME=avtseben
OS=Windows_NT
PROCESSOR_IDENTIFIER=Intel64 Family 6 Model 58 Stepping 9, GenuineIntel



---------------  S Y S T E M  ---------------

OS: Windows 7 , 64 bit Build 7601 (6.1.7601.23572)

CPU:total 4 (2 cores per cpu, 2 threads per core) family 6 model 58 stepping 9, cmov, cx8, fxsr, mmx, sse, sse2, sse3, ssse3, sse4.1, sse4.2, popcnt, avx, aes, clmul, erms, ht, tsc, tscinvbit, tscinv

Memory: 4k page, physical 4056748k(112344k free), swap 5123076k(5660k free)

vm_info: Java HotSpot(TM) 64-Bit Server VM (25.73-b02) for windows-amd64 JRE (1.8.0_73-b02), built on Jan 29 2016 17:38:49 by "java_re" with MS VC++ 10.0 (VS2010)

time: Thu Dec 22 23:41:57 2016
elapsed time: 6 seconds (0d 0h 0m 6s)

