#
# There is insufficient memory for the Java Runtime Environment to continue.
# Native memory allocation (malloc) failed to allocate 32744 bytes for ChunkPool::allocate
# Possible reasons:
#   The system is out of physical RAM or swap space
#   In 32 bit mode, the process size limit was hit
# Possible solutions:
#   Reduce memory load on the system
#   Increase physical memory or swap space
#   Check if swap backing store is full
#   Use 64 bit Java on a 64 bit OS
#   Decrease Java heap size (-Xmx/-Xms)
#   Decrease number of Java threads
#   Decrease Java thread stack sizes (-Xss)
#   Set larger code cache with -XX:ReservedCodeCacheSize=
# This output file may be truncated or incomplete.
#
#  Out of Memory Error (allocation.cpp:273), pid=7620, tid=7868
#
# JRE version: Java(TM) SE Runtime Environment (8.0_73-b02) (build 1.8.0_73-b02)
# Java VM: Java HotSpot(TM) 64-Bit Server VM (25.73-b02 mixed mode windows-amd64 compressed oops)
# Failed to write core dump. Minidumps are not enabled by default on client versions of Windows
#

---------------  T H R E A D  ---------------

Current thread (0x00000000564a6800):  JavaThread "C2 CompilerThread1" daemon [_thread_in_native, id=7868, stack(0x0000000056da0000,0x0000000056ea0000)]

Stack: [0x0000000056da0000,0x0000000056ea0000]
[error occurred during error reporting (printing stack bounds), id 0xc0000005]

Native frames: (J=compiled Java code, j=interpreted, Vv=VM code, C=native code)


Current CompileTask:
C2:   4307 1699   !   4       com.android.dx.cf.cst.ConstantPoolParser::parse0 (731 bytes)


---------------  P R O C E S S  ---------------

Java Threads: ( => current thread )
  0x000000005671d000 JavaThread "pool-1-thread-4" [_thread_blocked, id=8012, stack(0x00000000576c0000,0x00000000577c0000)]
  0x00000000567a7800 JavaThread "pool-1-thread-3" [_thread_blocked, id=8008, stack(0x0000000057450000,0x0000000057550000)]
  0x000000005674d800 JavaThread "pool-1-thread-2" [_thread_in_Java, id=8000, stack(0x0000000057560000,0x0000000057660000)]
  0x00000000567a4800 JavaThread "pool-2-thread-1" [_thread_blocked, id=7988, stack(0x0000000057330000,0x0000000057430000)]
  0x0000000056747800 JavaThread "pool-1-thread-1" [_thread_in_Java, id=7984, stack(0x0000000057210000,0x0000000057310000)]
  0x0000000056501000 JavaThread "Service Thread" daemon [_thread_blocked, id=7880, stack(0x00000000570b0000,0x00000000571b0000)]
  0x00000000564fe000 JavaThread "C1 CompilerThread2" daemon [_thread_in_vm, id=7876, stack(0x0000000056f40000,0x0000000057040000)]
=>0x00000000564a6800 JavaThread "C2 CompilerThread1" daemon [_thread_in_native, id=7868, stack(0x0000000056da0000,0x0000000056ea0000)]
  0x00000000564a4000 JavaThread "C2 CompilerThread0" daemon [_thread_in_native, id=7864, stack(0x0000000056be0000,0x0000000056ce0000)]
  0x00000000564a0800 JavaThread "Attach Listener" daemon [_thread_blocked, id=7860, stack(0x0000000056980000,0x0000000056a80000)]
  0x0000000055072000 JavaThread "Signal Dispatcher" daemon [_thread_blocked, id=7856, stack(0x0000000055fc0000,0x00000000560c0000)]
  0x0000000055012000 JavaThread "Finalizer" daemon [_thread_blocked, id=7788, stack(0x00000000563a0000,0x00000000564a0000)]
  0x0000000055010800 JavaThread "Reference Handler" daemon [_thread_blocked, id=7784, stack(0x0000000056290000,0x0000000056390000)]
  0x000000000217e800 JavaThread "main" [_thread_in_Java, id=7708, stack(0x0000000002400000,0x0000000002500000)]

Other Threads:
  0x000000005500b000 VMThread [stack: 0x0000000056100000,0x0000000056200000] [id=7756]
  0x000000005650c800 WatcherThread [stack: 0x0000000056ad0000,0x0000000056bd0000] [id=7888]

VM state:not at safepoint (normal execution)

VM Mutex/Monitor currently owned by a thread: None

Heap:
 PSYoungGen      total 66048K, used 42800K [0x00000000eab00000, 0x00000000eee00000, 0x0000000100000000)
  eden space 63488K, 63% used [0x00000000eab00000,0x00000000ed253eb0,0x00000000ee900000)
  from space 2560K, 98% used [0x00000000eeb80000,0x00000000eedf8270,0x00000000eee00000)
  to   space 2560K, 0% used [0x00000000ee900000,0x00000000ee900000,0x00000000eeb80000)
 ParOldGen       total 42496K, used 12585K [0x00000000c0000000, 0x00000000c2980000, 0x00000000eab00000)
  object space 42496K, 29% used [0x00000000c0000000,0x00000000c0c4a7c0,0x00000000c2980000)
 Metaspace       used 6316K, capacity 7128K, committed 7424K, reserved 1056768K
  class space    used 618K, capacity 656K, committed 768K, reserved 1048576K

Card table byte_map: [0x0000000011b90000,0x0000000011da0000] byte_map_base: 0x0000000011590000

Marking Bits: (ParMarkBitMap*) 0x000000005cdd0600
 Begin Bits: [0x0000000012480000, 0x0000000013480000)
 End Bits:   [0x0000000013480000, 0x0000000014480000)

Polling page: 0x0000000000230000

CodeCache: size=245760Kb used=6823Kb max_used=6844Kb free=238936Kb
 bounds [0x00000000027d0000, 0x0000000002e90000, 0x00000000117d0000]
 total_blobs=1984 nmethods=1714 adapters=182
 compilation: enabled

Compilation events (10 events):
Event: 3.936 Thread 0x00000000564fe000 1766       3       com.android.dx.cf.direct.DirectClassFile::parseToEndIfNecessary (12 bytes)
Event: 3.936 Thread 0x00000000564fe000 nmethod 1766 0x0000000002e6afd0 code [0x0000000002e6b140, 0x0000000002e6b308]
Event: 3.937 Thread 0x00000000564a4000 1767       4       com.android.dx.dex.code.RopTranslator::getRegs (64 bytes)
Event: 3.947 Thread 0x00000000564a4000 nmethod 1767 0x0000000002e6d890 code [0x0000000002e6da20, 0x0000000002e6dea8]
Event: 3.949 Thread 0x00000000564a4000 1768       4       com.android.dx.rop.type.Type::getFrameType (5 bytes)
Event: 3.950 Thread 0x00000000564a4000 nmethod 1768 0x0000000002d2b8d0 code [0x0000000002d2ba00, 0x0000000002d2ba78]
Event: 3.950 Thread 0x00000000564a4000 1769       4       com.android.dx.dex.code.RopToDop::dopFor (792 bytes)
Event: 3.980 Thread 0x00000000564fe000 1772       3       com.android.dx.cf.direct.DirectClassFile::makeTypeList (47 bytes)
Event: 3.980 Thread 0x00000000564fe000 nmethod 1772 0x0000000002e6d250 code [0x0000000002e6d3e0, 0x0000000002e6d738]
Event: 4.303 Thread 0x00000000564fe000 1775       3       com.android.dx.dex.file.ClassDefItem::addInstanceField (9 bytes)

GC Heap History (8 events):
Event: 1.004 GC heap before
{Heap before GC invocations=1 (full 0):
 PSYoungGen      total 18432K, used 15872K [0x00000000eab00000, 0x00000000ebf80000, 0x0000000100000000)
  eden space 15872K, 100% used [0x00000000eab00000,0x00000000eba80000,0x00000000eba80000)
  from space 2560K, 0% used [0x00000000ebd00000,0x00000000ebd00000,0x00000000ebf80000)
  to   space 2560K, 0% used [0x00000000eba80000,0x00000000eba80000,0x00000000ebd00000)
 ParOldGen       total 42496K, used 0K [0x00000000c0000000, 0x00000000c2980000, 0x00000000eab00000)
  object space 42496K, 0% used [0x00000000c0000000,0x00000000c0000000,0x00000000c2980000)
 Metaspace       used 5739K, capacity 6704K, committed 6784K, reserved 1056768K
  class space    used 596K, capacity 616K, committed 640K, reserved 1048576K
Event: 1.022 GC heap after
Heap after GC invocations=1 (full 0):
 PSYoungGen      total 18432K, used 2554K [0x00000000eab00000, 0x00000000ecf00000, 0x0000000100000000)
  eden space 15872K, 0% used [0x00000000eab00000,0x00000000eab00000,0x00000000eba80000)
  from space 2560K, 99% used [0x00000000eba80000,0x00000000ebcfea98,0x00000000ebd00000)
  to   space 2560K, 0% used [0x00000000ecc80000,0x00000000ecc80000,0x00000000ecf00000)
 ParOldGen       total 42496K, used 1382K [0x00000000c0000000, 0x00000000c2980000, 0x00000000eab00000)
  object space 42496K, 3% used [0x00000000c0000000,0x00000000c0159a40,0x00000000c2980000)
 Metaspace       used 5739K, capacity 6704K, committed 6784K, reserved 1056768K
  class space    used 596K, capacity 616K, committed 640K, reserved 1048576K
}
Event: 1.336 GC heap before
{Heap before GC invocations=2 (full 0):
 PSYoungGen      total 18432K, used 18426K [0x00000000eab00000, 0x00000000ecf00000, 0x0000000100000000)
  eden space 15872K, 100% used [0x00000000eab00000,0x00000000eba80000,0x00000000eba80000)
  from space 2560K, 99% used [0x00000000eba80000,0x00000000ebcfea98,0x00000000ebd00000)
  to   space 2560K, 0% used [0x00000000ecc80000,0x00000000ecc80000,0x00000000ecf00000)
 ParOldGen       total 42496K, used 1382K [0x00000000c0000000, 0x00000000c2980000, 0x00000000eab00000)
  object space 42496K, 3% used [0x00000000c0000000,0x00000000c0159a40,0x00000000c2980000)
 Metaspace       used 5928K, capacity 6832K, committed 7040K, reserved 1056768K
  class space    used 596K, capacity 616K, committed 640K, reserved 1048576K
Event: 1.402 GC heap after
Heap after GC invocations=2 (full 0):
 PSYoungGen      total 34304K, used 2544K [0x00000000eab00000, 0x00000000ecf00000, 0x0000000100000000)
  eden space 31744K, 0% used [0x00000000eab00000,0x00000000eab00000,0x00000000eca00000)
  from space 2560K, 99% used [0x00000000ecc80000,0x00000000ecefc038,0x00000000ecf00000)
  to   space 2560K, 0% used [0x00000000eca00000,0x00000000eca00000,0x00000000ecc80000)
 ParOldGen       total 42496K, used 3662K [0x00000000c0000000, 0x00000000c2980000, 0x00000000eab00000)
  object space 42496K, 8% used [0x00000000c0000000,0x00000000c0393aa8,0x00000000c2980000)
 Metaspace       used 5928K, capacity 6832K, committed 7040K, reserved 1056768K
  class space    used 596K, capacity 616K, committed 640K, reserved 1048576K
}
Event: 1.751 GC heap before
{Heap before GC invocations=3 (full 0):
 PSYoungGen      total 34304K, used 34288K [0x00000000eab00000, 0x00000000ecf00000, 0x0000000100000000)
  eden space 31744K, 100% used [0x00000000eab00000,0x00000000eca00000,0x00000000eca00000)
  from space 2560K, 99% used [0x00000000ecc80000,0x00000000ecefc038,0x00000000ecf00000)
  to   space 2560K, 0% used [0x00000000eca00000,0x00000000eca00000,0x00000000ecc80000)
 ParOldGen       total 42496K, used 3662K [0x00000000c0000000, 0x00000000c2980000, 0x00000000eab00000)
  object space 42496K, 8% used [0x00000000c0000000,0x00000000c0393aa8,0x00000000c2980000)
 Metaspace       used 6097K, capacity 7024K, committed 7296K, reserved 1056768K
  class space    used 597K, capacity 616K, committed 640K, reserved 1048576K
Event: 1.780 GC heap after
Heap after GC invocations=3 (full 0):
 PSYoungGen      total 34304K, used 2544K [0x00000000eab00000, 0x00000000eee00000, 0x0000000100000000)
  eden space 31744K, 0% used [0x00000000eab00000,0x00000000eab00000,0x00000000eca00000)
  from space 2560K, 99% used [0x00000000eca00000,0x00000000ecc7c260,0x00000000ecc80000)
  to   space 2560K, 0% used [0x00000000eeb80000,0x00000000eeb80000,0x00000000eee00000)
 ParOldGen       total 42496K, used 8098K [0x00000000c0000000, 0x00000000c2980000, 0x00000000eab00000)
  object space 42496K, 19% used [0x00000000c0000000,0x00000000c07e89d8,0x00000000c2980000)
 Metaspace       used 6097K, capacity 7024K, committed 7296K, reserved 1056768K
  class space    used 597K, capacity 616K, committed 640K, reserved 1048576K
}
Event: 2.221 GC heap before
{Heap before GC invocations=4 (full 0):
 PSYoungGen      total 34304K, used 34288K [0x00000000eab00000, 0x00000000eee00000, 0x0000000100000000)
  eden space 31744K, 100% used [0x00000000eab00000,0x00000000eca00000,0x00000000eca00000)
  from space 2560K, 99% used [0x00000000eca00000,0x00000000ecc7c260,0x00000000ecc80000)
  to   space 2560K, 0% used [0x00000000eeb80000,0x00000000eeb80000,0x00000000eee00000)
 ParOldGen       total 42496K, used 8098K [0x00000000c0000000, 0x00000000c2980000, 0x00000000eab00000)
  object space 42496K, 19% used [0x00000000c0000000,0x00000000c07e89d8,0x00000000c2980000)
 Metaspace       used 6267K, capacity 7128K, committed 7424K, reserved 1056768K
  class space    used 618K, capacity 656K, committed 768K, reserved 1048576K
Event: 2.241 GC heap after
Heap after GC invocations=4 (full 0):
 PSYoungGen      total 66048K, used 2528K [0x00000000eab00000, 0x00000000eee00000, 0x0000000100000000)
  eden space 63488K, 0% used [0x00000000eab00000,0x00000000eab00000,0x00000000ee900000)
  from space 2560K, 98% used [0x00000000eeb80000,0x00000000eedf8270,0x00000000eee00000)
  to   space 2560K, 0% used [0x00000000ee900000,0x00000000ee900000,0x00000000eeb80000)
 ParOldGen       total 42496K, used 12585K [0x00000000c0000000, 0x00000000c2980000, 0x00000000eab00000)
  object space 42496K, 29% used [0x00000000c0000000,0x00000000c0c4a7c0,0x00000000c2980000)
 Metaspace       used 6267K, capacity 7128K, committed 7424K, reserved 1056768K
  class space    used 618K, capacity 656K, committed 768K, reserved 1048576K
}

Deoptimization events (10 events):
Event: 1.056 Thread 0x000000005674d800 Uncommon trap: reason=bimorphic action=maybe_recompile pc=0x0000000002a384e0 method=java.util.HashMap.getNode(ILjava/lang/Object;)Ljava/util/HashMap$Node; @ 126
Event: 1.056 Thread 0x000000005674d800 Uncommon trap: reason=bimorphic action=maybe_recompile pc=0x0000000002a384e0 method=java.util.HashMap.getNode(ILjava/lang/Object;)Ljava/util/HashMap$Node; @ 126
Event: 1.219 Thread 0x000000005674d800 Uncommon trap: reason=unstable_if action=reinterpret pc=0x0000000002acb088 method=com.android.dx.rop.code.RegisterSpec.equals(ILcom/android/dx/rop/type/TypeBearer;Lcom/android/dx/rop/code/LocalItem;)Z @ 42
Event: 1.230 Thread 0x000000005674d800 Uncommon trap: reason=null_check action=make_not_entrant pc=0x0000000002aae728 method=com.android.dx.ssa.SsaRenamer.getLocalForNewReg(I)Lcom/android/dx/rop/code/LocalItem; @ 19
Event: 1.421 Thread 0x00000000567a7800 Uncommon trap: reason=bimorphic action=maybe_recompile pc=0x0000000002a384e0 method=java.util.HashMap.getNode(ILjava/lang/Object;)Ljava/util/HashMap$Node; @ 126
Event: 1.509 Thread 0x00000000567a7800 Uncommon trap: reason=bimorphic action=maybe_recompile pc=0x0000000002a384e0 method=java.util.HashMap.getNode(ILjava/lang/Object;)Ljava/util/HashMap$Node; @ 126
Event: 1.784 Thread 0x0000000056747800 Uncommon trap: reason=unstable_if action=reinterpret pc=0x0000000002b631b4 method=java.util.HashMap.putVal(ILjava/lang/Object;Ljava/lang/Object;ZZ)Ljava/lang/Object; @ 162
Event: 1.819 Thread 0x0000000056747800 Uncommon trap: reason=unstable_if action=reinterpret pc=0x0000000002ca17c4 method=java.util.HashMap.getNode(ILjava/lang/Object;)Ljava/util/HashMap$Node; @ 84
Event: 1.845 Thread 0x000000005671d000 Uncommon trap: reason=unstable_if action=reinterpret pc=0x0000000002c9bd28 method=java.util.HashMap.putVal(ILjava/lang/Object;Ljava/lang/Object;ZZ)Ljava/lang/Object; @ 162
Event: 2.383 Thread 0x0000000056747800 Uncommon trap: reason=unstable_if action=reinterpret pc=0x0000000002d85d20 method=com.android.dx.cf.code.ByteCatchList.listFor(I)Lcom/android/dx/cf/code/ByteCatchList; @ 47

Internal exceptions (7 events):
Event: 0.072 Thread 0x000000000217e800 Exception <a 'java/lang/NoSuchMethodError': Method sun.misc.Unsafe.defineClass(Ljava/lang/String;[BII)Ljava/lang/Class; name or signature does not match> (0x00000000eab130d8) thrown at [D:\re\puppet\workspace\8-2-build-windows-amd64-cygwin\jdk8u73\6086\hotX!ZÔcü≤?
Event: 0.073 Thread 0x000000000217e800 Exception <a 'java/lang/NoSuchMethodError': Method sun.misc.Unsafe.prefetchRead(Ljava/lang/Object;J)V name or signature does not match> (0x00000000eab133c0) thrown at [D:\re\puppet\workspace\8-2-build-windows-amd64-cygwin\jdk8u73\6086\hotspot\src\share\vm\ÄÂm”F Ô?
Event: 0.993 Thread 0x000000005671d000 Implicit null exception at 0x0000000002ac1d5e to 0x0000000002ac35a9
Event: 1.230 Thread 0x000000005674d800 Implicit null exception at 0x0000000002aacf1e to 0x0000000002aae701
Event: 1.810 Thread 0x0000000056747800 Exception <a 'java/lang/ArrayIndexOutOfBoundsException': 18> (0x00000000eac08508) thrown at [D:\re\puppet\workspace\8-2-build-windows-amd64-cygwin\jdk8u73\6086\hotspot\src\share\vm\interpreter\interpreterRuntime.cpp, line 366]
Event: 1.810 Thread 0x0000000056747800 Exception <a 'java/lang/ArrayIndexOutOfBoundsException': 145> (0x00000000eac0a088) thrown at [D:\re\puppet\workspace\8-2-build-windows-amd64-cygwin\jdk8u73\6086\hotspot\src\share\vm\interpreter\interpreterRuntime.cpp, line 366]
Event: 1.818 Thread 0x0000000056747800 Exception <a 'java/lang/ArrayIndexOutOfBoundsException'> (0x00000000eac0b370) thrown at [D:\re\puppet\workspace\8-2-build-windows-amd64-cygwin\jdk8u73\6086\hotspot\src\share\vm\runtime\sharedRuntime.cpp, line 605]

Events (10 events):
Event: 2.611 Thread 0x00000000567a7800 DEOPT PACKING pc=0x0000000002cb529c sp=0x000000005754e850
Event: 2.611 Thread 0x00000000567a7800 DEOPT UNPACKING pc=0x000000000281787f sp=0x000000005754e5a8 mode 0
Event: 2.994 Thread 0x00000000567a7800 DEOPT PACKING pc=0x0000000002c9846b sp=0x000000005754e9b0
Event: 2.994 Thread 0x00000000567a7800 DEOPT UNPACKING pc=0x000000000281787f sp=0x000000005754e700 mode 0
Event: 3.000 Thread 0x00000000567a7800 DEOPT PACKING pc=0x0000000002ca0a0a sp=0x000000005754e750
Event: 3.000 Thread 0x00000000567a7800 DEOPT UNPACKING pc=0x000000000281787f sp=0x000000005754e518 mode 0
Event: 3.472 Thread 0x00000000567a7800 DEOPT PACKING pc=0x0000000002c964dd sp=0x000000005754e700
Event: 3.472 Thread 0x00000000567a7800 DEOPT UNPACKING pc=0x000000000281787f sp=0x000000005754e460 mode 0
Event: 4.249 Executing VM operation: EnableBiasedLocking
Event: 4.249 Executing VM operation: EnableBiasedLocking done


Dynamic libraries:
0x000000013f4c0000 - 0x000000013f4f7000 	C:\Program Files\Java\jdk1.8.0_73\bin\java.exe
0x0000000077b10000 - 0x0000000077cba000 	C:\Windows\SYSTEM32\ntdll.dll
0x00000000779f0000 - 0x0000000077b0f000 	C:\Windows\system32\kernel32.dll
0x000007fefdb40000 - 0x000007fefdbaa000 	C:\Windows\system32\KERNELBASE.dll
0x0000000075540000 - 0x00000000755c7000 	C:\Windows\System32\SYSFER.DLL
0x000007fefe560000 - 0x000007fefe63b000 	C:\Windows\system32\ADVAPI32.dll
0x000007fefe1a0000 - 0x000007fefe23f000 	C:\Windows\system32\msvcrt.dll
0x000007fefe180000 - 0x000007fefe19f000 	C:\Windows\SYSTEM32\sechost.dll
0x000007fefeb60000 - 0x000007fefec8d000 	C:\Windows\system32\RPCRT4.dll
0x00000000778f0000 - 0x00000000779ea000 	C:\Windows\system32\USER32.dll
0x000007fefe440000 - 0x000007fefe4a7000 	C:\Windows\system32\GDI32.dll
0x000007fefded0000 - 0x000007fefdede000 	C:\Windows\system32\LPK.dll
0x000007fefdee0000 - 0x000007fefdfaa000 	C:\Windows\system32\USP10.dll
0x000007fefc7e0000 - 0x000007fefc9d4000 	C:\Windows\WinSxS\amd64_microsoft.windows.common-controls_6595b64144ccf1df_6.0.7601.18837_none_fa3b1e3d17594757\COMCTL32.dll
0x000007feff010000 - 0x000007feff081000 	C:\Windows\system32\SHLWAPI.dll
0x000007fefe4b0000 - 0x000007fefe4de000 	C:\Windows\system32\IMM32.DLL
0x000007fefe070000 - 0x000007fefe179000 	C:\Windows\system32\MSCTF.dll
0x00000000593b0000 - 0x0000000059482000 	C:\Program Files\Java\jdk1.8.0_73\jre\bin\msvcr100.dll
0x000000005c5c0000 - 0x000000005ce50000 	C:\Program Files\Java\jdk1.8.0_73\jre\bin\server\jvm.dll
0x000007feeca20000 - 0x000007feeca29000 	C:\Windows\system32\WSOCK32.dll
0x000007fefe640000 - 0x000007fefe68d000 	C:\Windows\system32\WS2_32.dll
0x000007fefe430000 - 0x000007fefe438000 	C:\Windows\system32\NSI.dll
0x000007fefc4a0000 - 0x000007fefc4db000 	C:\Windows\system32\WINMM.dll
0x000007fefcbc0000 - 0x000007fefcbcc000 	C:\Windows\system32\VERSION.dll
0x0000000077cd0000 - 0x0000000077cd7000 	C:\Windows\system32\PSAPI.DLL
0x00000000617e0000 - 0x00000000617ef000 	C:\Program Files\Java\jdk1.8.0_73\jre\bin\verify.dll
0x00000000605c0000 - 0x00000000605e9000 	C:\Program Files\Java\jdk1.8.0_73\jre\bin\java.dll
0x00000000605a0000 - 0x00000000605b6000 	C:\Program Files\Java\jdk1.8.0_73\jre\bin\zip.dll
0x000007feff090000 - 0x000007feffe1a000 	C:\Windows\system32\SHELL32.dll
0x000007fefe950000 - 0x000007fefeb53000 	C:\Windows\system32\ole32.dll
0x000007fefd850000 - 0x000007fefd85f000 	C:\Windows\system32\profapi.dll

VM Arguments:
jvm_args: -Djava.awt.headless=true -Xmx1024M -Dfile.encoding=windows-1251 -Duser.country=RU -Duser.language=ru -Duser.variant 
java_command: com.android.dx.command.Main --dex --force-jumbo --num-threads=4 --output C:\asp\NGS_vacancy\app\build\intermediates\pre-dexed\debug\okhttp-3.3.0_5cbcb67160bc879b5b35a7a0c40f7b9748595ab1.jar C:\Users\avtseben\.gradle\caches\modules-2\files-2.1\com.squareup.okhttp3\okhttp\3.3.0\2b802460eea20f8f2ad9c08c74e0f14718e88aa9\okhttp-3.3.0.jar
java_class_path (initial): C:\Users\avtseben\AppData\Local\Android\Sdk\build-tools\23.0.3\lib\dx.jar
Launcher Type: SUN_STANDARD

Environment Variables:
PATH=C:\Program Files\Broadcom\Broadcom 802.11;c:\Program Files (x86)\Intel\iCLS Client\;c:\Program Files\Intel\iCLS Client\;C:\ProgramData\Oracle\Java\javapath;C:\Windows\system32;C:\Windows;C:\Windows\System32\Wbem;C:\Windows\System32\WindowsPowerShell\v1.0\;C:\Program Files\Intel\Intel(R) Management Engine Components\DAL;C:\Program Files\Intel\Intel(R) Management Engine Components\IPT;C:\Program Files (x86)\Intel\Intel(R) Management Engine Components\DAL;C:\Program Files (x86)\Intel\Intel(R) Management Engine Components\IPT;c:\Program Files\WIDCOMM\Bluetooth Software\;c:\Program Files\WIDCOMM\Bluetooth Software\syswow64;C:\Program Files (x86)\Hewlett-Packard\HP ProtectTools Security Manager\Bin\;C:\Program Files (x86)\Skype\Phone\;C:\Program Files\OpenVPN\bin;C:\androidSDK\platform-tools\;C:\Program Files\Broadcom\Broadcom 802.11;c:\Program Files (x86)\Intel\iCLS Client\;c:\Program Files\Intel\iCLS Client\;C:\ProgramData\Oracle\Java\javapath;C:\Windows\system32;C:\Windows;C:\Windows\System32\Wbem;C:\Windows\System32\WindowsPowerShell\v1.0\;C:\Program Files\Intel\Intel(R) Management Engine Components\DAL;C:\Program Files\Intel\Intel(R) Management Engine Components\IPT;C:\Program Files (x86)\Intel\Intel(R) Management Engine Components\DAL;C:\Program Files (x86)\Intel\Intel(R) Management Engine Components\IPT;c:\Program Files\WIDCOMM\Bluetooth Software\;c:\Program Files\WIDCOMM\Bluetooth Software\syswow64;C:\Program Files (x86)\Hewlett-Packard\HP ProtectTools Security Manager\Bin\;C:\Program Files (x86)\Brackets\command;C:\Program Files (x86)\Skype\Phone\;C:\Program Files (x86)\ufs2tools-0.8\ufs2tools\;C:\Program Files\Git\bin\;C:\androidSDK\platform-tools;C:\gradle\bin
USERNAME=avtseben
OS=Windows_NT
PROCESSOR_IDENTIFIER=Intel64 Family 6 Model 58 Stepping 9, GenuineIntel



---------------  S Y S T E M  ---------------

OS: Windows 7 , 64 bit Build 7601 (6.1.7601.23572)

CPU:total 4 (2 cores per cpu, 2 threads per core) family 6 model 58 stepping 9, cmov, cx8, fxsr, mmx, sse, sse2, sse3, ssse3, sse4.1, sse4.2, popcnt, avx, aes, clmul, erms, ht, tsc, tscinvbit, tscinv

Memory: 4k page, physical 4056748k(172268k free), swap 4727752k(5028k free)

vm_info: Java HotSpot(TM) 64-Bit Server VM (25.73-b02) for windows-amd64 JRE (1.8.0_73-b02), built on Jan 29 2016 17:38:49 by "java_re" with MS VC++ 10.0 (VS2010)

time: Tue Dec 20 23:10:20 2016
elapsed time: 4 seconds (0d 0h 0m 4s)

