#
# There is insufficient memory for the Java Runtime Environment to continue.
# Native memory allocation (malloc) failed to allocate 630736 bytes for Chunk::new
# Possible reasons:
#   The system is out of physical RAM or swap space
#   In 32 bit mode, the process size limit was hit
# Possible solutions:
#   Reduce memory load on the system
#   Increase physical memory or swap space
#   Check if swap backing store is full
#   Use 64 bit Java on a 64 bit OS
#   Decrease Java heap size (-Xmx/-Xms)
#   Decrease number of Java threads
#   Decrease Java thread stack sizes (-Xss)
#   Set larger code cache with -XX:ReservedCodeCacheSize=
# This output file may be truncated or incomplete.
#
#  Out of Memory Error (allocation.cpp:390), pid=8160, tid=7680
#
# JRE version: Java(TM) SE Runtime Environment (8.0_73-b02) (build 1.8.0_73-b02)
# Java VM: Java HotSpot(TM) 64-Bit Server VM (25.73-b02 mixed mode windows-amd64 compressed oops)
# Failed to write core dump. Minidumps are not enabled by default on client versions of Windows
#

---------------  T H R E A D  ---------------

Current thread (0x0000000056693800):  JavaThread "C2 CompilerThread0" daemon [_thread_in_native, id=7680, stack(0x0000000056d30000,0x0000000056e30000)]

Stack: [0x0000000056d30000,0x0000000056e30000]
[error occurred during error reporting (printing stack bounds), id 0xc0000005]

Native frames: (J=compiled Java code, j=interpreted, Vv=VM code, C=native code)


Current CompileTask:
C2:   2665 1062   !   4       com.android.dx.cf.code.BytecodeArray::parseInstruction (2764 bytes)


---------------  P R O C E S S  ---------------

Java Threads: ( => current thread )
  0x0000000056933800 JavaThread "pool-1-thread-4" [_thread_blocked, id=7956, stack(0x0000000057b40000,0x0000000057c40000)]
  0x00000000568e6000 JavaThread "pool-1-thread-3" [_thread_in_Java, id=7692, stack(0x0000000057960000,0x0000000057a60000)]
  0x00000000568e1000 JavaThread "pool-1-thread-2" [_thread_blocked, id=7568, stack(0x00000000577d0000,0x00000000578d0000)]
  0x00000000567de800 JavaThread "pool-2-thread-1" [_thread_blocked, id=7992, stack(0x0000000057360000,0x0000000057460000)]
  0x00000000567dd800 JavaThread "pool-1-thread-1" [_thread_blocked, id=2744, stack(0x00000000575b0000,0x00000000576b0000)]
  0x00000000566f9800 JavaThread "Service Thread" daemon [_thread_blocked, id=7852, stack(0x0000000057260000,0x0000000057360000)]
  0x0000000056697800 JavaThread "C1 CompilerThread2" daemon [_thread_blocked, id=6052, stack(0x0000000057050000,0x0000000057150000)]
  0x0000000056696800 JavaThread "C2 CompilerThread1" daemon [_thread_in_native, id=6024, stack(0x0000000056e60000,0x0000000056f60000)]
=>0x0000000056693800 JavaThread "C2 CompilerThread0" daemon [_thread_in_native, id=7680, stack(0x0000000056d30000,0x0000000056e30000)]
  0x0000000056690800 JavaThread "Attach Listener" daemon [_thread_blocked, id=7720, stack(0x0000000056b80000,0x0000000056c80000)]
  0x0000000055252000 JavaThread "Signal Dispatcher" daemon [_thread_blocked, id=7716, stack(0x0000000056310000,0x0000000056410000)]
  0x00000000551f7800 JavaThread "Finalizer" daemon [_thread_blocked, id=7312, stack(0x0000000056590000,0x0000000056690000)]
  0x00000000551f0800 JavaThread "Reference Handler" daemon [_thread_blocked, id=7340, stack(0x0000000056410000,0x0000000056510000)]
  0x000000000066e800 JavaThread "main" [_thread_blocked, id=4892, stack(0x0000000002320000,0x0000000002420000)]

Other Threads:
  0x00000000551eb000 VMThread [stack: 0x0000000056130000,0x0000000056230000] [id=1176]
  0x000000005670d000 WatcherThread [stack: 0x0000000057490000,0x0000000057590000] [id=7724]

VM state:synchronizing (normal execution)

VM Mutex/Monitor currently owned by a thread:  ([mutex/lock_event])
[0x000000000066cc80] Safepoint_lock - owner thread: 0x00000000551eb000
[0x000000000066cd00] Threads_lock - owner thread: 0x00000000551eb000

Heap:
 PSYoungGen      total 18432K, used 10923K [0x00000000eab00000, 0x00000000ecf00000, 0x0000000100000000)
  eden space 15872K, 52% used [0x00000000eab00000,0x00000000eb32afd0,0x00000000eba80000)
  from space 2560K, 99% used [0x00000000eba80000,0x00000000ebcffcc0,0x00000000ebd00000)
  to   space 2560K, 0% used [0x00000000ecc80000,0x00000000ecc80000,0x00000000ecf00000)
 ParOldGen       total 42496K, used 1788K [0x00000000c0000000, 0x00000000c2980000, 0x00000000eab00000)
  object space 42496K, 4% used [0x00000000c0000000,0x00000000c01bf2a0,0x00000000c2980000)
 Metaspace       used 5654K, capacity 6832K, committed 7040K, reserved 1056768K
  class space    used 574K, capacity 616K, committed 640K, reserved 1048576K

Card table byte_map: [0x0000000011ab0000,0x0000000011cc0000] byte_map_base: 0x00000000114b0000

Marking Bits: (ParMarkBitMap*) 0x000000005cdd0600
 Begin Bits: [0x0000000012660000, 0x0000000013660000)
 End Bits:   [0x0000000013660000, 0x0000000014660000)

Polling page: 0x00000000001c0000

CodeCache: size=245760Kb used=4273Kb max_used=4273Kb free=241486Kb
 bounds [0x00000000026f0000, 0x0000000002b20000, 0x00000000116f0000]
 total_blobs=1327 nmethods=1066 adapters=174
 compilation: enabled

Compilation events (10 events):
Event: 2.546 Thread 0x0000000056697800 nmethod 1066 0x0000000002b18ed0 code [0x0000000002b19020, 0x0000000002b19130]
Event: 2.549 Thread 0x0000000056697800 1067   !   3       com.android.dx.rop.type.Prototype::intern (233 bytes)
Event: 2.552 Thread 0x0000000056697800 nmethod 1067 0x0000000002b19190 code [0x0000000002b19560, 0x0000000002b1b4d8]
Event: 2.553 Thread 0x0000000056697800 1068       3       com.android.dx.rop.cst.CstBaseMethodRef::getPrototype (41 bytes)
Event: 2.554 Thread 0x0000000056697800 nmethod 1068 0x0000000002b1c9d0 code [0x0000000002b1cb40, 0x0000000002b1cf28]
Event: 2.557 Thread 0x0000000056697800 1070       3       com.android.dx.rop.cst.TypedConstant::getBasicType (8 bytes)
Event: 2.557 Thread 0x0000000056697800 nmethod 1070 0x0000000002b1d010 code [0x0000000002b1d180, 0x0000000002b1d428]
Event: 2.558 Thread 0x0000000056697800 1071       3       com.android.dx.ssa.PhiInsn::predBlocksForReg (73 bytes)
Event: 2.559 Thread 0x0000000056697800 nmethod 1071 0x0000000002b1d4d0 code [0x0000000002b1d740, 0x0000000002b1e778]
Event: 2.560 Thread 0x0000000056697800 1072       3       com.android.dx.ssa.back.FirstFitLocalCombiningAllocator::tryMapReg (41 bytes)

GC Heap History (2 events):
Event: 1.414 GC heap before
{Heap before GC invocations=1 (full 0):
 PSYoungGen      total 18432K, used 15872K [0x00000000eab00000, 0x00000000ebf80000, 0x0000000100000000)
  eden space 15872K, 100% used [0x00000000eab00000,0x00000000eba80000,0x00000000eba80000)
  from space 2560K, 0% used [0x00000000ebd00000,0x00000000ebd00000,0x00000000ebf80000)
  to   space 2560K, 0% used [0x00000000eba80000,0x00000000eba80000,0x00000000ebd00000)
 ParOldGen       total 42496K, used 0K [0x00000000c0000000, 0x00000000c2980000, 0x00000000eab00000)
  object space 42496K, 0% used [0x00000000c0000000,0x00000000c0000000,0x00000000c2980000)
 Metaspace       used 5550K, capacity 6704K, committed 6784K, reserved 1056768K
  class space    used 574K, capacity 616K, committed 640K, reserved 1048576K
Event: 1.650 GC heap after
Heap after GC invocations=1 (full 0):
 PSYoungGen      total 18432K, used 2559K [0x00000000eab00000, 0x00000000ecf00000, 0x0000000100000000)
  eden space 15872K, 0% used [0x00000000eab00000,0x00000000eab00000,0x00000000eba80000)
  from space 2560K, 99% used [0x00000000eba80000,0x00000000ebcffcc0,0x00000000ebd00000)
  to   space 2560K, 0% used [0x00000000ecc80000,0x00000000ecc80000,0x00000000ecf00000)
 ParOldGen       total 42496K, used 1788K [0x00000000c0000000, 0x00000000c2980000, 0x00000000eab00000)
  object space 42496K, 4% used [0x00000000c0000000,0x00000000c01bf2a0,0x00000000c2980000)
 Metaspace       used 5550K, capacity 6704K, committed 6784K, reserved 1056768K
  class space    used 574K, capacity 616K, committed 640K, reserved 1048576K
}

Deoptimization events (10 events):
Event: 0.747 Thread 0x00000000568e6000 Uncommon trap: reason=class_check action=maybe_recompile pc=0x0000000002894e00 method=com.android.dx.rop.cst.CstMemberRef.compareTo0(Lcom/android/dx/rop/cst/Constant;)I @ 1
Event: 0.748 Thread 0x000000000066e800 Uncommon trap: reason=class_check action=maybe_recompile pc=0x0000000002894e00 method=com.android.dx.rop.cst.CstMemberRef.compareTo0(Lcom/android/dx/rop/cst/Constant;)I @ 1
Event: 0.760 Thread 0x000000000066e800 Uncommon trap: reason=unstable_if action=reinterpret pc=0x0000000002914628 method=java.util.HashMap.getNode(ILjava/lang/Object;)Ljava/util/HashMap$Node; @ 62
Event: 0.791 Thread 0x00000000568e6000 Uncommon trap: reason=unstable_if action=reinterpret pc=0x000000000290ef34 method=com.android.dx.rop.cst.CstFieldRef.compareTo0(Lcom/android/dx/rop/cst/Constant;)I @ 7
Event: 0.822 Thread 0x00000000567dd800 Uncommon trap: reason=unstable_if action=reinterpret pc=0x000000000288e544 method=com.android.dx.rop.cst.CstFieldRef.compareTo0(Lcom/android/dx/rop/cst/Constant;)I @ 7
Event: 2.187 Thread 0x000000000066e800 Uncommon trap: reason=unstable_if action=reinterpret pc=0x00000000029fe388 method=java.util.HashMap.getNode(ILjava/lang/Object;)Ljava/util/HashMap$Node; @ 129
Event: 2.187 Thread 0x000000000066e800 Uncommon trap: reason=unstable_if action=reinterpret pc=0x00000000029d0a78 method=java.util.HashMap.getNode(ILjava/lang/Object;)Ljava/util/HashMap$Node; @ 129
Event: 2.188 Thread 0x000000000066e800 Uncommon trap: reason=unstable_if action=reinterpret pc=0x0000000002994dd4 method=java.util.HashMap.getNode(ILjava/lang/Object;)Ljava/util/HashMap$Node; @ 129
Event: 2.192 Thread 0x000000000066e800 Uncommon trap: reason=unstable_if action=reinterpret pc=0x00000000029782a0 method=java.util.BitSet.ensureCapacity(I)V @ 6
Event: 2.212 Thread 0x000000000066e800 Uncommon trap: reason=unstable_if action=reinterpret pc=0x00000000028fccf0 method=java.lang.String.replace(CC)Ljava/lang/String; @ 26

Internal exceptions (2 events):
Event: 0.097 Thread 0x000000000066e800 Exception <a 'java/lang/NoSuchMethodError': Method sun.misc.Unsafe.defineClass(Ljava/lang/String;[BII)Ljava/lang/Class; name or signature does not match> (0x00000000eab130d8) thrown at [D:\re\puppet\workspace\8-2-build-windows-amd64-cygwin\jdk8u73\6086\hot•6Ss¾¸?
Event: 0.097 Thread 0x000000000066e800 Exception <a 'java/lang/NoSuchMethodError': Method sun.misc.Unsafe.prefetchRead(Ljava/lang/Object;J)V name or signature does not match> (0x00000000eab133c0) thrown at [D:\re\puppet\workspace\8-2-build-windows-amd64-cygwin\jdk8u73\6086\hotspot\src\share\vm\

Events (10 events):
Event: 2.188 Thread 0x000000000066e800 DEOPT PACKING pc=0x0000000002994dd4 sp=0x000000000241dcb0
Event: 2.188 Thread 0x000000000066e800 DEOPT UNPACKING pc=0x000000000273582a sp=0x000000000241dc50 mode 2
Event: 2.192 Thread 0x000000000066e800 Uncommon trap: trap_request=0xffffff65 fr.pc=0x00000000029782a0
Event: 2.192 Thread 0x000000000066e800 DEOPT PACKING pc=0x00000000029782a0 sp=0x000000000241df10
Event: 2.192 Thread 0x000000000066e800 DEOPT UNPACKING pc=0x000000000273582a sp=0x000000000241de50 mode 2
Event: 2.212 Thread 0x000000000066e800 Uncommon trap: trap_request=0xffffff65 fr.pc=0x00000000028fccf0
Event: 2.212 Thread 0x000000000066e800 DEOPT PACKING pc=0x00000000028fccf0 sp=0x000000000241e9f0
Event: 2.212 Thread 0x000000000066e800 DEOPT UNPACKING pc=0x000000000273582a sp=0x000000000241e978 mode 2
Event: 2.554 Thread 0x00000000567dd800 DEOPT PACKING pc=0x000000000295c81a sp=0x00000000576aeb00
Event: 2.554 Thread 0x00000000567dd800 DEOPT UNPACKING pc=0x000000000273787f sp=0x00000000576ae868 mode 0


Dynamic libraries:
0x000000013f4c0000 - 0x000000013f4f7000 	C:\Program Files\Java\jdk1.8.0_73\bin\java.exe
0x0000000077b10000 - 0x0000000077cba000 	C:\Windows\SYSTEM32\ntdll.dll
0x00000000779f0000 - 0x0000000077b0f000 	C:\Windows\system32\kernel32.dll
0x000007fefdb40000 - 0x000007fefdbaa000 	C:\Windows\system32\KERNELBASE.dll
0x0000000075540000 - 0x00000000755c7000 	C:\Windows\System32\SYSFER.DLL
0x000007fefe560000 - 0x000007fefe63b000 	C:\Windows\system32\ADVAPI32.dll
0x000007fefe1a0000 - 0x000007fefe23f000 	C:\Windows\system32\msvcrt.dll
0x000007fefe180000 - 0x000007fefe19f000 	C:\Windows\SYSTEM32\sechost.dll
0x000007fefeb60000 - 0x000007fefec8d000 	C:\Windows\system32\RPCRT4.dll
0x00000000778f0000 - 0x00000000779ea000 	C:\Windows\system32\USER32.dll
0x000007fefe440000 - 0x000007fefe4a7000 	C:\Windows\system32\GDI32.dll
0x000007fefded0000 - 0x000007fefdede000 	C:\Windows\system32\LPK.dll
0x000007fefdee0000 - 0x000007fefdfaa000 	C:\Windows\system32\USP10.dll
0x000007fefc7e0000 - 0x000007fefc9d4000 	C:\Windows\WinSxS\amd64_microsoft.windows.common-controls_6595b64144ccf1df_6.0.7601.18837_none_fa3b1e3d17594757\COMCTL32.dll
0x000007feff010000 - 0x000007feff081000 	C:\Windows\system32\SHLWAPI.dll
0x000007fefe4b0000 - 0x000007fefe4de000 	C:\Windows\system32\IMM32.DLL
0x000007fefe070000 - 0x000007fefe179000 	C:\Windows\system32\MSCTF.dll
0x00000000593b0000 - 0x0000000059482000 	C:\Program Files\Java\jdk1.8.0_73\jre\bin\msvcr100.dll
0x000000005c5c0000 - 0x000000005ce50000 	C:\Program Files\Java\jdk1.8.0_73\jre\bin\server\jvm.dll
0x000007feeca20000 - 0x000007feeca29000 	C:\Windows\system32\WSOCK32.dll
0x000007fefe640000 - 0x000007fefe68d000 	C:\Windows\system32\WS2_32.dll
0x000007fefe430000 - 0x000007fefe438000 	C:\Windows\system32\NSI.dll
0x000007fefc4a0000 - 0x000007fefc4db000 	C:\Windows\system32\WINMM.dll
0x000007fefcbc0000 - 0x000007fefcbcc000 	C:\Windows\system32\VERSION.dll
0x0000000077cd0000 - 0x0000000077cd7000 	C:\Windows\system32\PSAPI.DLL
0x00000000617e0000 - 0x00000000617ef000 	C:\Program Files\Java\jdk1.8.0_73\jre\bin\verify.dll
0x00000000605c0000 - 0x00000000605e9000 	C:\Program Files\Java\jdk1.8.0_73\jre\bin\java.dll
0x00000000605a0000 - 0x00000000605b6000 	C:\Program Files\Java\jdk1.8.0_73\jre\bin\zip.dll
0x000007feff090000 - 0x000007feffe1a000 	C:\Windows\system32\SHELL32.dll
0x000007fefe950000 - 0x000007fefeb53000 	C:\Windows\system32\ole32.dll
0x000007fefd850000 - 0x000007fefd85f000 	C:\Windows\system32\profapi.dll

VM Arguments:
jvm_args: -Djava.awt.headless=true -Xmx1024M -Dfile.encoding=windows-1251 -Duser.country=RU -Duser.language=ru -Duser.variant 
java_command: com.android.dx.command.Main --dex --force-jumbo --num-threads=4 --output C:\asp\NGS_vacancy\app\build\intermediates\pre-dexed\debug\main_d206af63d602fe98b9629c814052d8e96cb1becb.jar C:\asp\NGS_vacancy\app\build\intermediates\transforms\instantRun\debug\folders\1\5\main
java_class_path (initial): C:\Users\avtseben\AppData\Local\Android\Sdk\build-tools\23.0.3\lib\dx.jar
Launcher Type: SUN_STANDARD

Environment Variables:
PATH=C:\Program Files\Broadcom\Broadcom 802.11;c:\Program Files (x86)\Intel\iCLS Client\;c:\Program Files\Intel\iCLS Client\;C:\ProgramData\Oracle\Java\javapath;C:\Windows\system32;C:\Windows;C:\Windows\System32\Wbem;C:\Windows\System32\WindowsPowerShell\v1.0\;C:\Program Files\Intel\Intel(R) Management Engine Components\DAL;C:\Program Files\Intel\Intel(R) Management Engine Components\IPT;C:\Program Files (x86)\Intel\Intel(R) Management Engine Components\DAL;C:\Program Files (x86)\Intel\Intel(R) Management Engine Components\IPT;c:\Program Files\WIDCOMM\Bluetooth Software\;c:\Program Files\WIDCOMM\Bluetooth Software\syswow64;C:\Program Files (x86)\Hewlett-Packard\HP ProtectTools Security Manager\Bin\;C:\Program Files (x86)\Skype\Phone\;C:\Program Files\OpenVPN\bin;C:\androidSDK\platform-tools\;C:\Program Files\Broadcom\Broadcom 802.11;c:\Program Files (x86)\Intel\iCLS Client\;c:\Program Files\Intel\iCLS Client\;C:\ProgramData\Oracle\Java\javapath;C:\Windows\system32;C:\Windows;C:\Windows\System32\Wbem;C:\Windows\System32\WindowsPowerShell\v1.0\;C:\Program Files\Intel\Intel(R) Management Engine Components\DAL;C:\Program Files\Intel\Intel(R) Management Engine Components\IPT;C:\Program Files (x86)\Intel\Intel(R) Management Engine Components\DAL;C:\Program Files (x86)\Intel\Intel(R) Management Engine Components\IPT;c:\Program Files\WIDCOMM\Bluetooth Software\;c:\Program Files\WIDCOMM\Bluetooth Software\syswow64;C:\Program Files (x86)\Hewlett-Packard\HP ProtectTools Security Manager\Bin\;C:\Program Files (x86)\Brackets\command;C:\Program Files (x86)\Skype\Phone\;C:\Program Files (x86)\ufs2tools-0.8\ufs2tools\;C:\Program Files\Git\bin\;C:\androidSDK\platform-tools;C:\gradle\bin
USERNAME=avtseben
OS=Windows_NT
PROCESSOR_IDENTIFIER=Intel64 Family 6 Model 58 Stepping 9, GenuineIntel



---------------  S Y S T E M  ---------------

OS: Windows 7 , 64 bit Build 7601 (6.1.7601.23572)

CPU:total 4 (2 cores per cpu, 2 threads per core) family 6 model 58 stepping 9, cmov, cx8, fxsr, mmx, sse, sse2, sse3, ssse3, sse4.1, sse4.2, popcnt, avx, aes, clmul, erms, ht, tsc, tscinvbit, tscinv

Memory: 4k page, physical 4056748k(143180k free), swap 4727752k(5276k free)

vm_info: Java HotSpot(TM) 64-Bit Server VM (25.73-b02) for windows-amd64 JRE (1.8.0_73-b02), built on Jan 29 2016 17:38:49 by "java_re" with MS VC++ 10.0 (VS2010)

time: Tue Dec 20 23:10:36 2016
elapsed time: 2 seconds (0d 0h 0m 2s)

