#
# There is insufficient memory for the Java Runtime Environment to continue.
# Native memory allocation (malloc) failed to allocate 566016 bytes for Chunk::new
# Possible reasons:
#   The system is out of physical RAM or swap space
#   In 32 bit mode, the process size limit was hit
# Possible solutions:
#   Reduce memory load on the system
#   Increase physical memory or swap space
#   Check if swap backing store is full
#   Use 64 bit Java on a 64 bit OS
#   Decrease Java heap size (-Xmx/-Xms)
#   Decrease number of Java threads
#   Decrease Java thread stack sizes (-Xss)
#   Set larger code cache with -XX:ReservedCodeCacheSize=
# This output file may be truncated or incomplete.
#
#  Out of Memory Error (allocation.cpp:390), pid=4292, tid=7384
#
# JRE version: Java(TM) SE Runtime Environment (8.0_73-b02) (build 1.8.0_73-b02)
# Java VM: Java HotSpot(TM) 64-Bit Server VM (25.73-b02 mixed mode windows-amd64 compressed oops)
# Failed to write core dump. Minidumps are not enabled by default on client versions of Windows
#

---------------  T H R E A D  ---------------

Current thread (0x00000000563b7800):  JavaThread "C2 CompilerThread1" daemon [_thread_in_native, id=7384, stack(0x0000000056b90000,0x0000000056c90000)]

Stack: [0x0000000056b90000,0x0000000056c90000]
[error occurred during error reporting (printing stack bounds), id 0xc0000005]

Native frames: (J=compiled Java code, j=interpreted, Vv=VM code, C=native code)


Current CompileTask:
C2:   2704  581       4       com.android.dx.ssa.NormalSsaInsn::accept (25 bytes)


---------------  P R O C E S S  ---------------

Java Threads: ( => current thread )
  0x0000000056695800 JavaThread "pool-1-thread-4" [_thread_blocked, id=7328, stack(0x0000000056fe0000,0x00000000570e0000)]
  0x000000005668e000 JavaThread "pool-1-thread-3" [_thread_in_Java, id=2528, stack(0x0000000056d90000,0x0000000056e90000)]
  0x000000005668d800 JavaThread "pool-1-thread-2" [_thread_in_Java, id=7260, stack(0x0000000057510000,0x0000000057610000)]
  0x000000005651a000 JavaThread "pool-2-thread-1" [_thread_blocked, id=7256, stack(0x00000000573d0000,0x00000000574d0000)]
  0x00000000564ef000 JavaThread "pool-1-thread-1" [_thread_in_Java, id=7232, stack(0x00000000572a0000,0x00000000573a0000)]
  0x0000000056414800 JavaThread "Service Thread" daemon [_thread_blocked, id=1404, stack(0x0000000056eb0000,0x0000000056fb0000)]
  0x0000000056411800 JavaThread "C1 CompilerThread2" daemon [_thread_blocked, id=7308, stack(0x0000000056c90000,0x0000000056d90000)]
=>0x00000000563b7800 JavaThread "C2 CompilerThread1" daemon [_thread_in_native, id=7384, stack(0x0000000056b90000,0x0000000056c90000)]
  0x00000000563b5000 JavaThread "C2 CompilerThread0" daemon [_thread_blocked, id=6096, stack(0x00000000569f0000,0x0000000056af0000)]
  0x00000000563b1800 JavaThread "Attach Listener" daemon [_thread_blocked, id=6808, stack(0x0000000056890000,0x0000000056990000)]
  0x0000000055031800 JavaThread "Signal Dispatcher" daemon [_thread_blocked, id=7236, stack(0x0000000056110000,0x0000000056210000)]
  0x0000000054fd7800 JavaThread "Finalizer" daemon [_thread_blocked, id=7252, stack(0x00000000562b0000,0x00000000563b0000)]
  0x0000000054fd0800 JavaThread "Reference Handler" daemon [_thread_blocked, id=7176, stack(0x0000000055fe0000,0x00000000560e0000)]
  0x00000000020ae800 JavaThread "main" [_thread_blocked, id=6692, stack(0x0000000002230000,0x0000000002330000)]

Other Threads:
  0x0000000054fcb000 VMThread [stack: 0x0000000055e20000,0x0000000055f20000] [id=4580]
  0x000000005641c000 WatcherThread [stack: 0x0000000057100000,0x0000000057200000] [id=6340]

VM state:not at safepoint (normal execution)

VM Mutex/Monitor currently owned by a thread: None

Heap:
 PSYoungGen      total 18432K, used 5609K [0x00000000eab00000, 0x00000000ebf80000, 0x0000000100000000)
  eden space 15872K, 35% used [0x00000000eab00000,0x00000000eb07a480,0x00000000eba80000)
  from space 2560K, 0% used [0x00000000eba80000,0x00000000eba80000,0x00000000ebd00000)
  to   space 2560K, 0% used [0x00000000ebd00000,0x00000000ebd00000,0x00000000ebf80000)
 ParOldGen       total 32256K, used 2289K [0x00000000c0000000, 0x00000000c1f80000, 0x00000000eab00000)
  object space 32256K, 7% used [0x00000000c0000000,0x00000000c023c728,0x00000000c1f80000)
 Metaspace       used 5502K, capacity 6640K, committed 6784K, reserved 1058816K
  class space    used 583K, capacity 616K, committed 640K, reserved 1048576K

Card table byte_map: [0x00000000119c0000,0x0000000011bd0000] byte_map_base: 0x00000000113c0000

Marking Bits: (ParMarkBitMap*) 0x000000005cdd0600
 Begin Bits: [0x0000000012440000, 0x0000000013440000)
 End Bits:   [0x0000000013440000, 0x0000000014440000)

Polling page: 0x0000000000440000

CodeCache: size=245760Kb used=2394Kb max_used=2394Kb free=243365Kb
 bounds [0x0000000002600000, 0x0000000002870000, 0x0000000011600000]
 total_blobs=868 nmethods=605 adapters=176
 compilation: enabled

Compilation events (10 events):
Event: 2.697 Thread 0x0000000056411800  609       1       com.android.dx.rop.cst.TypedConstant::isConstant (2 bytes)
Event: 2.697 Thread 0x0000000056411800 nmethod 609 0x0000000002857350 code [0x00000000028574a0, 0x00000000028575b0]
Event: 2.697 Thread 0x0000000056411800  578       1       com.android.dx.ssa.SsaMethod::getEntryBlockIndex (5 bytes)
Event: 2.697 Thread 0x0000000056411800 nmethod 578 0x0000000002857610 code [0x0000000002857760, 0x0000000002857870]
Event: 2.697 Thread 0x0000000056411800  580       1       com.android.dx.ssa.SsaMethod::getParamWidth (5 bytes)
Event: 2.697 Thread 0x0000000056411800 nmethod 580 0x00000000028578d0 code [0x0000000002857a20, 0x0000000002857b30]
Event: 2.697 Thread 0x0000000056411800  570       1       com.android.dx.cf.iface.StdMethod::getEffectiveDescriptor (5 bytes)
Event: 2.697 Thread 0x0000000056411800 nmethod 570 0x0000000002857b90 code [0x0000000002857ce0, 0x0000000002857df0]
Event: 2.697 Thread 0x0000000056411800  589       1       com.android.dx.dex.code.RopTranslator::access$200 (5 bytes)
Event: 2.697 Thread 0x0000000056411800 nmethod 589 0x0000000002857e50 code [0x0000000002857fa0, 0x0000000002858090]

GC Heap History (4 events):
Event: 2.101 GC heap before
{Heap before GC invocations=1 (full 0):
 PSYoungGen      total 18432K, used 8606K [0x00000000eab00000, 0x00000000ebf80000, 0x0000000100000000)
  eden space 15872K, 54% used [0x00000000eab00000,0x00000000eb367968,0x00000000eba80000)
  from space 2560K, 0% used [0x00000000ebd00000,0x00000000ebd00000,0x00000000ebf80000)
  to   space 2560K, 0% used [0x00000000eba80000,0x00000000eba80000,0x00000000ebd00000)
 ParOldGen       total 42496K, used 0K [0x00000000c0000000, 0x00000000c2980000, 0x00000000eab00000)
  object space 42496K, 0% used [0x00000000c0000000,0x00000000c0000000,0x00000000c2980000)
 Metaspace       used 4995K, capacity 6160K, committed 6272K, reserved 1058816K
  class space    used 556K, capacity 584K, committed 640K, reserved 1048576K
Event: 2.145 GC heap after
Heap after GC invocations=1 (full 0):
 PSYoungGen      total 18432K, used 2495K [0x00000000eab00000, 0x00000000ebf80000, 0x0000000100000000)
  eden space 15872K, 0% used [0x00000000eab00000,0x00000000eab00000,0x00000000eba80000)
  from space 2560K, 97% used [0x00000000eba80000,0x00000000ebcefd08,0x00000000ebd00000)
  to   space 2560K, 0% used [0x00000000ebd00000,0x00000000ebd00000,0x00000000ebf80000)
 ParOldGen       total 42496K, used 8K [0x00000000c0000000, 0x00000000c2980000, 0x00000000eab00000)
  object space 42496K, 0% used [0x00000000c0000000,0x00000000c0002000,0x00000000c2980000)
 Metaspace       used 4995K, capacity 6160K, committed 6272K, reserved 1058816K
  class space    used 556K, capacity 584K, committed 640K, reserved 1048576K
}
Event: 2.145 GC heap before
{Heap before GC invocations=2 (full 1):
 PSYoungGen      total 18432K, used 2495K [0x00000000eab00000, 0x00000000ebf80000, 0x0000000100000000)
  eden space 15872K, 0% used [0x00000000eab00000,0x00000000eab00000,0x00000000eba80000)
  from space 2560K, 97% used [0x00000000eba80000,0x00000000ebcefd08,0x00000000ebd00000)
  to   space 2560K, 0% used [0x00000000ebd00000,0x00000000ebd00000,0x00000000ebf80000)
 ParOldGen       total 42496K, used 8K [0x00000000c0000000, 0x00000000c2980000, 0x00000000eab00000)
  object space 42496K, 0% used [0x00000000c0000000,0x00000000c0002000,0x00000000c2980000)
 Metaspace       used 4995K, capacity 6160K, committed 6272K, reserved 1058816K
  class space    used 556K, capacity 584K, committed 640K, reserved 1048576K
Event: 2.418 GC heap after
Heap after GC invocations=2 (full 1):
 PSYoungGen      total 18432K, used 0K [0x00000000eab00000, 0x00000000ebf80000, 0x0000000100000000)
  eden space 15872K, 0% used [0x00000000eab00000,0x00000000eab00000,0x00000000eba80000)
  from space 2560K, 0% used [0x00000000eba80000,0x00000000eba80000,0x00000000ebd00000)
  to   space 2560K, 0% used [0x00000000ebd00000,0x00000000ebd00000,0x00000000ebf80000)
 ParOldGen       total 32256K, used 2289K [0x00000000c0000000, 0x00000000c1f80000, 0x00000000eab00000)
  object space 32256K, 7% used [0x00000000c0000000,0x00000000c023c728,0x00000000c1f80000)
 Metaspace       used 4995K, capacity 6160K, committed 6272K, reserved 1058816K
  class space    used 556K, capacity 584K, committed 640K, reserved 1048576K
}

Deoptimization events (2 events):
Event: 2.570 Thread 0x000000005668e000 Uncommon trap: reason=unstable_if action=reinterpret pc=0x00000000027e9220 method=java.util.BitSet.nextSetBit(I)I @ 87
Event: 2.644 Thread 0x000000005668e000 Uncommon trap: reason=unstable_if action=reinterpret pc=0x00000000027dcecc method=java.util.HashMap.getNode(ILjava/lang/Object;)Ljava/util/HashMap$Node; @ 129

Internal exceptions (2 events):
Event: 0.760 Thread 0x00000000020ae800 Exception <a 'java/lang/NoSuchMethodError': Method sun.misc.Unsafe.defineClass(Ljava/lang/String;[BII)Ljava/lang/Class; name or signature does not match> (0x00000000eab130d8) thrown at [D:\re\puppet\workspace\8-2-build-windows-amd64-cygwin\jdk8u73\6086\hot@#wÙ2Vè?
Event: 0.761 Thread 0x00000000020ae800 Exception <a 'java/lang/NoSuchMethodError': Method sun.misc.Unsafe.prefetchRead(Ljava/lang/Object;J)V name or signature does not match> (0x00000000eab133c0) thrown at [D:\re\puppet\workspace\8-2-build-windows-amd64-cygwin\jdk8u73\6086\hotspot\src\share\vm\

Events (10 events):
Event: 2.618 loading class com/android/dx/dex/file/UniformListItem done
Event: 2.619 loading class com/android/dx/dex/file/AnnotationSetRefItem
Event: 2.619 loading class com/android/dx/dex/file/AnnotationSetRefItem done
Event: 2.644 Thread 0x000000005668e000 Uncommon trap: trap_request=0xffffff65 fr.pc=0x00000000027dcecc
Event: 2.644 Thread 0x000000005668e000 DEOPT PACKING pc=0x00000000027dcecc sp=0x0000000056e8e980
Event: 2.644 Thread 0x000000005668e000 DEOPT UNPACKING pc=0x000000000264582a sp=0x0000000056e8e8f8 mode 2
Event: 2.646 loading class com/android/dx/ssa/back/FirstFitLocalCombiningAllocator$Multiset
Event: 2.646 loading class com/android/dx/ssa/back/FirstFitLocalCombiningAllocator$Multiset done
Event: 2.653 loading class com/android/dx/cf/code/BytecodeArray$ConstantParserVisitor
Event: 2.653 loading class com/android/dx/cf/code/BytecodeArray$ConstantParserVisitor done


Dynamic libraries:
0x000000013f4c0000 - 0x000000013f4f7000 	C:\Program Files\Java\jdk1.8.0_73\bin\java.exe
0x0000000077b10000 - 0x0000000077cba000 	C:\Windows\SYSTEM32\ntdll.dll
0x00000000779f0000 - 0x0000000077b0f000 	C:\Windows\system32\kernel32.dll
0x000007fefdb40000 - 0x000007fefdbaa000 	C:\Windows\system32\KERNELBASE.dll
0x0000000075540000 - 0x00000000755c7000 	C:\Windows\System32\SYSFER.DLL
0x000007fefe560000 - 0x000007fefe63b000 	C:\Windows\system32\ADVAPI32.dll
0x000007fefe1a0000 - 0x000007fefe23f000 	C:\Windows\system32\msvcrt.dll
0x000007fefe180000 - 0x000007fefe19f000 	C:\Windows\SYSTEM32\sechost.dll
0x000007fefeb60000 - 0x000007fefec8d000 	C:\Windows\system32\RPCRT4.dll
0x00000000778f0000 - 0x00000000779ea000 	C:\Windows\system32\USER32.dll
0x000007fefe440000 - 0x000007fefe4a7000 	C:\Windows\system32\GDI32.dll
0x000007fefded0000 - 0x000007fefdede000 	C:\Windows\system32\LPK.dll
0x000007fefdee0000 - 0x000007fefdfaa000 	C:\Windows\system32\USP10.dll
0x000007fefc7e0000 - 0x000007fefc9d4000 	C:\Windows\WinSxS\amd64_microsoft.windows.common-controls_6595b64144ccf1df_6.0.7601.18837_none_fa3b1e3d17594757\COMCTL32.dll
0x000007feff010000 - 0x000007feff081000 	C:\Windows\system32\SHLWAPI.dll
0x000007fefe4b0000 - 0x000007fefe4de000 	C:\Windows\system32\IMM32.DLL
0x000007fefe070000 - 0x000007fefe179000 	C:\Windows\system32\MSCTF.dll
0x00000000593b0000 - 0x0000000059482000 	C:\Program Files\Java\jdk1.8.0_73\jre\bin\msvcr100.dll
0x000000005c5c0000 - 0x000000005ce50000 	C:\Program Files\Java\jdk1.8.0_73\jre\bin\server\jvm.dll
0x000007feeca20000 - 0x000007feeca29000 	C:\Windows\system32\WSOCK32.dll
0x000007fefe640000 - 0x000007fefe68d000 	C:\Windows\system32\WS2_32.dll
0x000007fefe430000 - 0x000007fefe438000 	C:\Windows\system32\NSI.dll
0x000007fefc4a0000 - 0x000007fefc4db000 	C:\Windows\system32\WINMM.dll
0x000007fefcbc0000 - 0x000007fefcbcc000 	C:\Windows\system32\VERSION.dll
0x0000000077cd0000 - 0x0000000077cd7000 	C:\Windows\system32\PSAPI.DLL
0x00000000617e0000 - 0x00000000617ef000 	C:\Program Files\Java\jdk1.8.0_73\jre\bin\verify.dll
0x00000000605c0000 - 0x00000000605e9000 	C:\Program Files\Java\jdk1.8.0_73\jre\bin\java.dll
0x00000000605a0000 - 0x00000000605b6000 	C:\Program Files\Java\jdk1.8.0_73\jre\bin\zip.dll
0x000007feff090000 - 0x000007feffe1a000 	C:\Windows\system32\SHELL32.dll
0x000007fefe950000 - 0x000007fefeb53000 	C:\Windows\system32\ole32.dll
0x000007fefd850000 - 0x000007fefd85f000 	C:\Windows\system32\profapi.dll

VM Arguments:
jvm_args: -Djava.awt.headless=true -Xmx1024M -Dfile.encoding=windows-1251 -Duser.country=RU -Duser.language=ru -Duser.variant 
java_command: com.android.dx.command.Main --dex --force-jumbo --num-threads=4 --output C:\asp\NGS_vacancy\app\build\intermediates\pre-dexed\debug\com.android.support-cardview-v7-24.2.1_7ebd9509001e7497e57de230defeb4e5d8db4ef7.jar C:\asp\NGS_vacancy\app\build\intermediates\exploded-aar\com.android.support\cardview-v7\24.2.1\jars\classes.jar
java_class_path (initial): C:\Users\avtseben\AppData\Local\Android\Sdk\build-tools\23.0.3\lib\dx.jar
Launcher Type: SUN_STANDARD

Environment Variables:
PATH=C:\Program Files\Broadcom\Broadcom 802.11;c:\Program Files (x86)\Intel\iCLS Client\;c:\Program Files\Intel\iCLS Client\;C:\ProgramData\Oracle\Java\javapath;C:\Windows\system32;C:\Windows;C:\Windows\System32\Wbem;C:\Windows\System32\WindowsPowerShell\v1.0\;C:\Program Files\Intel\Intel(R) Management Engine Components\DAL;C:\Program Files\Intel\Intel(R) Management Engine Components\IPT;C:\Program Files (x86)\Intel\Intel(R) Management Engine Components\DAL;C:\Program Files (x86)\Intel\Intel(R) Management Engine Components\IPT;c:\Program Files\WIDCOMM\Bluetooth Software\;c:\Program Files\WIDCOMM\Bluetooth Software\syswow64;C:\Program Files (x86)\Hewlett-Packard\HP ProtectTools Security Manager\Bin\;C:\Program Files (x86)\Skype\Phone\;C:\Program Files\OpenVPN\bin;C:\androidSDK\platform-tools\;C:\Program Files\Broadcom\Broadcom 802.11;c:\Program Files (x86)\Intel\iCLS Client\;c:\Program Files\Intel\iCLS Client\;C:\ProgramData\Oracle\Java\javapath;C:\Windows\system32;C:\Windows;C:\Windows\System32\Wbem;C:\Windows\System32\WindowsPowerShell\v1.0\;C:\Program Files\Intel\Intel(R) Management Engine Components\DAL;C:\Program Files\Intel\Intel(R) Management Engine Components\IPT;C:\Program Files (x86)\Intel\Intel(R) Management Engine Components\DAL;C:\Program Files (x86)\Intel\Intel(R) Management Engine Components\IPT;c:\Program Files\WIDCOMM\Bluetooth Software\;c:\Program Files\WIDCOMM\Bluetooth Software\syswow64;C:\Program Files (x86)\Hewlett-Packard\HP ProtectTools Security Manager\Bin\;C:\Program Files (x86)\Brackets\command;C:\Program Files (x86)\Skype\Phone\;C:\Program Files (x86)\ufs2tools-0.8\ufs2tools\;C:\Program Files\Git\bin\;C:\androidSDK\platform-tools;C:\gradle\bin
USERNAME=avtseben
OS=Windows_NT
PROCESSOR_IDENTIFIER=Intel64 Family 6 Model 58 Stepping 9, GenuineIntel



---------------  S Y S T E M  ---------------

OS: Windows 7 , 64 bit Build 7601 (6.1.7601.23572)

CPU:total 4 (2 cores per cpu, 2 threads per core) family 6 model 58 stepping 9, cmov, cx8, fxsr, mmx, sse, sse2, sse3, ssse3, sse4.1, sse4.2, popcnt, avx, aes, clmul, erms, ht, tsc, tscinvbit, tscinv

Memory: 4k page, physical 4056748k(170724k free), swap 4727752k(4648k free)

vm_info: Java HotSpot(TM) 64-Bit Server VM (25.73-b02) for windows-amd64 JRE (1.8.0_73-b02), built on Jan 29 2016 17:38:49 by "java_re" with MS VC++ 10.0 (VS2010)

time: Tue Dec 20 23:10:23 2016
elapsed time: 2 seconds (0d 0h 0m 2s)

