#
# There is insufficient memory for the Java Runtime Environment to continue.
# Native memory allocation (malloc) failed to allocate 2082336 bytes for Chunk::new
# Possible reasons:
#   The system is out of physical RAM or swap space
#   In 32 bit mode, the process size limit was hit
# Possible solutions:
#   Reduce memory load on the system
#   Increase physical memory or swap space
#   Check if swap backing store is full
#   Use 64 bit Java on a 64 bit OS
#   Decrease Java heap size (-Xmx/-Xms)
#   Decrease number of Java threads
#   Decrease Java thread stack sizes (-Xss)
#   Set larger code cache with -XX:ReservedCodeCacheSize=
# This output file may be truncated or incomplete.
#
#  Out of Memory Error (allocation.cpp:390), pid=9128, tid=8976
#
# JRE version: Java(TM) SE Runtime Environment (8.0_73-b02) (build 1.8.0_73-b02)
# Java VM: Java HotSpot(TM) 64-Bit Server VM (25.73-b02 mixed mode windows-amd64 compressed oops)
# Failed to write core dump. Minidumps are not enabled by default on client versions of Windows
#

---------------  T H R E A D  ---------------

Current thread (0x0000000056d34000):  JavaThread "C2 CompilerThread0" daemon [_thread_in_native, id=8976, stack(0x0000000057390000,0x0000000057490000)]

Stack: [0x0000000057390000,0x0000000057490000]
[error occurred during error reporting (printing stack bounds), id 0xc0000005]

Native frames: (J=compiled Java code, j=interpreted, Vv=VM code, C=native code)


Current CompileTask:
C2:   8427 1652   !   4       com.android.dx.cf.code.BytecodeArray::parseInstruction (2764 bytes)


---------------  P R O C E S S  ---------------

Java Threads: ( => current thread )
  0x0000000055a1e000 JavaThread "Service Thread" daemon [_thread_blocked, id=8312, stack(0x00000000578e0000,0x00000000579e0000)]
  0x0000000056d37000 JavaThread "C1 CompilerThread2" daemon [_thread_blocked, id=8024, stack(0x0000000057770000,0x0000000057870000)]
  0x0000000056d36000 JavaThread "C2 CompilerThread1" daemon [_thread_in_native, id=8848, stack(0x00000000575b0000,0x00000000576b0000)]
=>0x0000000056d34000 JavaThread "C2 CompilerThread0" daemon [_thread_in_native, id=8976, stack(0x0000000057390000,0x0000000057490000)]
  0x0000000056d30800 JavaThread "Attach Listener" daemon [_thread_blocked, id=6828, stack(0x0000000057130000,0x0000000057230000)]
  0x0000000055a12000 JavaThread "Signal Dispatcher" daemon [_thread_blocked, id=6972, stack(0x0000000056870000,0x0000000056970000)]
  0x00000000559b2000 JavaThread "Finalizer" daemon [_thread_blocked, id=8308, stack(0x0000000056c30000,0x0000000056d30000)]
  0x00000000559b0800 JavaThread "Reference Handler" daemon [_thread_blocked, id=7492, stack(0x0000000056ab0000,0x0000000056bb0000)]
  0x00000000021de800 JavaThread "main" [_thread_in_Java, id=496, stack(0x0000000002360000,0x0000000002460000)]

Other Threads:
  0x00000000559ab000 VMThread [stack: 0x0000000056980000,0x0000000056a80000] [id=7744]
  0x0000000056dbe800 WatcherThread [stack: 0x0000000057a70000,0x0000000057b70000] [id=7604]

VM state:not at safepoint (normal execution)

VM Mutex/Monitor currently owned by a thread: None

Heap:
 PSYoungGen      total 34304K, used 24355K [0x00000000eab00000, 0x00000000eee00000, 0x0000000100000000)
  eden space 31744K, 68% used [0x00000000eab00000,0x00000000ec050bf8,0x00000000eca00000)
  from space 2560K, 98% used [0x00000000ecc80000,0x00000000ecef8028,0x00000000ecf00000)
  to   space 2560K, 0% used [0x00000000eca00000,0x00000000eca00000,0x00000000ecc80000)
 ParOldGen       total 42496K, used 14113K [0x00000000c0000000, 0x00000000c2980000, 0x00000000eab00000)
  object space 42496K, 33% used [0x00000000c0000000,0x00000000c0dc8540,0x00000000c2980000)
 Metaspace       used 6222K, capacity 7094K, committed 7296K, reserved 1056768K
  class space    used 606K, capacity 622K, committed 640K, reserved 1048576K

Card table byte_map: [0x0000000011af0000,0x0000000011d00000] byte_map_base: 0x00000000114f0000

Marking Bits: (ParMarkBitMap*) 0x00000000557a0600
 Begin Bits: [0x0000000012480000, 0x0000000013480000)
 End Bits:   [0x0000000013480000, 0x0000000014480000)

Polling page: 0x0000000000140000

CodeCache: size=245760Kb used=7480Kb max_used=7480Kb free=238279Kb
 bounds [0x0000000002730000, 0x0000000002e90000, 0x0000000011730000]
 total_blobs=1994 nmethods=1725 adapters=182
 compilation: enabled

Compilation events (10 events):
Event: 8.381 Thread 0x0000000056d37000 1751       2       com.android.dx.dex.file.ClassDefsSection::orderItems0 (158 bytes)
Event: 8.383 Thread 0x0000000056d37000 nmethod 1751 0x0000000002e7fc10 code [0x0000000002e7fe40, 0x0000000002e80728]
Event: 8.383 Thread 0x0000000056d37000 1752       2       com.android.dx.cf.direct.DirectClassFile$DcfTypeList::getType (26 bytes)
Event: 8.384 Thread 0x0000000056d37000 nmethod 1752 0x0000000002e81050 code [0x0000000002e81280, 0x0000000002e81ac8]
Event: 8.386 Thread 0x0000000056d37000 1753       2       java.util.TreeMap$EntryIterator::next (5 bytes)
Event: 8.386 Thread 0x0000000056d37000 nmethod 1753 0x0000000002e825d0 code [0x0000000002e82740, 0x0000000002e828a8]
Event: 8.386 Thread 0x0000000056d37000 1754       2       java.util.TreeMap$EntryIterator::next (5 bytes)
Event: 8.386 Thread 0x0000000056d37000 nmethod 1754 0x0000000002e82950 code [0x0000000002e82ac0, 0x0000000002e82c28]
Event: 8.387 Thread 0x0000000056d37000 1755       2       com.android.dx.util.FixedSizeList::hashCode (8 bytes)
Event: 8.387 Thread 0x0000000056d37000 nmethod 1755 0x0000000002e82cd0 code [0x0000000002e82e40, 0x0000000002e82fa8]

GC Heap History (8 events):
Event: 2.068 GC heap before
{Heap before GC invocations=1 (full 0):
 PSYoungGen      total 18432K, used 15872K [0x00000000eab00000, 0x00000000ebf80000, 0x0000000100000000)
  eden space 15872K, 100% used [0x00000000eab00000,0x00000000eba80000,0x00000000eba80000)
  from space 2560K, 0% used [0x00000000ebd00000,0x00000000ebd00000,0x00000000ebf80000)
  to   space 2560K, 0% used [0x00000000eba80000,0x00000000eba80000,0x00000000ebd00000)
 ParOldGen       total 42496K, used 0K [0x00000000c0000000, 0x00000000c2980000, 0x00000000eab00000)
  object space 42496K, 0% used [0x00000000c0000000,0x00000000c0000000,0x00000000c2980000)
 Metaspace       used 5627K, capacity 6640K, committed 6784K, reserved 1056768K
  class space    used 595K, capacity 616K, committed 640K, reserved 1048576K
Event: 2.146 GC heap after
Heap after GC invocations=1 (full 0):
 PSYoungGen      total 18432K, used 2554K [0x00000000eab00000, 0x00000000ecf00000, 0x0000000100000000)
  eden space 15872K, 0% used [0x00000000eab00000,0x00000000eab00000,0x00000000eba80000)
  from space 2560K, 99% used [0x00000000eba80000,0x00000000ebcfe840,0x00000000ebd00000)
  to   space 2560K, 0% used [0x00000000ecc80000,0x00000000ecc80000,0x00000000ecf00000)
 ParOldGen       total 42496K, used 1211K [0x00000000c0000000, 0x00000000c2980000, 0x00000000eab00000)
  object space 42496K, 2% used [0x00000000c0000000,0x00000000c012ee48,0x00000000c2980000)
 Metaspace       used 5627K, capacity 6640K, committed 6784K, reserved 1056768K
  class space    used 595K, capacity 616K, committed 640K, reserved 1048576K
}
Event: 2.927 GC heap before
{Heap before GC invocations=2 (full 0):
 PSYoungGen      total 18432K, used 18426K [0x00000000eab00000, 0x00000000ecf00000, 0x0000000100000000)
  eden space 15872K, 100% used [0x00000000eab00000,0x00000000eba80000,0x00000000eba80000)
  from space 2560K, 99% used [0x00000000eba80000,0x00000000ebcfe840,0x00000000ebd00000)
  to   space 2560K, 0% used [0x00000000ecc80000,0x00000000ecc80000,0x00000000ecf00000)
 ParOldGen       total 42496K, used 1211K [0x00000000c0000000, 0x00000000c2980000, 0x00000000eab00000)
  object space 42496K, 2% used [0x00000000c0000000,0x00000000c012ee48,0x00000000c2980000)
 Metaspace       used 5917K, capacity 6896K, committed 7040K, reserved 1056768K
  class space    used 598K, capacity 616K, committed 640K, reserved 1048576K
Event: 3.258 GC heap after
Heap after GC invocations=2 (full 0):
 PSYoungGen      total 34304K, used 2528K [0x00000000eab00000, 0x00000000ecf00000, 0x0000000100000000)
  eden space 31744K, 0% used [0x00000000eab00000,0x00000000eab00000,0x00000000eca00000)
  from space 2560K, 98% used [0x00000000ecc80000,0x00000000ecef8028,0x00000000ecf00000)
  to   space 2560K, 0% used [0x00000000eca00000,0x00000000eca00000,0x00000000ecc80000)
 ParOldGen       total 42496K, used 3358K [0x00000000c0000000, 0x00000000c2980000, 0x00000000eab00000)
  object space 42496K, 7% used [0x00000000c0000000,0x00000000c0347ab8,0x00000000c2980000)
 Metaspace       used 5917K, capacity 6896K, committed 7040K, reserved 1056768K
  class space    used 598K, capacity 616K, committed 640K, reserved 1048576K
}
Event: 7.872 GC heap before
{Heap before GC invocations=3 (full 0):
 PSYoungGen      total 34304K, used 34272K [0x00000000eab00000, 0x00000000ecf00000, 0x0000000100000000)
  eden space 31744K, 100% used [0x00000000eab00000,0x00000000eca00000,0x00000000eca00000)
  from space 2560K, 98% used [0x00000000ecc80000,0x00000000ecef8028,0x00000000ecf00000)
  to   space 2560K, 0% used [0x00000000eca00000,0x00000000eca00000,0x00000000ecc80000)
 ParOldGen       total 42496K, used 3358K [0x00000000c0000000, 0x00000000c2980000, 0x00000000eab00000)
  object space 42496K, 7% used [0x00000000c0000000,0x00000000c0347ab8,0x00000000c2980000)
 Metaspace       used 6137K, capacity 7088K, committed 7296K, reserved 1056768K
  class space    used 599K, capacity 616K, committed 640K, reserved 1048576K
Event: 7.986 GC heap after
Heap after GC invocations=3 (full 0):
 PSYoungGen      total 34304K, used 2528K [0x00000000eab00000, 0x00000000ecf00000, 0x0000000100000000)
  eden space 31744K, 0% used [0x00000000eab00000,0x00000000eab00000,0x00000000eca00000)
  from space 2560K, 98% used [0x00000000eca00000,0x00000000ecc78028,0x00000000ecc80000)
  to   space 2560K, 0% used [0x00000000ecc80000,0x00000000ecc80000,0x00000000ecf00000)
 ParOldGen       total 42496K, used 8271K [0x00000000c0000000, 0x00000000c2980000, 0x00000000eab00000)
  object space 42496K, 19% used [0x00000000c0000000,0x00000000c0813e68,0x00000000c2980000)
 Metaspace       used 6137K, capacity 7088K, committed 7296K, reserved 1056768K
  class space    used 599K, capacity 616K, committed 640K, reserved 1048576K
}
Event: 8.146 GC heap before
{Heap before GC invocations=4 (full 0):
 PSYoungGen      total 34304K, used 34272K [0x00000000eab00000, 0x00000000ecf00000, 0x0000000100000000)
  eden space 31744K, 100% used [0x00000000eab00000,0x00000000eca00000,0x00000000eca00000)
  from space 2560K, 98% used [0x00000000eca00000,0x00000000ecc78028,0x00000000ecc80000)
  to   space 2560K, 0% used [0x00000000ecc80000,0x00000000ecc80000,0x00000000ecf00000)
 ParOldGen       total 42496K, used 8271K [0x00000000c0000000, 0x00000000c2980000, 0x00000000eab00000)
  object space 42496K, 19% used [0x00000000c0000000,0x00000000c0813e68,0x00000000c2980000)
 Metaspace       used 6162K, capacity 7090K, committed 7296K, reserved 1056768K
  class space    used 601K, capacity 618K, committed 640K, reserved 1048576K
Event: 8.194 GC heap after
Heap after GC invocations=4 (full 0):
 PSYoungGen      total 34304K, used 2528K [0x00000000eab00000, 0x00000000eee00000, 0x0000000100000000)
  eden space 31744K, 0% used [0x00000000eab00000,0x00000000eab00000,0x00000000eca00000)
  from space 2560K, 98% used [0x00000000ecc80000,0x00000000ecef8028,0x00000000ecf00000)
  to   space 2560K, 0% used [0x00000000eca00000,0x00000000eca00000,0x00000000ecc80000)
 ParOldGen       total 42496K, used 14113K [0x00000000c0000000, 0x00000000c2980000, 0x00000000eab00000)
  object space 42496K, 33% used [0x00000000c0000000,0x00000000c0dc8540,0x00000000c2980000)
 Metaspace       used 6162K, capacity 7090K, committed 7296K, reserved 1056768K
  class space    used 601K, capacity 618K, committed 640K, reserved 1048576K
}

Deoptimization events (10 events):
Event: 8.246 Thread 0x0000000056fb7800 Uncommon trap: reason=class_check action=maybe_recompile pc=0x0000000002d6f4dc method=com.android.dx.rop.code.RegisterSpec.withSimpleType()Lcom/android/dx/rop/code/RegisterSpec; @ 21
Event: 8.246 Thread 0x0000000056fb7800 Uncommon trap: reason=class_check action=maybe_recompile pc=0x0000000002d6f4dc method=com.android.dx.rop.code.RegisterSpec.withSimpleType()Lcom/android/dx/rop/code/RegisterSpec; @ 21
Event: 8.270 Thread 0x0000000056fb7800 Uncommon trap: reason=unstable_if action=reinterpret pc=0x0000000002d583cc method=com.android.dx.rop.code.RegisterSpecSet.localItemToSpec(Lcom/android/dx/rop/code/LocalItem;)Lcom/android/dx/rop/code/RegisterSpec; @ 35
Event: 8.329 Thread 0x0000000056f00000 Uncommon trap: reason=class_check action=maybe_recompile pc=0x0000000002c5e8dc method=com.android.dx.ssa.SCCP.simulatePhi(Lcom/android/dx/ssa/PhiInsn;)V @ 124
Event: 8.329 Thread 0x0000000056f00000 Uncommon trap: reason=class_check action=maybe_recompile pc=0x0000000002c5e8dc method=com.android.dx.ssa.SCCP.simulatePhi(Lcom/android/dx/ssa/PhiInsn;)V @ 124
Event: 8.386 Thread 0x00000000021de800 Uncommon trap: reason=class_check action=maybe_recompile pc=0x0000000002b53ff8 method=java.util.Arrays.hashCode([Ljava/lang/Object;)I @ 43
Event: 8.386 Thread 0x00000000021de800 Uncommon trap: reason=class_check action=maybe_recompile pc=0x0000000002b53ff8 method=java.util.Arrays.hashCode([Ljava/lang/Object;)I @ 43
Event: 8.386 Thread 0x00000000021de800 Uncommon trap: reason=class_check action=maybe_recompile pc=0x0000000002b53ff8 method=java.util.Arrays.hashCode([Ljava/lang/Object;)I @ 43
Event: 8.387 Thread 0x00000000021de800 Uncommon trap: reason=class_check action=maybe_recompile pc=0x0000000002b53ff8 method=java.util.Arrays.hashCode([Ljava/lang/Object;)I @ 43
Event: 8.387 Thread 0x00000000021de800 Uncommon trap: reason=class_check action=maybe_recompile pc=0x0000000002b39474 method=java.util.Arrays.hashCode([Ljava/lang/Object;)I @ 43

Internal exceptions (5 events):
Event: 0.511 Thread 0x00000000021de800 Exception <a 'java/lang/NoSuchMethodError': Method sun.misc.Unsafe.defineClass(Ljava/lang/String;[BII)Ljava/lang/Class; name or signature does not match> (0x00000000eab130d8) thrown at [D:\re\puppet\workspace\8-2-build-windows-amd64-cygwin\jdk8u73\6086\hot°[PÈZà?
Event: 0.511 Thread 0x00000000021de800 Exception <a 'java/lang/NoSuchMethodError': Method sun.misc.Unsafe.prefetchRead(Ljava/lang/Object;J)V name or signature does not match> (0x00000000eab133c0) thrown at [D:\re\puppet\workspace\8-2-build-windows-amd64-cygwin\jdk8u73\6086\hotspot\src\share\vm\BEcš@
Event: 2.200 Thread 0x0000000056f00000 Implicit null exception at 0x00000000029ee1c3 to 0x00000000029efa01
Event: 3.273 Thread 0x00000000021de800 Implicit null exception at 0x0000000002af2752 to 0x0000000002af2842
Event: 8.122 Thread 0x0000000056fb7800 Implicit null exception at 0x0000000002bd2187 to 0x0000000002bd3745

Events (10 events):
Event: 8.386 Thread 0x00000000021de800 DEOPT UNPACKING pc=0x000000000277582a sp=0x000000000245e820 mode 2
Event: 8.386 Thread 0x00000000021de800 Uncommon trap: trap_request=0xffffffde fr.pc=0x0000000002b53ff8
Event: 8.386 Thread 0x00000000021de800 DEOPT PACKING pc=0x0000000002b53ff8 sp=0x000000000245ec50
Event: 8.387 Thread 0x00000000021de800 DEOPT UNPACKING pc=0x000000000277582a sp=0x000000000245eb80 mode 2
Event: 8.387 Thread 0x00000000021de800 Uncommon trap: trap_request=0xffffffde fr.pc=0x0000000002b53ff8
Event: 8.387 Thread 0x00000000021de800 DEOPT PACKING pc=0x0000000002b53ff8 sp=0x000000000245ec20
Event: 8.387 Thread 0x00000000021de800 DEOPT UNPACKING pc=0x000000000277582a sp=0x000000000245eb50 mode 2
Event: 8.387 Thread 0x00000000021de800 Uncommon trap: trap_request=0xffffffde fr.pc=0x0000000002b39474
Event: 8.387 Thread 0x00000000021de800 DEOPT PACKING pc=0x0000000002b39474 sp=0x000000000245ebf0
Event: 8.387 Thread 0x00000000021de800 DEOPT UNPACKING pc=0x000000000277582a sp=0x000000000245eb78 mode 2


Dynamic libraries:
0x000000013f060000 - 0x000000013f097000 	C:\Program Files\Java\jdk1.8.0_73\bin\java.exe
0x0000000077540000 - 0x00000000776ea000 	C:\Windows\SYSTEM32\ntdll.dll
0x0000000077420000 - 0x000000007753f000 	C:\Windows\system32\kernel32.dll
0x000007fefd330000 - 0x000007fefd39a000 	C:\Windows\system32\KERNELBASE.dll
0x0000000074f70000 - 0x0000000074ff7000 	C:\Windows\System32\SYSFER.DLL
0x000007fefd630000 - 0x000007fefd70b000 	C:\Windows\system32\ADVAPI32.dll
0x000007fefeb80000 - 0x000007fefec1f000 	C:\Windows\system32\msvcrt.dll
0x000007feff620000 - 0x000007feff63f000 	C:\Windows\SYSTEM32\sechost.dll
0x000007fefe6d0000 - 0x000007fefe7fd000 	C:\Windows\system32\RPCRT4.dll
0x0000000077320000 - 0x000000007741a000 	C:\Windows\system32\USER32.dll
0x000007fefec70000 - 0x000007fefecd7000 	C:\Windows\system32\GDI32.dll
0x000007fefe880000 - 0x000007fefe88e000 	C:\Windows\system32\LPK.dll
0x000007feff550000 - 0x000007feff61a000 	C:\Windows\system32\USP10.dll
0x000007fefc1d0000 - 0x000007fefc3c4000 	C:\Windows\WinSxS\amd64_microsoft.windows.common-controls_6595b64144ccf1df_6.0.7601.18837_none_fa3b1e3d17594757\COMCTL32.dll
0x000007fefd820000 - 0x000007fefd891000 	C:\Windows\system32\SHLWAPI.dll
0x000007fefd7f0000 - 0x000007fefd81e000 	C:\Windows\system32\IMM32.DLL
0x000007fefeec0000 - 0x000007fefefc9000 	C:\Windows\system32\MSCTF.dll
0x0000000061210000 - 0x00000000612e2000 	C:\Program Files\Java\jdk1.8.0_73\jre\bin\msvcr100.dll
0x0000000054f90000 - 0x0000000055820000 	C:\Program Files\Java\jdk1.8.0_73\jre\bin\server\jvm.dll
0x000007feec600000 - 0x000007feec609000 	C:\Windows\system32\WSOCK32.dll
0x000007fefec20000 - 0x000007fefec6d000 	C:\Windows\system32\WS2_32.dll
0x000007fefeb70000 - 0x000007fefeb78000 	C:\Windows\system32\NSI.dll
0x000007fefbed0000 - 0x000007fefbf0b000 	C:\Windows\system32\WINMM.dll
0x000007fefc5b0000 - 0x000007fefc5bc000 	C:\Windows\system32\VERSION.dll
0x0000000077700000 - 0x0000000077707000 	C:\Windows\system32\PSAPI.DLL
0x0000000071c70000 - 0x0000000071c7f000 	C:\Program Files\Java\jdk1.8.0_73\jre\bin\verify.dll
0x0000000071c40000 - 0x0000000071c69000 	C:\Program Files\Java\jdk1.8.0_73\jre\bin\java.dll
0x0000000065c70000 - 0x0000000065c86000 	C:\Program Files\Java\jdk1.8.0_73\jre\bin\zip.dll
0x000007fefd8a0000 - 0x000007fefe62a000 	C:\Windows\system32\SHELL32.dll
0x000007feff640000 - 0x000007feff843000 	C:\Windows\system32\ole32.dll
0x000007fefd280000 - 0x000007fefd28f000 	C:\Windows\system32\profapi.dll

VM Arguments:
jvm_args: -Djava.awt.headless=true -Xmx1024M -Dfile.encoding=windows-1251 -Duser.country=RU -Duser.language=ru -Duser.variant 
java_command: com.android.dx.command.Main --dex --force-jumbo --num-threads=4 --output C:\asp\NGS_vacancy\app\build\intermediates\pre-dexed\debug\gson-2.7_58bcb5f28621ee520891861317b68531dbf2c5f2.jar C:\Users\avtseben\.gradle\caches\modules-2\files-2.1\com.google.code.gson\gson\2.7\751f548c85fa49f330cecbb1875893f971b33c4e\gson-2.7.jar
java_class_path (initial): C:\Users\avtseben\AppData\Local\Android\Sdk\build-tools\23.0.3\lib\dx.jar
Launcher Type: SUN_STANDARD

Environment Variables:
PATH=C:\Program Files\Broadcom\Broadcom 802.11;c:\Program Files (x86)\Intel\iCLS Client\;c:\Program Files\Intel\iCLS Client\;C:\ProgramData\Oracle\Java\javapath;C:\Windows\system32;C:\Windows;C:\Windows\System32\Wbem;C:\Windows\System32\WindowsPowerShell\v1.0\;C:\Program Files\Intel\Intel(R) Management Engine Components\DAL;C:\Program Files\Intel\Intel(R) Management Engine Components\IPT;C:\Program Files (x86)\Intel\Intel(R) Management Engine Components\DAL;C:\Program Files (x86)\Intel\Intel(R) Management Engine Components\IPT;c:\Program Files\WIDCOMM\Bluetooth Software\;c:\Program Files\WIDCOMM\Bluetooth Software\syswow64;C:\Program Files (x86)\Hewlett-Packard\HP ProtectTools Security Manager\Bin\;C:\Program Files (x86)\Skype\Phone\;C:\Program Files\OpenVPN\bin;C:\androidSDK\platform-tools\;C:\Program Files\Broadcom\Broadcom 802.11;c:\Program Files (x86)\Intel\iCLS Client\;c:\Program Files\Intel\iCLS Client\;C:\ProgramData\Oracle\Java\javapath;C:\Windows\system32;C:\Windows;C:\Windows\System32\Wbem;C:\Windows\System32\WindowsPowerShell\v1.0\;C:\Program Files\Intel\Intel(R) Management Engine Components\DAL;C:\Program Files\Intel\Intel(R) Management Engine Components\IPT;C:\Program Files (x86)\Intel\Intel(R) Management Engine Components\DAL;C:\Program Files (x86)\Intel\Intel(R) Management Engine Components\IPT;c:\Program Files\WIDCOMM\Bluetooth Software\;c:\Program Files\WIDCOMM\Bluetooth Software\syswow64;C:\Program Files (x86)\Hewlett-Packard\HP ProtectTools Security Manager\Bin\;C:\Program Files (x86)\Brackets\command;C:\Program Files (x86)\Skype\Phone\;C:\Program Files (x86)\ufs2tools-0.8\ufs2tools\;C:\Program Files\Git\bin\;C:\androidSDK\platform-tools;C:\gradle\bin
USERNAME=avtseben
OS=Windows_NT
PROCESSOR_IDENTIFIER=Intel64 Family 6 Model 58 Stepping 9, GenuineIntel



---------------  S Y S T E M  ---------------

OS: Windows 7 , 64 bit Build 7601 (6.1.7601.23572)

CPU:total 4 (2 cores per cpu, 2 threads per core) family 6 model 58 stepping 9, cmov, cx8, fxsr, mmx, sse, sse2, sse3, ssse3, sse4.1, sse4.2, popcnt, avx, aes, clmul, erms, ht, tsc, tscinvbit, tscinv

Memory: 4k page, physical 4056748k(352408k free), swap 5123076k(6564k free)

vm_info: Java HotSpot(TM) 64-Bit Server VM (25.73-b02) for windows-amd64 JRE (1.8.0_73-b02), built on Jan 29 2016 17:38:49 by "java_re" with MS VC++ 10.0 (VS2010)

time: Sat Dec 24 11:44:38 2016
elapsed time: 8 seconds (0d 0h 0m 8s)

