#
# There is insufficient memory for the Java Runtime Environment to continue.
# Native memory allocation (malloc) failed to allocate 289776 bytes for Chunk::new
# Possible reasons:
#   The system is out of physical RAM or swap space
#   In 32 bit mode, the process size limit was hit
# Possible solutions:
#   Reduce memory load on the system
#   Increase physical memory or swap space
#   Check if swap backing store is full
#   Use 64 bit Java on a 64 bit OS
#   Decrease Java heap size (-Xmx/-Xms)
#   Decrease number of Java threads
#   Decrease Java thread stack sizes (-Xss)
#   Set larger code cache with -XX:ReservedCodeCacheSize=
# This output file may be truncated or incomplete.
#
#  Out of Memory Error (allocation.cpp:390), pid=7144, tid=3868
#
# JRE version: Java(TM) SE Runtime Environment (8.0_73-b02) (build 1.8.0_73-b02)
# Java VM: Java HotSpot(TM) 64-Bit Server VM (25.73-b02 mixed mode windows-amd64 compressed oops)
# Failed to write core dump. Minidumps are not enabled by default on client versions of Windows
#

---------------  T H R E A D  ---------------

Current thread (0x0000000056f9a800):  JavaThread "C2 CompilerThread1" daemon [_thread_in_native, id=3868, stack(0x0000000057a20000,0x0000000057b20000)]

Stack: [0x0000000057a20000,0x0000000057b20000]
[error occurred during error reporting (printing stack bounds), id 0xc0000005]

Native frames: (J=compiled Java code, j=interpreted, Vv=VM code, C=native code)


Current CompileTask:
C2:  37047 2313       4       com.android.dx.ssa.LiteralOpUpgrader::tryReplacingWithConstant (161 bytes)


---------------  P R O C E S S  ---------------

Java Threads: ( => current thread )
  0x0000000057247800 JavaThread "pool-1-thread-4" [_thread_blocked, id=7644, stack(0x0000000058a80000,0x0000000058b80000)]
  0x0000000057246800 JavaThread "pool-1-thread-3" [_thread_blocked, id=3068, stack(0x0000000058880000,0x0000000058980000)]
  0x0000000057246000 JavaThread "pool-1-thread-2" [_thread_blocked, id=3476, stack(0x00000000575a0000,0x00000000576a0000)]
  0x0000000057245000 JavaThread "pool-2-thread-1" [_thread_blocked, id=7164, stack(0x00000000586d0000,0x00000000587d0000)]
  0x00000000572f8800 JavaThread "pool-1-thread-1" [_thread_blocked, id=9212, stack(0x0000000056a10000,0x0000000056b10000)]
  0x0000000056ffc800 JavaThread "Service Thread" daemon [_thread_blocked, id=2380, stack(0x0000000056c60000,0x0000000056d60000)]
  0x0000000056f9b800 JavaThread "C1 CompilerThread2" daemon [_thread_blocked, id=4576, stack(0x0000000057b70000,0x0000000057c70000)]
=>0x0000000056f9a800 JavaThread "C2 CompilerThread1" daemon [_thread_in_native, id=3868, stack(0x0000000057a20000,0x0000000057b20000)]
  0x0000000056f94800 JavaThread "C2 CompilerThread0" daemon [_thread_blocked, id=8568, stack(0x00000000578c0000,0x00000000579c0000)]
  0x0000000056f91800 JavaThread "Attach Listener" daemon [_thread_blocked, id=5972, stack(0x00000000576b0000,0x00000000577b0000)]
  0x0000000055a11800 JavaThread "Signal Dispatcher" daemon [_thread_blocked, id=7500, stack(0x0000000057460000,0x0000000057560000)]
  0x00000000559b2000 JavaThread "Finalizer" daemon [_thread_blocked, id=5964, stack(0x0000000056e90000,0x0000000056f90000)]
  0x00000000559b0800 JavaThread "Reference Handler" daemon [_thread_blocked, id=7612, stack(0x0000000056d70000,0x0000000056e70000)]
  0x000000000215e800 JavaThread "main" [_thread_blocked, id=528, stack(0x00000000024e0000,0x00000000025e0000)]

Other Threads:
  0x00000000559ab000 VMThread [stack: 0x0000000056b60000,0x0000000056c60000] [id=3024]
  0x0000000057017000 WatcherThread [stack: 0x0000000057ce0000,0x0000000057de0000] [id=5732]

VM state:not at safepoint (normal execution)

VM Mutex/Monitor currently owned by a thread: None

Heap:
 PSYoungGen      total 141824K, used 19579K [0x00000000eab00000, 0x00000000f4800000, 0x0000000100000000)
  eden space 124928K, 6% used [0x00000000eab00000,0x00000000eb32bb08,0x00000000f2500000)
  from space 16896K, 66% used [0x00000000f2500000,0x00000000f2ff3120,0x00000000f3580000)
  to   space 14848K, 0% used [0x00000000f3580000,0x00000000f3580000,0x00000000f4400000)
 ParOldGen       total 84992K, used 42023K [0x00000000c0000000, 0x00000000c5300000, 0x00000000eab00000)
  object space 84992K, 49% used [0x00000000c0000000,0x00000000c2909ed8,0x00000000c5300000)
 Metaspace       used 6472K, capacity 7192K, committed 7424K, reserved 1056768K
  class space    used 622K, capacity 656K, committed 768K, reserved 1048576K

Card table byte_map: [0x0000000011c70000,0x0000000011e80000] byte_map_base: 0x0000000011670000

Marking Bits: (ParMarkBitMap*) 0x00000000557a0600
 Begin Bits: [0x00000000124c0000, 0x00000000134c0000)
 End Bits:   [0x00000000134c0000, 0x00000000144c0000)

Polling page: 0x0000000000130000

CodeCache: size=245760Kb used=9185Kb max_used=10088Kb free=236574Kb
 bounds [0x00000000028b0000, 0x00000000032a0000, 0x00000000118b0000]
 total_blobs=2197 nmethods=1927 adapters=182
 compilation: enabled

Compilation events (10 events):
Event: 36.776 Thread 0x0000000056f9b800 nmethod 2308 0x0000000002c55bd0 code [0x0000000002c56380, 0x0000000002c5a848]
Event: 36.807 Thread 0x0000000056f9b800 2309       3       com.android.dx.rop.cst.StdConstantPool::size (6 bytes)
Event: 36.808 Thread 0x0000000056f9b800 nmethod 2309 0x0000000002a29550 code [0x0000000002a296a0, 0x0000000002a297f0]
Event: 36.940 Thread 0x0000000056f94800 2310       4       com.android.dx.rop.cst.Constant::compareTo (33 bytes)
Event: 36.941 Thread 0x0000000056f94800 nmethod 2310 0x0000000002a3d310 code [0x0000000002a3d460, 0x0000000002a3d638]
Event: 36.945 Thread 0x0000000056f9b800 2311       3       com.android.dx.ssa.SsaMethod::onInsnAdded (13 bytes)
Event: 36.945 Thread 0x0000000056f9b800 nmethod 2311 0x0000000002b99350 code [0x0000000002b994c0, 0x0000000002b99798]
Event: 36.946 Thread 0x0000000056f9b800 2312       3       com.android.dx.ssa.LiteralOpUpgrader$1::visitNonMoveInsn (203 bytes)
Event: 36.949 Thread 0x0000000056f9b800 nmethod 2312 0x0000000002bf6ed0 code [0x0000000002bf73a0, 0x0000000002bfae08]
Event: 37.013 Thread 0x0000000056f9a800 2313       4       com.android.dx.ssa.LiteralOpUpgrader::tryReplacingWithConstant (161 bytes)

GC Heap History (10 events):
Event: 13.705 GC heap before
{Heap before GC invocations=4 (full 0):
 PSYoungGen      total 34304K, used 34280K [0x00000000eab00000, 0x00000000eee00000, 0x0000000100000000)
  eden space 31744K, 100% used [0x00000000eab00000,0x00000000eca00000,0x00000000eca00000)
  from space 2560K, 99% used [0x00000000eca00000,0x00000000ecc7a080,0x00000000ecc80000)
  to   space 2560K, 0% used [0x00000000eeb80000,0x00000000eeb80000,0x00000000eee00000)
 ParOldGen       total 42496K, used 7100K [0x00000000c0000000, 0x00000000c2980000, 0x00000000eab00000)
  object space 42496K, 16% used [0x00000000c0000000,0x00000000c06ef3c8,0x00000000c2980000)
 Metaspace       used 6228K, capacity 7088K, committed 7296K, reserved 1056768K
  class space    used 599K, capacity 616K, committed 640K, reserved 1048576K
Event: 13.991 GC heap after
Heap after GC invocations=4 (full 0):
 PSYoungGen      total 66048K, used 2542K [0x00000000eab00000, 0x00000000eee00000, 0x0000000100000000)
  eden space 63488K, 0% used [0x00000000eab00000,0x00000000eab00000,0x00000000ee900000)
  from space 2560K, 99% used [0x00000000eeb80000,0x00000000eedfb958,0x00000000eee00000)
  to   space 2560K, 0% used [0x00000000ee900000,0x00000000ee900000,0x00000000eeb80000)
 ParOldGen       total 42496K, used 12653K [0x00000000c0000000, 0x00000000c2980000, 0x00000000eab00000)
  object space 42496K, 29% used [0x00000000c0000000,0x00000000c0c5b530,0x00000000c2980000)
 Metaspace       used 6228K, capacity 7088K, committed 7296K, reserved 1056768K
  class space    used 599K, capacity 616K, committed 640K, reserved 1048576K
}
Event: 20.030 GC heap before
{Heap before GC invocations=5 (full 0):
 PSYoungGen      total 66048K, used 66030K [0x00000000eab00000, 0x00000000eee00000, 0x0000000100000000)
  eden space 63488K, 100% used [0x00000000eab00000,0x00000000ee900000,0x00000000ee900000)
  from space 2560K, 99% used [0x00000000eeb80000,0x00000000eedfb958,0x00000000eee00000)
  to   space 2560K, 0% used [0x00000000ee900000,0x00000000ee900000,0x00000000eeb80000)
 ParOldGen       total 42496K, used 12653K [0x00000000c0000000, 0x00000000c2980000, 0x00000000eab00000)
  object space 42496K, 29% used [0x00000000c0000000,0x00000000c0c5b530,0x00000000c2980000)
 Metaspace       used 6292K, capacity 7088K, committed 7296K, reserved 1056768K
  class space    used 600K, capacity 616K, committed 640K, reserved 1048576K
Event: 20.080 GC heap after
Heap after GC invocations=5 (full 0):
 PSYoungGen      total 66048K, used 2542K [0x00000000eab00000, 0x00000000f4400000, 0x0000000100000000)
  eden space 63488K, 0% used [0x00000000eab00000,0x00000000eab00000,0x00000000ee900000)
  from space 2560K, 99% used [0x00000000ee900000,0x00000000eeb7b958,0x00000000eeb80000)
  to   space 14848K, 0% used [0x00000000f3580000,0x00000000f3580000,0x00000000f4400000)
 ParOldGen       total 42496K, used 23059K [0x00000000c0000000, 0x00000000c2980000, 0x00000000eab00000)
  object space 42496K, 54% used [0x00000000c0000000,0x00000000c1684ea8,0x00000000c2980000)
 Metaspace       used 6292K, capacity 7088K, committed 7296K, reserved 1056768K
  class space    used 600K, capacity 616K, committed 640K, reserved 1048576K
}
Event: 23.941 GC heap before
{Heap before GC invocations=6 (full 0):
 PSYoungGen      total 66048K, used 66030K [0x00000000eab00000, 0x00000000f4400000, 0x0000000100000000)
  eden space 63488K, 100% used [0x00000000eab00000,0x00000000ee900000,0x00000000ee900000)
  from space 2560K, 99% used [0x00000000ee900000,0x00000000eeb7b958,0x00000000eeb80000)
  to   space 14848K, 0% used [0x00000000f3580000,0x00000000f3580000,0x00000000f4400000)
 ParOldGen       total 42496K, used 23059K [0x00000000c0000000, 0x00000000c2980000, 0x00000000eab00000)
  object space 42496K, 54% used [0x00000000c0000000,0x00000000c1684ea8,0x00000000c2980000)
 Metaspace       used 6453K, capacity 7192K, committed 7424K, reserved 1056768K
  class space    used 621K, capacity 656K, committed 768K, reserved 1048576K
Event: 24.075 GC heap after
Heap after GC invocations=6 (full 0):
 PSYoungGen      total 139776K, used 12382K [0x00000000eab00000, 0x00000000f4800000, 0x0000000100000000)
  eden space 124928K, 0% used [0x00000000eab00000,0x00000000eab00000,0x00000000f2500000)
  from space 14848K, 83% used [0x00000000f3580000,0x00000000f4197978,0x00000000f4400000)
  to   space 16896K, 0% used [0x00000000f2500000,0x00000000f2500000,0x00000000f3580000)
 ParOldGen       total 42496K, used 23059K [0x00000000c0000000, 0x00000000c2980000, 0x00000000eab00000)
  object space 42496K, 54% used [0x00000000c0000000,0x00000000c1684ea8,0x00000000c2980000)
 Metaspace       used 6453K, capacity 7192K, committed 7424K, reserved 1056768K
  class space    used 621K, capacity 656K, committed 768K, reserved 1048576K
}
Event: 32.812 GC heap before
{Heap before GC invocations=7 (full 0):
 PSYoungGen      total 139776K, used 137310K [0x00000000eab00000, 0x00000000f4800000, 0x0000000100000000)
  eden space 124928K, 100% used [0x00000000eab00000,0x00000000f2500000,0x00000000f2500000)
  from space 14848K, 83% used [0x00000000f3580000,0x00000000f4197978,0x00000000f4400000)
  to   space 16896K, 0% used [0x00000000f2500000,0x00000000f2500000,0x00000000f3580000)
 ParOldGen       total 42496K, used 23059K [0x00000000c0000000, 0x00000000c2980000, 0x00000000eab00000)
  object space 42496K, 54% used [0x00000000c0000000,0x00000000c1684ea8,0x00000000c2980000)
 Metaspace       used 6472K, capacity 7192K, committed 7424K, reserved 1056768K
  class space    used 622K, capacity 656K, committed 768K, reserved 1048576K
Event: 33.411 GC heap after
Heap after GC invocations=7 (full 0):
 PSYoungGen      total 141824K, used 16878K [0x00000000eab00000, 0x00000000f4800000, 0x0000000100000000)
  eden space 124928K, 0% used [0x00000000eab00000,0x00000000eab00000,0x00000000f2500000)
  from space 16896K, 99% used [0x00000000f2500000,0x00000000f357b960,0x00000000f3580000)
  to   space 14848K, 0% used [0x00000000f3580000,0x00000000f3580000,0x00000000f4400000)
 ParOldGen       total 42496K, used 38425K [0x00000000c0000000, 0x00000000c2980000, 0x00000000eab00000)
  object space 42496K, 90% used [0x00000000c0000000,0x00000000c2586760,0x00000000c2980000)
 Metaspace       used 6472K, capacity 7192K, committed 7424K, reserved 1056768K
  class space    used 622K, capacity 656K, committed 768K, reserved 1048576K
}
Event: 33.411 GC heap before
{Heap before GC invocations=8 (full 1):
 PSYoungGen      total 141824K, used 16878K [0x00000000eab00000, 0x00000000f4800000, 0x0000000100000000)
  eden space 124928K, 0% used [0x00000000eab00000,0x00000000eab00000,0x00000000f2500000)
  from space 16896K, 99% used [0x00000000f2500000,0x00000000f357b960,0x00000000f3580000)
  to   space 14848K, 0% used [0x00000000f3580000,0x00000000f3580000,0x00000000f4400000)
 ParOldGen       total 42496K, used 38425K [0x00000000c0000000, 0x00000000c2980000, 0x00000000eab00000)
  object space 42496K, 90% used [0x00000000c0000000,0x00000000c2586760,0x00000000c2980000)
 Metaspace       used 6472K, capacity 7192K, committed 7424K, reserved 1056768K
  class space    used 622K, capacity 656K, committed 768K, reserved 1048576K
Event: 36.390 GC heap after
Heap after GC invocations=8 (full 1):
 PSYoungGen      total 141824K, used 11212K [0x00000000eab00000, 0x00000000f4800000, 0x0000000100000000)
  eden space 124928K, 0% used [0x00000000eab00000,0x00000000eab00000,0x00000000f2500000)
  from space 16896K, 66% used [0x00000000f2500000,0x00000000f2ff3120,0x00000000f3580000)
  to   space 14848K, 0% used [0x00000000f3580000,0x00000000f3580000,0x00000000f4400000)
 ParOldGen       total 84992K, used 42023K [0x00000000c0000000, 0x00000000c5300000, 0x00000000eab00000)
  object space 84992K, 49% used [0x00000000c0000000,0x00000000c2909ed8,0x00000000c5300000)
 Metaspace       used 6472K, capacity 7192K, committed 7424K, reserved 1056768K
  class space    used 622K, capacity 656K, committed 768K, reserved 1048576K
}

Deoptimization events (10 events):
Event: 32.807 Thread 0x0000000057246800 Uncommon trap: reason=unstable_if action=reinterpret pc=0x00000000030e3af4 method=com.android.dx.rop.code.LocalItem.compareHandlesNulls(Lcom/android/dx/rop/cst/CstString;Lcom/android/dx/rop/cst/CstString;)I @ 8
Event: 36.412 Thread 0x0000000057246800 Uncommon trap: reason=unstable_if action=reinterpret pc=0x000000000320e02c method=com.android.dx.rop.code.LocalItem.compareHandlesNulls(Lcom/android/dx/rop/cst/CstString;Lcom/android/dx/rop/cst/CstString;)I @ 8
Event: 36.412 Thread 0x0000000057246800 Uncommon trap: reason=unstable_if action=reinterpret pc=0x0000000002a4c45c method=com.android.dx.rop.code.LocalItem.compareHandlesNulls(Lcom/android/dx/rop/cst/CstString;Lcom/android/dx/rop/cst/CstString;)I @ 8
Event: 36.413 Thread 0x0000000057246800 Uncommon trap: reason=unstable_if action=reinterpret pc=0x0000000002e6e770 method=com.android.dx.rop.code.LocalItem.compareHandlesNulls(Lcom/android/dx/rop/cst/CstString;Lcom/android/dx/rop/cst/CstString;)I @ 8
Event: 36.654 Thread 0x000000000215e800 Uncommon trap: reason=unstable_if action=reinterpret pc=0x00000000030e9a10 method=com.android.dx.cf.direct.StdAttributeFactory.parse0(Lcom/android/dx/cf/direct/DirectClassFile;ILjava/lang/String;IILcom/android/dx/cf/iface/ParseObserver;)Lcom/android/dx/cf/tK—ðxB@
Event: 36.945 Thread 0x0000000057246800 Uncommon trap: reason=class_check action=maybe_recompile pc=0x000000000310211c method=com.android.dx.ssa.SCCP.replaceConstants()V @ 127
Event: 36.945 Thread 0x0000000057246800 Uncommon trap: reason=bimorphic action=maybe_recompile pc=0x0000000002b04db4 method=com.android.dx.ssa.LiteralOpUpgrader.tryReplacingWithConstant(Lcom/android/dx/ssa/NormalSsaInsn;)Z @ 62
Event: 36.945 Thread 0x0000000057246800 Uncommon trap: reason=unstable_if action=reinterpret pc=0x00000000032758bc method=com.android.dx.ssa.LiteralOpUpgrader$1.visitNonMoveInsn(Lcom/android/dx/ssa/NormalSsaInsn;)V @ 24
Event: 37.013 Thread 0x0000000057246800 Uncommon trap: reason=class_check action=maybe_recompile pc=0x000000000310211c method=com.android.dx.ssa.SCCP.replaceConstants()V @ 127
Event: 37.013 Thread 0x0000000057246800 Uncommon trap: reason=bimorphic action=maybe_recompile pc=0x0000000002b04db4 method=com.android.dx.ssa.LiteralOpUpgrader.tryReplacingWithConstant(Lcom/android/dx/ssa/NormalSsaInsn;)Z @ 62

Internal exceptions (10 events):
Event: 18.541 Thread 0x0000000057247800 Implicit null exception at 0x0000000002e45c84 to 0x0000000002e472b1
Event: 21.951 Thread 0x00000000572f8800 Exception <a 'java/lang/ArrayIndexOutOfBoundsException': 18> (0x00000000ed299fa8) thrown at [D:\re\puppet\workspace\8-2-build-windows-amd64-cygwin\jdk8u73\6086\hotspot\src\share\vm\interpreter\interpreterRuntime.cpp, line 366]
Event: 21.951 Thread 0x00000000572f8800 Exception <a 'java/lang/ArrayIndexOutOfBoundsException': 145> (0x00000000ed29bb28) thrown at [D:\re\puppet\workspace\8-2-build-windows-amd64-cygwin\jdk8u73\6086\hotspot\src\share\vm\interpreter\interpreterRuntime.cpp, line 366]
Event: 21.952 Thread 0x00000000572f8800 Exception <a 'java/lang/ArrayIndexOutOfBoundsException'> (0x00000000ed29ce10) thrown at [D:\re\puppet\workspace\8-2-build-windows-amd64-cygwin\jdk8u73\6086\hotspot\src\share\vm\runtime\sharedRuntime.cpp, line 605]
Event: 30.729 Thread 0x0000000057246000 Implicit null exception at 0x0000000002bceb5d to 0x0000000002bcf395
Event: 32.807 Thread 0x0000000057246800 Implicit null exception at 0x0000000002b56cf7 to 0x0000000002b58b4d
Event: 32.807 Thread 0x0000000057246800 Implicit null exception at 0x00000000030e3805 to 0x00000000030e3ac9
Event: 36.412 Thread 0x0000000057246800 Implicit null exception at 0x000000000320d362 to 0x000000000320e001
Event: 36.412 Thread 0x0000000057246800 Implicit null exception at 0x0000000002a4c2dc to 0x0000000002a4c449
Event: 36.413 Thread 0x0000000057246800 Implicit null exception at 0x0000000002e6e5fc to 0x0000000002e6e75d

Events (10 events):
Event: 36.945 Thread 0x0000000057246800 DEOPT UNPACKING pc=0x00000000028f582a sp=0x000000005897e6c0 mode 2
Event: 36.945 Thread 0x0000000057246800 Uncommon trap: trap_request=0xffffff65 fr.pc=0x00000000032758bc
Event: 36.945 Thread 0x0000000057246800 DEOPT PACKING pc=0x00000000032758bc sp=0x000000005897e790
Event: 36.945 Thread 0x0000000057246800 DEOPT UNPACKING pc=0x00000000028f582a sp=0x000000005897e740 mode 2
Event: 37.013 Thread 0x0000000057246800 Uncommon trap: trap_request=0xffffffde fr.pc=0x000000000310211c
Event: 37.013 Thread 0x0000000057246800 DEOPT PACKING pc=0x000000000310211c sp=0x000000005897e7c0
Event: 37.013 Thread 0x0000000057246800 DEOPT UNPACKING pc=0x00000000028f582a sp=0x000000005897e760 mode 2
Event: 37.013 Thread 0x0000000057246800 Uncommon trap: trap_request=0xffffffc6 fr.pc=0x0000000002b04db4
Event: 37.013 Thread 0x0000000057246800 DEOPT PACKING pc=0x0000000002b04db4 sp=0x000000005897e620
Event: 37.013 Thread 0x0000000057246800 DEOPT UNPACKING pc=0x00000000028f582a sp=0x000000005897e5b0 mode 2


Dynamic libraries:
0x000000013f060000 - 0x000000013f097000 	C:\Program Files\Java\jdk1.8.0_73\bin\java.exe
0x0000000077540000 - 0x00000000776ea000 	C:\Windows\SYSTEM32\ntdll.dll
0x0000000077420000 - 0x000000007753f000 	C:\Windows\system32\kernel32.dll
0x000007fefd330000 - 0x000007fefd39a000 	C:\Windows\system32\KERNELBASE.dll
0x0000000074f70000 - 0x0000000074ff7000 	C:\Windows\System32\SYSFER.DLL
0x000007fefd630000 - 0x000007fefd70b000 	C:\Windows\system32\ADVAPI32.dll
0x000007fefeb80000 - 0x000007fefec1f000 	C:\Windows\system32\msvcrt.dll
0x000007feff620000 - 0x000007feff63f000 	C:\Windows\SYSTEM32\sechost.dll
0x000007fefe6d0000 - 0x000007fefe7fd000 	C:\Windows\system32\RPCRT4.dll
0x0000000077320000 - 0x000000007741a000 	C:\Windows\system32\USER32.dll
0x000007fefec70000 - 0x000007fefecd7000 	C:\Windows\system32\GDI32.dll
0x000007fefe880000 - 0x000007fefe88e000 	C:\Windows\system32\LPK.dll
0x000007feff550000 - 0x000007feff61a000 	C:\Windows\system32\USP10.dll
0x000007fefc1d0000 - 0x000007fefc3c4000 	C:\Windows\WinSxS\amd64_microsoft.windows.common-controls_6595b64144ccf1df_6.0.7601.18837_none_fa3b1e3d17594757\COMCTL32.dll
0x000007fefd820000 - 0x000007fefd891000 	C:\Windows\system32\SHLWAPI.dll
0x000007fefd7f0000 - 0x000007fefd81e000 	C:\Windows\system32\IMM32.DLL
0x000007fefeec0000 - 0x000007fefefc9000 	C:\Windows\system32\MSCTF.dll
0x0000000061210000 - 0x00000000612e2000 	C:\Program Files\Java\jdk1.8.0_73\jre\bin\msvcr100.dll
0x0000000054f90000 - 0x0000000055820000 	C:\Program Files\Java\jdk1.8.0_73\jre\bin\server\jvm.dll
0x000007feec600000 - 0x000007feec609000 	C:\Windows\system32\WSOCK32.dll
0x000007fefec20000 - 0x000007fefec6d000 	C:\Windows\system32\WS2_32.dll
0x000007fefeb70000 - 0x000007fefeb78000 	C:\Windows\system32\NSI.dll
0x000007fefbed0000 - 0x000007fefbf0b000 	C:\Windows\system32\WINMM.dll
0x000007fefc5b0000 - 0x000007fefc5bc000 	C:\Windows\system32\VERSION.dll
0x0000000077700000 - 0x0000000077707000 	C:\Windows\system32\PSAPI.DLL
0x0000000071c70000 - 0x0000000071c7f000 	C:\Program Files\Java\jdk1.8.0_73\jre\bin\verify.dll
0x0000000071c40000 - 0x0000000071c69000 	C:\Program Files\Java\jdk1.8.0_73\jre\bin\java.dll
0x0000000065c70000 - 0x0000000065c86000 	C:\Program Files\Java\jdk1.8.0_73\jre\bin\zip.dll
0x000007fefd8a0000 - 0x000007fefe62a000 	C:\Windows\system32\SHELL32.dll
0x000007feff640000 - 0x000007feff843000 	C:\Windows\system32\ole32.dll
0x000007fefd280000 - 0x000007fefd28f000 	C:\Windows\system32\profapi.dll

VM Arguments:
jvm_args: -Djava.awt.headless=true -Xmx1024M -Dfile.encoding=windows-1251 -Duser.country=RU -Duser.language=ru -Duser.variant 
java_command: com.android.dx.command.Main --dex --force-jumbo --num-threads=4 --output C:\asp\NGS_vacancy\app\build\intermediates\pre-dexed\debug\rxjava-1.1.6_35c4004d97e1d1e29c1bf075d596af46427d036c.jar C:\Users\avtseben\.gradle\caches\modules-2\files-2.1\io.reactivex\rxjava\1.1.6\2586312cd2b8a511e4c6236736f5a039fc0f2273\rxjava-1.1.6.jar
java_class_path (initial): C:\Users\avtseben\AppData\Local\Android\Sdk\build-tools\23.0.3\lib\dx.jar
Launcher Type: SUN_STANDARD

Environment Variables:
PATH=C:\Program Files\Broadcom\Broadcom 802.11;c:\Program Files (x86)\Intel\iCLS Client\;c:\Program Files\Intel\iCLS Client\;C:\ProgramData\Oracle\Java\javapath;C:\Windows\system32;C:\Windows;C:\Windows\System32\Wbem;C:\Windows\System32\WindowsPowerShell\v1.0\;C:\Program Files\Intel\Intel(R) Management Engine Components\DAL;C:\Program Files\Intel\Intel(R) Management Engine Components\IPT;C:\Program Files (x86)\Intel\Intel(R) Management Engine Components\DAL;C:\Program Files (x86)\Intel\Intel(R) Management Engine Components\IPT;c:\Program Files\WIDCOMM\Bluetooth Software\;c:\Program Files\WIDCOMM\Bluetooth Software\syswow64;C:\Program Files (x86)\Hewlett-Packard\HP ProtectTools Security Manager\Bin\;C:\Program Files (x86)\Skype\Phone\;C:\Program Files\OpenVPN\bin;C:\androidSDK\platform-tools\;C:\Program Files\Broadcom\Broadcom 802.11;c:\Program Files (x86)\Intel\iCLS Client\;c:\Program Files\Intel\iCLS Client\;C:\ProgramData\Oracle\Java\javapath;C:\Windows\system32;C:\Windows;C:\Windows\System32\Wbem;C:\Windows\System32\WindowsPowerShell\v1.0\;C:\Program Files\Intel\Intel(R) Management Engine Components\DAL;C:\Program Files\Intel\Intel(R) Management Engine Components\IPT;C:\Program Files (x86)\Intel\Intel(R) Management Engine Components\DAL;C:\Program Files (x86)\Intel\Intel(R) Management Engine Components\IPT;c:\Program Files\WIDCOMM\Bluetooth Software\;c:\Program Files\WIDCOMM\Bluetooth Software\syswow64;C:\Program Files (x86)\Hewlett-Packard\HP ProtectTools Security Manager\Bin\;C:\Program Files (x86)\Brackets\command;C:\Program Files (x86)\Skype\Phone\;C:\Program Files (x86)\ufs2tools-0.8\ufs2tools\;C:\Program Files\Git\bin\;C:\androidSDK\platform-tools;C:\gradle\bin
USERNAME=avtseben
OS=Windows_NT
PROCESSOR_IDENTIFIER=Intel64 Family 6 Model 58 Stepping 9, GenuineIntel



---------------  S Y S T E M  ---------------

OS: Windows 7 , 64 bit Build 7601 (6.1.7601.23572)

CPU:total 4 (2 cores per cpu, 2 threads per core) family 6 model 58 stepping 9, cmov, cx8, fxsr, mmx, sse, sse2, sse3, ssse3, sse4.1, sse4.2, popcnt, avx, aes, clmul, erms, ht, tsc, tscinvbit, tscinv

Memory: 4k page, physical 4056748k(293536k free), swap 5123076k(5120k free)

vm_info: Java HotSpot(TM) 64-Bit Server VM (25.73-b02) for windows-amd64 JRE (1.8.0_73-b02), built on Jan 29 2016 17:38:49 by "java_re" with MS VC++ 10.0 (VS2010)

time: Sat Dec 24 11:44:14 2016
elapsed time: 37 seconds (0d 0h 0m 37s)

