#
# There is insufficient memory for the Java Runtime Environment to continue.
# Native memory allocation (malloc) failed to allocate 906576 bytes for Chunk::new
# Possible reasons:
#   The system is out of physical RAM or swap space
#   In 32 bit mode, the process size limit was hit
# Possible solutions:
#   Reduce memory load on the system
#   Increase physical memory or swap space
#   Check if swap backing store is full
#   Use 64 bit Java on a 64 bit OS
#   Decrease Java heap size (-Xmx/-Xms)
#   Decrease number of Java threads
#   Decrease Java thread stack sizes (-Xss)
#   Set larger code cache with -XX:ReservedCodeCacheSize=
# This output file may be truncated or incomplete.
#
#  Out of Memory Error (allocation.cpp:390), pid=8628, tid=7320
#
# JRE version: Java(TM) SE Runtime Environment (8.0_73-b02) (build 1.8.0_73-b02)
# Java VM: Java HotSpot(TM) 64-Bit Server VM (25.73-b02 mixed mode windows-amd64 compressed oops)
# Failed to write core dump. Minidumps are not enabled by default on client versions of Windows
#

---------------  T H R E A D  ---------------

Current thread (0x0000000056c87000):  JavaThread "C2 CompilerThread1" daemon [_thread_in_native, id=7320, stack(0x00000000572f0000,0x00000000573f0000)]

Stack: [0x00000000572f0000,0x00000000573f0000]
[error occurred during error reporting (printing stack bounds), id 0xc0000005]

Native frames: (J=compiled Java code, j=interpreted, Vv=VM code, C=native code)


Current CompileTask:
C2:  11864 1934       4       com.android.dx.ssa.ConstCollector::getConstsSortedByCountUse (386 bytes)


---------------  P R O C E S S  ---------------

Java Threads: ( => current thread )
  0x0000000056f43000 JavaThread "pool-1-thread-4" [_thread_blocked, id=7192, stack(0x0000000058040000,0x0000000058140000)]
  0x0000000056f3d800 JavaThread "pool-1-thread-3" [_thread_in_Java, id=8208, stack(0x0000000057e00000,0x0000000057f00000)]
  0x0000000056f3b000 JavaThread "pool-1-thread-2" [_thread_in_Java, id=8444, stack(0x0000000057be0000,0x0000000057ce0000)]
  0x0000000056f31800 JavaThread "pool-2-thread-1" [_thread_blocked, id=7880, stack(0x0000000057ab0000,0x0000000057bb0000)]
  0x0000000056f30800 JavaThread "pool-1-thread-1" [_thread_blocked, id=4904, stack(0x0000000057940000,0x0000000057a40000)]
  0x0000000056c8a800 JavaThread "Service Thread" daemon [_thread_blocked, id=4344, stack(0x00000000576f0000,0x00000000577f0000)]
  0x0000000056c88000 JavaThread "C1 CompilerThread2" daemon [_thread_blocked, id=8272, stack(0x0000000057480000,0x0000000057580000)]
=>0x0000000056c87000 JavaThread "C2 CompilerThread1" daemon [_thread_in_native, id=7320, stack(0x00000000572f0000,0x00000000573f0000)]
  0x0000000056c84800 JavaThread "C2 CompilerThread0" daemon [_thread_in_native, id=8972, stack(0x00000000570b0000,0x00000000571b0000)]
  0x0000000056c81800 JavaThread "Attach Listener" daemon [_thread_blocked, id=6668, stack(0x00000000571b0000,0x00000000572b0000)]
  0x0000000054ee1000 JavaThread "Signal Dispatcher" daemon [_thread_blocked, id=7068, stack(0x00000000569d0000,0x0000000056ad0000)]
  0x0000000054e82000 JavaThread "Finalizer" daemon [_thread_blocked, id=6808, stack(0x0000000056b80000,0x0000000056c80000)]
  0x0000000054e80800 JavaThread "Reference Handler" daemon [_thread_blocked, id=8716, stack(0x0000000056770000,0x0000000056870000)]
  0x000000000214e800 JavaThread "main" [_thread_blocked, id=6876, stack(0x0000000002220000,0x0000000002320000)]

Other Threads:
  0x0000000054e7b000 VMThread [stack: 0x00000000568c0000,0x00000000569c0000] [id=6204]
  0x0000000056cf6800 WatcherThread [stack: 0x00000000575d0000,0x00000000576d0000] [id=6416]

VM state:not at safepoint (normal execution)

VM Mutex/Monitor currently owned by a thread: None

Heap:
 PSYoungGen      total 66048K, used 23735K [0x00000000eab00000, 0x00000000f3f00000, 0x0000000100000000)
  eden space 63488K, 33% used [0x00000000eab00000,0x00000000ebfb0d50,0x00000000ee900000)
  from space 2560K, 99% used [0x00000000ee900000,0x00000000eeb7cfe0,0x00000000eeb80000)
  to   space 12288K, 0% used [0x00000000f3300000,0x00000000f3300000,0x00000000f3f00000)
 ParOldGen       total 42496K, used 21385K [0x00000000c0000000, 0x00000000c2980000, 0x00000000eab00000)
  object space 42496K, 50% used [0x00000000c0000000,0x00000000c14e2490,0x00000000c2980000)
 Metaspace       used 6228K, capacity 7160K, committed 7296K, reserved 1056768K
  class space    used 610K, capacity 624K, committed 640K, reserved 1048576K

Card table byte_map: [0x00000000119b0000,0x0000000011bc0000] byte_map_base: 0x00000000113b0000

Marking Bits: (ParMarkBitMap*) 0x00000000557a0600
 Begin Bits: [0x00000000122f0000, 0x00000000132f0000)
 End Bits:   [0x00000000132f0000, 0x00000000142f0000)

Polling page: 0x0000000000240000

CodeCache: size=245760Kb used=8975Kb max_used=8980Kb free=236784Kb
 bounds [0x00000000025f0000, 0x0000000002ed0000, 0x00000000115f0000]
 total_blobs=2138 nmethods=1875 adapters=176
 compilation: enabled

Compilation events (10 events):
Event: 11.821 Thread 0x0000000056c88000 1952       2       com.android.dx.rop.cst.CstLiteral32::getLongBits (6 bytes)
Event: 11.822 Thread 0x0000000056c88000 nmethod 1952 0x0000000002e4acd0 code [0x0000000002e4ae20, 0x0000000002e4af70]
Event: 11.824 Thread 0x0000000056c88000 1953       2       java.util.Vector::grow (57 bytes)
Event: 11.824 Thread 0x0000000056c88000 nmethod 1953 0x0000000002e9c890 code [0x0000000002e9ca00, 0x0000000002e9cc98]
Event: 11.827 Thread 0x0000000056c88000 1955       2       com.android.dx.cf.code.Simulator::requiredArrayTypeFor (61 bytes)
Event: 11.828 Thread 0x0000000056c88000 nmethod 1955 0x0000000002e95990 code [0x0000000002e95b40, 0x0000000002e95e38]
Event: 11.841 Thread 0x0000000056c88000 1957       2       com.android.dx.rop.code.Rops::opSub (29 bytes)
Event: 11.842 Thread 0x0000000056c88000 nmethod 1957 0x0000000002e30210 code [0x0000000002e30380, 0x0000000002e30528]
Event: 11.844 Thread 0x0000000056c88000 1958       1       com.android.dx.ssa.LiteralOpUpgrader$1::visitPhiInsn (1 bytes)
Event: 11.844 Thread 0x0000000056c88000 nmethod 1958 0x0000000002e956d0 code [0x0000000002e95820, 0x0000000002e95930]

GC Heap History (10 events):
Event: 1.538 GC heap before
{Heap before GC invocations=1 (full 0):
 PSYoungGen      total 18432K, used 15872K [0x00000000eab00000, 0x00000000ebf80000, 0x0000000100000000)
  eden space 15872K, 100% used [0x00000000eab00000,0x00000000eba80000,0x00000000eba80000)
  from space 2560K, 0% used [0x00000000ebd00000,0x00000000ebd00000,0x00000000ebf80000)
  to   space 2560K, 0% used [0x00000000eba80000,0x00000000eba80000,0x00000000ebd00000)
 ParOldGen       total 42496K, used 0K [0x00000000c0000000, 0x00000000c2980000, 0x00000000eab00000)
  object space 42496K, 0% used [0x00000000c0000000,0x00000000c0000000,0x00000000c2980000)
 Metaspace       used 5582K, capacity 6704K, committed 6784K, reserved 1056768K
  class space    used 581K, capacity 616K, committed 640K, reserved 1048576K
Event: 1.778 GC heap after
Heap after GC invocations=1 (full 0):
 PSYoungGen      total 18432K, used 2555K [0x00000000eab00000, 0x00000000ecf00000, 0x0000000100000000)
  eden space 15872K, 0% used [0x00000000eab00000,0x00000000eab00000,0x00000000eba80000)
  from space 2560K, 99% used [0x00000000eba80000,0x00000000ebcfedd0,0x00000000ebd00000)
  to   space 2560K, 0% used [0x00000000ecc80000,0x00000000ecc80000,0x00000000ecf00000)
 ParOldGen       total 42496K, used 1337K [0x00000000c0000000, 0x00000000c2980000, 0x00000000eab00000)
  object space 42496K, 3% used [0x00000000c0000000,0x00000000c014e668,0x00000000c2980000)
 Metaspace       used 5582K, capacity 6704K, committed 6784K, reserved 1056768K
  class space    used 581K, capacity 616K, committed 640K, reserved 1048576K
}
Event: 2.658 GC heap before
{Heap before GC invocations=2 (full 0):
 PSYoungGen      total 18432K, used 18427K [0x00000000eab00000, 0x00000000ecf00000, 0x0000000100000000)
  eden space 15872K, 100% used [0x00000000eab00000,0x00000000eba80000,0x00000000eba80000)
  from space 2560K, 99% used [0x00000000eba80000,0x00000000ebcfedd0,0x00000000ebd00000)
  to   space 2560K, 0% used [0x00000000ecc80000,0x00000000ecc80000,0x00000000ecf00000)
 ParOldGen       total 42496K, used 1337K [0x00000000c0000000, 0x00000000c2980000, 0x00000000eab00000)
  object space 42496K, 3% used [0x00000000c0000000,0x00000000c014e668,0x00000000c2980000)
 Metaspace       used 5870K, capacity 6896K, committed 7040K, reserved 1056768K
  class space    used 585K, capacity 616K, committed 640K, reserved 1048576K
Event: 2.687 GC heap after
Heap after GC invocations=2 (full 0):
 PSYoungGen      total 34304K, used 2554K [0x00000000eab00000, 0x00000000ecf00000, 0x0000000100000000)
  eden space 31744K, 0% used [0x00000000eab00000,0x00000000eab00000,0x00000000eca00000)
  from space 2560K, 99% used [0x00000000ecc80000,0x00000000ecefeaa8,0x00000000ecf00000)
  to   space 2560K, 0% used [0x00000000eca00000,0x00000000eca00000,0x00000000ecc80000)
 ParOldGen       total 42496K, used 2836K [0x00000000c0000000, 0x00000000c2980000, 0x00000000eab00000)
  object space 42496K, 6% used [0x00000000c0000000,0x00000000c02c51d8,0x00000000c2980000)
 Metaspace       used 5870K, capacity 6896K, committed 7040K, reserved 1056768K
  class space    used 585K, capacity 616K, committed 640K, reserved 1048576K
}
Event: 4.729 GC heap before
{Heap before GC invocations=3 (full 0):
 PSYoungGen      total 34304K, used 34298K [0x00000000eab00000, 0x00000000ecf00000, 0x0000000100000000)
  eden space 31744K, 100% used [0x00000000eab00000,0x00000000eca00000,0x00000000eca00000)
  from space 2560K, 99% used [0x00000000ecc80000,0x00000000ecefeaa8,0x00000000ecf00000)
  to   space 2560K, 0% used [0x00000000eca00000,0x00000000eca00000,0x00000000ecc80000)
 ParOldGen       total 42496K, used 2836K [0x00000000c0000000, 0x00000000c2980000, 0x00000000eab00000)
  object space 42496K, 6% used [0x00000000c0000000,0x00000000c02c51d8,0x00000000c2980000)
 Metaspace       used 6111K, capacity 7032K, committed 7296K, reserved 1056768K
  class space    used 608K, capacity 624K, committed 640K, reserved 1048576K
Event: 4.754 GC heap after
Heap after GC invocations=3 (full 0):
 PSYoungGen      total 34304K, used 2553K [0x00000000eab00000, 0x00000000eee00000, 0x0000000100000000)
  eden space 31744K, 0% used [0x00000000eab00000,0x00000000eab00000,0x00000000eca00000)
  from space 2560K, 99% used [0x00000000eca00000,0x00000000ecc7e418,0x00000000ecc80000)
  to   space 2560K, 0% used [0x00000000eeb80000,0x00000000eeb80000,0x00000000eee00000)
 ParOldGen       total 42496K, used 7494K [0x00000000c0000000, 0x00000000c2980000, 0x00000000eab00000)
  object space 42496K, 17% used [0x00000000c0000000,0x00000000c0751be0,0x00000000c2980000)
 Metaspace       used 6111K, capacity 7032K, committed 7296K, reserved 1056768K
  class space    used 608K, capacity 624K, committed 640K, reserved 1048576K
}
Event: 7.082 GC heap before
{Heap before GC invocations=4 (full 0):
 PSYoungGen      total 34304K, used 34297K [0x00000000eab00000, 0x00000000eee00000, 0x0000000100000000)
  eden space 31744K, 100% used [0x00000000eab00000,0x00000000eca00000,0x00000000eca00000)
  from space 2560K, 99% used [0x00000000eca00000,0x00000000ecc7e418,0x00000000ecc80000)
  to   space 2560K, 0% used [0x00000000eeb80000,0x00000000eeb80000,0x00000000eee00000)
 ParOldGen       total 42496K, used 7494K [0x00000000c0000000, 0x00000000c2980000, 0x00000000eab00000)
  object space 42496K, 17% used [0x00000000c0000000,0x00000000c0751be0,0x00000000c2980000)
 Metaspace       used 6184K, capacity 7096K, committed 7296K, reserved 1056768K
  class space    used 610K, capacity 624K, committed 640K, reserved 1048576K
Event: 7.153 GC heap after
Heap after GC invocations=4 (full 0):
 PSYoungGen      total 66048K, used 2537K [0x00000000eab00000, 0x00000000eee00000, 0x0000000100000000)
  eden space 63488K, 0% used [0x00000000eab00000,0x00000000eab00000,0x00000000ee900000)
  from space 2560K, 99% used [0x00000000eeb80000,0x00000000eedfa5d8,0x00000000eee00000)
  to   space 2560K, 0% used [0x00000000ee900000,0x00000000ee900000,0x00000000eeb80000)
 ParOldGen       total 42496K, used 12311K [0x00000000c0000000, 0x00000000c2980000, 0x00000000eab00000)
  object space 42496K, 28% used [0x00000000c0000000,0x00000000c0c05c50,0x00000000c2980000)
 Metaspace       used 6184K, capacity 7096K, committed 7296K, reserved 1056768K
  class space    used 610K, capacity 624K, committed 640K, reserved 1048576K
}
Event: 9.602 GC heap before
{Heap before GC invocations=5 (full 0):
 PSYoungGen      total 66048K, used 66025K [0x00000000eab00000, 0x00000000eee00000, 0x0000000100000000)
  eden space 63488K, 100% used [0x00000000eab00000,0x00000000ee900000,0x00000000ee900000)
  from space 2560K, 99% used [0x00000000eeb80000,0x00000000eedfa5d8,0x00000000eee00000)
  to   space 2560K, 0% used [0x00000000ee900000,0x00000000ee900000,0x00000000eeb80000)
 ParOldGen       total 42496K, used 12311K [0x00000000c0000000, 0x00000000c2980000, 0x00000000eab00000)
  object space 42496K, 28% used [0x00000000c0000000,0x00000000c0c05c50,0x00000000c2980000)
 Metaspace       used 6225K, capacity 7160K, committed 7296K, reserved 1056768K
  class space    used 610K, capacity 624K, committed 640K, reserved 1048576K
Event: 10.242 GC heap after
Heap after GC invocations=5 (full 0):
 PSYoungGen      total 66048K, used 2547K [0x00000000eab00000, 0x00000000f3f00000, 0x0000000100000000)
  eden space 63488K, 0% used [0x00000000eab00000,0x00000000eab00000,0x00000000ee900000)
  from space 2560K, 99% used [0x00000000ee900000,0x00000000eeb7cfe0,0x00000000eeb80000)
  to   space 12288K, 0% used [0x00000000f3300000,0x00000000f3300000,0x00000000f3f00000)
 ParOldGen       total 42496K, used 21385K [0x00000000c0000000, 0x00000000c2980000, 0x00000000eab00000)
  object space 42496K, 50% used [0x00000000c0000000,0x00000000c14e2490,0x00000000c2980000)
 Metaspace       used 6225K, capacity 7160K, committed 7296K, reserved 1056768K
  class space    used 610K, capacity 624K, committed 640K, reserved 1048576K
}

Deoptimization events (10 events):
Event: 7.245 Thread 0x0000000056f30800 Uncommon trap: reason=bimorphic action=maybe_recompile pc=0x0000000002c6e180 method=com.android.dx.cf.code.RopperMachine.run(Lcom/android/dx/cf/code/Frame;II)V @ 310
Event: 7.245 Thread 0x0000000056f30800 Uncommon trap: reason=bimorphic action=maybe_recompile pc=0x0000000002c6e180 method=com.android.dx.cf.code.RopperMachine.run(Lcom/android/dx/cf/code/Frame;II)V @ 310
Event: 7.245 Thread 0x0000000056f30800 Uncommon trap: reason=bimorphic action=maybe_recompile pc=0x0000000002c6e180 method=com.android.dx.cf.code.RopperMachine.run(Lcom/android/dx/cf/code/Frame;II)V @ 310
Event: 7.261 Thread 0x0000000056f30800 Uncommon trap: reason=unstable_if action=reinterpret pc=0x0000000002cbfa30 method=java.util.HashMap.putVal(ILjava/lang/Object;Ljava/lang/Object;ZZ)Ljava/lang/Object; @ 109
Event: 7.297 Thread 0x0000000056f30800 Uncommon trap: reason=unstable_if action=reinterpret pc=0x0000000002c46f90 method=java.util.HashMap.resize()[Ljava/util/HashMap$Node; @ 206
Event: 7.387 Thread 0x0000000056f30800 Uncommon trap: reason=bimorphic action=maybe_recompile pc=0x0000000002bc7e48 method=com.android.dx.ssa.LiteralOpUpgrader.tryReplacingWithConstant(Lcom/android/dx/ssa/NormalSsaInsn;)Z @ 52
Event: 7.387 Thread 0x0000000056f30800 Uncommon trap: reason=unstable_if action=reinterpret pc=0x0000000002c906d4 method=com.android.dx.rop.code.LocalVariableInfo.mergeStarts(ILcom/android/dx/rop/code/RegisterSpecSet;)Z @ 31
Event: 11.799 Thread 0x0000000056f3b000 Uncommon trap: reason=class_check action=maybe_recompile pc=0x0000000002c6e0c8 method=com.android.dx.cf.code.RopperMachine.run(Lcom/android/dx/cf/code/Frame;II)V @ 1024
Event: 11.826 Thread 0x0000000056f3b000 Uncommon trap: reason=bimorphic action=maybe_recompile pc=0x0000000002dd4578 method=com.android.dx.cf.code.BytecodeArray.parseInstruction(ILcom/android/dx/cf/code/BytecodeArray$Visitor;)I @ 2484
Event: 11.827 Thread 0x0000000056f3b000 Uncommon trap: reason=bimorphic action=maybe_recompile pc=0x0000000002dd4578 method=com.android.dx.cf.code.BytecodeArray.parseInstruction(ILcom/android/dx/cf/code/BytecodeArray$Visitor;)I @ 2484

Internal exceptions (7 events):
Event: 0.578 Thread 0x000000000214e800 Exception <a 'java/lang/NoSuchMethodError': Method sun.misc.Unsafe.defineClass(Ljava/lang/String;[BII)Ljava/lang/Class; name or signature does not match> (0x00000000eab130d8) thrown at [D:\re\puppet\workspace\8-2-build-windows-amd64-cygwin\jdk8u73\6086\hotƒM!Ò¹â?
Event: 0.578 Thread 0x000000000214e800 Exception <a 'java/lang/NoSuchMethodError': Method sun.misc.Unsafe.prefetchRead(Ljava/lang/Object;J)V name or signature does not match> (0x00000000eab133c0) thrown at [D:\re\puppet\workspace\8-2-build-windows-amd64-cygwin\jdk8u73\6086\hotspot\src\share\vm\1õûºIÿ?
Event: 1.939 Thread 0x0000000056f3d800 Implicit null exception at 0x00000000028b9a52 to 0x00000000028b9b51
Event: 2.025 Thread 0x0000000056f3b000 Implicit null exception at 0x00000000028b079c to 0x00000000028b1f31
Event: 4.715 Thread 0x0000000056f3b000 Exception <a 'java/lang/ArrayIndexOutOfBoundsException': 18> (0x00000000ebd2f640) thrown at [D:\re\puppet\workspace\8-2-build-windows-amd64-cygwin\jdk8u73\6086\hotspot\src\share\vm\interpreter\interpreterRuntime.cpp, line 366]
Event: 4.715 Thread 0x0000000056f3b000 Exception <a 'java/lang/ArrayIndexOutOfBoundsException': 145> (0x00000000ec8ac018) thrown at [D:\re\puppet\workspace\8-2-build-windows-amd64-cygwin\jdk8u73\6086\hotspot\src\share\vm\interpreter\interpreterRuntime.cpp, line 366]
Event: 4.716 Thread 0x0000000056f3b000 Exception <a 'java/lang/ArrayIndexOutOfBoundsException'> (0x00000000ec8ad300) thrown at [D:\re\puppet\workspace\8-2-build-windows-amd64-cygwin\jdk8u73\6086\hotspot\src\share\vm\runtime\sharedRuntime.cpp, line 605]

Events (10 events):
Event: 11.826 Thread 0x0000000056f3b000 Uncommon trap: trap_request=0xffffffc6 fr.pc=0x0000000002dd4578
Event: 11.826 Thread 0x0000000056f3b000 DEOPT PACKING pc=0x0000000002dd4578 sp=0x0000000057cde2f0
Event: 11.826 Thread 0x0000000056f3b000 DEOPT UNPACKING pc=0x000000000263582a sp=0x0000000057cde298 mode 2
Event: 11.827 Thread 0x0000000056f3b000 Uncommon trap: trap_request=0xffffffc6 fr.pc=0x0000000002dd4578
Event: 11.827 Thread 0x0000000056f3b000 DEOPT PACKING pc=0x0000000002dd4578 sp=0x0000000057cde3d0
Event: 11.827 Thread 0x0000000056f3b000 DEOPT UNPACKING pc=0x000000000263582a sp=0x0000000057cde378 mode 2
Event: 11.842 Thread 0x0000000056f3b000 DEOPT PACKING pc=0x0000000002a75e28 sp=0x0000000057cde450
Event: 11.842 Thread 0x0000000056f3b000 DEOPT UNPACKING pc=0x000000000263787f sp=0x0000000057cde280 mode 0
Event: 11.857 Thread 0x0000000056f3b000 DEOPT PACKING pc=0x0000000002ab2c19 sp=0x0000000057cde3a0
Event: 11.857 Thread 0x0000000056f3b000 DEOPT UNPACKING pc=0x000000000263787f sp=0x0000000057cde180 mode 0


Dynamic libraries:
0x000000013f060000 - 0x000000013f097000 	C:\Program Files\Java\jdk1.8.0_73\bin\java.exe
0x0000000077540000 - 0x00000000776ea000 	C:\Windows\SYSTEM32\ntdll.dll
0x0000000077420000 - 0x000000007753f000 	C:\Windows\system32\kernel32.dll
0x000007fefd330000 - 0x000007fefd39a000 	C:\Windows\system32\KERNELBASE.dll
0x0000000074f70000 - 0x0000000074ff7000 	C:\Windows\System32\SYSFER.DLL
0x000007fefd630000 - 0x000007fefd70b000 	C:\Windows\system32\ADVAPI32.dll
0x000007fefeb80000 - 0x000007fefec1f000 	C:\Windows\system32\msvcrt.dll
0x000007feff620000 - 0x000007feff63f000 	C:\Windows\SYSTEM32\sechost.dll
0x000007fefe6d0000 - 0x000007fefe7fd000 	C:\Windows\system32\RPCRT4.dll
0x0000000077320000 - 0x000000007741a000 	C:\Windows\system32\USER32.dll
0x000007fefec70000 - 0x000007fefecd7000 	C:\Windows\system32\GDI32.dll
0x000007fefe880000 - 0x000007fefe88e000 	C:\Windows\system32\LPK.dll
0x000007feff550000 - 0x000007feff61a000 	C:\Windows\system32\USP10.dll
0x000007fefc1d0000 - 0x000007fefc3c4000 	C:\Windows\WinSxS\amd64_microsoft.windows.common-controls_6595b64144ccf1df_6.0.7601.18837_none_fa3b1e3d17594757\COMCTL32.dll
0x000007fefd820000 - 0x000007fefd891000 	C:\Windows\system32\SHLWAPI.dll
0x000007fefd7f0000 - 0x000007fefd81e000 	C:\Windows\system32\IMM32.DLL
0x000007fefeec0000 - 0x000007fefefc9000 	C:\Windows\system32\MSCTF.dll
0x0000000061210000 - 0x00000000612e2000 	C:\Program Files\Java\jdk1.8.0_73\jre\bin\msvcr100.dll
0x0000000054f90000 - 0x0000000055820000 	C:\Program Files\Java\jdk1.8.0_73\jre\bin\server\jvm.dll
0x000007feec600000 - 0x000007feec609000 	C:\Windows\system32\WSOCK32.dll
0x000007fefec20000 - 0x000007fefec6d000 	C:\Windows\system32\WS2_32.dll
0x000007fefeb70000 - 0x000007fefeb78000 	C:\Windows\system32\NSI.dll
0x000007fefbed0000 - 0x000007fefbf0b000 	C:\Windows\system32\WINMM.dll
0x000007fefc5b0000 - 0x000007fefc5bc000 	C:\Windows\system32\VERSION.dll
0x0000000077700000 - 0x0000000077707000 	C:\Windows\system32\PSAPI.DLL
0x0000000071c70000 - 0x0000000071c7f000 	C:\Program Files\Java\jdk1.8.0_73\jre\bin\verify.dll
0x0000000071c40000 - 0x0000000071c69000 	C:\Program Files\Java\jdk1.8.0_73\jre\bin\java.dll
0x0000000065c70000 - 0x0000000065c86000 	C:\Program Files\Java\jdk1.8.0_73\jre\bin\zip.dll
0x000007fefd8a0000 - 0x000007fefe62a000 	C:\Windows\system32\SHELL32.dll
0x000007feff640000 - 0x000007feff843000 	C:\Windows\system32\ole32.dll
0x000007fefd280000 - 0x000007fefd28f000 	C:\Windows\system32\profapi.dll

VM Arguments:
jvm_args: -Djava.awt.headless=true -Xmx1024M -Dfile.encoding=windows-1251 -Duser.country=RU -Duser.language=ru -Duser.variant 
java_command: com.android.dx.command.Main --dex --force-jumbo --num-threads=4 --output C:\asp\NGS_vacancy\app\build\intermediates\pre-dexed\debug\com.android.support-recyclerview-v7-24.2.1_6fe3ca0d5c2e55e47fe14c7839e5f7d6f72735bb.jar C:\asp\NGS_vacancy\app\build\intermediates\exploded-aar\com.android.support\recyclerview-v7\24.2.1\jars\classes.jar
java_class_path (initial): C:\Users\avtseben\AppData\Local\Android\Sdk\build-tools\23.0.3\lib\dx.jar
Launcher Type: SUN_STANDARD

Environment Variables:
PATH=C:\Program Files\Broadcom\Broadcom 802.11;c:\Program Files (x86)\Intel\iCLS Client\;c:\Program Files\Intel\iCLS Client\;C:\ProgramData\Oracle\Java\javapath;C:\Windows\system32;C:\Windows;C:\Windows\System32\Wbem;C:\Windows\System32\WindowsPowerShell\v1.0\;C:\Program Files\Intel\Intel(R) Management Engine Components\DAL;C:\Program Files\Intel\Intel(R) Management Engine Components\IPT;C:\Program Files (x86)\Intel\Intel(R) Management Engine Components\DAL;C:\Program Files (x86)\Intel\Intel(R) Management Engine Components\IPT;c:\Program Files\WIDCOMM\Bluetooth Software\;c:\Program Files\WIDCOMM\Bluetooth Software\syswow64;C:\Program Files (x86)\Hewlett-Packard\HP ProtectTools Security Manager\Bin\;C:\Program Files (x86)\Skype\Phone\;C:\Program Files\OpenVPN\bin;C:\androidSDK\platform-tools\;C:\Program Files\Broadcom\Broadcom 802.11;c:\Program Files (x86)\Intel\iCLS Client\;c:\Program Files\Intel\iCLS Client\;C:\ProgramData\Oracle\Java\javapath;C:\Windows\system32;C:\Windows;C:\Windows\System32\Wbem;C:\Windows\System32\WindowsPowerShell\v1.0\;C:\Program Files\Intel\Intel(R) Management Engine Components\DAL;C:\Program Files\Intel\Intel(R) Management Engine Components\IPT;C:\Program Files (x86)\Intel\Intel(R) Management Engine Components\DAL;C:\Program Files (x86)\Intel\Intel(R) Management Engine Components\IPT;c:\Program Files\WIDCOMM\Bluetooth Software\;c:\Program Files\WIDCOMM\Bluetooth Software\syswow64;C:\Program Files (x86)\Hewlett-Packard\HP ProtectTools Security Manager\Bin\;C:\Program Files (x86)\Brackets\command;C:\Program Files (x86)\Skype\Phone\;C:\Program Files (x86)\ufs2tools-0.8\ufs2tools\;C:\Program Files\Git\bin\;C:\androidSDK\platform-tools;C:\gradle\bin
USERNAME=avtseben
OS=Windows_NT
PROCESSOR_IDENTIFIER=Intel64 Family 6 Model 58 Stepping 9, GenuineIntel



---------------  S Y S T E M  ---------------

OS: Windows 7 , 64 bit Build 7601 (6.1.7601.23572)

CPU:total 4 (2 cores per cpu, 2 threads per core) family 6 model 58 stepping 9, cmov, cx8, fxsr, mmx, sse, sse2, sse3, ssse3, sse4.1, sse4.2, popcnt, avx, aes, clmul, erms, ht, tsc, tscinvbit, tscinv

Memory: 4k page, physical 4056748k(337504k free), swap 5123076k(5872k free)

vm_info: Java HotSpot(TM) 64-Bit Server VM (25.73-b02) for windows-amd64 JRE (1.8.0_73-b02), built on Jan 29 2016 17:38:49 by "java_re" with MS VC++ 10.0 (VS2010)

time: Sat Dec 24 11:40:25 2016
elapsed time: 11 seconds (0d 0h 0m 11s)

