#
# There is insufficient memory for the Java Runtime Environment to continue.
# Native memory allocation (malloc) failed to allocate 925456 bytes for Chunk::new
# Possible reasons:
#   The system is out of physical RAM or swap space
#   In 32 bit mode, the process size limit was hit
# Possible solutions:
#   Reduce memory load on the system
#   Increase physical memory or swap space
#   Check if swap backing store is full
#   Use 64 bit Java on a 64 bit OS
#   Decrease Java heap size (-Xmx/-Xms)
#   Decrease number of Java threads
#   Decrease Java thread stack sizes (-Xss)
#   Set larger code cache with -XX:ReservedCodeCacheSize=
# This output file may be truncated or incomplete.
#
#  Out of Memory Error (allocation.cpp:390), pid=2624, tid=4616
#
# JRE version: Java(TM) SE Runtime Environment (8.0_73-b02) (build 1.8.0_73-b02)
# Java VM: Java HotSpot(TM) 64-Bit Server VM (25.73-b02 mixed mode windows-amd64 compressed oops)
# Failed to write core dump. Minidumps are not enabled by default on client versions of Windows
#

---------------  T H R E A D  ---------------

Current thread (0x0000000056d97800):  JavaThread "C2 CompilerThread1" daemon [_thread_in_native, id=4616, stack(0x0000000057860000,0x0000000057960000)]

Stack: [0x0000000057860000,0x0000000057960000]
[error occurred during error reporting (printing stack bounds), id 0xc0000005]

Native frames: (J=compiled Java code, j=interpreted, Vv=VM code, C=native code)


Current CompileTask:
C2:   2040 1228       4       com.android.dx.ssa.SCCP::simulateStmt (481 bytes)


---------------  P R O C E S S  ---------------

Java Threads: ( => current thread )
  0x0000000057072800 JavaThread "pool-1-thread-4" [_thread_blocked, id=8624, stack(0x0000000058430000,0x0000000058530000)]
  0x0000000057047800 JavaThread "pool-1-thread-3" [_thread_blocked, id=7784, stack(0x00000000588c0000,0x00000000589c0000)]
  0x0000000057007000 JavaThread "pool-1-thread-2" [_thread_in_Java, id=8576, stack(0x00000000586e0000,0x00000000587e0000)]
  0x0000000057003800 JavaThread "pool-2-thread-1" [_thread_blocked, id=4508, stack(0x00000000585c0000,0x00000000586c0000)]
  0x0000000057044000 JavaThread "pool-1-thread-1" [_thread_blocked, id=3600, stack(0x00000000582e0000,0x00000000583e0000)]
  0x0000000056d9c800 JavaThread "Service Thread" daemon [_thread_blocked, id=6900, stack(0x00000000574a0000,0x00000000575a0000)]
  0x0000000056d99800 JavaThread "C1 CompilerThread2" daemon [_thread_blocked, id=1928, stack(0x0000000057980000,0x0000000057a80000)]
=>0x0000000056d97800 JavaThread "C2 CompilerThread1" daemon [_thread_in_native, id=4616, stack(0x0000000057860000,0x0000000057960000)]
  0x0000000056d43800 JavaThread "C2 CompilerThread0" daemon [_thread_blocked, id=8812, stack(0x00000000575f0000,0x00000000576f0000)]
  0x0000000056d40800 JavaThread "Attach Listener" daemon [_thread_blocked, id=7624, stack(0x00000000573a0000,0x00000000574a0000)]
  0x0000000055a11800 JavaThread "Signal Dispatcher" daemon [_thread_blocked, id=3368, stack(0x00000000571d0000,0x00000000572d0000)]
  0x00000000559b7800 JavaThread "Finalizer" daemon [_thread_blocked, id=8756, stack(0x0000000056ae0000,0x0000000056be0000)]
  0x00000000559b0800 JavaThread "Reference Handler" daemon [_thread_blocked, id=8276, stack(0x0000000056c40000,0x0000000056d40000)]
  0x000000000228e800 JavaThread "main" [_thread_in_Java, id=6808, stack(0x00000000024f0000,0x00000000025f0000)]

Other Threads:
  0x00000000559ab000 VMThread [stack: 0x0000000056970000,0x0000000056a70000] [id=9128]
  0x0000000056da4000 WatcherThread [stack: 0x0000000057700000,0x0000000057800000] [id=6804]

VM state:not at safepoint (normal execution)

VM Mutex/Monitor currently owned by a thread: None

Heap:
 PSYoungGen      total 34304K, used 12153K [0x00000000eab00000, 0x00000000ecf00000, 0x0000000100000000)
  eden space 31744K, 30% used [0x00000000eab00000,0x00000000eb4639b8,0x00000000eca00000)
  from space 2560K, 99% used [0x00000000ecc80000,0x00000000ecefaa90,0x00000000ecf00000)
  to   space 2560K, 0% used [0x00000000eca00000,0x00000000eca00000,0x00000000ecc80000)
 ParOldGen       total 42496K, used 2087K [0x00000000c0000000, 0x00000000c2980000, 0x00000000eab00000)
  object space 42496K, 4% used [0x00000000c0000000,0x00000000c0209d68,0x00000000c2980000)
 Metaspace       used 5917K, capacity 6960K, committed 7040K, reserved 1056768K
  class space    used 588K, capacity 616K, committed 640K, reserved 1048576K

Card table byte_map: [0x0000000011c80000,0x0000000011e90000] byte_map_base: 0x0000000011680000

Marking Bits: (ParMarkBitMap*) 0x00000000557a0600
 Begin Bits: [0x0000000012530000, 0x0000000013530000)
 End Bits:   [0x0000000013530000, 0x0000000014530000)

Polling page: 0x00000000001c0000

CodeCache: size=245760Kb used=5279Kb max_used=5279Kb free=240480Kb
 bounds [0x00000000028c0000, 0x0000000002df0000, 0x00000000118c0000]
 total_blobs=1564 nmethods=1300 adapters=176
 compilation: disabled (not enough contiguous free space left)

Compilation events (10 events):
Event: 2.015 Thread 0x0000000056d99800 nmethod 1304 0x0000000002dd6810 code [0x0000000002dd6a80, 0x0000000002dd7838]
Event: 2.015 Thread 0x0000000056d99800 1309       3       com.android.dx.ssa.PhiInsn::predBlockIndexForSourcesIndex (15 bytes)
Event: 2.016 Thread 0x0000000056d99800 nmethod 1309 0x0000000002dd8410 code [0x0000000002dd85c0, 0x0000000002dd8a98]
Event: 2.016 Thread 0x0000000056d99800 1308       3       com.android.dx.rop.cst.CstString::getType (4 bytes)
Event: 2.016 Thread 0x0000000056d99800 nmethod 1308 0x0000000002dd8e10 code [0x0000000002dd8f60, 0x0000000002dd90b0]
Event: 2.016 Thread 0x0000000056d99800 1307       1       com.android.dx.ssa.back.FirstFitLocalCombiningAllocator$Multiset::getSize (5 bytes)
Event: 2.016 Thread 0x0000000056d99800 nmethod 1307 0x0000000002d961d0 code [0x0000000002d96320, 0x0000000002d96430]
Event: 2.016 Thread 0x0000000056d99800 1306       3       com.android.dx.cf.code.Simulator$SimVisitor::visitNoArgs (2108 bytes)
Event: 2.022 Thread 0x0000000056d43800 

Event: 2.026 Thread 0x0000000056d99800 nmethod 1306 0x0000000002ddcf50 code [0x0000000002ddde20, 0x0000000002de9668]

GC Heap History (4 events):
Event: 1.242 GC heap before
{Heap before GC invocations=1 (full 0):
 PSYoungGen      total 18432K, used 15872K [0x00000000eab00000, 0x00000000ebf80000, 0x0000000100000000)
  eden space 15872K, 100% used [0x00000000eab00000,0x00000000eba80000,0x00000000eba80000)
  from space 2560K, 0% used [0x00000000ebd00000,0x00000000ebd00000,0x00000000ebf80000)
  to   space 2560K, 0% used [0x00000000eba80000,0x00000000eba80000,0x00000000ebd00000)
 ParOldGen       total 42496K, used 0K [0x00000000c0000000, 0x00000000c2980000, 0x00000000eab00000)
  object space 42496K, 0% used [0x00000000c0000000,0x00000000c0000000,0x00000000c2980000)
 Metaspace       used 5318K, capacity 6448K, committed 6528K, reserved 1056768K
  class space    used 583K, capacity 616K, committed 640K, reserved 1048576K
Event: 1.318 GC heap after
Heap after GC invocations=1 (full 0):
 PSYoungGen      total 18432K, used 2539K [0x00000000eab00000, 0x00000000ecf00000, 0x0000000100000000)
  eden space 15872K, 0% used [0x00000000eab00000,0x00000000eab00000,0x00000000eba80000)
  from space 2560K, 99% used [0x00000000eba80000,0x00000000ebcfadc0,0x00000000ebd00000)
  to   space 2560K, 0% used [0x00000000ecc80000,0x00000000ecc80000,0x00000000ecf00000)
 ParOldGen       total 42496K, used 706K [0x00000000c0000000, 0x00000000c2980000, 0x00000000eab00000)
  object space 42496K, 1% used [0x00000000c0000000,0x00000000c00b08c0,0x00000000c2980000)
 Metaspace       used 5318K, capacity 6448K, committed 6528K, reserved 1056768K
  class space    used 583K, capacity 616K, committed 640K, reserved 1048576K
}
Event: 1.767 GC heap before
{Heap before GC invocations=2 (full 0):
 PSYoungGen      total 18432K, used 18411K [0x00000000eab00000, 0x00000000ecf00000, 0x0000000100000000)
  eden space 15872K, 100% used [0x00000000eab00000,0x00000000eba80000,0x00000000eba80000)
  from space 2560K, 99% used [0x00000000eba80000,0x00000000ebcfadc0,0x00000000ebd00000)
  to   space 2560K, 0% used [0x00000000ecc80000,0x00000000ecc80000,0x00000000ecf00000)
 ParOldGen       total 42496K, used 706K [0x00000000c0000000, 0x00000000c2980000, 0x00000000eab00000)
  object space 42496K, 1% used [0x00000000c0000000,0x00000000c00b08c0,0x00000000c2980000)
 Metaspace       used 5824K, capacity 6896K, committed 7040K, reserved 1056768K
  class space    used 588K, capacity 616K, committed 640K, reserved 1048576K
Event: 1.780 GC heap after
Heap after GC invocations=2 (full 0):
 PSYoungGen      total 34304K, used 2538K [0x00000000eab00000, 0x00000000ecf00000, 0x0000000100000000)
  eden space 31744K, 0% used [0x00000000eab00000,0x00000000eab00000,0x00000000eca00000)
  from space 2560K, 99% used [0x00000000ecc80000,0x00000000ecefaa90,0x00000000ecf00000)
  to   space 2560K, 0% used [0x00000000eca00000,0x00000000eca00000,0x00000000ecc80000)
 ParOldGen       total 42496K, used 2087K [0x00000000c0000000, 0x00000000c2980000, 0x00000000eab00000)
  object space 42496K, 4% used [0x00000000c0000000,0x00000000c0209d68,0x00000000c2980000)
 Metaspace       used 5824K, capacity 6896K, committed 7040K, reserved 1056768K
  class space    used 588K, capacity 616K, committed 640K, reserved 1048576K
}

Deoptimization events (9 events):
Event: 1.373 Thread 0x0000000057007000 Uncommon trap: reason=unstable_if action=reinterpret pc=0x0000000002ab90e4 method=java.util.HashMap.getNode(ILjava/lang/Object;)Ljava/util/HashMap$Node; @ 62
Event: 1.449 Thread 0x0000000057007000 Uncommon trap: reason=bimorphic action=maybe_recompile pc=0x0000000002b183d4 method=java.util.HashMap.getNode(ILjava/lang/Object;)Ljava/util/HashMap$Node; @ 126
Event: 1.580 Thread 0x0000000057044000 Uncommon trap: reason=unstable_if action=reinterpret pc=0x0000000002bb2d50 method=com.android.dx.rop.code.RegisterSpec.equals(ILcom/android/dx/rop/type/TypeBearer;Lcom/android/dx/rop/code/LocalItem;)Z @ 42
Event: 1.623 Thread 0x0000000057044000 Uncommon trap: reason=bimorphic action=maybe_recompile pc=0x0000000002b183d4 method=java.util.HashMap.getNode(ILjava/lang/Object;)Ljava/util/HashMap$Node; @ 126
Event: 1.690 Thread 0x0000000057044000 Uncommon trap: reason=unstable_if action=reinterpret pc=0x0000000002c31af8 method=com.android.dx.rop.code.LocalItem.hashCode()I @ 25
Event: 1.691 Thread 0x0000000057044000 Uncommon trap: reason=unstable_if action=reinterpret pc=0x0000000002bb0058 method=com.android.dx.rop.code.LocalItem.hashCode()I @ 25
Event: 1.691 Thread 0x0000000057044000 Uncommon trap: reason=unstable_if action=reinterpret pc=0x0000000002c14d9c method=com.android.dx.rop.code.RegisterSpecSet.put(Lcom/android/dx/rop/code/RegisterSpec;)V @ 77
Event: 1.691 Thread 0x0000000057044000 Uncommon trap: reason=unstable_if action=reinterpret pc=0x0000000002c4720c method=com.android.dx.rop.code.RegisterSpecSet.put(Lcom/android/dx/rop/code/RegisterSpec;)V @ 77
Event: 1.994 Thread 0x0000000057007000 Uncommon trap: reason=unstable_if action=reinterpret pc=0x0000000002bf46d0 method=com.android.dx.rop.code.LocalItem.hashCode()I @ 25

Internal exceptions (2 events):
Event: 0.057 Thread 0x000000000228e800 Exception <a 'java/lang/NoSuchMethodError': Method sun.misc.Unsafe.defineClass(Ljava/lang/String;[BII)Ljava/lang/Class; name or signature does not match> (0x00000000eab130d8) thrown at [D:\re\puppet\workspace\8-2-build-windows-amd64-cygwin\jdk8u73\6086\hot\9·˜pj­?
Event: 0.057 Thread 0x000000000228e800 Exception <a 'java/lang/NoSuchMethodError': Method sun.misc.Unsafe.prefetchRead(Ljava/lang/Object;J)V name or signature does not match> (0x00000000eab133c0) thrown at [D:\re\puppet\workspace\8-2-build-windows-amd64-cygwin\jdk8u73\6086\hotspot\src\share\vm\

Events (10 events):
Event: 1.691 Thread 0x0000000057044000 DEOPT PACKING pc=0x0000000002c14d9c sp=0x00000000583deb40
Event: 1.691 Thread 0x0000000057044000 DEOPT UNPACKING pc=0x000000000290582a sp=0x00000000583deac8 mode 2
Event: 1.691 Thread 0x0000000057044000 Uncommon trap: trap_request=0xffffff65 fr.pc=0x0000000002c4720c
Event: 1.691 Thread 0x0000000057044000 DEOPT PACKING pc=0x0000000002c4720c sp=0x00000000583deb30
Event: 1.691 Thread 0x0000000057044000 DEOPT UNPACKING pc=0x000000000290582a sp=0x00000000583dea50 mode 2
Event: 1.761 Executing VM operation: ParallelGCFailedAllocation
Event: 1.780 Executing VM operation: ParallelGCFailedAllocation done
Event: 1.994 Thread 0x0000000057007000 Uncommon trap: trap_request=0xffffff65 fr.pc=0x0000000002bf46d0
Event: 1.994 Thread 0x0000000057007000 DEOPT PACKING pc=0x0000000002bf46d0 sp=0x00000000587de770
Event: 1.995 Thread 0x0000000057007000 DEOPT UNPACKING pc=0x000000000290582a sp=0x00000000587de330 mode 2


Dynamic libraries:
0x000000013f060000 - 0x000000013f097000 	C:\Program Files\Java\jdk1.8.0_73\bin\java.exe
0x0000000077540000 - 0x00000000776ea000 	C:\Windows\SYSTEM32\ntdll.dll
0x0000000077420000 - 0x000000007753f000 	C:\Windows\system32\kernel32.dll
0x000007fefd330000 - 0x000007fefd39a000 	C:\Windows\system32\KERNELBASE.dll
0x0000000074f70000 - 0x0000000074ff7000 	C:\Windows\System32\SYSFER.DLL
0x000007fefd630000 - 0x000007fefd70b000 	C:\Windows\system32\ADVAPI32.dll
0x000007fefeb80000 - 0x000007fefec1f000 	C:\Windows\system32\msvcrt.dll
0x000007feff620000 - 0x000007feff63f000 	C:\Windows\SYSTEM32\sechost.dll
0x000007fefe6d0000 - 0x000007fefe7fd000 	C:\Windows\system32\RPCRT4.dll
0x0000000077320000 - 0x000000007741a000 	C:\Windows\system32\USER32.dll
0x000007fefec70000 - 0x000007fefecd7000 	C:\Windows\system32\GDI32.dll
0x000007fefe880000 - 0x000007fefe88e000 	C:\Windows\system32\LPK.dll
0x000007feff550000 - 0x000007feff61a000 	C:\Windows\system32\USP10.dll
0x000007fefc1d0000 - 0x000007fefc3c4000 	C:\Windows\WinSxS\amd64_microsoft.windows.common-controls_6595b64144ccf1df_6.0.7601.18837_none_fa3b1e3d17594757\COMCTL32.dll
0x000007fefd820000 - 0x000007fefd891000 	C:\Windows\system32\SHLWAPI.dll
0x000007fefd7f0000 - 0x000007fefd81e000 	C:\Windows\system32\IMM32.DLL
0x000007fefeec0000 - 0x000007fefefc9000 	C:\Windows\system32\MSCTF.dll
0x0000000061210000 - 0x00000000612e2000 	C:\Program Files\Java\jdk1.8.0_73\jre\bin\msvcr100.dll
0x0000000054f90000 - 0x0000000055820000 	C:\Program Files\Java\jdk1.8.0_73\jre\bin\server\jvm.dll
0x000007feec600000 - 0x000007feec609000 	C:\Windows\system32\WSOCK32.dll
0x000007fefec20000 - 0x000007fefec6d000 	C:\Windows\system32\WS2_32.dll
0x000007fefeb70000 - 0x000007fefeb78000 	C:\Windows\system32\NSI.dll
0x000007fefbed0000 - 0x000007fefbf0b000 	C:\Windows\system32\WINMM.dll
0x000007fefc5b0000 - 0x000007fefc5bc000 	C:\Windows\system32\VERSION.dll
0x0000000077700000 - 0x0000000077707000 	C:\Windows\system32\PSAPI.DLL
0x0000000071c70000 - 0x0000000071c7f000 	C:\Program Files\Java\jdk1.8.0_73\jre\bin\verify.dll
0x0000000071c40000 - 0x0000000071c69000 	C:\Program Files\Java\jdk1.8.0_73\jre\bin\java.dll
0x0000000065c70000 - 0x0000000065c86000 	C:\Program Files\Java\jdk1.8.0_73\jre\bin\zip.dll
0x000007fefd8a0000 - 0x000007fefe62a000 	C:\Windows\system32\SHELL32.dll
0x000007feff640000 - 0x000007feff843000 	C:\Windows\system32\ole32.dll
0x000007fefd280000 - 0x000007fefd28f000 	C:\Windows\system32\profapi.dll

VM Arguments:
jvm_args: -Djava.awt.headless=true -Xmx1024M -Dfile.encoding=windows-1251 -Duser.country=RU -Duser.language=ru -Duser.variant 
java_command: com.android.dx.command.Main --dex --force-jumbo --num-threads=4 --output C:\asp\NGS_vacancy\app\build\intermediates\pre-dexed\debug\com.android.support-appcompat-v7-24.2.1_b8fc76940b90b1bf31676be24080741d0a073b03.jar C:\asp\NGS_vacancy\app\build\intermediates\exploded-aar\com.android.support\appcompat-v7\24.2.1\jars\classes.jar
java_class_path (initial): C:\Users\avtseben\AppData\Local\Android\Sdk\build-tools\23.0.3\lib\dx.jar
Launcher Type: SUN_STANDARD

Environment Variables:
PATH=C:\Program Files\Broadcom\Broadcom 802.11;c:\Program Files (x86)\Intel\iCLS Client\;c:\Program Files\Intel\iCLS Client\;C:\ProgramData\Oracle\Java\javapath;C:\Windows\system32;C:\Windows;C:\Windows\System32\Wbem;C:\Windows\System32\WindowsPowerShell\v1.0\;C:\Program Files\Intel\Intel(R) Management Engine Components\DAL;C:\Program Files\Intel\Intel(R) Management Engine Components\IPT;C:\Program Files (x86)\Intel\Intel(R) Management Engine Components\DAL;C:\Program Files (x86)\Intel\Intel(R) Management Engine Components\IPT;c:\Program Files\WIDCOMM\Bluetooth Software\;c:\Program Files\WIDCOMM\Bluetooth Software\syswow64;C:\Program Files (x86)\Hewlett-Packard\HP ProtectTools Security Manager\Bin\;C:\Program Files (x86)\Skype\Phone\;C:\Program Files\OpenVPN\bin;C:\androidSDK\platform-tools\;C:\Program Files\Broadcom\Broadcom 802.11;c:\Program Files (x86)\Intel\iCLS Client\;c:\Program Files\Intel\iCLS Client\;C:\ProgramData\Oracle\Java\javapath;C:\Windows\system32;C:\Windows;C:\Windows\System32\Wbem;C:\Windows\System32\WindowsPowerShell\v1.0\;C:\Program Files\Intel\Intel(R) Management Engine Components\DAL;C:\Program Files\Intel\Intel(R) Management Engine Components\IPT;C:\Program Files (x86)\Intel\Intel(R) Management Engine Components\DAL;C:\Program Files (x86)\Intel\Intel(R) Management Engine Components\IPT;c:\Program Files\WIDCOMM\Bluetooth Software\;c:\Program Files\WIDCOMM\Bluetooth Software\syswow64;C:\Program Files (x86)\Hewlett-Packard\HP ProtectTools Security Manager\Bin\;C:\Program Files (x86)\Brackets\command;C:\Program Files (x86)\Skype\Phone\;C:\Program Files (x86)\ufs2tools-0.8\ufs2tools\;C:\Program Files\Git\bin\;C:\androidSDK\platform-tools;C:\gradle\bin
USERNAME=avtseben
OS=Windows_NT
PROCESSOR_IDENTIFIER=Intel64 Family 6 Model 58 Stepping 9, GenuineIntel



---------------  S Y S T E M  ---------------

OS: Windows 7 , 64 bit Build 7601 (6.1.7601.23572)

CPU:total 4 (2 cores per cpu, 2 threads per core) family 6 model 58 stepping 9, cmov, cx8, fxsr, mmx, sse, sse2, sse3, ssse3, sse4.1, sse4.2, popcnt, avx, aes, clmul, erms, ht, tsc, tscinvbit, tscinv

Memory: 4k page, physical 4056748k(326120k free), swap 5123076k(5216k free)

vm_info: Java HotSpot(TM) 64-Bit Server VM (25.73-b02) for windows-amd64 JRE (1.8.0_73-b02), built on Jan 29 2016 17:38:49 by "java_re" with MS VC++ 10.0 (VS2010)

time: Sat Dec 24 11:40:46 2016
elapsed time: 2 seconds (0d 0h 0m 2s)

