#
# There is insufficient memory for the Java Runtime Environment to continue.
# Native memory allocation (malloc) failed to allocate 432176 bytes for Chunk::new
# Possible reasons:
#   The system is out of physical RAM or swap space
#   In 32 bit mode, the process size limit was hit
# Possible solutions:
#   Reduce memory load on the system
#   Increase physical memory or swap space
#   Check if swap backing store is full
#   Use 64 bit Java on a 64 bit OS
#   Decrease Java heap size (-Xmx/-Xms)
#   Decrease number of Java threads
#   Decrease Java thread stack sizes (-Xss)
#   Set larger code cache with -XX:ReservedCodeCacheSize=
# This output file may be truncated or incomplete.
#
#  Out of Memory Error (allocation.cpp:390), pid=7372, tid=7040
#
# JRE version: Java(TM) SE Runtime Environment (8.0_73-b02) (build 1.8.0_73-b02)
# Java VM: Java HotSpot(TM) 64-Bit Server VM (25.73-b02 mixed mode windows-amd64 compressed oops)
# Failed to write core dump. Minidumps are not enabled by default on client versions of Windows
#

---------------  T H R E A D  ---------------

Current thread (0x0000000056324800):  JavaThread "C2 CompilerThread0" daemon [_thread_in_native, id=7040, stack(0x0000000056910000,0x0000000056a10000)]

Stack: [0x0000000056910000,0x0000000056a10000]
[error occurred during error reporting (printing stack bounds), id 0xc0000005]

Native frames: (J=compiled Java code, j=interpreted, Vv=VM code, C=native code)


Current CompileTask:
C2:   1426  596       4       com.android.dx.ssa.NormalSsaInsn::accept (25 bytes)


---------------  P R O C E S S  ---------------

Java Threads: ( => current thread )
  0x00000000564b3000 JavaThread "pool-1-thread-4" [_thread_new, id=7976, stack(0x0000000000000000,0x0000000000000000)]
  0x00000000564b1800 JavaThread "pool-1-thread-3" [_thread_in_Java, id=5204, stack(0x00000000574f0000,0x00000000575f0000)]
  0x00000000564b0800 JavaThread "pool-1-thread-2" [_thread_in_Java, id=5356, stack(0x00000000572b0000,0x00000000573b0000)]
  0x00000000564af000 JavaThread "pool-2-thread-1" [_thread_blocked, id=1520, stack(0x0000000056a10000,0x0000000056b10000)]
  0x00000000564ae000 JavaThread "pool-1-thread-1" [_thread_new, id=4524, stack(0x0000000000000000,0x0000000000000000)]
  0x000000005632a800 JavaThread "Service Thread" daemon [_thread_blocked, id=5028, stack(0x0000000056e80000,0x0000000056f80000)]
  0x0000000056328000 JavaThread "C1 CompilerThread2" daemon [_thread_in_vm, id=4480, stack(0x0000000056cb0000,0x0000000056db0000)]
  0x0000000056327000 JavaThread "C2 CompilerThread1" daemon [_thread_in_native, id=7396, stack(0x0000000056b30000,0x0000000056c30000)]
=>0x0000000056324800 JavaThread "C2 CompilerThread0" daemon [_thread_in_native, id=7040, stack(0x0000000056910000,0x0000000056a10000)]
  0x0000000056321800 JavaThread "Attach Listener" daemon [_thread_blocked, id=2348, stack(0x0000000056790000,0x0000000056890000)]
  0x0000000054ff1000 JavaThread "Signal Dispatcher" daemon [_thread_blocked, id=5116, stack(0x0000000056100000,0x0000000056200000)]
  0x0000000054f92000 JavaThread "Finalizer" daemon [_thread_blocked, id=768, stack(0x0000000056220000,0x0000000056320000)]
  0x0000000054f90800 JavaThread "Reference Handler" daemon [_thread_blocked, id=7576, stack(0x0000000055fc0000,0x00000000560c0000)]
  0x000000000066e800 JavaThread "main" [_thread_in_Java, id=228, stack(0x0000000002350000,0x0000000002450000)]

Other Threads:
  0x0000000054f8b000 VMThread [stack: 0x0000000055e20000,0x0000000055f20000] [id=5680]
  0x0000000056396800 WatcherThread [stack: 0x0000000057120000,0x0000000057220000] [id=7844]

VM state:not at safepoint (normal execution)

VM Mutex/Monitor currently owned by a thread: None

Heap:
 PSYoungGen      total 18432K, used 12068K [0x00000000eab00000, 0x00000000ebf80000, 0x0000000100000000)
  eden space 15872K, 76% used [0x00000000eab00000,0x00000000eb6c9350,0x00000000eba80000)
  from space 2560K, 0% used [0x00000000ebd00000,0x00000000ebd00000,0x00000000ebf80000)
  to   space 2560K, 0% used [0x00000000eba80000,0x00000000eba80000,0x00000000ebd00000)
 ParOldGen       total 42496K, used 0K [0x00000000c0000000, 0x00000000c2980000, 0x00000000eab00000)
  object space 42496K, 0% used [0x00000000c0000000,0x00000000c0000000,0x00000000c2980000)
 Metaspace       used 5614K, capacity 6640K, committed 6784K, reserved 1056768K
  class space    used 597K, capacity 616K, committed 640K, reserved 1048576K

Card table byte_map: [0x0000000011ae0000,0x0000000011cf0000] byte_map_base: 0x00000000114e0000

Marking Bits: (ParMarkBitMap*) 0x000000005df70600
 Begin Bits: [0x0000000012400000, 0x0000000013400000)
 End Bits:   [0x0000000013400000, 0x0000000014400000)

Polling page: 0x0000000000650000

CodeCache: size=245760Kb used=2604Kb max_used=2604Kb free=243155Kb
 bounds [0x0000000002720000, 0x00000000029b0000, 0x0000000011720000]
 total_blobs=893 nmethods=624 adapters=182
 compilation: enabled

Compilation events (10 events):
Event: 1.422 Thread 0x0000000056328000 nmethod 622 0x00000000029a6d90 code [0x00000000029a6ee0, 0x00000000029a7090]
Event: 1.422 Thread 0x0000000056328000  623       3       com.android.dx.ssa.SsaRenamer$BlockRenamer$RenamingMapper::map (28 bytes)
Event: 1.423 Thread 0x0000000056328000 nmethod 623 0x00000000029a7110 code [0x00000000029a72a0, 0x00000000029a7768]
Event: 1.423 Thread 0x0000000056328000  627       3       com.android.dx.ssa.SsaMethod$2::visitNonMoveInsn (6 bytes)
Event: 1.423 Thread 0x0000000056328000 nmethod 627 0x00000000029a8e90 code [0x00000000029a9000, 0x00000000029a9188]
Event: 1.423 Thread 0x0000000056328000  628       3       com.android.dx.ssa.SCCP::addBlockToWorklist (47 bytes)
Event: 1.423 Thread 0x0000000056327000 nmethod 629 0x00000000029aaa10 code [0x00000000029aab60, 0x00000000029aac48]
Event: 1.423 Thread 0x0000000056327000  630       4       java.util.HashMap::containsKey (18 bytes)
Event: 1.424 Thread 0x0000000056328000 nmethod 628 0x00000000029a7990 code [0x00000000029a7ba0, 0x00000000029a8758]
Event: 1.424 Thread 0x0000000056328000  631       3       com.android.dx.ssa.back.InterferenceGraph::ensureCapacity (42 bytes)

GC Heap History (0 events):
No events

Deoptimization events (1 events):
Event: 1.393 Thread 0x00000000564b0800 Uncommon trap: reason=unstable_if action=reinterpret pc=0x0000000002956b08 method=java.util.HashMap.getNode(ILjava/lang/Object;)Ljava/util/HashMap$Node; @ 129

Internal exceptions (2 events):
Event: 0.255 Thread 0x000000000066e800 Exception <a 'java/lang/NoSuchMethodError': Method sun.misc.Unsafe.defineClass(Ljava/lang/String;[BII)Ljava/lang/Class; name or signature does not match> (0x00000000eab130d8) thrown at [D:\re\puppet\workspace\8-2-build-windows-amd64-cygwin\jdk8u73\6086\hotg¸|»OÐ?
Event: 0.255 Thread 0x000000000066e800 Exception <a 'java/lang/NoSuchMethodError': Method sun.misc.Unsafe.prefetchRead(Ljava/lang/Object;J)V name or signature does not match> (0x00000000eab133c0) thrown at [D:\re\puppet\workspace\8-2-build-windows-amd64-cygwin\jdk8u73\6086\hotspot\src\share\vm\

Events (10 events):
Event: 1.361 loading class java/util/TreeMap$EntrySet done
Event: 1.361 loading class java/util/TreeMap$EntryIterator
Event: 1.361 loading class java/util/TreeMap$EntryIterator done
Event: 1.385 loading class com/android/dx/cf/code/BytecodeArray$ConstantParserVisitor
Event: 1.385 loading class com/android/dx/cf/code/BytecodeArray$ConstantParserVisitor done
Event: 1.393 Thread 0x00000000564b0800 Uncommon trap: trap_request=0xffffff65 fr.pc=0x0000000002956b08
Event: 1.393 Thread 0x00000000564b0800 DEOPT PACKING pc=0x0000000002956b08 sp=0x00000000573ae810
Event: 1.393 Thread 0x00000000564b0800 DEOPT UNPACKING pc=0x000000000276582a sp=0x00000000573ae788 mode 2
Event: 1.424 loading class java/util/ArrayList$1
Event: 1.424 loading class java/util/ArrayList$1 done


Dynamic libraries:
0x000000013f120000 - 0x000000013f157000 	C:\Program Files\Java\jdk1.8.0_73\bin\java.exe
0x0000000077b10000 - 0x0000000077cba000 	C:\Windows\SYSTEM32\ntdll.dll
0x00000000779f0000 - 0x0000000077b0f000 	C:\Windows\system32\kernel32.dll
0x000007fefdb40000 - 0x000007fefdbaa000 	C:\Windows\system32\KERNELBASE.dll
0x0000000075540000 - 0x00000000755c7000 	C:\Windows\System32\SYSFER.DLL
0x000007fefe560000 - 0x000007fefe63b000 	C:\Windows\system32\ADVAPI32.dll
0x000007fefe1a0000 - 0x000007fefe23f000 	C:\Windows\system32\msvcrt.dll
0x000007fefe180000 - 0x000007fefe19f000 	C:\Windows\SYSTEM32\sechost.dll
0x000007fefeb60000 - 0x000007fefec8d000 	C:\Windows\system32\RPCRT4.dll
0x00000000778f0000 - 0x00000000779ea000 	C:\Windows\system32\USER32.dll
0x000007fefe440000 - 0x000007fefe4a7000 	C:\Windows\system32\GDI32.dll
0x000007fefded0000 - 0x000007fefdede000 	C:\Windows\system32\LPK.dll
0x000007fefdee0000 - 0x000007fefdfaa000 	C:\Windows\system32\USP10.dll
0x000007fefc7e0000 - 0x000007fefc9d4000 	C:\Windows\WinSxS\amd64_microsoft.windows.common-controls_6595b64144ccf1df_6.0.7601.18837_none_fa3b1e3d17594757\COMCTL32.dll
0x000007feff010000 - 0x000007feff081000 	C:\Windows\system32\SHLWAPI.dll
0x000007fefe4b0000 - 0x000007fefe4de000 	C:\Windows\system32\IMM32.DLL
0x000007fefe070000 - 0x000007fefe179000 	C:\Windows\system32\MSCTF.dll
0x0000000064290000 - 0x0000000064362000 	C:\Program Files\Java\jdk1.8.0_73\jre\bin\msvcr100.dll
0x000000005d760000 - 0x000000005dff0000 	C:\Program Files\Java\jdk1.8.0_73\jre\bin\server\jvm.dll
0x000007feeca20000 - 0x000007feeca29000 	C:\Windows\system32\WSOCK32.dll
0x000007fefe640000 - 0x000007fefe68d000 	C:\Windows\system32\WS2_32.dll
0x000007fefe430000 - 0x000007fefe438000 	C:\Windows\system32\NSI.dll
0x000007fefc4a0000 - 0x000007fefc4db000 	C:\Windows\system32\WINMM.dll
0x000007fefcbc0000 - 0x000007fefcbcc000 	C:\Windows\system32\VERSION.dll
0x0000000077cd0000 - 0x0000000077cd7000 	C:\Windows\system32\PSAPI.DLL
0x0000000073260000 - 0x000000007326f000 	C:\Program Files\Java\jdk1.8.0_73\jre\bin\verify.dll
0x0000000072330000 - 0x0000000072359000 	C:\Program Files\Java\jdk1.8.0_73\jre\bin\java.dll
0x0000000072310000 - 0x0000000072326000 	C:\Program Files\Java\jdk1.8.0_73\jre\bin\zip.dll
0x000007feff090000 - 0x000007feffe1a000 	C:\Windows\system32\SHELL32.dll
0x000007fefe950000 - 0x000007fefeb53000 	C:\Windows\system32\ole32.dll
0x000007fefd850000 - 0x000007fefd85f000 	C:\Windows\system32\profapi.dll

VM Arguments:
jvm_args: -Djava.awt.headless=true -Xmx1024M -Dfile.encoding=windows-1251 -Duser.country=RU -Duser.language=ru -Duser.variant 
java_command: com.android.dx.command.Main --dex --force-jumbo --num-threads=4 --output C:\asp\NGS_vacancy\app\build\intermediates\pre-dexed\debug\okio-1.8.0_d0aad528935da1511b973c0c126e9d7768279627.jar C:\Users\avtseben\.gradle\caches\modules-2\files-2.1\com.squareup.okio\okio\1.8.0\5ea7af56cc7c567ed9856d99efb30740e9b17ff\okio-1.8.0.jar
java_class_path (initial): C:\Users\avtseben\AppData\Local\Android\Sdk\build-tools\23.0.3\lib\dx.jar
Launcher Type: SUN_STANDARD

Environment Variables:
PATH=C:\Program Files\Broadcom\Broadcom 802.11;c:\Program Files (x86)\Intel\iCLS Client\;c:\Program Files\Intel\iCLS Client\;C:\ProgramData\Oracle\Java\javapath;C:\Windows\system32;C:\Windows;C:\Windows\System32\Wbem;C:\Windows\System32\WindowsPowerShell\v1.0\;C:\Program Files\Intel\Intel(R) Management Engine Components\DAL;C:\Program Files\Intel\Intel(R) Management Engine Components\IPT;C:\Program Files (x86)\Intel\Intel(R) Management Engine Components\DAL;C:\Program Files (x86)\Intel\Intel(R) Management Engine Components\IPT;c:\Program Files\WIDCOMM\Bluetooth Software\;c:\Program Files\WIDCOMM\Bluetooth Software\syswow64;C:\Program Files (x86)\Hewlett-Packard\HP ProtectTools Security Manager\Bin\;C:\Program Files (x86)\Skype\Phone\;C:\Program Files\OpenVPN\bin;C:\androidSDK\platform-tools\;C:\Program Files\Broadcom\Broadcom 802.11;c:\Program Files (x86)\Intel\iCLS Client\;c:\Program Files\Intel\iCLS Client\;C:\ProgramData\Oracle\Java\javapath;C:\Windows\system32;C:\Windows;C:\Windows\System32\Wbem;C:\Windows\System32\WindowsPowerShell\v1.0\;C:\Program Files\Intel\Intel(R) Management Engine Components\DAL;C:\Program Files\Intel\Intel(R) Management Engine Components\IPT;C:\Program Files (x86)\Intel\Intel(R) Management Engine Components\DAL;C:\Program Files (x86)\Intel\Intel(R) Management Engine Components\IPT;c:\Program Files\WIDCOMM\Bluetooth Software\;c:\Program Files\WIDCOMM\Bluetooth Software\syswow64;C:\Program Files (x86)\Hewlett-Packard\HP ProtectTools Security Manager\Bin\;C:\Program Files (x86)\Brackets\command;C:\Program Files (x86)\Skype\Phone\;C:\Program Files (x86)\ufs2tools-0.8\ufs2tools\;C:\Program Files\Git\bin\;C:\androidSDK\platform-tools;C:\gradle\bin
USERNAME=avtseben
OS=Windows_NT
PROCESSOR_IDENTIFIER=Intel64 Family 6 Model 58 Stepping 9, GenuineIntel



---------------  S Y S T E M  ---------------

OS: Windows 7 , 64 bit Build 7601 (6.1.7601.23572)

CPU:total 4 (2 cores per cpu, 2 threads per core) family 6 model 58 stepping 9, cmov, cx8, fxsr, mmx, sse, sse2, sse3, ssse3, sse4.1, sse4.2, popcnt, avx, aes, clmul, erms, ht, tsc, tscinvbit, tscinv

Memory: 4k page, physical 4056748k(381060k free), swap 4727752k(5124k free)

vm_info: Java HotSpot(TM) 64-Bit Server VM (25.73-b02) for windows-amd64 JRE (1.8.0_73-b02), built on Jan 29 2016 17:38:49 by "java_re" with MS VC++ 10.0 (VS2010)

time: Wed Dec 21 23:06:25 2016
elapsed time: 1 seconds (0d 0h 0m 1s)

