#
# There is insufficient memory for the Java Runtime Environment to continue.
# Native memory allocation (malloc) failed to allocate 78736 bytes for Chunk::new
# Possible reasons:
#   The system is out of physical RAM or swap space
#   In 32 bit mode, the process size limit was hit
# Possible solutions:
#   Reduce memory load on the system
#   Increase physical memory or swap space
#   Check if swap backing store is full
#   Use 64 bit Java on a 64 bit OS
#   Decrease Java heap size (-Xmx/-Xms)
#   Decrease number of Java threads
#   Decrease Java thread stack sizes (-Xss)
#   Set larger code cache with -XX:ReservedCodeCacheSize=
# This output file may be truncated or incomplete.
#
#  Out of Memory Error (allocation.cpp:390), pid=7380, tid=5540
#
# JRE version: Java(TM) SE Runtime Environment (8.0_73-b02) (build 1.8.0_73-b02)
# Java VM: Java HotSpot(TM) 64-Bit Server VM (25.73-b02 mixed mode windows-amd64 compressed oops)
# Failed to write core dump. Minidumps are not enabled by default on client versions of Windows
#

---------------  T H R E A D  ---------------

Current thread (0x00000000563e3800):  JavaThread "C2 CompilerThread0" daemon [_thread_in_native, id=5540, stack(0x00000000569c0000,0x0000000056ac0000)]

Stack: [0x00000000569c0000,0x0000000056ac0000]
[error occurred during error reporting (printing stack bounds), id 0xc0000005]

Native frames: (J=compiled Java code, j=interpreted, Vv=VM code, C=native code)


Current CompileTask:
C2:    920  320       4       sun.misc.MetaIndex::mayContain (51 bytes)


---------------  P R O C E S S  ---------------

Java Threads: ( => current thread )
  0x0000000056676000 JavaThread "pool-1-thread-4" [_thread_in_native, id=3076, stack(0x00000000577b0000,0x00000000578b0000)]
  0x0000000056675000 JavaThread "pool-1-thread-3" [_thread_blocked, id=7384, stack(0x00000000575e0000,0x00000000576e0000)]
  0x0000000056674000 JavaThread "pool-1-thread-2" [_thread_blocked, id=8052, stack(0x00000000573c0000,0x00000000574c0000)]
  0x0000000056678800 JavaThread "pool-2-thread-1" [_thread_blocked, id=9080, stack(0x0000000056eb0000,0x0000000056fb0000)]
  0x00000000566cc800 JavaThread "pool-1-thread-1" [_thread_blocked, id=2244, stack(0x0000000057210000,0x0000000057310000)]
  0x00000000563eb800 JavaThread "Service Thread" daemon [_thread_blocked, id=4984, stack(0x0000000056da0000,0x0000000056ea0000)]
  0x00000000563e7000 JavaThread "C1 CompilerThread2" daemon [_thread_blocked, id=8868, stack(0x0000000056c90000,0x0000000056d90000)]
  0x00000000563e6000 JavaThread "C2 CompilerThread1" daemon [_thread_blocked, id=7892, stack(0x0000000056b20000,0x0000000056c20000)]
=>0x00000000563e3800 JavaThread "C2 CompilerThread0" daemon [_thread_in_native, id=5540, stack(0x00000000569c0000,0x0000000056ac0000)]
  0x00000000563e0800 JavaThread "Attach Listener" daemon [_thread_blocked, id=8776, stack(0x00000000568a0000,0x00000000569a0000)]
  0x0000000055091800 JavaThread "Signal Dispatcher" daemon [_thread_blocked, id=6984, stack(0x0000000056150000,0x0000000056250000)]
  0x0000000055037800 JavaThread "Finalizer" daemon [_thread_blocked, id=5452, stack(0x00000000562e0000,0x00000000563e0000)]
  0x0000000055030800 JavaThread "Reference Handler" daemon [_thread_blocked, id=1696, stack(0x0000000055ff0000,0x00000000560f0000)]
  0x00000000020fe800 JavaThread "main" [_thread_blocked, id=5436, stack(0x0000000002240000,0x0000000002340000)]

Other Threads:
  0x000000005502b000 VMThread [stack: 0x0000000055ea0000,0x0000000055fa0000] [id=1528]
  0x0000000056480800 WatcherThread [stack: 0x0000000056fd0000,0x00000000570d0000] [id=6364]

VM state:not at safepoint (normal execution)

VM Mutex/Monitor currently owned by a thread: None

Heap:
 PSYoungGen      total 18432K, used 9959K [0x00000000eab00000, 0x00000000ebf80000, 0x0000000100000000)
  eden space 15872K, 62% used [0x00000000eab00000,0x00000000eb4b9c18,0x00000000eba80000)
  from space 2560K, 0% used [0x00000000ebd00000,0x00000000ebd00000,0x00000000ebf80000)
  to   space 2560K, 0% used [0x00000000eba80000,0x00000000eba80000,0x00000000ebd00000)
 ParOldGen       total 42496K, used 0K [0x00000000c0000000, 0x00000000c2980000, 0x00000000eab00000)
  object space 42496K, 0% used [0x00000000c0000000,0x00000000c0000000,0x00000000c2980000)
 Metaspace       used 4922K, capacity 6096K, committed 6272K, reserved 1056768K
  class space    used 549K, capacity 584K, committed 640K, reserved 1048576K

Card table byte_map: [0x00000000119d0000,0x0000000011be0000] byte_map_base: 0x00000000113d0000

Marking Bits: (ParMarkBitMap*) 0x000000005b950600
 Begin Bits: [0x00000000124a0000, 0x00000000134a0000)
 End Bits:   [0x00000000134a0000, 0x00000000144a0000)

Polling page: 0x0000000000140000

CodeCache: size=245760Kb used=1852Kb max_used=1852Kb free=243907Kb
 bounds [0x0000000002610000, 0x0000000002880000, 0x0000000011610000]
 total_blobs=622 nmethods=362 adapters=173
 compilation: enabled

Compilation events (10 events):
Event: 0.916 Thread 0x00000000563e7000  359       3       com.android.dx.ssa.SsaMethod::getDefinitionForRegister (61 bytes)
Event: 0.917 Thread 0x00000000563e7000 nmethod 359 0x00000000027deb50 code [0x00000000027ded00, 0x00000000027df2d8]
Event: 0.917 Thread 0x00000000563e7000  360       3       com.android.dx.rop.code.RegisterSpecList::<init> (6 bytes)
Event: 0.917 Thread 0x00000000563e7000 nmethod 360 0x00000000027dc2d0 code [0x00000000027dc440, 0x00000000027dc5c8]
Event: 0.917 Thread 0x00000000563e7000  361       3       com.android.dx.rop.code.RegisterSpec::equals (51 bytes)
Event: 0.917 Thread 0x00000000563e7000 nmethod 361 0x00000000027df550 code [0x00000000027df700, 0x00000000027dfcb8]
Event: 0.917 Thread 0x00000000563e7000  363       1       com.android.dx.ssa.SsaBasicBlock::getRopLabel (5 bytes)
Event: 0.917 Thread 0x00000000563e7000 nmethod 363 0x00000000027dc010 code [0x00000000027dc160, 0x00000000027dc270]
Event: 0.917 Thread 0x00000000563e7000  362       1       com.android.dx.rop.code.Insn::getPosition (5 bytes)
Event: 0.918 Thread 0x00000000563e7000 nmethod 362 0x00000000027dfe10 code [0x00000000027dff60, 0x00000000027e0070]

GC Heap History (0 events):
No events

Deoptimization events (0 events):
No events

Internal exceptions (2 events):
Event: 0.078 Thread 0x00000000020fe800 Exception <a 'java/lang/NoSuchMethodError': Method sun.misc.Unsafe.defineClass(Ljava/lang/String;[BII)Ljava/lang/Class; name or signature does not match> (0x00000000eab130d8) thrown at [D:\re\puppet\workspace\8-2-build-windows-amd64-cygwin\jdk8u73\6086\hotgz‹”E¥?
Event: 0.078 Thread 0x00000000020fe800 Exception <a 'java/lang/NoSuchMethodError': Method sun.misc.Unsafe.prefetchRead(Ljava/lang/Object;J)V name or signature does not match> (0x00000000eab133c0) thrown at [D:\re\puppet\workspace\8-2-build-windows-amd64-cygwin\jdk8u73\6086\hotspot\src\share\vm\

Events (10 events):
Event: 0.914 loading class java/util/TreeMap$EntryIterator
Event: 0.914 loading class java/util/TreeMap$EntryIterator done
Event: 0.915 loading class com/android/dx/ssa/back/FirstFitLocalCombiningAllocator$Multiset
Event: 0.915 loading class com/android/dx/ssa/back/FirstFitLocalCombiningAllocator$Multiset done
Event: 0.916 loading class com/android/dx/dex/code/RopTranslator$TranslationVisitor
Event: 0.916 loading class com/android/dx/dex/code/RopTranslator$TranslationVisitor done
Event: 0.918 loading class com/android/dx/dex/code/RopTranslator$LocalVariableAwareTranslationVisitor
Event: 0.918 loading class com/android/dx/dex/code/RopTranslator$LocalVariableAwareTranslationVisitor done
Event: 0.919 loading class com/android/dx/dex/code/CatchBuilder
Event: 0.919 loading class com/android/dx/dex/code/CatchBuilder done


Dynamic libraries:
0x000000013f180000 - 0x000000013f1b7000 	C:\Program Files\Java\jdk1.8.0_73\bin\java.exe
0x00000000774d0000 - 0x000000007767a000 	C:\Windows\SYSTEM32\ntdll.dll
0x00000000772b0000 - 0x00000000773cf000 	C:\Windows\system32\kernel32.dll
0x000007fefd550000 - 0x000007fefd5ba000 	C:\Windows\system32\KERNELBASE.dll
0x0000000074f00000 - 0x0000000074f87000 	C:\Windows\System32\SYSFER.DLL
0x000007fefef40000 - 0x000007feff01b000 	C:\Windows\system32\ADVAPI32.dll
0x000007feff6d0000 - 0x000007feff76f000 	C:\Windows\system32\msvcrt.dll
0x000007fefdf20000 - 0x000007fefdf3f000 	C:\Windows\SYSTEM32\sechost.dll
0x000007fefd830000 - 0x000007fefd95d000 	C:\Windows\system32\RPCRT4.dll
0x00000000773d0000 - 0x00000000774ca000 	C:\Windows\system32\USER32.dll
0x000007feff770000 - 0x000007feff7d7000 	C:\Windows\system32\GDI32.dll
0x000007fefdc30000 - 0x000007fefdc3e000 	C:\Windows\system32\LPK.dll
0x000007feff580000 - 0x000007feff64a000 	C:\Windows\system32\USP10.dll
0x000007fefc280000 - 0x000007fefc474000 	C:\Windows\WinSxS\amd64_microsoft.windows.common-controls_6595b64144ccf1df_6.0.7601.18837_none_fa3b1e3d17594757\COMCTL32.dll
0x000007feff280000 - 0x000007feff2f1000 	C:\Windows\system32\SHLWAPI.dll
0x000007feff020000 - 0x000007feff04e000 	C:\Windows\system32\IMM32.DLL
0x000007fefd6a0000 - 0x000007fefd7a9000 	C:\Windows\system32\MSCTF.dll
0x0000000065910000 - 0x00000000659e2000 	C:\Program Files\Java\jdk1.8.0_73\jre\bin\msvcr100.dll
0x000000005b140000 - 0x000000005b9d0000 	C:\Program Files\Java\jdk1.8.0_73\jre\bin\server\jvm.dll
0x000007fefacb0000 - 0x000007fefacb9000 	C:\Windows\system32\WSOCK32.dll
0x000007fefe160000 - 0x000007fefe1ad000 	C:\Windows\system32\WS2_32.dll
0x000007fefe150000 - 0x000007fefe158000 	C:\Windows\system32\NSI.dll
0x000007fefbb40000 - 0x000007fefbb7b000 	C:\Windows\system32\WINMM.dll
0x000007fefc620000 - 0x000007fefc62c000 	C:\Windows\system32\VERSION.dll
0x00000000776a0000 - 0x00000000776a7000 	C:\Windows\system32\PSAPI.DLL
0x0000000073d80000 - 0x0000000073d8f000 	C:\Program Files\Java\jdk1.8.0_73\jre\bin\verify.dll
0x0000000073640000 - 0x0000000073669000 	C:\Program Files\Java\jdk1.8.0_73\jre\bin\java.dll
0x0000000073620000 - 0x0000000073636000 	C:\Program Files\Java\jdk1.8.0_73\jre\bin\zip.dll
0x000007fefe1b0000 - 0x000007fefef3a000 	C:\Windows\system32\SHELL32.dll
0x000007fefdf40000 - 0x000007fefe143000 	C:\Windows\system32\ole32.dll
0x000007fefd210000 - 0x000007fefd21f000 	C:\Windows\system32\profapi.dll

VM Arguments:
jvm_args: -Djava.awt.headless=true -Xmx1024M -Dfile.encoding=windows-1251 -Duser.country=RU -Duser.language=ru -Duser.variant 
java_command: com.android.dx.command.Main --dex --force-jumbo --num-threads=4 --output C:\asp\NGS_vacancy\app\build\intermediates\pre-dexed\debug\com.android.support-support-core-ui-24.2.1_29a662d8f2130ea86194286a305525c539540484.jar C:\asp\NGS_vacancy\app\build\intermediates\exploded-aar\com.android.support\support-core-ui\24.2.1\jars\classes.jar
java_class_path (initial): C:\Users\avtseben\AppData\Local\Android\Sdk\build-tools\23.0.3\lib\dx.jar
Launcher Type: SUN_STANDARD

Environment Variables:
PATH=C:\Program Files\Broadcom\Broadcom 802.11;c:\Program Files (x86)\Intel\iCLS Client\;c:\Program Files\Intel\iCLS Client\;C:\ProgramData\Oracle\Java\javapath;C:\Windows\system32;C:\Windows;C:\Windows\System32\Wbem;C:\Windows\System32\WindowsPowerShell\v1.0\;C:\Program Files\Intel\Intel(R) Management Engine Components\DAL;C:\Program Files\Intel\Intel(R) Management Engine Components\IPT;C:\Program Files (x86)\Intel\Intel(R) Management Engine Components\DAL;C:\Program Files (x86)\Intel\Intel(R) Management Engine Components\IPT;c:\Program Files\WIDCOMM\Bluetooth Software\;c:\Program Files\WIDCOMM\Bluetooth Software\syswow64;C:\Program Files (x86)\Hewlett-Packard\HP ProtectTools Security Manager\Bin\;C:\Program Files (x86)\Skype\Phone\;C:\Program Files\OpenVPN\bin;C:\androidSDK\platform-tools\;C:\Program Files\Broadcom\Broadcom 802.11;c:\Program Files (x86)\Intel\iCLS Client\;c:\Program Files\Intel\iCLS Client\;C:\ProgramData\Oracle\Java\javapath;C:\Windows\system32;C:\Windows;C:\Windows\System32\Wbem;C:\Windows\System32\WindowsPowerShell\v1.0\;C:\Program Files\Intel\Intel(R) Management Engine Components\DAL;C:\Program Files\Intel\Intel(R) Management Engine Components\IPT;C:\Program Files (x86)\Intel\Intel(R) Management Engine Components\DAL;C:\Program Files (x86)\Intel\Intel(R) Management Engine Components\IPT;c:\Program Files\WIDCOMM\Bluetooth Software\;c:\Program Files\WIDCOMM\Bluetooth Software\syswow64;C:\Program Files (x86)\Hewlett-Packard\HP ProtectTools Security Manager\Bin\;C:\Program Files (x86)\Brackets\command;C:\Program Files (x86)\Skype\Phone\;C:\Program Files (x86)\ufs2tools-0.8\ufs2tools\;C:\Program Files\Git\bin\;C:\androidSDK\platform-tools;C:\gradle\bin
USERNAME=avtseben
OS=Windows_NT
PROCESSOR_IDENTIFIER=Intel64 Family 6 Model 58 Stepping 9, GenuineIntel



---------------  S Y S T E M  ---------------

OS: Windows 7 , 64 bit Build 7601 (6.1.7601.23569)

CPU:total 4 (2 cores per cpu, 2 threads per core) family 6 model 58 stepping 9, cmov, cx8, fxsr, mmx, sse, sse2, sse3, ssse3, sse4.1, sse4.2, popcnt, avx, aes, clmul, erms, ht, tsc, tscinvbit, tscinv

Memory: 4k page, physical 4056748k(412996k free), swap 5111208k(5156k free)

vm_info: Java HotSpot(TM) 64-Bit Server VM (25.73-b02) for windows-amd64 JRE (1.8.0_73-b02), built on Jan 29 2016 17:38:49 by "java_re" with MS VC++ 10.0 (VS2010)

time: Mon Dec 19 19:45:17 2016
elapsed time: 0 seconds (0d 0h 0m 0s)

