#
# There is insufficient memory for the Java Runtime Environment to continue.
# Native memory allocation (malloc) failed to allocate 42976 bytes for Chunk::new
# Possible reasons:
#   The system is out of physical RAM or swap space
#   In 32 bit mode, the process size limit was hit
# Possible solutions:
#   Reduce memory load on the system
#   Increase physical memory or swap space
#   Check if swap backing store is full
#   Use 64 bit Java on a 64 bit OS
#   Decrease Java heap size (-Xmx/-Xms)
#   Decrease number of Java threads
#   Decrease Java thread stack sizes (-Xss)
#   Set larger code cache with -XX:ReservedCodeCacheSize=
# This output file may be truncated or incomplete.
#
#  Out of Memory Error (allocation.cpp:390), pid=6708, tid=2796
#
# JRE version: Java(TM) SE Runtime Environment (8.0_73-b02) (build 1.8.0_73-b02)
# Java VM: Java HotSpot(TM) 64-Bit Server VM (25.73-b02 mixed mode windows-amd64 compressed oops)
# Failed to write core dump. Minidumps are not enabled by default on client versions of Windows
#

---------------  T H R E A D  ---------------

Current thread (0x0000000054f29800):  JavaThread "C2 CompilerThread0" daemon [_thread_in_native, id=2796, stack(0x00000000565d0000,0x00000000566d0000)]

Stack: [0x00000000565d0000,0x00000000566d0000]
[error occurred during error reporting (printing stack bounds), id 0xc0000005]

Native frames: (J=compiled Java code, j=interpreted, Vv=VM code, C=native code)


Current CompileTask:
C2:  14451 1685       4       com.android.dx.ssa.LocalVariableInfo::mergeStarts (59 bytes)


---------------  P R O C E S S  ---------------

Java Threads: ( => current thread )
  0x0000000056d74000 JavaThread "pool-1-thread-4" [_thread_blocked, id=2928, stack(0x0000000057f80000,0x0000000058080000)]
  0x0000000056d73800 JavaThread "pool-1-thread-3" [_thread_blocked, id=6724, stack(0x0000000057d70000,0x0000000057e70000)]
  0x0000000056d5a000 JavaThread "pool-1-thread-2" [_thread_blocked, id=6916, stack(0x0000000057a80000,0x0000000057b80000)]
  0x0000000056da0800 JavaThread "pool-2-thread-1" [_thread_blocked, id=4968, stack(0x0000000057b90000,0x0000000057c90000)]
  0x0000000056da0000 JavaThread "pool-1-thread-1" [_thread_blocked, id=7176, stack(0x0000000057970000,0x0000000057a70000)]
  0x0000000054f2f000 JavaThread "Service Thread" daemon [_thread_blocked, id=292, stack(0x0000000056740000,0x0000000056840000)]
  0x0000000054f2d000 JavaThread "C1 CompilerThread2" daemon [_thread_blocked, id=264, stack(0x0000000056970000,0x0000000056a70000)]
  0x0000000054f2c000 JavaThread "C2 CompilerThread1" daemon [_thread_blocked, id=5352, stack(0x0000000056850000,0x0000000056950000)]
=>0x0000000054f29800 JavaThread "C2 CompilerThread0" daemon [_thread_in_native, id=2796, stack(0x00000000565d0000,0x00000000566d0000)]
  0x0000000054f26800 JavaThread "Attach Listener" daemon [_thread_blocked, id=8072, stack(0x0000000056340000,0x0000000056440000)]
  0x0000000054f24000 JavaThread "Signal Dispatcher" daemon [_thread_blocked, id=7468, stack(0x0000000056450000,0x0000000056550000)]
  0x0000000054ec2000 JavaThread "Finalizer" daemon [_thread_blocked, id=6972, stack(0x00000000561e0000,0x00000000562e0000)]
  0x0000000054ec0800 JavaThread "Reference Handler" daemon [_thread_blocked, id=1832, stack(0x0000000056040000,0x0000000056140000)]
  0x000000000060e800 JavaThread "main" [_thread_blocked, id=7752, stack(0x0000000002300000,0x0000000002400000)]

Other Threads:
  0x0000000054ebb000 VMThread [stack: 0x0000000055e60000,0x0000000055f60000] [id=7620]
  0x0000000056ae4800 WatcherThread [stack: 0x0000000056f40000,0x0000000057040000] [id=6112]

VM state:not at safepoint (normal execution)

VM Mutex/Monitor currently owned by a thread: None

Heap:
 PSYoungGen      total 34304K, used 5708K [0x00000000eab00000, 0x00000000eee00000, 0x0000000100000000)
  eden space 31744K, 10% used [0x00000000eab00000,0x00000000eae1b358,0x00000000eca00000)
  from space 2560K, 98% used [0x00000000eca00000,0x00000000ecc78028,0x00000000ecc80000)
  to   space 2560K, 0% used [0x00000000eeb80000,0x00000000eeb80000,0x00000000eee00000)
 ParOldGen       total 42496K, used 7003K [0x00000000c0000000, 0x00000000c2980000, 0x00000000eab00000)
  object space 42496K, 16% used [0x00000000c0000000,0x00000000c06d6d88,0x00000000c2980000)
 Metaspace       used 6126K, capacity 7088K, committed 7296K, reserved 1056768K
  class space    used 589K, capacity 616K, committed 640K, reserved 1048576K

Card table byte_map: [0x0000000011a90000,0x0000000011ca0000] byte_map_base: 0x0000000011490000

Marking Bits: (ParMarkBitMap*) 0x000000005cc80600
 Begin Bits: [0x0000000012330000, 0x0000000013330000)
 End Bits:   [0x0000000013330000, 0x0000000014330000)

Polling page: 0x0000000000550000

CodeCache: size=245760Kb used=7195Kb max_used=7212Kb free=238564Kb
 bounds [0x00000000026d0000, 0x0000000002df0000, 0x00000000116d0000]
 total_blobs=1938 nmethods=1675 adapters=176
 compilation: enabled

Compilation events (10 events):
Event: 13.553 Thread 0x0000000054f2c000 nmethod 1678 0x0000000002dbd6d0 code [0x0000000002dbd820, 0x0000000002dbdb38]
Event: 13.808 Thread 0x0000000054f29800 1681 %     4       com.android.dx.ssa.SsaConverter::placePhiFunctions @ 131 (394 bytes)
Event: 13.808 Thread 0x0000000054f2c000 1682       4       com.android.dx.util.IntList::mutableCopy (39 bytes)
Event: 13.811 Thread 0x0000000054f2d000 1683   !   3       java.util.zip.ZipFile::releaseInflater (41 bytes)
Event: 13.811 Thread 0x0000000054f2d000 nmethod 1683 0x0000000002dd6dd0 code [0x0000000002dd6f80, 0x0000000002dd7678]
Event: 13.818 Thread 0x0000000054f2c000 nmethod 1682 0x0000000002dd4e10 code [0x0000000002dd4f80, 0x0000000002dd5538]
Event: 13.964 Thread 0x0000000054f29800 nmethod 1681% 0x0000000002ddd1d0 code [0x0000000002ddd480, 0x0000000002ddf830]
Event: 14.062 Thread 0x0000000054f2c000 1684       4       com.android.dx.rop.code.BasicBlockList$RegCountVisitor::visitThrowingCstInsn (6 bytes)
Event: 14.067 Thread 0x0000000054f2c000 nmethod 1684 0x0000000002ddae90 code [0x0000000002ddb000, 0x0000000002ddb2b8]
Event: 14.436 Thread 0x0000000054f29800 1685       4       com.android.dx.ssa.LocalVariableInfo::mergeStarts (59 bytes)

GC Heap History (6 events):
Event: 1.057 GC heap before
{Heap before GC invocations=1 (full 0):
 PSYoungGen      total 18432K, used 15872K [0x00000000eab00000, 0x00000000ebf80000, 0x0000000100000000)
  eden space 15872K, 100% used [0x00000000eab00000,0x00000000eba80000,0x00000000eba80000)
  from space 2560K, 0% used [0x00000000ebd00000,0x00000000ebd00000,0x00000000ebf80000)
  to   space 2560K, 0% used [0x00000000eba80000,0x00000000eba80000,0x00000000ebd00000)
 ParOldGen       total 42496K, used 0K [0x00000000c0000000, 0x00000000c2980000, 0x00000000eab00000)
  object space 42496K, 0% used [0x00000000c0000000,0x00000000c0000000,0x00000000c2980000)
 Metaspace       used 5408K, capacity 6512K, committed 6784K, reserved 1056768K
  class space    used 578K, capacity 616K, committed 640K, reserved 1048576K
Event: 1.095 GC heap after
Heap after GC invocations=1 (full 0):
 PSYoungGen      total 18432K, used 2532K [0x00000000eab00000, 0x00000000ecf00000, 0x0000000100000000)
  eden space 15872K, 0% used [0x00000000eab00000,0x00000000eab00000,0x00000000eba80000)
  from space 2560K, 98% used [0x00000000eba80000,0x00000000ebcf92a8,0x00000000ebd00000)
  to   space 2560K, 0% used [0x00000000ecc80000,0x00000000ecc80000,0x00000000ecf00000)
 ParOldGen       total 42496K, used 832K [0x00000000c0000000, 0x00000000c2980000, 0x00000000eab00000)
  object space 42496K, 1% used [0x00000000c0000000,0x00000000c00d02d0,0x00000000c2980000)
 Metaspace       used 5408K, capacity 6512K, committed 6784K, reserved 1056768K
  class space    used 578K, capacity 616K, committed 640K, reserved 1048576K
}
Event: 1.978 GC heap before
{Heap before GC invocations=2 (full 0):
 PSYoungGen      total 18432K, used 18404K [0x00000000eab00000, 0x00000000ecf00000, 0x0000000100000000)
  eden space 15872K, 100% used [0x00000000eab00000,0x00000000eba80000,0x00000000eba80000)
  from space 2560K, 98% used [0x00000000eba80000,0x00000000ebcf92a8,0x00000000ebd00000)
  to   space 2560K, 0% used [0x00000000ecc80000,0x00000000ecc80000,0x00000000ecf00000)
 ParOldGen       total 42496K, used 832K [0x00000000c0000000, 0x00000000c2980000, 0x00000000eab00000)
  object space 42496K, 1% used [0x00000000c0000000,0x00000000c00d02d0,0x00000000c2980000)
 Metaspace       used 5848K, capacity 6896K, committed 7040K, reserved 1056768K
  class space    used 587K, capacity 616K, committed 640K, reserved 1048576K
Event: 2.103 GC heap after
Heap after GC invocations=2 (full 0):
 PSYoungGen      total 34304K, used 2554K [0x00000000eab00000, 0x00000000ecf00000, 0x0000000100000000)
  eden space 31744K, 0% used [0x00000000eab00000,0x00000000eab00000,0x00000000eca00000)
  from space 2560K, 99% used [0x00000000ecc80000,0x00000000ecefeaa8,0x00000000ecf00000)
  to   space 2560K, 0% used [0x00000000eca00000,0x00000000eca00000,0x00000000ecc80000)
 ParOldGen       total 42496K, used 2226K [0x00000000c0000000, 0x00000000c2980000, 0x00000000eab00000)
  object space 42496K, 5% used [0x00000000c0000000,0x00000000c022caf8,0x00000000c2980000)
 Metaspace       used 5848K, capacity 6896K, committed 7040K, reserved 1056768K
  class space    used 587K, capacity 616K, committed 640K, reserved 1048576K
}
Event: 13.079 GC heap before
{Heap before GC invocations=3 (full 0):
 PSYoungGen      total 34304K, used 34298K [0x00000000eab00000, 0x00000000ecf00000, 0x0000000100000000)
  eden space 31744K, 100% used [0x00000000eab00000,0x00000000eca00000,0x00000000eca00000)
  from space 2560K, 99% used [0x00000000ecc80000,0x00000000ecefeaa8,0x00000000ecf00000)
  to   space 2560K, 0% used [0x00000000eca00000,0x00000000eca00000,0x00000000ecc80000)
 ParOldGen       total 42496K, used 2226K [0x00000000c0000000, 0x00000000c2980000, 0x00000000eab00000)
  object space 42496K, 5% used [0x00000000c0000000,0x00000000c022caf8,0x00000000c2980000)
 Metaspace       used 6124K, capacity 7088K, committed 7296K, reserved 1056768K
  class space    used 589K, capacity 616K, committed 640K, reserved 1048576K
Event: 13.528 GC heap after
Heap after GC invocations=3 (full 0):
 PSYoungGen      total 34304K, used 2528K [0x00000000eab00000, 0x00000000eee00000, 0x0000000100000000)
  eden space 31744K, 0% used [0x00000000eab00000,0x00000000eab00000,0x00000000eca00000)
  from space 2560K, 98% used [0x00000000eca00000,0x00000000ecc78028,0x00000000ecc80000)
  to   space 2560K, 0% used [0x00000000eeb80000,0x00000000eeb80000,0x00000000eee00000)
 ParOldGen       total 42496K, used 7003K [0x00000000c0000000, 0x00000000c2980000, 0x00000000eab00000)
  object space 42496K, 16% used [0x00000000c0000000,0x00000000c06d6d88,0x00000000c2980000)
 Metaspace       used 6124K, capacity 7088K, committed 7296K, reserved 1056768K
  class space    used 589K, capacity 616K, committed 640K, reserved 1048576K
}

Deoptimization events (10 events):
Event: 1.461 Thread 0x000000000060e800 Uncommon trap: reason=unstable_if action=reinterpret pc=0x000000000291c0d0 method=java.util.HashMap.getNode(ILjava/lang/Object;)Ljava/util/HashMap$Node; @ 129
Event: 1.798 Thread 0x0000000056d74000 Uncommon trap: reason=unstable_if action=reinterpret pc=0x000000000292c464 method=java.util.BitSet.ensureCapacity(I)V @ 6
Event: 1.808 Thread 0x0000000056d74000 Uncommon trap: reason=unstable_if action=reinterpret pc=0x0000000002a61144 method=com.android.dx.rop.cst.Constant.compareTo(Lcom/android/dx/rop/cst/Constant;)I @ 12
Event: 2.306 Thread 0x0000000056d5a000 Uncommon trap: reason=null_check action=make_not_entrant pc=0x00000000029b0c70 method=com.android.dx.ssa.SsaRenamer.getLocalForNewReg(I)Lcom/android/dx/rop/code/LocalItem; @ 19
Event: 6.299 Thread 0x0000000056d74000 Uncommon trap: reason=unstable_if action=reinterpret pc=0x0000000002c8c534 method=com.android.dx.ssa.LiteralOpUpgrader$1.visitNonMoveInsn(Lcom/android/dx/ssa/NormalSsaInsn;)V @ 151
Event: 6.372 Thread 0x0000000056d74000 Uncommon trap: reason=null_check action=make_not_entrant pc=0x0000000002c116d0 method=com.android.dx.rop.type.Type.equals(Ljava/lang/Object;)Z @ 8
Event: 8.320 Thread 0x0000000056d74000 Uncommon trap: reason=unstable_if action=reinterpret pc=0x0000000002ad0b4c method=com.android.dx.rop.code.RegisterSpecSet.<init>(I)V @ 2
Event: 13.533 Thread 0x0000000056d5a000 Uncommon trap: reason=unstable_if action=reinterpret pc=0x0000000002c46bf4 method=com.android.dx.rop.code.RegisterSpecSet.localItemToSpec(Lcom/android/dx/rop/code/LocalItem;)Lcom/android/dx/rop/code/RegisterSpec; @ 35
Event: 13.534 Thread 0x0000000056d5a000 Uncommon trap: reason=unstable_if action=reinterpret pc=0x0000000002bd1cf0 method=com.android.dx.rop.code.RegisterSpecSet.localItemToSpec(Lcom/android/dx/rop/code/LocalItem;)Lcom/android/dx/rop/code/RegisterSpec; @ 35
Event: 13.774 Thread 0x0000000056d73800 Uncommon trap: reason=bimorphic action=maybe_recompile pc=0x0000000002d1f5ec method=com.android.dx.cf.code.RopperMachine.run(Lcom/android/dx/cf/code/Frame;II)V @ 978

Internal exceptions (4 events):
Event: 0.314 Thread 0x000000000060e800 Exception <a 'java/lang/NoSuchMethodError': Method sun.misc.Unsafe.defineClass(Ljava/lang/String;[BII)Ljava/lang/Class; name or signature does not match> (0x00000000eab130d8) thrown at [D:\re\puppet\workspace\8-2-build-windows-amd64-cygwin\jdk8u73\6086\hotû‘¤NÔ?
Event: 0.314 Thread 0x000000000060e800 Exception <a 'java/lang/NoSuchMethodError': Method sun.misc.Unsafe.prefetchRead(Ljava/lang/Object;J)V name or signature does not match> (0x00000000eab133c0) thrown at [D:\re\puppet\workspace\8-2-build-windows-amd64-cygwin\jdk8u73\6086\hotspot\src\share\vm\ÌyËir@
Event: 2.306 Thread 0x0000000056d5a000 Implicit null exception at 0x00000000029af3e3 to 0x00000000029b0c25
Event: 6.372 Thread 0x0000000056d74000 Implicit null exception at 0x0000000002c115d2 to 0x0000000002c116c2

Events (10 events):
Event: 13.528 Executing VM operation: ParallelGCFailedAllocation done
Event: 13.533 Thread 0x0000000056d5a000 Uncommon trap: trap_request=0xffffff65 fr.pc=0x0000000002c46bf4
Event: 13.533 Thread 0x0000000056d5a000 DEOPT PACKING pc=0x0000000002c46bf4 sp=0x0000000057b7e620
Event: 13.533 Thread 0x0000000056d5a000 DEOPT UNPACKING pc=0x000000000271582a sp=0x0000000057b7e588 mode 2
Event: 13.534 Thread 0x0000000056d5a000 Uncommon trap: trap_request=0xffffff65 fr.pc=0x0000000002bd1cf0
Event: 13.534 Thread 0x0000000056d5a000 DEOPT PACKING pc=0x0000000002bd1cf0 sp=0x0000000057b7e5c0
Event: 13.534 Thread 0x0000000056d5a000 DEOPT UNPACKING pc=0x000000000271582a sp=0x0000000057b7e570 mode 2
Event: 13.774 Thread 0x0000000056d73800 Uncommon trap: trap_request=0xffffffc6 fr.pc=0x0000000002d1f5ec
Event: 13.774 Thread 0x0000000056d73800 DEOPT PACKING pc=0x0000000002d1f5ec sp=0x0000000057e6e380
Event: 13.774 Thread 0x0000000056d73800 DEOPT UNPACKING pc=0x000000000271582a sp=0x0000000057e6e348 mode 2


Dynamic libraries:
0x000000013fc90000 - 0x000000013fcc7000 	C:\Program Files\Java\jdk1.8.0_73\bin\java.exe
0x0000000077270000 - 0x000000007741a000 	C:\Windows\SYSTEM32\ntdll.dll
0x0000000077150000 - 0x000000007726f000 	C:\Windows\system32\kernel32.dll
0x000007fefcfd0000 - 0x000007fefd03a000 	C:\Windows\system32\KERNELBASE.dll
0x0000000074ca0000 - 0x0000000074d27000 	C:\Windows\System32\SYSFER.DLL
0x000007fefdc80000 - 0x000007fefdd5b000 	C:\Windows\system32\ADVAPI32.dll
0x000007fefdd60000 - 0x000007fefddff000 	C:\Windows\system32\msvcrt.dll
0x000007feff560000 - 0x000007feff57f000 	C:\Windows\SYSTEM32\sechost.dll
0x000007fefd450000 - 0x000007fefd57d000 	C:\Windows\system32\RPCRT4.dll
0x0000000077050000 - 0x000000007714a000 	C:\Windows\system32\USER32.dll
0x000007fefd7e0000 - 0x000007fefd847000 	C:\Windows\system32\GDI32.dll
0x000007fefd430000 - 0x000007fefd43e000 	C:\Windows\system32\LPK.dll
0x000007fefd360000 - 0x000007fefd42a000 	C:\Windows\system32\USP10.dll
0x000007fefbf40000 - 0x000007fefc134000 	C:\Windows\WinSxS\amd64_microsoft.windows.common-controls_6595b64144ccf1df_6.0.7601.18837_none_fa3b1e3d17594757\COMCTL32.dll
0x000007fefe2e0000 - 0x000007fefe351000 	C:\Windows\system32\SHLWAPI.dll
0x000007fefd580000 - 0x000007fefd5ae000 	C:\Windows\system32\IMM32.DLL
0x000007fefdea0000 - 0x000007fefdfa9000 	C:\Windows\system32\MSCTF.dll
0x000000005bef0000 - 0x000000005bfc2000 	C:\Program Files\Java\jdk1.8.0_73\jre\bin\msvcr100.dll
0x000000005c470000 - 0x000000005cd00000 	C:\Program Files\Java\jdk1.8.0_73\jre\bin\server\jvm.dll
0x000007feef9c0000 - 0x000007feef9c9000 	C:\Windows\system32\WSOCK32.dll
0x000007fefdfb0000 - 0x000007fefdffd000 	C:\Windows\system32\WS2_32.dll
0x000007fefd440000 - 0x000007fefd448000 	C:\Windows\system32\NSI.dll
0x000007fefbc00000 - 0x000007fefbc3b000 	C:\Windows\system32\WINMM.dll
0x000007fefc330000 - 0x000007fefc33c000 	C:\Windows\system32\VERSION.dll
0x0000000077430000 - 0x0000000077437000 	C:\Windows\system32\PSAPI.DLL
0x000000005ff30000 - 0x000000005ff3f000 	C:\Program Files\Java\jdk1.8.0_73\jre\bin\verify.dll
0x000000005c440000 - 0x000000005c469000 	C:\Program Files\Java\jdk1.8.0_73\jre\bin\java.dll
0x000000005c420000 - 0x000000005c436000 	C:\Program Files\Java\jdk1.8.0_73\jre\bin\zip.dll
0x000007fefe360000 - 0x000007feff0ea000 	C:\Windows\system32\SHELL32.dll
0x000007fefd5b0000 - 0x000007fefd7b3000 	C:\Windows\system32\ole32.dll
0x000007fefcfa0000 - 0x000007fefcfaf000 	C:\Windows\system32\profapi.dll

VM Arguments:
jvm_args: -Djava.awt.headless=true -Xmx1024M -Dfile.encoding=windows-1251 -Duser.country=RU -Duser.language=ru -Duser.variant 
java_command: com.android.dx.command.Main --dex --force-jumbo --num-threads=4 --output C:\asp\NGS_vacancy\app\build\intermediates\pre-dexed\debug\internal_impl-24.2.1_0236ed26d861c9b6b62f3a4e3f74dc6413c60737.jar C:\asp\NGS_vacancy\app\build\intermediates\exploded-aar\com.android.support\support-compat\24.2.1\jars\libs\internal_impl-24.2.1.jar
java_class_path (initial): C:\Users\avtseben\AppData\Local\Android\Sdk\build-tools\23.0.3\lib\dx.jar
Launcher Type: SUN_STANDARD

Environment Variables:
PATH=C:\Program Files\Broadcom\Broadcom 802.11;c:\Program Files (x86)\Intel\iCLS Client\;c:\Program Files\Intel\iCLS Client\;C:\ProgramData\Oracle\Java\javapath;C:\Windows\system32;C:\Windows;C:\Windows\System32\Wbem;C:\Windows\System32\WindowsPowerShell\v1.0\;C:\Program Files\Intel\Intel(R) Management Engine Components\DAL;C:\Program Files\Intel\Intel(R) Management Engine Components\IPT;C:\Program Files (x86)\Intel\Intel(R) Management Engine Components\DAL;C:\Program Files (x86)\Intel\Intel(R) Management Engine Components\IPT;c:\Program Files\WIDCOMM\Bluetooth Software\;c:\Program Files\WIDCOMM\Bluetooth Software\syswow64;C:\Program Files (x86)\Hewlett-Packard\HP ProtectTools Security Manager\Bin\;C:\Program Files (x86)\Skype\Phone\;C:\Program Files\OpenVPN\bin;C:\androidSDK\platform-tools\;C:\Program Files\Broadcom\Broadcom 802.11;c:\Program Files (x86)\Intel\iCLS Client\;c:\Program Files\Intel\iCLS Client\;C:\ProgramData\Oracle\Java\javapath;C:\Windows\system32;C:\Windows;C:\Windows\System32\Wbem;C:\Windows\System32\WindowsPowerShell\v1.0\;C:\Program Files\Intel\Intel(R) Management Engine Components\DAL;C:\Program Files\Intel\Intel(R) Management Engine Components\IPT;C:\Program Files (x86)\Intel\Intel(R) Management Engine Components\DAL;C:\Program Files (x86)\Intel\Intel(R) Management Engine Components\IPT;c:\Program Files\WIDCOMM\Bluetooth Software\;c:\Program Files\WIDCOMM\Bluetooth Software\syswow64;C:\Program Files (x86)\Hewlett-Packard\HP ProtectTools Security Manager\Bin\;C:\Program Files (x86)\Brackets\command;C:\Program Files (x86)\Skype\Phone\;C:\Program Files (x86)\ufs2tools-0.8\ufs2tools\;C:\Program Files\Git\bin\;C:\androidSDK\platform-tools;C:\gradle\bin
USERNAME=avtseben
OS=Windows_NT
PROCESSOR_IDENTIFIER=Intel64 Family 6 Model 58 Stepping 9, GenuineIntel



---------------  S Y S T E M  ---------------

OS: Windows 7 , 64 bit Build 7601 (6.1.7601.23572)

CPU:total 4 (2 cores per cpu, 2 threads per core) family 6 model 58 stepping 9, cmov, cx8, fxsr, mmx, sse, sse2, sse3, ssse3, sse4.1, sse4.2, popcnt, avx, aes, clmul, erms, ht, tsc, tscinvbit, tscinv

Memory: 4k page, physical 4056748k(582972k free), swap 4734624k(5120k free)

vm_info: Java HotSpot(TM) 64-Bit Server VM (25.73-b02) for windows-amd64 JRE (1.8.0_73-b02), built on Jan 29 2016 17:38:49 by "java_re" with MS VC++ 10.0 (VS2010)

time: Sat Dec 24 12:14:07 2016
elapsed time: 14 seconds (0d 0h 0m 14s)

