#
# There is insufficient memory for the Java Runtime Environment to continue.
# Native memory allocation (malloc) failed to allocate 969216 bytes for Chunk::new
# Possible reasons:
#   The system is out of physical RAM or swap space
#   In 32 bit mode, the process size limit was hit
# Possible solutions:
#   Reduce memory load on the system
#   Increase physical memory or swap space
#   Check if swap backing store is full
#   Use 64 bit Java on a 64 bit OS
#   Decrease Java heap size (-Xmx/-Xms)
#   Decrease number of Java threads
#   Decrease Java thread stack sizes (-Xss)
#   Set larger code cache with -XX:ReservedCodeCacheSize=
# This output file may be truncated or incomplete.
#
#  Out of Memory Error (allocation.cpp:390), pid=7516, tid=3756
#
# JRE version: Java(TM) SE Runtime Environment (8.0_73-b02) (build 1.8.0_73-b02)
# Java VM: Java HotSpot(TM) 64-Bit Server VM (25.73-b02 mixed mode windows-amd64 compressed oops)
# Failed to write core dump. Minidumps are not enabled by default on client versions of Windows
#

---------------  T H R E A D  ---------------

Current thread (0x0000000056394800):  JavaThread "C2 CompilerThread0" daemon [_thread_in_native, id=3756, stack(0x0000000056c90000,0x0000000056d90000)]

Stack: [0x0000000056c90000,0x0000000056d90000]
[error occurred during error reporting (printing stack bounds), id 0xc0000005]

Native frames: (J=compiled Java code, j=interpreted, Vv=VM code, C=native code)


Current CompileTask:
C2:   3472 1146       4       com.android.dx.ssa.SCCP::simulateStmt (481 bytes)


---------------  P R O C E S S  ---------------

Java Threads: ( => current thread )
  0x0000000056609000 JavaThread "pool-1-thread-4" [_thread_blocked, id=4016, stack(0x00000000578e0000,0x00000000579e0000)]
  0x0000000056604000 JavaThread "pool-1-thread-3" [_thread_blocked, id=4924, stack(0x0000000056790000,0x0000000056890000)]
  0x0000000056603000 JavaThread "pool-1-thread-2" [_thread_in_Java, id=5916, stack(0x0000000057710000,0x0000000057810000)]
  0x000000005653c800 JavaThread "pool-2-thread-1" [_thread_blocked, id=6844, stack(0x0000000057500000,0x0000000057600000)]
  0x0000000056551000 JavaThread "pool-1-thread-1" [_thread_blocked, id=940, stack(0x0000000056b50000,0x0000000056c50000)]
  0x000000005641c000 JavaThread "Service Thread" daemon [_thread_blocked, id=3452, stack(0x0000000057100000,0x0000000057200000)]
  0x0000000056398800 JavaThread "C1 CompilerThread2" daemon [_thread_blocked, id=2816, stack(0x0000000056fc0000,0x00000000570c0000)]
  0x0000000056397000 JavaThread "C2 CompilerThread1" daemon [_thread_in_native, id=3676, stack(0x0000000056db0000,0x0000000056eb0000)]
=>0x0000000056394800 JavaThread "C2 CompilerThread0" daemon [_thread_in_native, id=3756, stack(0x0000000056c90000,0x0000000056d90000)]
  0x0000000056391800 JavaThread "Attach Listener" daemon [_thread_blocked, id=3712, stack(0x0000000056a50000,0x0000000056b50000)]
  0x0000000054ff0800 JavaThread "Signal Dispatcher" daemon [_thread_blocked, id=5972, stack(0x0000000056890000,0x0000000056990000)]
  0x0000000054f92000 JavaThread "Finalizer" daemon [_thread_blocked, id=3824, stack(0x0000000056290000,0x0000000056390000)]
  0x0000000054f90800 JavaThread "Reference Handler" daemon [_thread_blocked, id=7788, stack(0x0000000055e50000,0x0000000055f50000)]
  0x00000000020fe800 JavaThread "main" [_thread_blocked, id=3136, stack(0x0000000002410000,0x0000000002510000)]

Other Threads:
  0x0000000054f8b000 VMThread [stack: 0x0000000055fa0000,0x00000000560a0000] [id=6656]
  0x0000000056426800 WatcherThread [stack: 0x00000000572a0000,0x00000000573a0000] [id=7864]

VM state:not at safepoint (normal execution)

VM Mutex/Monitor currently owned by a thread: None

Heap:
 PSYoungGen      total 18432K, used 18426K [0x00000000eab00000, 0x00000000ecf00000, 0x0000000100000000)
  eden space 15872K, 100% used [0x00000000eab00000,0x00000000eba80000,0x00000000eba80000)
  from space 2560K, 99% used [0x00000000eba80000,0x00000000ebcfeab8,0x00000000ebd00000)
  to   space 2560K, 0% used [0x00000000ecc80000,0x00000000ecc80000,0x00000000ecf00000)
 ParOldGen       total 42496K, used 1093K [0x00000000c0000000, 0x00000000c2980000, 0x00000000eab00000)
  object space 42496K, 2% used [0x00000000c0000000,0x00000000c0111748,0x00000000c2980000)
 Metaspace       used 5821K, capacity 6896K, committed 7040K, reserved 1056768K
  class space    used 588K, capacity 616K, committed 640K, reserved 1048576K

Card table byte_map: [0x0000000011ba0000,0x0000000011db0000] byte_map_base: 0x00000000115a0000

Marking Bits: (ParMarkBitMap*) 0x000000005a440600
 Begin Bits: [0x0000000012400000, 0x0000000013400000)
 End Bits:   [0x0000000013400000, 0x0000000014400000)

Polling page: 0x0000000000350000

CodeCache: size=245760Kb used=4723Kb max_used=4734Kb free=241036Kb
 bounds [0x00000000027e0000, 0x0000000002c90000, 0x00000000117e0000]
 total_blobs=1475 nmethods=1212 adapters=176
 compilation: enabled

Compilation events (10 events):
Event: 3.432 Thread 0x0000000056397000 1215       4       java.util.Collections$UnmodifiableCollection::iterator (9 bytes)
Event: 3.433 Thread 0x0000000056398800 nmethod 1211 0x0000000002c79490 code [0x0000000002c79600, 0x0000000002c79858]
Event: 3.433 Thread 0x0000000056398800 1156       1       com.android.dx.rop.code.LocalItem::getName (5 bytes)
Event: 3.433 Thread 0x0000000056398800 nmethod 1156 0x0000000002c77ed0 code [0x0000000002c78020, 0x0000000002c78130]
Event: 3.433 Thread 0x0000000056398800 1201       1       com.android.dx.dex.file.DexFile::getTypeIds (5 bytes)
Event: 3.433 Thread 0x0000000056398800 nmethod 1201 0x0000000002c791d0 code [0x0000000002c79320, 0x0000000002c79430]
Event: 3.437 Thread 0x0000000056397000 nmethod 1215 0x0000000002c78ad0 code [0x0000000002c78c40, 0x0000000002c78ef8]
Event: 3.437 Thread 0x0000000056397000 1210       4       com.android.dx.ssa.SsaMethod$1::visitNonMoveInsn (26 bytes)
Event: 3.438 Thread 0x0000000056397000 nmethod 1210 0x0000000002c81150 code [0x0000000002c812a0, 0x0000000002c81398]
Event: 3.438 Thread 0x0000000056397000 1214   !   4       com.android.dx.cf.code.BytecodeArray::parseInstruction (2764 bytes)

GC Heap History (2 events):
Event: 2.067 GC heap before
{Heap before GC invocations=1 (full 0):
 PSYoungGen      total 18432K, used 15872K [0x00000000eab00000, 0x00000000ebf80000, 0x0000000100000000)
  eden space 15872K, 100% used [0x00000000eab00000,0x00000000eba80000,0x00000000eba80000)
  from space 2560K, 0% used [0x00000000ebd00000,0x00000000ebd00000,0x00000000ebf80000)
  to   space 2560K, 0% used [0x00000000eba80000,0x00000000eba80000,0x00000000ebd00000)
 ParOldGen       total 42496K, used 0K [0x00000000c0000000, 0x00000000c2980000, 0x00000000eab00000)
  object space 42496K, 0% used [0x00000000c0000000,0x00000000c0000000,0x00000000c2980000)
 Metaspace       used 5521K, capacity 6640K, committed 6784K, reserved 1056768K
  class space    used 580K, capacity 616K, committed 640K, reserved 1048576K
Event: 2.088 GC heap after
Heap after GC invocations=1 (full 0):
 PSYoungGen      total 18432K, used 2554K [0x00000000eab00000, 0x00000000ecf00000, 0x0000000100000000)
  eden space 15872K, 0% used [0x00000000eab00000,0x00000000eab00000,0x00000000eba80000)
  from space 2560K, 99% used [0x00000000eba80000,0x00000000ebcfeab8,0x00000000ebd00000)
  to   space 2560K, 0% used [0x00000000ecc80000,0x00000000ecc80000,0x00000000ecf00000)
 ParOldGen       total 42496K, used 1093K [0x00000000c0000000, 0x00000000c2980000, 0x00000000eab00000)
  object space 42496K, 2% used [0x00000000c0000000,0x00000000c0111748,0x00000000c2980000)
 Metaspace       used 5521K, capacity 6640K, committed 6784K, reserved 1056768K
  class space    used 580K, capacity 616K, committed 640K, reserved 1048576K
}

Deoptimization events (10 events):
Event: 2.497 Thread 0x0000000056604000 Uncommon trap: reason=unstable_if action=reinterpret pc=0x0000000002a9a97c method=com.android.dx.rop.code.LocalItem.hashCode()I @ 25
Event: 2.497 Thread 0x0000000056604000 Uncommon trap: reason=unstable_if action=reinterpret pc=0x0000000002a9878c method=com.android.dx.rop.code.LocalItem.hashCode()I @ 25
Event: 2.497 Thread 0x0000000056604000 Uncommon trap: reason=unstable_if action=reinterpret pc=0x0000000002a9a20c method=com.android.dx.rop.code.LocalItem.hashCode()I @ 25
Event: 2.502 Thread 0x0000000056604000 Uncommon trap: reason=unstable_if action=reinterpret pc=0x0000000002ab604c method=com.android.dx.rop.code.LocalItem.hashCode()I @ 25
Event: 2.578 Thread 0x0000000056604000 Uncommon trap: reason=unstable_if action=reinterpret pc=0x0000000002a4b634 method=com.android.dx.rop.code.RegisterSpec.equals(ILcom/android/dx/rop/type/TypeBearer;Lcom/android/dx/rop/code/LocalItem;)Z @ 16
Event: 2.585 Thread 0x0000000056609000 Uncommon trap: reason=unstable_if action=reinterpret pc=0x0000000002a462a4 method=java.util.BitSet.ensureCapacity(I)V @ 6
Event: 2.936 Thread 0x00000000020fe800 Uncommon trap: reason=unstable_if action=reinterpret pc=0x0000000002ac9f4c method=com.android.dx.ssa.SsaMethod.updateOneDefinition(Lcom/android/dx/ssa/SsaInsn;Lcom/android/dx/rop/code/RegisterSpec;)V @ 4
Event: 3.273 Thread 0x0000000056603000 Uncommon trap: reason=unstable_if action=reinterpret pc=0x0000000002ab1304 method=com.android.dx.rop.code.RegisterSpec.equals(ILcom/android/dx/rop/type/TypeBearer;Lcom/android/dx/rop/code/LocalItem;)Z @ 16
Event: 3.274 Thread 0x0000000056603000 Uncommon trap: reason=unstable_if action=reinterpret pc=0x0000000002accba4 method=com.android.dx.rop.code.RegisterSpec.equals(ILcom/android/dx/rop/type/TypeBearer;Lcom/android/dx/rop/code/LocalItem;)Z @ 16
Event: 3.410 Thread 0x0000000056603000 Uncommon trap: reason=null_check action=make_not_entrant pc=0x0000000002bf2e50 method=com.android.dx.rop.type.Type.equals(Ljava/lang/Object;)Z @ 8

Internal exceptions (3 events):
Event: 0.327 Thread 0x00000000020fe800 Exception <a 'java/lang/NoSuchMethodError': Method sun.misc.Unsafe.defineClass(Ljava/lang/String;[BII)Ljava/lang/Class; name or signature does not match> (0x00000000eab130d8) thrown at [D:\re\puppet\workspace\8-2-build-windows-amd64-cygwin\jdk8u73\6086\hot’ù÷ﬁêÎ‘?
Event: 0.327 Thread 0x00000000020fe800 Exception <a 'java/lang/NoSuchMethodError': Method sun.misc.Unsafe.prefetchRead(Ljava/lang/Object;J)V name or signature does not match> (0x00000000eab133c0) thrown at [D:\re\puppet\workspace\8-2-build-windows-amd64-cygwin\jdk8u73\6086\hotspot\src\share\vm\c⁄µ»G@
Event: 3.410 Thread 0x0000000056603000 Implicit null exception at 0x0000000002bf2d52 to 0x0000000002bf2e42

Events (10 events):
Event: 3.379 loading class java/util/TreeMap$EntrySet done
Event: 3.379 loading class java/util/TreeMap$EntryIterator
Event: 3.380 loading class java/util/TreeMap$EntryIterator done
Event: 3.380 Executing VM operation: Deoptimize
Event: 3.380 Executing VM operation: Deoptimize done
Event: 3.410 Thread 0x0000000056603000 Uncommon trap: trap_request=0xfffffff4 fr.pc=0x0000000002bf2e50
Event: 3.410 Thread 0x0000000056603000 DEOPT PACKING pc=0x0000000002bf2e50 sp=0x000000005780e7c0
Event: 3.410 Thread 0x0000000056603000 DEOPT UNPACKING pc=0x000000000282582a sp=0x000000005780e748 mode 2
Event: 3.425 Thread 0x0000000056603000 DEOPT PACKING pc=0x0000000002ae7b32 sp=0x000000005780e880
Event: 3.425 Thread 0x0000000056603000 DEOPT UNPACKING pc=0x000000000282787f sp=0x000000005780e5c8 mode 0


Dynamic libraries:
0x000000013fbc0000 - 0x000000013fbf7000 	C:\Program Files\Java\jdk1.8.0_73\bin\java.exe
0x0000000077270000 - 0x000000007741a000 	C:\Windows\SYSTEM32\ntdll.dll
0x0000000077150000 - 0x000000007726f000 	C:\Windows\system32\kernel32.dll
0x000007fefcfd0000 - 0x000007fefd03a000 	C:\Windows\system32\KERNELBASE.dll
0x0000000074ca0000 - 0x0000000074d27000 	C:\Windows\System32\SYSFER.DLL
0x000007fefdc80000 - 0x000007fefdd5b000 	C:\Windows\system32\ADVAPI32.dll
0x000007fefdd60000 - 0x000007fefddff000 	C:\Windows\system32\msvcrt.dll
0x000007feff560000 - 0x000007feff57f000 	C:\Windows\SYSTEM32\sechost.dll
0x000007fefd450000 - 0x000007fefd57d000 	C:\Windows\system32\RPCRT4.dll
0x0000000077050000 - 0x000000007714a000 	C:\Windows\system32\USER32.dll
0x000007fefd7e0000 - 0x000007fefd847000 	C:\Windows\system32\GDI32.dll
0x000007fefd430000 - 0x000007fefd43e000 	C:\Windows\system32\LPK.dll
0x000007fefd360000 - 0x000007fefd42a000 	C:\Windows\system32\USP10.dll
0x000007fefbf40000 - 0x000007fefc134000 	C:\Windows\WinSxS\amd64_microsoft.windows.common-controls_6595b64144ccf1df_6.0.7601.18837_none_fa3b1e3d17594757\COMCTL32.dll
0x000007fefe2e0000 - 0x000007fefe351000 	C:\Windows\system32\SHLWAPI.dll
0x000007fefd580000 - 0x000007fefd5ae000 	C:\Windows\system32\IMM32.DLL
0x000007fefdea0000 - 0x000007fefdfa9000 	C:\Windows\system32\MSCTF.dll
0x000000005d0b0000 - 0x000000005d182000 	C:\Program Files\Java\jdk1.8.0_73\jre\bin\msvcr100.dll
0x0000000059c30000 - 0x000000005a4c0000 	C:\Program Files\Java\jdk1.8.0_73\jre\bin\server\jvm.dll
0x000007fef3e50000 - 0x000007fef3e59000 	C:\Windows\system32\WSOCK32.dll
0x000007fefdfb0000 - 0x000007fefdffd000 	C:\Windows\system32\WS2_32.dll
0x000007fefd440000 - 0x000007fefd448000 	C:\Windows\system32\NSI.dll
0x000007fefbc00000 - 0x000007fefbc3b000 	C:\Windows\system32\WINMM.dll
0x000007fefc330000 - 0x000007fefc33c000 	C:\Windows\system32\VERSION.dll
0x0000000077430000 - 0x0000000077437000 	C:\Windows\system32\PSAPI.DLL
0x0000000064430000 - 0x000000006443f000 	C:\Program Files\Java\jdk1.8.0_73\jre\bin\verify.dll
0x0000000061ce0000 - 0x0000000061d09000 	C:\Program Files\Java\jdk1.8.0_73\jre\bin\java.dll
0x0000000062f50000 - 0x0000000062f66000 	C:\Program Files\Java\jdk1.8.0_73\jre\bin\zip.dll
0x000007fefe360000 - 0x000007feff0ea000 	C:\Windows\system32\SHELL32.dll
0x000007fefd5b0000 - 0x000007fefd7b3000 	C:\Windows\system32\ole32.dll
0x000007fefcfa0000 - 0x000007fefcfaf000 	C:\Windows\system32\profapi.dll

VM Arguments:
jvm_args: -Djava.awt.headless=true -Xmx1024M -Dfile.encoding=windows-1251 -Duser.country=RU -Duser.language=ru -Duser.variant 
java_command: com.android.dx.command.Main --dex --force-jumbo --num-threads=4 --output C:\asp\NGS_vacancy\app\build\intermediates\pre-dexed\debug\com.android.support-design-24.2.1_454043672f1b5d218c633267b63206b1df1d4dcd.jar C:\asp\NGS_vacancy\app\build\intermediates\exploded-aar\com.android.support\design\24.2.1\jars\classes.jar
java_class_path (initial): C:\Users\avtseben\AppData\Local\Android\Sdk\build-tools\23.0.3\lib\dx.jar
Launcher Type: SUN_STANDARD

Environment Variables:
PATH=C:\Program Files\Broadcom\Broadcom 802.11;c:\Program Files (x86)\Intel\iCLS Client\;c:\Program Files\Intel\iCLS Client\;C:\ProgramData\Oracle\Java\javapath;C:\Windows\system32;C:\Windows;C:\Windows\System32\Wbem;C:\Windows\System32\WindowsPowerShell\v1.0\;C:\Program Files\Intel\Intel(R) Management Engine Components\DAL;C:\Program Files\Intel\Intel(R) Management Engine Components\IPT;C:\Program Files (x86)\Intel\Intel(R) Management Engine Components\DAL;C:\Program Files (x86)\Intel\Intel(R) Management Engine Components\IPT;c:\Program Files\WIDCOMM\Bluetooth Software\;c:\Program Files\WIDCOMM\Bluetooth Software\syswow64;C:\Program Files (x86)\Hewlett-Packard\HP ProtectTools Security Manager\Bin\;C:\Program Files (x86)\Skype\Phone\;C:\Program Files\OpenVPN\bin;C:\androidSDK\platform-tools\;C:\Program Files\Broadcom\Broadcom 802.11;c:\Program Files (x86)\Intel\iCLS Client\;c:\Program Files\Intel\iCLS Client\;C:\ProgramData\Oracle\Java\javapath;C:\Windows\system32;C:\Windows;C:\Windows\System32\Wbem;C:\Windows\System32\WindowsPowerShell\v1.0\;C:\Program Files\Intel\Intel(R) Management Engine Components\DAL;C:\Program Files\Intel\Intel(R) Management Engine Components\IPT;C:\Program Files (x86)\Intel\Intel(R) Management Engine Components\DAL;C:\Program Files (x86)\Intel\Intel(R) Management Engine Components\IPT;c:\Program Files\WIDCOMM\Bluetooth Software\;c:\Program Files\WIDCOMM\Bluetooth Software\syswow64;C:\Program Files (x86)\Hewlett-Packard\HP ProtectTools Security Manager\Bin\;C:\Program Files (x86)\Brackets\command;C:\Program Files (x86)\Skype\Phone\;C:\Program Files (x86)\ufs2tools-0.8\ufs2tools\;C:\Program Files\Git\bin\;C:\androidSDK\platform-tools;C:\gradle\bin
USERNAME=avtseben
OS=Windows_NT
PROCESSOR_IDENTIFIER=Intel64 Family 6 Model 58 Stepping 9, GenuineIntel



---------------  S Y S T E M  ---------------

OS: Windows 7 , 64 bit Build 7601 (6.1.7601.23572)

CPU:total 4 (2 cores per cpu, 2 threads per core) family 6 model 58 stepping 9, cmov, cx8, fxsr, mmx, sse, sse2, sse3, ssse3, sse4.1, sse4.2, popcnt, avx, aes, clmul, erms, ht, tsc, tscinvbit, tscinv

Memory: 4k page, physical 4056748k(664040k free), swap 4734624k(5240k free)

vm_info: Java HotSpot(TM) 64-Bit Server VM (25.73-b02) for windows-amd64 JRE (1.8.0_73-b02), built on Jan 29 2016 17:38:49 by "java_re" with MS VC++ 10.0 (VS2010)

time: Sat Dec 24 20:40:49 2016
elapsed time: 3 seconds (0d 0h 0m 3s)

