#
# There is insufficient memory for the Java Runtime Environment to continue.
# Native memory allocation (malloc) failed to allocate 32744 bytes for ChunkPool::allocate
# Possible reasons:
#   The system is out of physical RAM or swap space
#   In 32 bit mode, the process size limit was hit
# Possible solutions:
#   Reduce memory load on the system
#   Increase physical memory or swap space
#   Check if swap backing store is full
#   Use 64 bit Java on a 64 bit OS
#   Decrease Java heap size (-Xmx/-Xms)
#   Decrease number of Java threads
#   Decrease Java thread stack sizes (-Xss)
#   Set larger code cache with -XX:ReservedCodeCacheSize=
# This output file may be truncated or incomplete.
#
#  Out of Memory Error (allocation.cpp:273), pid=6432, tid=5532
#
# JRE version: Java(TM) SE Runtime Environment (8.0_73-b02) (build 1.8.0_73-b02)
# Java VM: Java HotSpot(TM) 64-Bit Server VM (25.73-b02 mixed mode windows-amd64 compressed oops)
# Failed to write core dump. Minidumps are not enabled by default on client versions of Windows
#

---------------  T H R E A D  ---------------

Current thread (0x0000000056d55000):  JavaThread "C2 CompilerThread0" daemon [_thread_in_native, id=5532, stack(0x00000000574a0000,0x00000000575a0000)]

Stack: [0x00000000574a0000,0x00000000575a0000]
[error occurred during error reporting (printing stack bounds), id 0xc0000005]

Native frames: (J=compiled Java code, j=interpreted, Vv=VM code, C=native code)


Current CompileTask:
C2:   4389 1044       4       com.android.dx.ssa.SCCP::simulatePhi (169 bytes)


---------------  P R O C E S S  ---------------

Java Threads: ( => current thread )
  0x0000000057016800 JavaThread "pool-1-thread-4" [_thread_blocked, id=6512, stack(0x0000000058240000,0x0000000058340000)]
  0x0000000057015000 JavaThread "pool-1-thread-3" [_thread_blocked, id=6768, stack(0x0000000058090000,0x0000000058190000)]
  0x0000000056ee4000 JavaThread "pool-1-thread-2" [_thread_blocked, id=8188, stack(0x0000000057f60000,0x0000000058060000)]
  0x0000000056ee1000 JavaThread "pool-2-thread-1" [_thread_blocked, id=8076, stack(0x0000000057a30000,0x0000000057b30000)]
  0x0000000056edc800 JavaThread "pool-1-thread-1" [_thread_in_Java, id=752, stack(0x0000000057c80000,0x0000000057d80000)]
  0x0000000054f5f000 JavaThread "Service Thread" daemon [_thread_blocked, id=7844, stack(0x00000000577e0000,0x00000000578e0000)]
  0x0000000056d58000 JavaThread "C1 CompilerThread2" daemon [_thread_in_native, id=3728, stack(0x00000000578e0000,0x00000000579e0000)]
  0x0000000056d57000 JavaThread "C2 CompilerThread1" daemon [_thread_in_native, id=5644, stack(0x0000000057620000,0x0000000057720000)]
=>0x0000000056d55000 JavaThread "C2 CompilerThread0" daemon [_thread_in_native, id=5532, stack(0x00000000574a0000,0x00000000575a0000)]
  0x0000000056d51800 JavaThread "Attach Listener" daemon [_thread_blocked, id=7936, stack(0x0000000057330000,0x0000000057430000)]
  0x0000000054f50800 JavaThread "Signal Dispatcher" daemon [_thread_blocked, id=6016, stack(0x0000000057180000,0x0000000057280000)]
  0x0000000054ef2000 JavaThread "Finalizer" daemon [_thread_blocked, id=760, stack(0x0000000056c50000,0x0000000056d50000)]
  0x0000000054ef0800 JavaThread "Reference Handler" daemon [_thread_blocked, id=3220, stack(0x0000000056a70000,0x0000000056b70000)]
  0x000000000025e800 JavaThread "main" [_thread_blocked, id=6048, stack(0x0000000002370000,0x0000000002470000)]

Other Threads:
  0x0000000054eeb000 VMThread [stack: 0x0000000055fa0000,0x00000000560a0000] [id=5752]
  0x0000000056dd6800 WatcherThread [stack: 0x0000000057b70000,0x0000000057c70000] [id=7412]

VM state:not at safepoint (normal execution)

VM Mutex/Monitor currently owned by a thread: None

Heap:
 PSYoungGen      total 34304K, used 8243K [0x00000000eab00000, 0x00000000ecf00000, 0x0000000100000000)
  eden space 31744K, 17% used [0x00000000eab00000,0x00000000eb090f98,0x00000000eca00000)
  from space 2560K, 99% used [0x00000000ecc80000,0x00000000ecefc020,0x00000000ecf00000)
  to   space 2560K, 0% used [0x00000000eca00000,0x00000000eca00000,0x00000000ecc80000)
 ParOldGen       total 42496K, used 3157K [0x00000000c0000000, 0x00000000c2980000, 0x00000000eab00000)
  object space 42496K, 7% used [0x00000000c0000000,0x00000000c03156e0,0x00000000c2980000)
 Metaspace       used 5794K, capacity 6896K, committed 7040K, reserved 1056768K
  class space    used 589K, capacity 616K, committed 640K, reserved 1048576K

Card table byte_map: [0x0000000011b00000,0x0000000011d10000] byte_map_base: 0x0000000011500000

Marking Bits: (ParMarkBitMap*) 0x0000000056930600
 Begin Bits: [0x0000000012360000, 0x0000000013360000)
 End Bits:   [0x0000000013360000, 0x0000000014360000)

Polling page: 0x0000000000230000

CodeCache: size=245760Kb used=4140Kb max_used=4140Kb free=241619Kb
 bounds [0x0000000002740000, 0x0000000002b50000, 0x0000000011740000]
 total_blobs=1351 nmethods=1088 adapters=176
 compilation: enabled

Compilation events (10 events):
Event: 4.341 Thread 0x0000000056d58000 nmethod 1114 0x0000000002b4a710 code [0x0000000002b4a940, 0x0000000002b4b6c8]
Event: 4.341 Thread 0x0000000056d58000 1108       3       com.android.dx.rop.type.StdTypeList::<init> (6 bytes)
Event: 4.341 Thread 0x0000000056d58000 nmethod 1108 0x0000000002b4bd90 code [0x0000000002b4bf00, 0x0000000002b4c088]
Event: 4.341 Thread 0x0000000056d58000 1107       3       com.android.dx.rop.type.Type::isCategory2 (36 bytes)
Event: 4.341 Thread 0x0000000056d58000 nmethod 1107 0x0000000002b4c110 code [0x0000000002b4c260, 0x0000000002b4c3d0]
Event: 4.341 Thread 0x0000000056d58000 1116       3       com.android.dx.cf.code.BasicBlocker::visitNoArgs (298 bytes)
Event: 4.342 Thread 0x0000000056d58000 nmethod 1116 0x0000000002b4c450 code [0x0000000002b4c6c0, 0x0000000002b4d478]
Event: 4.342 Thread 0x0000000056d58000 1118       3       com.android.dx.rop.cst.CstBaseMethodRef::getPrototype (41 bytes)
Event: 4.342 Thread 0x0000000056d58000 nmethod 1118 0x0000000002b4e050 code [0x0000000002b4e1c0, 0x0000000002b4e5a8]
Event: 4.342 Thread 0x0000000056d58000 1117       3       com.android.dx.cf.code.Simulator$SimVisitor::visitNoArgs (2108 bytes)

GC Heap History (4 events):
Event: 2.242 GC heap before
{Heap before GC invocations=1 (full 0):
 PSYoungGen      total 18432K, used 15872K [0x00000000eab00000, 0x00000000ebf80000, 0x0000000100000000)
  eden space 15872K, 100% used [0x00000000eab00000,0x00000000eba80000,0x00000000eba80000)
  from space 2560K, 0% used [0x00000000ebd00000,0x00000000ebd00000,0x00000000ebf80000)
  to   space 2560K, 0% used [0x00000000eba80000,0x00000000eba80000,0x00000000ebd00000)
 ParOldGen       total 42496K, used 0K [0x00000000c0000000, 0x00000000c2980000, 0x00000000eab00000)
  object space 42496K, 0% used [0x00000000c0000000,0x00000000c0000000,0x00000000c2980000)
 Metaspace       used 5617K, capacity 6768K, committed 7040K, reserved 1056768K
  class space    used 587K, capacity 616K, committed 640K, reserved 1048576K
Event: 2.900 GC heap after
Heap after GC invocations=1 (full 0):
 PSYoungGen      total 18432K, used 2543K [0x00000000eab00000, 0x00000000ecf00000, 0x0000000100000000)
  eden space 15872K, 0% used [0x00000000eab00000,0x00000000eab00000,0x00000000eba80000)
  from space 2560K, 99% used [0x00000000eba80000,0x00000000ebcfbec0,0x00000000ebd00000)
  to   space 2560K, 0% used [0x00000000ecc80000,0x00000000ecc80000,0x00000000ecf00000)
 ParOldGen       total 42496K, used 1837K [0x00000000c0000000, 0x00000000c2980000, 0x00000000eab00000)
  object space 42496K, 4% used [0x00000000c0000000,0x00000000c01cb5e0,0x00000000c2980000)
 Metaspace       used 5617K, capacity 6768K, committed 7040K, reserved 1056768K
  class space    used 587K, capacity 616K, committed 640K, reserved 1048576K
}
Event: 3.823 GC heap before
{Heap before GC invocations=2 (full 0):
 PSYoungGen      total 18432K, used 18415K [0x00000000eab00000, 0x00000000ecf00000, 0x0000000100000000)
  eden space 15872K, 100% used [0x00000000eab00000,0x00000000eba80000,0x00000000eba80000)
  from space 2560K, 99% used [0x00000000eba80000,0x00000000ebcfbec0,0x00000000ebd00000)
  to   space 2560K, 0% used [0x00000000ecc80000,0x00000000ecc80000,0x00000000ecf00000)
 ParOldGen       total 42496K, used 1837K [0x00000000c0000000, 0x00000000c2980000, 0x00000000eab00000)
  object space 42496K, 4% used [0x00000000c0000000,0x00000000c01cb5e0,0x00000000c2980000)
 Metaspace       used 5781K, capacity 6896K, committed 7040K, reserved 1056768K
  class space    used 588K, capacity 616K, committed 640K, reserved 1048576K
Event: 4.327 GC heap after
Heap after GC invocations=2 (full 0):
 PSYoungGen      total 34304K, used 2544K [0x00000000eab00000, 0x00000000ecf00000, 0x0000000100000000)
  eden space 31744K, 0% used [0x00000000eab00000,0x00000000eab00000,0x00000000eca00000)
  from space 2560K, 99% used [0x00000000ecc80000,0x00000000ecefc020,0x00000000ecf00000)
  to   space 2560K, 0% used [0x00000000eca00000,0x00000000eca00000,0x00000000ecc80000)
 ParOldGen       total 42496K, used 3157K [0x00000000c0000000, 0x00000000c2980000, 0x00000000eab00000)
  object space 42496K, 7% used [0x00000000c0000000,0x00000000c03156e0,0x00000000c2980000)
 Metaspace       used 5781K, capacity 6896K, committed 7040K, reserved 1056768K
  class space    used 588K, capacity 616K, committed 640K, reserved 1048576K
}

Deoptimization events (10 events):
Event: 2.187 Thread 0x0000000057015000 Uncommon trap: reason=class_check action=maybe_recompile pc=0x00000000029b9c44 method=com.android.dx.ssa.NormalSsaInsn.accept(Lcom/android/dx/ssa/SsaInsn$Visitor;)V @ 9
Event: 2.188 Thread 0x0000000057015000 Uncommon trap: reason=class_check action=maybe_recompile pc=0x00000000029b9c44 method=com.android.dx.ssa.NormalSsaInsn.accept(Lcom/android/dx/ssa/SsaInsn$Visitor;)V @ 9
Event: 2.188 Thread 0x0000000057015000 Uncommon trap: reason=class_check action=maybe_recompile pc=0x00000000029a25e0 method=com.android.dx.ssa.NormalSsaInsn.accept(Lcom/android/dx/ssa/SsaInsn$Visitor;)V @ 9
Event: 2.944 Thread 0x0000000057015000 Uncommon trap: reason=class_check action=maybe_recompile pc=0x00000000029b7740 method=com.android.dx.rop.type.Type.equals(Ljava/lang/Object;)Z @ 8
Event: 2.944 Thread 0x0000000057015000 Uncommon trap: reason=class_check action=maybe_recompile pc=0x00000000029b7740 method=com.android.dx.rop.type.Type.equals(Ljava/lang/Object;)Z @ 8
Event: 2.987 Thread 0x0000000056edc800 Uncommon trap: reason=class_check action=maybe_recompile pc=0x00000000029a85fc method=com.android.dx.rop.type.Type.equals(Ljava/lang/Object;)Z @ 8
Event: 3.033 Thread 0x000000000025e800 Uncommon trap: reason=unstable_if action=reinterpret pc=0x0000000002a48a58 method=com.android.dx.rop.code.RegisterSpec.equals(ILcom/android/dx/rop/type/TypeBearer;Lcom/android/dx/rop/code/LocalItem;)Z @ 42
Event: 3.076 Thread 0x0000000056ee4000 Uncommon trap: reason=unstable_if action=reinterpret pc=0x0000000002a46a9c method=com.android.dx.rop.code.RegisterSpecSet.put(Lcom/android/dx/rop/code/RegisterSpec;)V @ 77
Event: 3.241 Thread 0x0000000056ee4000 Uncommon trap: reason=bimorphic action=maybe_recompile pc=0x0000000002a47820 method=java.util.HashMap.getNode(ILjava/lang/Object;)Ljava/util/HashMap$Node; @ 126
Event: 4.337 Thread 0x0000000056edc800 Uncommon trap: reason=bimorphic action=maybe_recompile pc=0x0000000002a47820 method=java.util.HashMap.getNode(ILjava/lang/Object;)Ljava/util/HashMap$Node; @ 126

Internal exceptions (2 events):
Event: 0.960 Thread 0x000000000025e800 Exception <a 'java/lang/NoSuchMethodError': Method sun.misc.Unsafe.defineClass(Ljava/lang/String;[BII)Ljava/lang/Class; name or signature does not match> (0x00000000eab130d8) thrown at [D:\re\puppet\workspace\8-2-build-windows-amd64-cygwin\jdk8u73\6086\hot1®‚¿UºÓ?
Event: 0.960 Thread 0x000000000025e800 Exception <a 'java/lang/NoSuchMethodError': Method sun.misc.Unsafe.prefetchRead(Ljava/lang/Object;J)V name or signature does not match> (0x00000000eab133c0) thrown at [D:\re\puppet\workspace\8-2-build-windows-amd64-cygwin\jdk8u73\6086\hotspot\src\share\vm\

Events (10 events):
Event: 4.337 Thread 0x0000000056edc800 DEOPT PACKING pc=0x0000000002a47820 sp=0x0000000057d7ea20
Event: 4.337 Thread 0x0000000056edc800 DEOPT UNPACKING pc=0x000000000278582a sp=0x0000000057d7e958 mode 2
Event: 4.338 loading class java/util/HashMap$KeySet
Event: 4.338 loading class java/util/HashMap$KeySet done
Event: 4.339 loading class java/util/HashMap$KeyIterator
Event: 4.339 loading class java/util/HashMap$KeyIterator done
Event: 4.344 Thread 0x0000000056edc800 DEOPT PACKING pc=0x00000000029ab6f2 sp=0x0000000057d7e900
Event: 4.344 Thread 0x0000000056edc800 DEOPT UNPACKING pc=0x000000000278787f sp=0x0000000057d7e648 mode 0
Event: 4.347 Thread 0x0000000056edc800 DEOPT PACKING pc=0x00000000029bed1b sp=0x0000000057d7e900
Event: 4.347 Thread 0x0000000056edc800 DEOPT UNPACKING pc=0x000000000278787f sp=0x0000000057d7e658 mode 0


Dynamic libraries:
0x000000013f600000 - 0x000000013f637000 	C:\Program Files\Java\jdk1.8.0_73\bin\java.exe
0x0000000077270000 - 0x000000007741a000 	C:\Windows\SYSTEM32\ntdll.dll
0x0000000077150000 - 0x000000007726f000 	C:\Windows\system32\kernel32.dll
0x000007fefcfd0000 - 0x000007fefd03a000 	C:\Windows\system32\KERNELBASE.dll
0x0000000074ca0000 - 0x0000000074d27000 	C:\Windows\System32\SYSFER.DLL
0x000007fefdc80000 - 0x000007fefdd5b000 	C:\Windows\system32\ADVAPI32.dll
0x000007fefdd60000 - 0x000007fefddff000 	C:\Windows\system32\msvcrt.dll
0x000007feff560000 - 0x000007feff57f000 	C:\Windows\SYSTEM32\sechost.dll
0x000007fefd450000 - 0x000007fefd57d000 	C:\Windows\system32\RPCRT4.dll
0x0000000077050000 - 0x000000007714a000 	C:\Windows\system32\USER32.dll
0x000007fefd7e0000 - 0x000007fefd847000 	C:\Windows\system32\GDI32.dll
0x000007fefd430000 - 0x000007fefd43e000 	C:\Windows\system32\LPK.dll
0x000007fefd360000 - 0x000007fefd42a000 	C:\Windows\system32\USP10.dll
0x000007fefbf40000 - 0x000007fefc134000 	C:\Windows\WinSxS\amd64_microsoft.windows.common-controls_6595b64144ccf1df_6.0.7601.18837_none_fa3b1e3d17594757\COMCTL32.dll
0x000007fefe2e0000 - 0x000007fefe351000 	C:\Windows\system32\SHLWAPI.dll
0x000007fefd580000 - 0x000007fefd5ae000 	C:\Windows\system32\IMM32.DLL
0x000007fefdea0000 - 0x000007fefdfa9000 	C:\Windows\system32\MSCTF.dll
0x000000005dbe0000 - 0x000000005dcb2000 	C:\Program Files\Java\jdk1.8.0_73\jre\bin\msvcr100.dll
0x0000000056120000 - 0x00000000569b0000 	C:\Program Files\Java\jdk1.8.0_73\jre\bin\server\jvm.dll
0x000007feef9c0000 - 0x000007feef9c9000 	C:\Windows\system32\WSOCK32.dll
0x000007fefdfb0000 - 0x000007fefdffd000 	C:\Windows\system32\WS2_32.dll
0x000007fefd440000 - 0x000007fefd448000 	C:\Windows\system32\NSI.dll
0x000007fefbc00000 - 0x000007fefbc3b000 	C:\Windows\system32\WINMM.dll
0x000007fefc330000 - 0x000007fefc33c000 	C:\Windows\system32\VERSION.dll
0x0000000077430000 - 0x0000000077437000 	C:\Windows\system32\PSAPI.DLL
0x00000000707d0000 - 0x00000000707df000 	C:\Program Files\Java\jdk1.8.0_73\jre\bin\verify.dll
0x00000000707a0000 - 0x00000000707c9000 	C:\Program Files\Java\jdk1.8.0_73\jre\bin\java.dll
0x0000000070780000 - 0x0000000070796000 	C:\Program Files\Java\jdk1.8.0_73\jre\bin\zip.dll
0x000007fefe360000 - 0x000007feff0ea000 	C:\Windows\system32\SHELL32.dll
0x000007fefd5b0000 - 0x000007fefd7b3000 	C:\Windows\system32\ole32.dll
0x000007fefcfa0000 - 0x000007fefcfaf000 	C:\Windows\system32\profapi.dll

VM Arguments:
jvm_args: -Djava.awt.headless=true -Xmx1024M -Dfile.encoding=windows-1251 -Duser.country=RU -Duser.language=ru -Duser.variant 
java_command: com.android.dx.command.Main --dex --force-jumbo --num-threads=4 --output C:\asp\NGS_vacancy\app\build\intermediates\pre-dexed\debug\com.android.support-support-vector-drawable-24.2.1_e3ef8773c31edea489c24937869020baf61a7880.jar C:\asp\NGS_vacancy\app\build\intermediates\exploded-aar\com.android.support\support-vector-drawable\24.2.1\jars\classes.jar
java_class_path (initial): C:\Users\avtseben\AppData\Local\Android\Sdk\build-tools\23.0.3\lib\dx.jar
Launcher Type: SUN_STANDARD

Environment Variables:
PATH=C:\Program Files\Broadcom\Broadcom 802.11;c:\Program Files (x86)\Intel\iCLS Client\;c:\Program Files\Intel\iCLS Client\;C:\ProgramData\Oracle\Java\javapath;C:\Windows\system32;C:\Windows;C:\Windows\System32\Wbem;C:\Windows\System32\WindowsPowerShell\v1.0\;C:\Program Files\Intel\Intel(R) Management Engine Components\DAL;C:\Program Files\Intel\Intel(R) Management Engine Components\IPT;C:\Program Files (x86)\Intel\Intel(R) Management Engine Components\DAL;C:\Program Files (x86)\Intel\Intel(R) Management Engine Components\IPT;c:\Program Files\WIDCOMM\Bluetooth Software\;c:\Program Files\WIDCOMM\Bluetooth Software\syswow64;C:\Program Files (x86)\Hewlett-Packard\HP ProtectTools Security Manager\Bin\;C:\Program Files (x86)\Skype\Phone\;C:\Program Files\OpenVPN\bin;C:\androidSDK\platform-tools\;C:\Program Files\Broadcom\Broadcom 802.11;c:\Program Files (x86)\Intel\iCLS Client\;c:\Program Files\Intel\iCLS Client\;C:\ProgramData\Oracle\Java\javapath;C:\Windows\system32;C:\Windows;C:\Windows\System32\Wbem;C:\Windows\System32\WindowsPowerShell\v1.0\;C:\Program Files\Intel\Intel(R) Management Engine Components\DAL;C:\Program Files\Intel\Intel(R) Management Engine Components\IPT;C:\Program Files (x86)\Intel\Intel(R) Management Engine Components\DAL;C:\Program Files (x86)\Intel\Intel(R) Management Engine Components\IPT;c:\Program Files\WIDCOMM\Bluetooth Software\;c:\Program Files\WIDCOMM\Bluetooth Software\syswow64;C:\Program Files (x86)\Hewlett-Packard\HP ProtectTools Security Manager\Bin\;C:\Program Files (x86)\Brackets\command;C:\Program Files (x86)\Skype\Phone\;C:\Program Files (x86)\ufs2tools-0.8\ufs2tools\;C:\Program Files\Git\bin\;C:\androidSDK\platform-tools;C:\gradle\bin
USERNAME=avtseben
OS=Windows_NT
PROCESSOR_IDENTIFIER=Intel64 Family 6 Model 58 Stepping 9, GenuineIntel



---------------  S Y S T E M  ---------------

OS: Windows 7 , 64 bit Build 7601 (6.1.7601.23572)

CPU:total 4 (2 cores per cpu, 2 threads per core) family 6 model 58 stepping 9, cmov, cx8, fxsr, mmx, sse, sse2, sse3, ssse3, sse4.1, sse4.2, popcnt, avx, aes, clmul, erms, ht, tsc, tscinvbit, tscinv

Memory: 4k page, physical 4056748k(455840k free), swap 4734624k(4208k free)

vm_info: Java HotSpot(TM) 64-Bit Server VM (25.73-b02) for windows-amd64 JRE (1.8.0_73-b02), built on Jan 29 2016 17:38:49 by "java_re" with MS VC++ 10.0 (VS2010)

time: Sat Dec 24 20:34:14 2016
elapsed time: 4 seconds (0d 0h 0m 4s)

