#
# There is insufficient memory for the Java Runtime Environment to continue.
# Native memory allocation (malloc) failed to allocate 1459856 bytes for Chunk::new
# Possible reasons:
#   The system is out of physical RAM or swap space
#   In 32 bit mode, the process size limit was hit
# Possible solutions:
#   Reduce memory load on the system
#   Increase physical memory or swap space
#   Check if swap backing store is full
#   Use 64 bit Java on a 64 bit OS
#   Decrease Java heap size (-Xmx/-Xms)
#   Decrease number of Java threads
#   Decrease Java thread stack sizes (-Xss)
#   Set larger code cache with -XX:ReservedCodeCacheSize=
# This output file may be truncated or incomplete.
#
#  Out of Memory Error (allocation.cpp:390), pid=2924, tid=2584
#
# JRE version: Java(TM) SE Runtime Environment (8.0_73-b02) (build 1.8.0_73-b02)
# Java VM: Java HotSpot(TM) 64-Bit Server VM (25.73-b02 mixed mode windows-amd64 compressed oops)
# Failed to write core dump. Minidumps are not enabled by default on client versions of Windows
#

---------------  T H R E A D  ---------------

Current thread (0x0000000056e97000):  JavaThread "C2 CompilerThread1" daemon [_thread_in_native, id=2584, stack(0x0000000057790000,0x0000000057890000)]

Stack: [0x0000000057790000,0x0000000057890000]
[error occurred during error reporting (printing stack bounds), id 0xc0000005]

Native frames: (J=compiled Java code, j=interpreted, Vv=VM code, C=native code)


Current CompileTask:
C2:   3423 1159   !   4       com.android.dx.cf.code.BytecodeArray::parseInstruction (2764 bytes)


---------------  P R O C E S S  ---------------

Java Threads: ( => current thread )
  0x0000000057007000 JavaThread "pool-2-thread-1" [_thread_blocked, id=8004, stack(0x0000000057d10000,0x0000000057e10000)]
  0x0000000057001800 JavaThread "pool-1-thread-1" [_thread_in_Java, id=536, stack(0x0000000057c10000,0x0000000057d10000)]
  0x0000000056e9a800 JavaThread "Service Thread" daemon [_thread_blocked, id=2644, stack(0x0000000057ab0000,0x0000000057bb0000)]
  0x0000000056e98000 JavaThread "C1 CompilerThread2" daemon [_thread_blocked, id=7588, stack(0x0000000057980000,0x0000000057a80000)]
=>0x0000000056e97000 JavaThread "C2 CompilerThread1" daemon [_thread_in_native, id=2584, stack(0x0000000057790000,0x0000000057890000)]
  0x0000000056e95000 JavaThread "C2 CompilerThread0" daemon [_thread_blocked, id=8992, stack(0x0000000056ad0000,0x0000000056bd0000)]
  0x0000000056e91800 JavaThread "Attach Listener" daemon [_thread_blocked, id=6240, stack(0x00000000574f0000,0x00000000575f0000)]
  0x0000000055a11800 JavaThread "Signal Dispatcher" daemon [_thread_blocked, id=3020, stack(0x0000000057300000,0x0000000057400000)]
  0x00000000559b2000 JavaThread "Finalizer" daemon [_thread_blocked, id=8492, stack(0x0000000056d90000,0x0000000056e90000)]
  0x00000000559b0800 JavaThread "Reference Handler" daemon [_thread_blocked, id=9180, stack(0x0000000056c30000,0x0000000056d30000)]
  0x000000000219e800 JavaThread "main" [_thread_blocked, id=7548, stack(0x0000000002250000,0x0000000002350000)]

Other Threads:
  0x00000000559ab000 VMThread [stack: 0x0000000056960000,0x0000000056a60000] [id=2624]
  0x0000000056f04800 WatcherThread [stack: 0x0000000057660000,0x0000000057760000] [id=5280]

VM state:not at safepoint (normal execution)

VM Mutex/Monitor currently owned by a thread: None

Heap:
 PSYoungGen      total 18432K, used 18209K [0x00000000eab00000, 0x00000000ecf00000, 0x0000000100000000)
  eden space 15872K, 98% used [0x00000000eab00000,0x00000000eba486e0,0x00000000eba80000)
  from space 2560K, 99% used [0x00000000eba80000,0x00000000ebcffee8,0x00000000ebd00000)
  to   space 2560K, 0% used [0x00000000ecc80000,0x00000000ecc80000,0x00000000ecf00000)
 ParOldGen       total 42496K, used 1516K [0x00000000c0000000, 0x00000000c2980000, 0x00000000eab00000)
  object space 42496K, 3% used [0x00000000c0000000,0x00000000c017b210,0x00000000c2980000)
 Metaspace       used 5816K, capacity 6896K, committed 7040K, reserved 1056768K
  class space    used 589K, capacity 616K, committed 640K, reserved 1048576K

Card table byte_map: [0x0000000011a90000,0x0000000011ca0000] byte_map_base: 0x0000000011490000

Marking Bits: (ParMarkBitMap*) 0x00000000557a0600
 Begin Bits: [0x0000000012540000, 0x0000000013540000)
 End Bits:   [0x0000000013540000, 0x0000000014540000)

Polling page: 0x0000000000230000

CodeCache: size=245760Kb used=4421Kb max_used=4429Kb free=241338Kb
 bounds [0x00000000026d0000, 0x0000000002b30000, 0x00000000116d0000]
 total_blobs=1420 nmethods=1157 adapters=176
 compilation: enabled

Compilation events (10 events):
Event: 3.377 Thread 0x0000000056e98000 1155       3       com.android.dx.rop.code.RopMethod::<init> (53 bytes)
Event: 3.377 Thread 0x0000000056e98000 nmethod 1155 0x0000000002b1b9d0 code [0x0000000002b1bb60, 0x0000000002b1bf38]
Event: 3.377 Thread 0x0000000056e98000 1156       3       com.android.dx.ssa.DeadCodeRemover::process (14 bytes)
Event: 3.378 Thread 0x0000000056e98000 nmethod 1156 0x0000000002b1d990 code [0x0000000002b1db00, 0x0000000002b1dcf8]
Event: 3.378 Thread 0x0000000056e98000 1157       3       com.android.dx.ssa.DeadCodeRemover::<init> (44 bytes)
Event: 3.378 Thread 0x0000000056e95000 nmethod 1154 0x0000000002b1e3d0 code [0x0000000002b1e500, 0x0000000002b1e598]
Event: 3.378 Thread 0x0000000056e97000 1159   !   4       com.android.dx.cf.code.BytecodeArray::parseInstruction (2764 bytes)
Event: 3.378 Thread 0x0000000056e98000 nmethod 1157 0x0000000002b09e10 code [0x0000000002b09fa0, 0x0000000002b0a398]
Event: 3.378 Thread 0x0000000056e98000 1158       3       java.lang.Float::isNaN (12 bytes)
Event: 3.378 Thread 0x0000000056e98000 nmethod 1158 0x0000000002b09a90 code [0x0000000002b09be0, 0x0000000002b09d90]

GC Heap History (2 events):
Event: 1.415 GC heap before
{Heap before GC invocations=1 (full 0):
 PSYoungGen      total 18432K, used 15872K [0x00000000eab00000, 0x00000000ebf80000, 0x0000000100000000)
  eden space 15872K, 100% used [0x00000000eab00000,0x00000000eba80000,0x00000000eba80000)
  from space 2560K, 0% used [0x00000000ebd00000,0x00000000ebd00000,0x00000000ebf80000)
  to   space 2560K, 0% used [0x00000000eba80000,0x00000000eba80000,0x00000000ebd00000)
 ParOldGen       total 42496K, used 0K [0x00000000c0000000, 0x00000000c2980000, 0x00000000eab00000)
  object space 42496K, 0% used [0x00000000c0000000,0x00000000c0000000,0x00000000c2980000)
 Metaspace       used 5658K, capacity 6768K, committed 7040K, reserved 1056768K
  class space    used 584K, capacity 616K, committed 640K, reserved 1048576K
Event: 1.821 GC heap after
Heap after GC invocations=1 (full 0):
 PSYoungGen      total 18432K, used 2559K [0x00000000eab00000, 0x00000000ecf00000, 0x0000000100000000)
  eden space 15872K, 0% used [0x00000000eab00000,0x00000000eab00000,0x00000000eba80000)
  from space 2560K, 99% used [0x00000000eba80000,0x00000000ebcffee8,0x00000000ebd00000)
  to   space 2560K, 0% used [0x00000000ecc80000,0x00000000ecc80000,0x00000000ecf00000)
 ParOldGen       total 42496K, used 1516K [0x00000000c0000000, 0x00000000c2980000, 0x00000000eab00000)
  object space 42496K, 3% used [0x00000000c0000000,0x00000000c017b210,0x00000000c2980000)
 Metaspace       used 5658K, capacity 6768K, committed 7040K, reserved 1056768K
  class space    used 584K, capacity 616K, committed 640K, reserved 1048576K
}

Deoptimization events (9 events):
Event: 0.814 Thread 0x000000000219e800 Uncommon trap: reason=unstable_if action=reinterpret pc=0x00000000028e4768 method=java.util.HashMap.getNode(ILjava/lang/Object;)Ljava/util/HashMap$Node; @ 62
Event: 1.317 Thread 0x0000000057008800 Uncommon trap: reason=unstable_if action=reinterpret pc=0x00000000029e0f84 method=com.android.dx.rop.cst.Constant.compareTo(Lcom/android/dx/rop/cst/Constant;)I @ 12
Event: 1.358 Thread 0x0000000057008800 Uncommon trap: reason=bimorphic action=maybe_recompile pc=0x0000000002a12374 method=com.android.dx.ssa.NormalSsaInsn.accept(Lcom/android/dx/ssa/SsaInsn$Visitor;)V @ 9
Event: 1.358 Thread 0x0000000057008800 Uncommon trap: reason=bimorphic action=maybe_recompile pc=0x0000000002a12374 method=com.android.dx.ssa.NormalSsaInsn.accept(Lcom/android/dx/ssa/SsaInsn$Visitor;)V @ 9
Event: 1.358 Thread 0x0000000057008800 Uncommon trap: reason=bimorphic action=maybe_recompile pc=0x0000000002a12374 method=com.android.dx.ssa.NormalSsaInsn.accept(Lcom/android/dx/ssa/SsaInsn$Visitor;)V @ 9
Event: 1.358 Thread 0x0000000057008800 Uncommon trap: reason=bimorphic action=maybe_recompile pc=0x0000000002a12374 method=com.android.dx.ssa.NormalSsaInsn.accept(Lcom/android/dx/ssa/SsaInsn$Visitor;)V @ 9
Event: 1.391 Thread 0x0000000057008800 Uncommon trap: reason=unstable_if action=reinterpret pc=0x00000000029cde9c method=com.android.dx.rop.code.RegisterSpecSet.put(Lcom/android/dx/rop/code/RegisterSpec;)V @ 77
Event: 1.395 Thread 0x0000000057008800 Uncommon trap: reason=bimorphic action=maybe_recompile pc=0x000000000293a794 method=java.util.HashMap.getNode(ILjava/lang/Object;)Ljava/util/HashMap$Node; @ 126
Event: 2.367 Thread 0x000000000219e800 Uncommon trap: reason=unstable_if action=reinterpret pc=0x00000000029c4dd4 method=com.android.dx.rop.code.RegisterSpec.equals(ILcom/android/dx/rop/type/TypeBearer;Lcom/android/dx/rop/code/LocalItem;)Z @ 42

Internal exceptions (2 events):
Event: 0.139 Thread 0x000000000219e800 Exception <a 'java/lang/NoSuchMethodError': Method sun.misc.Unsafe.defineClass(Ljava/lang/String;[BII)Ljava/lang/Class; name or signature does not match> (0x00000000eab130d8) thrown at [D:\re\puppet\workspace\8-2-build-windows-amd64-cygwin\jdk8u73\6086\hotùó¨˘ü«¡?
Event: 0.139 Thread 0x000000000219e800 Exception <a 'java/lang/NoSuchMethodError': Method sun.misc.Unsafe.prefetchRead(Ljava/lang/Object;J)V name or signature does not match> (0x00000000eab133c0) thrown at [D:\re\puppet\workspace\8-2-build-windows-amd64-cygwin\jdk8u73\6086\hotspot\src\share\vm\

Events (10 events):
Event: 2.401 loading class java/util/HashMap$KeyIterator done
Event: 2.420 Thread 0x0000000057008800 DEOPT PACKING pc=0x000000000294fc9a sp=0x00000000580ceb10
Event: 2.420 Thread 0x0000000057008800 DEOPT UNPACKING pc=0x000000000271787f sp=0x00000000580ce878 mode 0
Event: 2.442 loading class com/android/dx/dex/file/MethodAnnotationStruct
Event: 2.442 loading class com/android/dx/dex/file/MethodAnnotationStruct done
Event: 2.464 Thread 0x0000000057008800 DEOPT PACKING pc=0x000000000294fc9a sp=0x00000000580ceb10
Event: 2.464 Thread 0x0000000057008800 DEOPT UNPACKING pc=0x000000000271787f sp=0x00000000580ce878 mode 0
Event: 2.511 Thread 0x000000005708a000 Thread exited: 0x000000005708a000
Event: 2.516 Thread 0x0000000057008800 Thread exited: 0x0000000057008800
Event: 2.915 Thread 0x000000005708b000 Thread exited: 0x000000005708b000


Dynamic libraries:
0x000000013f060000 - 0x000000013f097000 	C:\Program Files\Java\jdk1.8.0_73\bin\java.exe
0x0000000077540000 - 0x00000000776ea000 	C:\Windows\SYSTEM32\ntdll.dll
0x0000000077420000 - 0x000000007753f000 	C:\Windows\system32\kernel32.dll
0x000007fefd330000 - 0x000007fefd39a000 	C:\Windows\system32\KERNELBASE.dll
0x0000000074f70000 - 0x0000000074ff7000 	C:\Windows\System32\SYSFER.DLL
0x000007fefd630000 - 0x000007fefd70b000 	C:\Windows\system32\ADVAPI32.dll
0x000007fefeb80000 - 0x000007fefec1f000 	C:\Windows\system32\msvcrt.dll
0x000007feff620000 - 0x000007feff63f000 	C:\Windows\SYSTEM32\sechost.dll
0x000007fefe6d0000 - 0x000007fefe7fd000 	C:\Windows\system32\RPCRT4.dll
0x0000000077320000 - 0x000000007741a000 	C:\Windows\system32\USER32.dll
0x000007fefec70000 - 0x000007fefecd7000 	C:\Windows\system32\GDI32.dll
0x000007fefe880000 - 0x000007fefe88e000 	C:\Windows\system32\LPK.dll
0x000007feff550000 - 0x000007feff61a000 	C:\Windows\system32\USP10.dll
0x000007fefc1d0000 - 0x000007fefc3c4000 	C:\Windows\WinSxS\amd64_microsoft.windows.common-controls_6595b64144ccf1df_6.0.7601.18837_none_fa3b1e3d17594757\COMCTL32.dll
0x000007fefd820000 - 0x000007fefd891000 	C:\Windows\system32\SHLWAPI.dll
0x000007fefd7f0000 - 0x000007fefd81e000 	C:\Windows\system32\IMM32.DLL
0x000007fefeec0000 - 0x000007fefefc9000 	C:\Windows\system32\MSCTF.dll
0x0000000061210000 - 0x00000000612e2000 	C:\Program Files\Java\jdk1.8.0_73\jre\bin\msvcr100.dll
0x0000000054f90000 - 0x0000000055820000 	C:\Program Files\Java\jdk1.8.0_73\jre\bin\server\jvm.dll
0x000007feec600000 - 0x000007feec609000 	C:\Windows\system32\WSOCK32.dll
0x000007fefec20000 - 0x000007fefec6d000 	C:\Windows\system32\WS2_32.dll
0x000007fefeb70000 - 0x000007fefeb78000 	C:\Windows\system32\NSI.dll
0x000007fefbed0000 - 0x000007fefbf0b000 	C:\Windows\system32\WINMM.dll
0x000007fefc5b0000 - 0x000007fefc5bc000 	C:\Windows\system32\VERSION.dll
0x0000000077700000 - 0x0000000077707000 	C:\Windows\system32\PSAPI.DLL
0x0000000071c70000 - 0x0000000071c7f000 	C:\Program Files\Java\jdk1.8.0_73\jre\bin\verify.dll
0x0000000071c40000 - 0x0000000071c69000 	C:\Program Files\Java\jdk1.8.0_73\jre\bin\java.dll
0x0000000065c70000 - 0x0000000065c86000 	C:\Program Files\Java\jdk1.8.0_73\jre\bin\zip.dll
0x000007fefd8a0000 - 0x000007fefe62a000 	C:\Windows\system32\SHELL32.dll
0x000007feff640000 - 0x000007feff843000 	C:\Windows\system32\ole32.dll
0x000007fefd280000 - 0x000007fefd28f000 	C:\Windows\system32\profapi.dll

VM Arguments:
jvm_args: -Djava.awt.headless=true -Xmx1024M -Dfile.encoding=windows-1251 -Duser.country=RU -Duser.language=ru -Duser.variant 
java_command: com.android.dx.command.Main --dex --force-jumbo --num-threads=4 --output C:\asp\NGS_vacancy\app\build\intermediates\pre-dexed\debug\com.android.support-support-vector-drawable-24.2.1_e3ef8773c31edea489c24937869020baf61a7880.jar C:\asp\NGS_vacancy\app\build\intermediates\exploded-aar\com.android.support\support-vector-drawable\24.2.1\jars\classes.jar
java_class_path (initial): C:\Users\avtseben\AppData\Local\Android\Sdk\build-tools\23.0.3\lib\dx.jar
Launcher Type: SUN_STANDARD

Environment Variables:
PATH=C:\Program Files\Broadcom\Broadcom 802.11;c:\Program Files (x86)\Intel\iCLS Client\;c:\Program Files\Intel\iCLS Client\;C:\ProgramData\Oracle\Java\javapath;C:\Windows\system32;C:\Windows;C:\Windows\System32\Wbem;C:\Windows\System32\WindowsPowerShell\v1.0\;C:\Program Files\Intel\Intel(R) Management Engine Components\DAL;C:\Program Files\Intel\Intel(R) Management Engine Components\IPT;C:\Program Files (x86)\Intel\Intel(R) Management Engine Components\DAL;C:\Program Files (x86)\Intel\Intel(R) Management Engine Components\IPT;c:\Program Files\WIDCOMM\Bluetooth Software\;c:\Program Files\WIDCOMM\Bluetooth Software\syswow64;C:\Program Files (x86)\Hewlett-Packard\HP ProtectTools Security Manager\Bin\;C:\Program Files (x86)\Skype\Phone\;C:\Program Files\OpenVPN\bin;C:\androidSDK\platform-tools\;C:\Program Files\Broadcom\Broadcom 802.11;c:\Program Files (x86)\Intel\iCLS Client\;c:\Program Files\Intel\iCLS Client\;C:\ProgramData\Oracle\Java\javapath;C:\Windows\system32;C:\Windows;C:\Windows\System32\Wbem;C:\Windows\System32\WindowsPowerShell\v1.0\;C:\Program Files\Intel\Intel(R) Management Engine Components\DAL;C:\Program Files\Intel\Intel(R) Management Engine Components\IPT;C:\Program Files (x86)\Intel\Intel(R) Management Engine Components\DAL;C:\Program Files (x86)\Intel\Intel(R) Management Engine Components\IPT;c:\Program Files\WIDCOMM\Bluetooth Software\;c:\Program Files\WIDCOMM\Bluetooth Software\syswow64;C:\Program Files (x86)\Hewlett-Packard\HP ProtectTools Security Manager\Bin\;C:\Program Files (x86)\Brackets\command;C:\Program Files (x86)\Skype\Phone\;C:\Program Files (x86)\ufs2tools-0.8\ufs2tools\;C:\Program Files\Git\bin\;C:\androidSDK\platform-tools;C:\gradle\bin
USERNAME=avtseben
OS=Windows_NT
PROCESSOR_IDENTIFIER=Intel64 Family 6 Model 58 Stepping 9, GenuineIntel



---------------  S Y S T E M  ---------------

OS: Windows 7 , 64 bit Build 7601 (6.1.7601.23572)

CPU:total 4 (2 cores per cpu, 2 threads per core) family 6 model 58 stepping 9, cmov, cx8, fxsr, mmx, sse, sse2, sse3, ssse3, sse4.1, sse4.2, popcnt, avx, aes, clmul, erms, ht, tsc, tscinvbit, tscinv

Memory: 4k page, physical 4056748k(337544k free), swap 5123076k(5936k free)

vm_info: Java HotSpot(TM) 64-Bit Server VM (25.73-b02) for windows-amd64 JRE (1.8.0_73-b02), built on Jan 29 2016 17:38:49 by "java_re" with MS VC++ 10.0 (VS2010)

time: Sat Dec 24 11:40:25 2016
elapsed time: 3 seconds (0d 0h 0m 3s)

