#
# There is insufficient memory for the Java Runtime Environment to continue.
# Native memory allocation (malloc) failed to allocate 693056 bytes for Chunk::new
# Possible reasons:
#   The system is out of physical RAM or swap space
#   In 32 bit mode, the process size limit was hit
# Possible solutions:
#   Reduce memory load on the system
#   Increase physical memory or swap space
#   Check if swap backing store is full
#   Use 64 bit Java on a 64 bit OS
#   Decrease Java heap size (-Xmx/-Xms)
#   Decrease number of Java threads
#   Decrease Java thread stack sizes (-Xss)
#   Set larger code cache with -XX:ReservedCodeCacheSize=
# This output file may be truncated or incomplete.
#
#  Out of Memory Error (allocation.cpp:390), pid=3656, tid=3300
#
# JRE version: Java(TM) SE Runtime Environment (8.0_73-b02) (build 1.8.0_73-b02)
# Java VM: Java HotSpot(TM) 64-Bit Server VM (25.73-b02 mixed mode windows-amd64 compressed oops)
# Failed to write core dump. Minidumps are not enabled by default on client versions of Windows
#

---------------  T H R E A D  ---------------

Current thread (0x0000000056ff6000):  JavaThread "C2 CompilerThread1" daemon [_thread_in_native, id=3300, stack(0x0000000057900000,0x0000000057a00000)]

Stack: [0x0000000057900000,0x0000000057a00000]
[error occurred during error reporting (printing stack bounds), id 0xc0000005]

Native frames: (J=compiled Java code, j=interpreted, Vv=VM code, C=native code)


Current CompileTask:
C2:  13474 1949       4       com.android.dx.ssa.SCCP::addUsersToWorklist (103 bytes)


---------------  P R O C E S S  ---------------

Java Threads: ( => current thread )
  0x000000005732a000 JavaThread "pool-1-thread-4" [_thread_blocked, id=7680, stack(0x0000000058c70000,0x0000000058d70000)]
  0x0000000057329800 JavaThread "pool-1-thread-3" [_thread_blocked, id=8008, stack(0x0000000058a80000,0x0000000058b80000)]
  0x0000000057328800 JavaThread "pool-1-thread-2" [_thread_blocked, id=4344, stack(0x0000000058890000,0x0000000058990000)]
  0x0000000057326800 JavaThread "pool-2-thread-1" [_thread_blocked, id=4756, stack(0x0000000058670000,0x0000000058770000)]
  0x0000000057312000 JavaThread "pool-1-thread-1" [_thread_blocked, id=4188, stack(0x0000000058530000,0x0000000058630000)]
  0x0000000057082000 JavaThread "Service Thread" daemon [_thread_blocked, id=8324, stack(0x0000000057ba0000,0x0000000057ca0000)]
  0x0000000056ff7000 JavaThread "C1 CompilerThread2" daemon [_thread_blocked, id=6960, stack(0x0000000057a80000,0x0000000057b80000)]
=>0x0000000056ff6000 JavaThread "C2 CompilerThread1" daemon [_thread_in_native, id=3300, stack(0x0000000057900000,0x0000000057a00000)]
  0x0000000056ff4000 JavaThread "C2 CompilerThread0" daemon [_thread_in_native, id=4984, stack(0x0000000057670000,0x0000000057770000)]
  0x0000000056ff0800 JavaThread "Attach Listener" daemon [_thread_blocked, id=8548, stack(0x0000000056c30000,0x0000000056d30000)]
  0x0000000054fb2000 JavaThread "Signal Dispatcher" daemon [_thread_blocked, id=6908, stack(0x0000000057490000,0x0000000057590000)]
  0x0000000054f52000 JavaThread "Finalizer" daemon [_thread_blocked, id=5300, stack(0x0000000056ef0000,0x0000000056ff0000)]
  0x0000000054f50800 JavaThread "Reference Handler" daemon [_thread_blocked, id=1336, stack(0x0000000056d70000,0x0000000056e70000)]
  0x000000000214e800 JavaThread "main" [_thread_blocked, id=8128, stack(0x00000000022b0000,0x00000000023b0000)]

Other Threads:
  0x0000000054f4b000 VMThread [stack: 0x0000000056af0000,0x0000000056bf0000] [id=7500]
  0x000000005709d000 WatcherThread [stack: 0x0000000057780000,0x0000000057880000] [id=7620]

VM state:not at safepoint (normal execution)

VM Mutex/Monitor currently owned by a thread: None

Heap:
 PSYoungGen      total 66048K, used 24798K [0x00000000eab00000, 0x00000000eee00000, 0x0000000100000000)
  eden space 63488K, 35% used [0x00000000eab00000,0x00000000ec0bfab0,0x00000000ee900000)
  from space 2560K, 98% used [0x00000000eeb80000,0x00000000eedf8010,0x00000000eee00000)
  to   space 2560K, 0% used [0x00000000ee900000,0x00000000ee900000,0x00000000eeb80000)
 ParOldGen       total 42496K, used 11688K [0x00000000c0000000, 0x00000000c2980000, 0x00000000eab00000)
  object space 42496K, 27% used [0x00000000c0000000,0x00000000c0b6a070,0x00000000c2980000)
 Metaspace       used 6165K, capacity 7152K, committed 7296K, reserved 1056768K
  class space    used 591K, capacity 616K, committed 640K, reserved 1048576K

Card table byte_map: [0x0000000011a40000,0x0000000011c50000] byte_map_base: 0x0000000011440000

Marking Bits: (ParMarkBitMap*) 0x00000000569e0600
 Begin Bits: [0x00000000123c0000, 0x00000000133c0000)
 End Bits:   [0x00000000133c0000, 0x00000000143c0000)

Polling page: 0x0000000000340000

CodeCache: size=245760Kb used=8636Kb max_used=8683Kb free=237123Kb
 bounds [0x0000000002680000, 0x0000000002f10000, 0x0000000011680000]
 total_blobs=2139 nmethods=1875 adapters=176
 compilation: enabled

Compilation events (10 events):
Event: 13.392 Thread 0x0000000056ff4000 nmethod 1942 0x0000000002eac390 code [0x0000000002eac4e0, 0x0000000002eac758]
Event: 13.405 Thread 0x0000000056ff6000 nmethod 1919 0x0000000002eee250 code [0x0000000002eefac0, 0x0000000002ef9e18]
Event: 13.407 Thread 0x0000000056ff4000 1945       4       com.android.dx.ssa.ConstCollector::getConstsSortedByCountUse (386 bytes)
Event: 13.409 Thread 0x0000000056ff6000 1946       4       com.android.dx.cf.code.Frame::<init> (52 bytes)
Event: 13.410 Thread 0x0000000056ff6000 nmethod 1946 0x0000000002eab050 code [0x0000000002eab1a0, 0x0000000002eab298]
Event: 13.411 Thread 0x0000000056ff6000 1947       4       com.android.dx.rop.code.RegisterSpec::<init> (8 bytes)
Event: 13.412 Thread 0x0000000056ff6000 nmethod 1947 0x0000000002eae010 code [0x0000000002eae140, 0x0000000002eae1f8]
Event: 13.412 Thread 0x0000000056ff6000 1948       4       com.android.dx.rop.code.RegisterSpec::<init> (48 bytes)
Event: 13.413 Thread 0x0000000056ff6000 nmethod 1948 0x0000000002ead610 code [0x0000000002ead740, 0x0000000002ead7f8]
Event: 13.429 Thread 0x0000000056ff6000 1949       4       com.android.dx.ssa.SCCP::addUsersToWorklist (103 bytes)

GC Heap History (8 events):
Event: 0.774 GC heap before
{Heap before GC invocations=1 (full 0):
 PSYoungGen      total 18432K, used 15872K [0x00000000eab00000, 0x00000000ebf80000, 0x0000000100000000)
  eden space 15872K, 100% used [0x00000000eab00000,0x00000000eba80000,0x00000000eba80000)
  from space 2560K, 0% used [0x00000000ebd00000,0x00000000ebd00000,0x00000000ebf80000)
  to   space 2560K, 0% used [0x00000000eba80000,0x00000000eba80000,0x00000000ebd00000)
 ParOldGen       total 42496K, used 0K [0x00000000c0000000, 0x00000000c2980000, 0x00000000eab00000)
  object space 42496K, 0% used [0x00000000c0000000,0x00000000c0000000,0x00000000c2980000)
 Metaspace       used 5140K, capacity 6320K, committed 6528K, reserved 1056768K
  class space    used 569K, capacity 616K, committed 640K, reserved 1048576K
Event: 1.099 GC heap after
Heap after GC invocations=1 (full 0):
 PSYoungGen      total 18432K, used 2546K [0x00000000eab00000, 0x00000000ecf00000, 0x0000000100000000)
  eden space 15872K, 0% used [0x00000000eab00000,0x00000000eab00000,0x00000000eba80000)
  from space 2560K, 99% used [0x00000000eba80000,0x00000000ebcfcb60,0x00000000ebd00000)
  to   space 2560K, 0% used [0x00000000ecc80000,0x00000000ecc80000,0x00000000ecf00000)
 ParOldGen       total 42496K, used 37K [0x00000000c0000000, 0x00000000c2980000, 0x00000000eab00000)
  object space 42496K, 0% used [0x00000000c0000000,0x00000000c0009478,0x00000000c2980000)
 Metaspace       used 5140K, capacity 6320K, committed 6528K, reserved 1056768K
  class space    used 569K, capacity 616K, committed 640K, reserved 1048576K
}
Event: 2.827 GC heap before
{Heap before GC invocations=2 (full 0):
 PSYoungGen      total 18432K, used 18418K [0x00000000eab00000, 0x00000000ecf00000, 0x0000000100000000)
  eden space 15872K, 100% used [0x00000000eab00000,0x00000000eba80000,0x00000000eba80000)
  from space 2560K, 99% used [0x00000000eba80000,0x00000000ebcfcb60,0x00000000ebd00000)
  to   space 2560K, 0% used [0x00000000ecc80000,0x00000000ecc80000,0x00000000ecf00000)
 ParOldGen       total 42496K, used 37K [0x00000000c0000000, 0x00000000c2980000, 0x00000000eab00000)
  object space 42496K, 0% used [0x00000000c0000000,0x00000000c0009478,0x00000000c2980000)
 Metaspace       used 5903K, capacity 6960K, committed 7040K, reserved 1056768K
  class space    used 590K, capacity 616K, committed 640K, reserved 1048576K
Event: 2.913 GC heap after
Heap after GC invocations=2 (full 0):
 PSYoungGen      total 34304K, used 2535K [0x00000000eab00000, 0x00000000ecf00000, 0x0000000100000000)
  eden space 31744K, 0% used [0x00000000eab00000,0x00000000eab00000,0x00000000eca00000)
  from space 2560K, 99% used [0x00000000ecc80000,0x00000000ecef9c70,0x00000000ecf00000)
  to   space 2560K, 0% used [0x00000000eca00000,0x00000000eca00000,0x00000000ecc80000)
 ParOldGen       total 42496K, used 1370K [0x00000000c0000000, 0x00000000c2980000, 0x00000000eab00000)
  object space 42496K, 3% used [0x00000000c0000000,0x00000000c01569e8,0x00000000c2980000)
 Metaspace       used 5903K, capacity 6960K, committed 7040K, reserved 1056768K
  class space    used 590K, capacity 616K, committed 640K, reserved 1048576K
}
Event: 3.955 GC heap before
{Heap before GC invocations=3 (full 0):
 PSYoungGen      total 34304K, used 34279K [0x00000000eab00000, 0x00000000ecf00000, 0x0000000100000000)
  eden space 31744K, 100% used [0x00000000eab00000,0x00000000eca00000,0x00000000eca00000)
  from space 2560K, 99% used [0x00000000ecc80000,0x00000000ecef9c70,0x00000000ecf00000)
  to   space 2560K, 0% used [0x00000000eca00000,0x00000000eca00000,0x00000000ecc80000)
 ParOldGen       total 42496K, used 1370K [0x00000000c0000000, 0x00000000c2980000, 0x00000000eab00000)
  object space 42496K, 3% used [0x00000000c0000000,0x00000000c01569e8,0x00000000c2980000)
 Metaspace       used 6026K, capacity 7024K, committed 7296K, reserved 1056768K
  class space    used 590K, capacity 616K, committed 640K, reserved 1048576K
Event: 3.974 GC heap after
Heap after GC invocations=3 (full 0):
 PSYoungGen      total 34304K, used 2528K [0x00000000eab00000, 0x00000000eee00000, 0x0000000100000000)
  eden space 31744K, 0% used [0x00000000eab00000,0x00000000eab00000,0x00000000eca00000)
  from space 2560K, 98% used [0x00000000eca00000,0x00000000ecc78010,0x00000000ecc80000)
  to   space 2560K, 0% used [0x00000000eeb80000,0x00000000eeb80000,0x00000000eee00000)
 ParOldGen       total 42496K, used 6630K [0x00000000c0000000, 0x00000000c2980000, 0x00000000eab00000)
  object space 42496K, 15% used [0x00000000c0000000,0x00000000c0679860,0x00000000c2980000)
 Metaspace       used 6026K, capacity 7024K, committed 7296K, reserved 1056768K
  class space    used 590K, capacity 616K, committed 640K, reserved 1048576K
}
Event: 9.599 GC heap before
{Heap before GC invocations=4 (full 0):
 PSYoungGen      total 34304K, used 34272K [0x00000000eab00000, 0x00000000eee00000, 0x0000000100000000)
  eden space 31744K, 100% used [0x00000000eab00000,0x00000000eca00000,0x00000000eca00000)
  from space 2560K, 98% used [0x00000000eca00000,0x00000000ecc78010,0x00000000ecc80000)
  to   space 2560K, 0% used [0x00000000eeb80000,0x00000000eeb80000,0x00000000eee00000)
 ParOldGen       total 42496K, used 6630K [0x00000000c0000000, 0x00000000c2980000, 0x00000000eab00000)
  object space 42496K, 15% used [0x00000000c0000000,0x00000000c0679860,0x00000000c2980000)
 Metaspace       used 6151K, capacity 7152K, committed 7296K, reserved 1056768K
  class space    used 591K, capacity 616K, committed 640K, reserved 1048576K
Event: 10.486 GC heap after
Heap after GC invocations=4 (full 0):
 PSYoungGen      total 66048K, used 2528K [0x00000000eab00000, 0x00000000eee00000, 0x0000000100000000)
  eden space 63488K, 0% used [0x00000000eab00000,0x00000000eab00000,0x00000000ee900000)
  from space 2560K, 98% used [0x00000000eeb80000,0x00000000eedf8010,0x00000000eee00000)
  to   space 2560K, 0% used [0x00000000ee900000,0x00000000ee900000,0x00000000eeb80000)
 ParOldGen       total 42496K, used 11688K [0x00000000c0000000, 0x00000000c2980000, 0x00000000eab00000)
  object space 42496K, 27% used [0x00000000c0000000,0x00000000c0b6a070,0x00000000c2980000)
 Metaspace       used 6151K, capacity 7152K, committed 7296K, reserved 1056768K
  class space    used 591K, capacity 616K, committed 640K, reserved 1048576K
}

Deoptimization events (10 events):
Event: 12.247 Thread 0x000000000214e800 Uncommon trap: reason=unstable_if action=reinterpret pc=0x0000000002bc8868 method=com.android.dx.rop.cst.StdConstantPool.set(ILcom/android/dx/rop/cst/Constant;)V @ 12
Event: 12.271 Thread 0x0000000057329800 Uncommon trap: reason=bimorphic action=maybe_recompile pc=0x0000000002e44af0 method=com.android.dx.cf.code.BytecodeArray.parseInstruction(ILcom/android/dx/cf/code/BytecodeArray$Visitor;)I @ 1357
Event: 12.272 Thread 0x0000000057329800 Uncommon trap: reason=bimorphic action=maybe_recompile pc=0x0000000002e44af0 method=com.android.dx.cf.code.BytecodeArray.parseInstruction(ILcom/android/dx/cf/code/BytecodeArray$Visitor;)I @ 1357
Event: 12.455 Thread 0x0000000057329800 Uncommon trap: reason=bimorphic action=maybe_recompile pc=0x0000000002dea730 method=com.android.dx.ssa.SCCP.simulatePhi(Lcom/android/dx/ssa/PhiInsn;)V @ 124
Event: 12.456 Thread 0x0000000057329800 Uncommon trap: reason=bimorphic action=maybe_recompile pc=0x0000000002df35ec method=com.android.dx.ssa.LiteralOpUpgrader.tryReplacingWithConstant(Lcom/android/dx/ssa/NormalSsaInsn;)Z @ 62
Event: 12.456 Thread 0x0000000057329800 Uncommon trap: reason=class_check action=maybe_recompile pc=0x0000000002afaeb0 method=java.util.HashMap.putVal(ILjava/lang/Object;Ljava/lang/Object;ZZ)Ljava/lang/Object; @ 91
Event: 12.456 Thread 0x0000000057329800 Uncommon trap: reason=class_check action=maybe_recompile pc=0x0000000002afaeb0 method=java.util.HashMap.putVal(ILjava/lang/Object;Ljava/lang/Object;ZZ)Ljava/lang/Object; @ 91
Event: 12.458 Thread 0x0000000057329800 Uncommon trap: reason=unstable_if action=reinterpret pc=0x0000000002e7c8c0 method=com.android.dx.ssa.back.FirstFitLocalCombiningAllocator.findNextUnreservedRopReg(IILcom/android/dx/ssa/back/FirstFitLocalCombiningAllocator$Alignment;)I @ 32
Event: 12.459 Thread 0x0000000057329800 Uncommon trap: reason=bimorphic action=maybe_recompile pc=0x0000000002dea730 method=com.android.dx.ssa.SCCP.simulatePhi(Lcom/android/dx/ssa/PhiInsn;)V @ 124
Event: 12.459 Thread 0x0000000057329800 Uncommon trap: reason=bimorphic action=maybe_recompile pc=0x0000000002df35ec method=com.android.dx.ssa.LiteralOpUpgrader.tryReplacingWithConstant(Lcom/android/dx/ssa/NormalSsaInsn;)Z @ 62

Internal exceptions (3 events):
Event: 0.081 Thread 0x000000000214e800 Exception <a 'java/lang/NoSuchMethodError': Method sun.misc.Unsafe.defineClass(Ljava/lang/String;[BII)Ljava/lang/Class; name or signature does not match> (0x00000000eab130d8) thrown at [D:\re\puppet\workspace\8-2-build-windows-amd64-cygwin\jdk8u73\6086\hot™ßÓ­À´?
Event: 0.081 Thread 0x000000000214e800 Exception <a 'java/lang/NoSuchMethodError': Method sun.misc.Unsafe.prefetchRead(Ljava/lang/Object;J)V name or signature does not match> (0x00000000eab133c0) thrown at [D:\re\puppet\workspace\8-2-build-windows-amd64-cygwin\jdk8u73\6086\hotspot\src\share\vm\aˆiÍ¢Ã@
Event: 3.846 Thread 0x000000000214e800 Implicit null exception at 0x0000000002a749d2 to 0x0000000002a75a11

Events (10 events):
Event: 12.456 Thread 0x0000000057329800 DEOPT UNPACKING pc=0x00000000026c582a sp=0x0000000058b7e258 mode 2
Event: 12.458 Thread 0x0000000057329800 Uncommon trap: trap_request=0xffffff65 fr.pc=0x0000000002e7c8c0
Event: 12.458 Thread 0x0000000057329800 DEOPT PACKING pc=0x0000000002e7c8c0 sp=0x0000000058b7e550
Event: 12.458 Thread 0x0000000057329800 DEOPT UNPACKING pc=0x00000000026c582a sp=0x0000000058b7e4b0 mode 2
Event: 12.459 Thread 0x0000000057329800 Uncommon trap: trap_request=0xffffffc6 fr.pc=0x0000000002dea730
Event: 12.459 Thread 0x0000000057329800 DEOPT PACKING pc=0x0000000002dea730 sp=0x0000000058b7e4c0
Event: 12.459 Thread 0x0000000057329800 DEOPT UNPACKING pc=0x00000000026c582a sp=0x0000000058b7e498 mode 2
Event: 12.459 Thread 0x0000000057329800 Uncommon trap: trap_request=0xffffffc6 fr.pc=0x0000000002df35ec
Event: 12.459 Thread 0x0000000057329800 DEOPT PACKING pc=0x0000000002df35ec sp=0x0000000058b7e450
Event: 12.459 Thread 0x0000000057329800 DEOPT UNPACKING pc=0x00000000026c582a sp=0x0000000058b7e358 mode 2


Dynamic libraries:
0x000000013f330000 - 0x000000013f367000 	C:\Program Files\Java\jdk1.8.0_73\bin\java.exe
0x00000000774d0000 - 0x000000007767a000 	C:\Windows\SYSTEM32\ntdll.dll
0x00000000772b0000 - 0x00000000773cf000 	C:\Windows\system32\kernel32.dll
0x000007fefd550000 - 0x000007fefd5ba000 	C:\Windows\system32\KERNELBASE.dll
0x0000000074f00000 - 0x0000000074f87000 	C:\Windows\System32\SYSFER.DLL
0x000007fefef40000 - 0x000007feff01b000 	C:\Windows\system32\ADVAPI32.dll
0x000007feff6d0000 - 0x000007feff76f000 	C:\Windows\system32\msvcrt.dll
0x000007fefdf20000 - 0x000007fefdf3f000 	C:\Windows\SYSTEM32\sechost.dll
0x000007fefd830000 - 0x000007fefd95d000 	C:\Windows\system32\RPCRT4.dll
0x00000000773d0000 - 0x00000000774ca000 	C:\Windows\system32\USER32.dll
0x000007feff770000 - 0x000007feff7d7000 	C:\Windows\system32\GDI32.dll
0x000007fefdc30000 - 0x000007fefdc3e000 	C:\Windows\system32\LPK.dll
0x000007feff580000 - 0x000007feff64a000 	C:\Windows\system32\USP10.dll
0x000007fefc280000 - 0x000007fefc474000 	C:\Windows\WinSxS\amd64_microsoft.windows.common-controls_6595b64144ccf1df_6.0.7601.18837_none_fa3b1e3d17594757\COMCTL32.dll
0x000007feff280000 - 0x000007feff2f1000 	C:\Windows\system32\SHLWAPI.dll
0x000007feff020000 - 0x000007feff04e000 	C:\Windows\system32\IMM32.DLL
0x000007fefd6a0000 - 0x000007fefd7a9000 	C:\Windows\system32\MSCTF.dll
0x0000000055fd0000 - 0x00000000560a2000 	C:\Program Files\Java\jdk1.8.0_73\jre\bin\msvcr100.dll
0x00000000561d0000 - 0x0000000056a60000 	C:\Program Files\Java\jdk1.8.0_73\jre\bin\server\jvm.dll
0x000007fefacb0000 - 0x000007fefacb9000 	C:\Windows\system32\WSOCK32.dll
0x000007fefe160000 - 0x000007fefe1ad000 	C:\Windows\system32\WS2_32.dll
0x000007fefe150000 - 0x000007fefe158000 	C:\Windows\system32\NSI.dll
0x000007fefbb40000 - 0x000007fefbb7b000 	C:\Windows\system32\WINMM.dll
0x000007fefc620000 - 0x000007fefc62c000 	C:\Windows\system32\VERSION.dll
0x00000000776a0000 - 0x00000000776a7000 	C:\Windows\system32\PSAPI.DLL
0x0000000073d50000 - 0x0000000073d5f000 	C:\Program Files\Java\jdk1.8.0_73\jre\bin\verify.dll
0x0000000073610000 - 0x0000000073639000 	C:\Program Files\Java\jdk1.8.0_73\jre\bin\java.dll
0x0000000073650000 - 0x0000000073666000 	C:\Program Files\Java\jdk1.8.0_73\jre\bin\zip.dll
0x000007fefe1b0000 - 0x000007fefef3a000 	C:\Windows\system32\SHELL32.dll
0x000007fefdf40000 - 0x000007fefe143000 	C:\Windows\system32\ole32.dll
0x000007fefd210000 - 0x000007fefd21f000 	C:\Windows\system32\profapi.dll

VM Arguments:
jvm_args: -Djava.awt.headless=true -Xmx1024M -Dfile.encoding=windows-1251 -Duser.country=RU -Duser.language=ru -Duser.variant 
java_command: com.android.dx.command.Main --dex --force-jumbo --num-threads=4 --output C:\asp\NGS_vacancy\app\build\intermediates\pre-dexed\debug\com.android.support-support-compat-24.2.1_c3a95cf76ae12c0f72d408e708f2771bacaa9896.jar C:\asp\NGS_vacancy\app\build\intermediates\exploded-aar\com.android.support\support-compat\24.2.1\jars\classes.jar
java_class_path (initial): C:\Users\avtseben\AppData\Local\Android\Sdk\build-tools\23.0.3\lib\dx.jar
Launcher Type: SUN_STANDARD

Environment Variables:
PATH=C:\Program Files\Broadcom\Broadcom 802.11;c:\Program Files (x86)\Intel\iCLS Client\;c:\Program Files\Intel\iCLS Client\;C:\ProgramData\Oracle\Java\javapath;C:\Windows\system32;C:\Windows;C:\Windows\System32\Wbem;C:\Windows\System32\WindowsPowerShell\v1.0\;C:\Program Files\Intel\Intel(R) Management Engine Components\DAL;C:\Program Files\Intel\Intel(R) Management Engine Components\IPT;C:\Program Files (x86)\Intel\Intel(R) Management Engine Components\DAL;C:\Program Files (x86)\Intel\Intel(R) Management Engine Components\IPT;c:\Program Files\WIDCOMM\Bluetooth Software\;c:\Program Files\WIDCOMM\Bluetooth Software\syswow64;C:\Program Files (x86)\Hewlett-Packard\HP ProtectTools Security Manager\Bin\;C:\Program Files (x86)\Skype\Phone\;C:\Program Files\OpenVPN\bin;C:\androidSDK\platform-tools\;C:\Program Files\Broadcom\Broadcom 802.11;c:\Program Files (x86)\Intel\iCLS Client\;c:\Program Files\Intel\iCLS Client\;C:\ProgramData\Oracle\Java\javapath;C:\Windows\system32;C:\Windows;C:\Windows\System32\Wbem;C:\Windows\System32\WindowsPowerShell\v1.0\;C:\Program Files\Intel\Intel(R) Management Engine Components\DAL;C:\Program Files\Intel\Intel(R) Management Engine Components\IPT;C:\Program Files (x86)\Intel\Intel(R) Management Engine Components\DAL;C:\Program Files (x86)\Intel\Intel(R) Management Engine Components\IPT;c:\Program Files\WIDCOMM\Bluetooth Software\;c:\Program Files\WIDCOMM\Bluetooth Software\syswow64;C:\Program Files (x86)\Hewlett-Packard\HP ProtectTools Security Manager\Bin\;C:\Program Files (x86)\Brackets\command;C:\Program Files (x86)\Skype\Phone\;C:\Program Files (x86)\ufs2tools-0.8\ufs2tools\;C:\Program Files\Git\bin\;C:\androidSDK\platform-tools;C:\gradle\bin
USERNAME=avtseben
OS=Windows_NT
PROCESSOR_IDENTIFIER=Intel64 Family 6 Model 58 Stepping 9, GenuineIntel



---------------  S Y S T E M  ---------------

OS: Windows 7 , 64 bit Build 7601 (6.1.7601.23569)

CPU:total 4 (2 cores per cpu, 2 threads per core) family 6 model 58 stepping 9, cmov, cx8, fxsr, mmx, sse, sse2, sse3, ssse3, sse4.1, sse4.2, popcnt, avx, aes, clmul, erms, ht, tsc, tscinvbit, tscinv

Memory: 4k page, physical 4056748k(644644k free), swap 5111208k(5144k free)

vm_info: Java HotSpot(TM) 64-Bit Server VM (25.73-b02) for windows-amd64 JRE (1.8.0_73-b02), built on Jan 29 2016 17:38:49 by "java_re" with MS VC++ 10.0 (VS2010)

time: Sun Dec 18 18:18:00 2016
elapsed time: 13 seconds (0d 0h 0m 13s)

