#
# There is insufficient memory for the Java Runtime Environment to continue.
# Native memory allocation (malloc) failed to allocate 65552 bytes for Chunk::new
# Possible reasons:
#   The system is out of physical RAM or swap space
#   In 32 bit mode, the process size limit was hit
# Possible solutions:
#   Reduce memory load on the system
#   Increase physical memory or swap space
#   Check if swap backing store is full
#   Use 64 bit Java on a 64 bit OS
#   Decrease Java heap size (-Xmx/-Xms)
#   Decrease number of Java threads
#   Decrease Java thread stack sizes (-Xss)
#   Set larger code cache with -XX:ReservedCodeCacheSize=
# This output file may be truncated or incomplete.
#
#  Out of Memory Error (allocation.cpp:390), pid=8712, tid=7692
#
# JRE version: Java(TM) SE Runtime Environment (8.0_73-b02) (build 1.8.0_73-b02)
# Java VM: Java HotSpot(TM) 64-Bit Server VM (25.73-b02 mixed mode windows-amd64 compressed oops)
# Failed to write core dump. Minidumps are not enabled by default on client versions of Windows
#

---------------  T H R E A D  ---------------

Current thread (0x0000000056da2800):  JavaThread "C2 CompilerThread0" daemon [_thread_in_native, id=7692, stack(0x00000000575f0000,0x00000000576f0000)]

Stack: [0x00000000575f0000,0x00000000576f0000]
[error occurred during error reporting (printing stack bounds), id 0xc0000005]

Native frames: (J=compiled Java code, j=interpreted, Vv=VM code, C=native code)


Current CompileTask:
C2:   6591 1281       4       com.android.dx.ssa.LocalVariableExtractor::processBlock (383 bytes)


---------------  P R O C E S S  ---------------

Java Threads: ( => current thread )
  0x000000005702b800 JavaThread "pool-1-thread-4" [_thread_in_Java, id=8436, stack(0x0000000058170000,0x0000000058270000)]
  0x0000000056f63800 JavaThread "pool-2-thread-1" [_thread_blocked, id=3752, stack(0x0000000057eb0000,0x0000000057fb0000)]
  0x0000000056db5000 JavaThread "Service Thread" daemon [_thread_blocked, id=5824, stack(0x0000000057380000,0x0000000057480000)]
  0x0000000056da6000 JavaThread "C1 CompilerThread2" daemon [_thread_in_native, id=8732, stack(0x00000000578b0000,0x00000000579b0000)]
  0x0000000056da5000 JavaThread "C2 CompilerThread1" daemon [_thread_in_native, id=8596, stack(0x0000000057730000,0x0000000057830000)]
=>0x0000000056da2800 JavaThread "C2 CompilerThread0" daemon [_thread_in_native, id=7692, stack(0x00000000575f0000,0x00000000576f0000)]
  0x0000000055a15000 JavaThread "Attach Listener" daemon [_thread_blocked, id=7076, stack(0x0000000057490000,0x0000000057590000)]
  0x0000000056dac000 JavaThread "Signal Dispatcher" daemon [_thread_blocked, id=9132, stack(0x0000000057210000,0x0000000057310000)]
  0x00000000559b2000 JavaThread "Finalizer" daemon [_thread_blocked, id=8280, stack(0x0000000056ca0000,0x0000000056da0000)]
  0x00000000559b0800 JavaThread "Reference Handler" daemon [_thread_blocked, id=9108, stack(0x0000000056b30000,0x0000000056c30000)]
  0x000000000016e800 JavaThread "main" [_thread_blocked, id=7044, stack(0x00000000022d0000,0x00000000023d0000)]

Other Threads:
  0x00000000559ab000 VMThread [stack: 0x0000000056920000,0x0000000056a20000] [id=7408]
  0x0000000056e13000 WatcherThread [stack: 0x0000000057a70000,0x0000000057b70000] [id=2376]

VM state:not at safepoint (normal execution)

VM Mutex/Monitor currently owned by a thread: None

Heap:
 PSYoungGen      total 34304K, used 24243K [0x00000000eab00000, 0x00000000ecf00000, 0x0000000100000000)
  eden space 31744K, 68% used [0x00000000eab00000,0x00000000ec0315a8,0x00000000eca00000)
  from space 2560K, 99% used [0x00000000ecc80000,0x00000000ecefb9b0,0x00000000ecf00000)
  to   space 2560K, 0% used [0x00000000eca00000,0x00000000eca00000,0x00000000ecc80000)
 ParOldGen       total 42496K, used 4064K [0x00000000c0000000, 0x00000000c2980000, 0x00000000eab00000)
  object space 42496K, 9% used [0x00000000c0000000,0x00000000c03f8398,0x00000000c2980000)
 Metaspace       used 6084K, capacity 7000K, committed 7168K, reserved 1056768K
  class space    used 621K, capacity 656K, committed 768K, reserved 1048576K

Card table byte_map: [0x0000000011a60000,0x0000000011c70000] byte_map_base: 0x0000000011460000

Marking Bits: (ParMarkBitMap*) 0x00000000557a0600
 Begin Bits: [0x0000000012450000, 0x0000000013450000)
 End Bits:   [0x0000000013450000, 0x0000000014450000)

Polling page: 0x0000000000140000

CodeCache: size=245760Kb used=4589Kb max_used=4589Kb free=241170Kb
 bounds [0x00000000026a0000, 0x0000000002b20000, 0x00000000116a0000]
 total_blobs=1454 nmethods=1185 adapters=182
 compilation: enabled

Compilation events (10 events):
Event: 6.585 Thread 0x0000000056da6000 1368       2       com.android.dx.ssa.back.LivenessAnalyzer::coInterferePhis (128 bytes)
Event: 6.586 Thread 0x0000000056da6000 nmethod 1368 0x0000000002b1abd0 code [0x0000000002b1ade0, 0x0000000002b1b438]
Event: 6.586 Thread 0x0000000056da6000 1369       2       com.android.dx.cf.code.BytecodeArray::processWorkSet (50 bytes)
Event: 6.586 Thread 0x0000000056da6000 nmethod 1369 0x0000000002b1bbd0 code [0x0000000002b1bd60, 0x0000000002b1c098]
Event: 6.586 Thread 0x0000000056da6000 1370       2       com.android.dx.ssa.SCCP::<init> (142 bytes)
Event: 6.587 Thread 0x0000000056da6000 nmethod 1370 0x0000000002b1c2d0 code [0x0000000002b1c480, 0x0000000002b1cb08]
Event: 6.587 Thread 0x0000000056da6000 1366       2       com.android.dx.dex.file.Item::<init> (5 bytes)
Event: 6.587 Thread 0x0000000056da6000 nmethod 1366 0x0000000002b1ce50 code [0x0000000002b1cfa0, 0x0000000002b1d0f0]
Event: 6.587 Thread 0x0000000056da6000 1367       2       com.android.dx.rop.cst.CstType::getType (4 bytes)
Event: 6.587 Thread 0x0000000056da6000 nmethod 1367 0x0000000002b1d190 code [0x0000000002b1d2e0, 0x0000000002b1d430]

GC Heap History (4 events):
Event: 3.176 GC heap before
{Heap before GC invocations=1 (full 0):
 PSYoungGen      total 18432K, used 15872K [0x00000000eab00000, 0x00000000ebf80000, 0x0000000100000000)
  eden space 15872K, 100% used [0x00000000eab00000,0x00000000eba80000,0x00000000eba80000)
  from space 2560K, 0% used [0x00000000ebd00000,0x00000000ebd00000,0x00000000ebf80000)
  to   space 2560K, 0% used [0x00000000eba80000,0x00000000eba80000,0x00000000ebd00000)
 ParOldGen       total 42496K, used 0K [0x00000000c0000000, 0x00000000c2980000, 0x00000000eab00000)
  object space 42496K, 0% used [0x00000000c0000000,0x00000000c0000000,0x00000000c2980000)
 Metaspace       used 5717K, capacity 6704K, committed 6784K, reserved 1056768K
  class space    used 598K, capacity 616K, committed 640K, reserved 1048576K
Event: 3.585 GC heap after
Heap after GC invocations=1 (full 0):
 PSYoungGen      total 18432K, used 2553K [0x00000000eab00000, 0x00000000ecf00000, 0x0000000100000000)
  eden space 15872K, 0% used [0x00000000eab00000,0x00000000eab00000,0x00000000eba80000)
  from space 2560K, 99% used [0x00000000eba80000,0x00000000ebcfe430,0x00000000ebd00000)
  to   space 2560K, 0% used [0x00000000ecc80000,0x00000000ecc80000,0x00000000ecf00000)
 ParOldGen       total 42496K, used 1616K [0x00000000c0000000, 0x00000000c2980000, 0x00000000eab00000)
  object space 42496K, 3% used [0x00000000c0000000,0x00000000c0194358,0x00000000c2980000)
 Metaspace       used 5717K, capacity 6704K, committed 6784K, reserved 1056768K
  class space    used 598K, capacity 616K, committed 640K, reserved 1048576K
}
Event: 4.226 GC heap before
{Heap before GC invocations=2 (full 0):
 PSYoungGen      total 18432K, used 18425K [0x00000000eab00000, 0x00000000ecf00000, 0x0000000100000000)
  eden space 15872K, 100% used [0x00000000eab00000,0x00000000eba80000,0x00000000eba80000)
  from space 2560K, 99% used [0x00000000eba80000,0x00000000ebcfe430,0x00000000ebd00000)
  to   space 2560K, 0% used [0x00000000ecc80000,0x00000000ecc80000,0x00000000ecf00000)
 ParOldGen       total 42496K, used 1616K [0x00000000c0000000, 0x00000000c2980000, 0x00000000eab00000)
  object space 42496K, 3% used [0x00000000c0000000,0x00000000c0194358,0x00000000c2980000)
 Metaspace       used 5788K, capacity 6768K, committed 7040K, reserved 1056768K
  class space    used 598K, capacity 616K, committed 640K, reserved 1048576K
Event: 4.837 GC heap after
Heap after GC invocations=2 (full 0):
 PSYoungGen      total 34304K, used 2542K [0x00000000eab00000, 0x00000000ecf00000, 0x0000000100000000)
  eden space 31744K, 0% used [0x00000000eab00000,0x00000000eab00000,0x00000000eca00000)
  from space 2560K, 99% used [0x00000000ecc80000,0x00000000ecefb9b0,0x00000000ecf00000)
  to   space 2560K, 0% used [0x00000000eca00000,0x00000000eca00000,0x00000000ecc80000)
 ParOldGen       total 42496K, used 4064K [0x00000000c0000000, 0x00000000c2980000, 0x00000000eab00000)
  object space 42496K, 9% used [0x00000000c0000000,0x00000000c03f8398,0x00000000c2980000)
 Metaspace       used 5788K, capacity 6768K, committed 7040K, reserved 1056768K
  class space    used 598K, capacity 616K, committed 640K, reserved 1048576K
}

Deoptimization events (4 events):
Event: 2.627 Thread 0x000000000016e800 Uncommon trap: reason=unstable_if action=reinterpret pc=0x000000000290418c method=java.util.HashMap.getNode(ILjava/lang/Object;)Ljava/util/HashMap$Node; @ 129
Event: 2.658 Thread 0x0000000056f66000 Uncommon trap: reason=unstable_if action=reinterpret pc=0x000000000292af60 method=java.util.BitSet.nextSetBit(I)I @ 87
Event: 5.478 Thread 0x000000005702b800 Uncommon trap: reason=null_check action=make_not_entrant pc=0x000000000298af50 method=com.android.dx.rop.type.Type.equals(Ljava/lang/Object;)Z @ 8
Event: 5.839 Thread 0x000000005702a000 Uncommon trap: reason=unstable_if action=reinterpret pc=0x000000000296da04 method=java.util.HashMap.getNode(ILjava/lang/Object;)Ljava/util/HashMap$Node; @ 84

Internal exceptions (6 events):
Event: 0.424 Thread 0x000000000016e800 Exception <a 'java/lang/NoSuchMethodError': Method sun.misc.Unsafe.defineClass(Ljava/lang/String;[BII)Ljava/lang/Class; name or signature does not match> (0x00000000eab130d8) thrown at [D:\re\puppet\workspace\8-2-build-windows-amd64-cygwin\jdk8u73\6086\hotCLçd⁄#€?
Event: 0.424 Thread 0x000000000016e800 Exception <a 'java/lang/NoSuchMethodError': Method sun.misc.Unsafe.prefetchRead(Ljava/lang/Object;J)V name or signature does not match> (0x00000000eab133c0) thrown at [D:\re\puppet\workspace\8-2-build-windows-amd64-cygwin\jdk8u73\6086\hotspot\src\share\vm\¥ïRy7È@
Event: 5.478 Thread 0x000000005702b800 Implicit null exception at 0x000000000298ae52 to 0x000000000298af42
Event: 5.837 Thread 0x000000005702a000 Exception <a 'java/lang/ArrayIndexOutOfBoundsException': 18> (0x00000000eb739af0) thrown at [D:\re\puppet\workspace\8-2-build-windows-amd64-cygwin\jdk8u73\6086\hotspot\src\share\vm\interpreter\interpreterRuntime.cpp, line 366]
Event: 5.838 Thread 0x000000005702a000 Exception <a 'java/lang/ArrayIndexOutOfBoundsException': 145> (0x00000000eb73b670) thrown at [D:\re\puppet\workspace\8-2-build-windows-amd64-cygwin\jdk8u73\6086\hotspot\src\share\vm\interpreter\interpreterRuntime.cpp, line 366]
Event: 5.839 Thread 0x000000005702a000 Exception <a 'java/lang/ArrayIndexOutOfBoundsException': 40> (0x00000000eb73c958) thrown at [D:\re\puppet\workspace\8-2-build-windows-amd64-cygwin\jdk8u73\6086\hotspot\src\share\vm\interpreter\interpreterRuntime.cpp, line 366]

Events (10 events):
Event: 5.839 Thread 0x000000005702a000 DEOPT UNPACKING pc=0x00000000026e582a sp=0x0000000056b1e3d8 mode 2
Event: 5.865 Thread 0x000000005702a000 Thread exited: 0x000000005702a000
Event: 5.904 Executing VM operation: EnableBiasedLocking
Event: 5.913 Executing VM operation: EnableBiasedLocking done
Event: 5.930 Thread 0x0000000056f66000 Thread exited: 0x0000000056f66000
Event: 6.395 Thread 0x000000005702b800 DEOPT PACKING pc=0x000000000292a517 sp=0x000000005826df10
Event: 6.395 Thread 0x000000005702b800 DEOPT UNPACKING pc=0x00000000026e787f sp=0x000000005826dc30 mode 0
Event: 6.546 Executing VM operation: ForceSafepoint
Event: 6.549 Executing VM operation: ForceSafepoint done
Event: 6.575 Thread 0x0000000056f62000 Thread exited: 0x0000000056f62000


Dynamic libraries:
0x000000013f060000 - 0x000000013f097000 	C:\Program Files\Java\jdk1.8.0_73\bin\java.exe
0x0000000077540000 - 0x00000000776ea000 	C:\Windows\SYSTEM32\ntdll.dll
0x0000000077420000 - 0x000000007753f000 	C:\Windows\system32\kernel32.dll
0x000007fefd330000 - 0x000007fefd39a000 	C:\Windows\system32\KERNELBASE.dll
0x0000000074f70000 - 0x0000000074ff7000 	C:\Windows\System32\SYSFER.DLL
0x000007fefd630000 - 0x000007fefd70b000 	C:\Windows\system32\ADVAPI32.dll
0x000007fefeb80000 - 0x000007fefec1f000 	C:\Windows\system32\msvcrt.dll
0x000007feff620000 - 0x000007feff63f000 	C:\Windows\SYSTEM32\sechost.dll
0x000007fefe6d0000 - 0x000007fefe7fd000 	C:\Windows\system32\RPCRT4.dll
0x0000000077320000 - 0x000000007741a000 	C:\Windows\system32\USER32.dll
0x000007fefec70000 - 0x000007fefecd7000 	C:\Windows\system32\GDI32.dll
0x000007fefe880000 - 0x000007fefe88e000 	C:\Windows\system32\LPK.dll
0x000007feff550000 - 0x000007feff61a000 	C:\Windows\system32\USP10.dll
0x000007fefc1d0000 - 0x000007fefc3c4000 	C:\Windows\WinSxS\amd64_microsoft.windows.common-controls_6595b64144ccf1df_6.0.7601.18837_none_fa3b1e3d17594757\COMCTL32.dll
0x000007fefd820000 - 0x000007fefd891000 	C:\Windows\system32\SHLWAPI.dll
0x000007fefd7f0000 - 0x000007fefd81e000 	C:\Windows\system32\IMM32.DLL
0x000007fefeec0000 - 0x000007fefefc9000 	C:\Windows\system32\MSCTF.dll
0x0000000061210000 - 0x00000000612e2000 	C:\Program Files\Java\jdk1.8.0_73\jre\bin\msvcr100.dll
0x0000000054f90000 - 0x0000000055820000 	C:\Program Files\Java\jdk1.8.0_73\jre\bin\server\jvm.dll
0x000007feec600000 - 0x000007feec609000 	C:\Windows\system32\WSOCK32.dll
0x000007fefec20000 - 0x000007fefec6d000 	C:\Windows\system32\WS2_32.dll
0x000007fefeb70000 - 0x000007fefeb78000 	C:\Windows\system32\NSI.dll
0x000007fefbed0000 - 0x000007fefbf0b000 	C:\Windows\system32\WINMM.dll
0x000007fefc5b0000 - 0x000007fefc5bc000 	C:\Windows\system32\VERSION.dll
0x0000000077700000 - 0x0000000077707000 	C:\Windows\system32\PSAPI.DLL
0x0000000071c70000 - 0x0000000071c7f000 	C:\Program Files\Java\jdk1.8.0_73\jre\bin\verify.dll
0x0000000071c40000 - 0x0000000071c69000 	C:\Program Files\Java\jdk1.8.0_73\jre\bin\java.dll
0x0000000065c70000 - 0x0000000065c86000 	C:\Program Files\Java\jdk1.8.0_73\jre\bin\zip.dll
0x000007fefd8a0000 - 0x000007fefe62a000 	C:\Windows\system32\SHELL32.dll
0x000007feff640000 - 0x000007feff843000 	C:\Windows\system32\ole32.dll
0x000007fefd280000 - 0x000007fefd28f000 	C:\Windows\system32\profapi.dll

VM Arguments:
jvm_args: -Djava.awt.headless=true -Xmx1024M -Dfile.encoding=windows-1251 -Duser.country=RU -Duser.language=ru -Duser.variant 
java_command: com.android.dx.command.Main --dex --force-jumbo --num-threads=4 --output C:\asp\NGS_vacancy\app\build\intermediates\pre-dexed\debug\okio-1.8.0_d0aad528935da1511b973c0c126e9d7768279627.jar C:\Users\avtseben\.gradle\caches\modules-2\files-2.1\com.squareup.okio\okio\1.8.0\5ea7af56cc7c567ed9856d99efb30740e9b17ff\okio-1.8.0.jar
java_class_path (initial): C:\Users\avtseben\AppData\Local\Android\Sdk\build-tools\23.0.3\lib\dx.jar
Launcher Type: SUN_STANDARD

Environment Variables:
PATH=C:\Program Files\Broadcom\Broadcom 802.11;c:\Program Files (x86)\Intel\iCLS Client\;c:\Program Files\Intel\iCLS Client\;C:\ProgramData\Oracle\Java\javapath;C:\Windows\system32;C:\Windows;C:\Windows\System32\Wbem;C:\Windows\System32\WindowsPowerShell\v1.0\;C:\Program Files\Intel\Intel(R) Management Engine Components\DAL;C:\Program Files\Intel\Intel(R) Management Engine Components\IPT;C:\Program Files (x86)\Intel\Intel(R) Management Engine Components\DAL;C:\Program Files (x86)\Intel\Intel(R) Management Engine Components\IPT;c:\Program Files\WIDCOMM\Bluetooth Software\;c:\Program Files\WIDCOMM\Bluetooth Software\syswow64;C:\Program Files (x86)\Hewlett-Packard\HP ProtectTools Security Manager\Bin\;C:\Program Files (x86)\Skype\Phone\;C:\Program Files\OpenVPN\bin;C:\androidSDK\platform-tools\;C:\Program Files\Broadcom\Broadcom 802.11;c:\Program Files (x86)\Intel\iCLS Client\;c:\Program Files\Intel\iCLS Client\;C:\ProgramData\Oracle\Java\javapath;C:\Windows\system32;C:\Windows;C:\Windows\System32\Wbem;C:\Windows\System32\WindowsPowerShell\v1.0\;C:\Program Files\Intel\Intel(R) Management Engine Components\DAL;C:\Program Files\Intel\Intel(R) Management Engine Components\IPT;C:\Program Files (x86)\Intel\Intel(R) Management Engine Components\DAL;C:\Program Files (x86)\Intel\Intel(R) Management Engine Components\IPT;c:\Program Files\WIDCOMM\Bluetooth Software\;c:\Program Files\WIDCOMM\Bluetooth Software\syswow64;C:\Program Files (x86)\Hewlett-Packard\HP ProtectTools Security Manager\Bin\;C:\Program Files (x86)\Brackets\command;C:\Program Files (x86)\Skype\Phone\;C:\Program Files (x86)\ufs2tools-0.8\ufs2tools\;C:\Program Files\Git\bin\;C:\androidSDK\platform-tools;C:\gradle\bin
USERNAME=avtseben
OS=Windows_NT
PROCESSOR_IDENTIFIER=Intel64 Family 6 Model 58 Stepping 9, GenuineIntel



---------------  S Y S T E M  ---------------

OS: Windows 7 , 64 bit Build 7601 (6.1.7601.23572)

CPU:total 4 (2 cores per cpu, 2 threads per core) family 6 model 58 stepping 9, cmov, cx8, fxsr, mmx, sse, sse2, sse3, ssse3, sse4.1, sse4.2, popcnt, avx, aes, clmul, erms, ht, tsc, tscinvbit, tscinv

Memory: 4k page, physical 4056748k(380916k free), swap 5123076k(5300k free)

vm_info: Java HotSpot(TM) 64-Bit Server VM (25.73-b02) for windows-amd64 JRE (1.8.0_73-b02), built on Jan 29 2016 17:38:49 by "java_re" with MS VC++ 10.0 (VS2010)

time: Sat Dec 24 11:43:25 2016
elapsed time: 6 seconds (0d 0h 0m 6s)

