#
# There is insufficient memory for the Java Runtime Environment to continue.
# Native memory allocation (malloc) failed to allocate 1813456 bytes for Chunk::new
# Possible reasons:
#   The system is out of physical RAM or swap space
#   In 32 bit mode, the process size limit was hit
# Possible solutions:
#   Reduce memory load on the system
#   Increase physical memory or swap space
#   Check if swap backing store is full
#   Use 64 bit Java on a 64 bit OS
#   Decrease Java heap size (-Xmx/-Xms)
#   Decrease number of Java threads
#   Decrease Java thread stack sizes (-Xss)
#   Set larger code cache with -XX:ReservedCodeCacheSize=
# This output file may be truncated or incomplete.
#
#  Out of Memory Error (allocation.cpp:390), pid=8436, tid=1404
#
# JRE version: Java(TM) SE Runtime Environment (8.0_73-b02) (build 1.8.0_73-b02)
# Java VM: Java HotSpot(TM) 64-Bit Server VM (25.73-b02 mixed mode windows-amd64 compressed oops)
# Failed to write core dump. Minidumps are not enabled by default on client versions of Windows
#

---------------  T H R E A D  ---------------

Current thread (0x0000000056ee3000):  JavaThread "C2 CompilerThread0" daemon [_thread_in_native, id=1404, stack(0x00000000574e0000,0x00000000575e0000)]

Stack: [0x00000000574e0000,0x00000000575e0000]
[error occurred during error reporting (printing stack bounds), id 0xc0000005]

Native frames: (J=compiled Java code, j=interpreted, Vv=VM code, C=native code)


Current CompileTask:
C2:   9158 2027   !   4       com.android.dx.cf.code.BytecodeArray::parseInstruction (2764 bytes)


---------------  P R O C E S S  ---------------

Java Threads: ( => current thread )
  0x0000000057200000 JavaThread "pool-1-thread-4" [_thread_blocked_trans, id=3480, stack(0x0000000058940000,0x0000000058a40000)]
  0x00000000571ff800 JavaThread "pool-1-thread-3" [_thread_blocked, id=3800, stack(0x0000000058810000,0x0000000058910000)]
  0x00000000571fd800 JavaThread "pool-1-thread-2" [_thread_blocked, id=6788, stack(0x00000000586f0000,0x00000000587f0000)]
  0x00000000571fd000 JavaThread "pool-2-thread-1" [_thread_blocked, id=6600, stack(0x00000000578c0000,0x00000000579c0000)]
  0x00000000571d7800 JavaThread "pool-1-thread-1" [_thread_blocked, id=2244, stack(0x0000000058510000,0x0000000058610000)]
  0x0000000056f55000 JavaThread "Service Thread" daemon [_thread_blocked, id=8252, stack(0x0000000057a00000,0x0000000057b00000)]
  0x0000000056ee5800 JavaThread "C1 CompilerThread2" daemon [_thread_blocked, id=5756, stack(0x0000000057790000,0x0000000057890000)]
  0x0000000056ee4800 JavaThread "C2 CompilerThread1" daemon [_thread_in_native, id=2036, stack(0x00000000575f0000,0x00000000576f0000)]
=>0x0000000056ee3000 JavaThread "C2 CompilerThread0" daemon [_thread_in_native, id=1404, stack(0x00000000574e0000,0x00000000575e0000)]
  0x0000000056ee0800 JavaThread "Attach Listener" daemon [_thread_blocked, id=8012, stack(0x0000000056ce0000,0x0000000056de0000)]
  0x0000000054f45800 JavaThread "Signal Dispatcher" daemon [_thread_blocked, id=8944, stack(0x00000000573b0000,0x00000000574b0000)]
  0x0000000054eeb800 JavaThread "Finalizer" daemon [_thread_blocked, id=4152, stack(0x0000000056de0000,0x0000000056ee0000)]
  0x0000000054ee0800 JavaThread "Reference Handler" daemon [_thread_blocked, id=4792, stack(0x0000000056b80000,0x0000000056c80000)]
  0x00000000001ae800 JavaThread "main" [_thread_blocked, id=1100, stack(0x00000000022c0000,0x00000000023c0000)]

Other Threads:
  0x0000000054edb000 VMThread [stack: 0x00000000560c0000,0x00000000561c0000] [id=1768]
  0x0000000056f5a000 WatcherThread [stack: 0x0000000057bb0000,0x0000000057cb0000] [id=340]

VM state:not at safepoint (normal execution)

VM Mutex/Monitor currently owned by a thread: None

Heap:
 PSYoungGen      total 73728K, used 11428K [0x00000000eab00000, 0x00000000f4400000, 0x0000000100000000)
  eden space 63488K, 1% used [0x00000000eab00000,0x00000000eac2a900,0x00000000ee900000)
  from space 10240K, 99% used [0x00000000ee900000,0x00000000ef2fe950,0x00000000ef300000)
  to   space 14848K, 0% used [0x00000000f3580000,0x00000000f3580000,0x00000000f4400000)
 ParOldGen       total 42496K, used 29110K [0x00000000c0000000, 0x00000000c2980000, 0x00000000eab00000)
  object space 42496K, 68% used [0x00000000c0000000,0x00000000c1c6d9e8,0x00000000c2980000)
 Metaspace       used 6275K, capacity 7160K, committed 7296K, reserved 1056768K
  class space    used 610K, capacity 624K, committed 640K, reserved 1048576K

Card table byte_map: [0x0000000011a50000,0x0000000011c60000] byte_map_base: 0x0000000011450000

Marking Bits: (ParMarkBitMap*) 0x00000000569e0600
 Begin Bits: [0x0000000012350000, 0x0000000013350000)
 End Bits:   [0x0000000013350000, 0x0000000014350000)

Polling page: 0x0000000000140000

CodeCache: size=245760Kb used=8943Kb max_used=8984Kb free=236816Kb
 bounds [0x0000000002690000, 0x0000000002f60000, 0x0000000011690000]
 total_blobs=2203 nmethods=1939 adapters=176
 compilation: enabled

Compilation events (10 events):
Event: 9.019 Thread 0x0000000056ee5800 2034       1       java.util.concurrent.locks.AbstractQueuedSynchronizer::compareAndSetState (13 bytes)
Event: 9.019 Thread 0x0000000056ee5800 nmethod 2034 0x0000000002ef2490 code [0x0000000002ef25e0, 0x0000000002ef2710]
Event: 9.048 Thread 0x0000000056ee5800 2035   !   2       com.android.dx.cf.code.RopperMachine::run (1550 bytes)
Event: 9.063 Thread 0x0000000056ee5800 nmethod 2035 0x0000000002f36490 code [0x0000000002f36ee0, 0x0000000002f3bb88]
Event: 9.064 Thread 0x0000000056ee5800 2036  s    2       java.io.ByteArrayOutputStream::write (66 bytes)
Event: 9.064 Thread 0x0000000056ee5800 nmethod 2036 0x0000000002f15610 code [0x0000000002f157a0, 0x0000000002f15c48]
Event: 9.064 Thread 0x0000000056ee5800 2037       2       java.io.ByteArrayOutputStream::ensureCapacity (16 bytes)
Event: 9.064 Thread 0x0000000056ee5800 nmethod 2037 0x0000000002f19950 code [0x0000000002f19ac0, 0x0000000002f19c48]
Event: 9.066 Thread 0x0000000056ee4800 nmethod 1943% 0x0000000002f45b50 code [0x0000000002f464e0, 0x0000000002f4d7f0]
Event: 9.066 Thread 0x0000000056ee4800 2028       4       com.android.dx.ssa.SsaConverter::placePhiFunctions (394 bytes)

GC Heap History (10 events):
Event: 3.811 GC heap before
{Heap before GC invocations=3 (full 0):
 PSYoungGen      total 34304K, used 34298K [0x00000000eab00000, 0x00000000ecf00000, 0x0000000100000000)
  eden space 31744K, 100% used [0x00000000eab00000,0x00000000eca00000,0x00000000eca00000)
  from space 2560K, 99% used [0x00000000ecc80000,0x00000000ecefea98,0x00000000ecf00000)
  to   space 2560K, 0% used [0x00000000eca00000,0x00000000eca00000,0x00000000ecc80000)
 ParOldGen       total 42496K, used 2160K [0x00000000c0000000, 0x00000000c2980000, 0x00000000eab00000)
  object space 42496K, 5% used [0x00000000c0000000,0x00000000c021c118,0x00000000c2980000)
 Metaspace       used 6033K, capacity 7088K, committed 7296K, reserved 1056768K
  class space    used 589K, capacity 616K, committed 640K, reserved 1048576K
Event: 4.133 GC heap after
Heap after GC invocations=3 (full 0):
 PSYoungGen      total 34304K, used 2533K [0x00000000eab00000, 0x00000000ecf00000, 0x0000000100000000)
  eden space 31744K, 0% used [0x00000000eab00000,0x00000000eab00000,0x00000000eca00000)
  from space 2560K, 98% used [0x00000000eca00000,0x00000000ecc79760,0x00000000ecc80000)
  to   space 2560K, 0% used [0x00000000ecc80000,0x00000000ecc80000,0x00000000ecf00000)
 ParOldGen       total 42496K, used 6800K [0x00000000c0000000, 0x00000000c2980000, 0x00000000eab00000)
  object space 42496K, 16% used [0x00000000c0000000,0x00000000c06a4190,0x00000000c2980000)
 Metaspace       used 6033K, capacity 7088K, committed 7296K, reserved 1056768K
  class space    used 589K, capacity 616K, committed 640K, reserved 1048576K
}
Event: 5.086 GC heap before
{Heap before GC invocations=4 (full 0):
 PSYoungGen      total 34304K, used 34277K [0x00000000eab00000, 0x00000000ecf00000, 0x0000000100000000)
  eden space 31744K, 100% used [0x00000000eab00000,0x00000000eca00000,0x00000000eca00000)
  from space 2560K, 98% used [0x00000000eca00000,0x00000000ecc79760,0x00000000ecc80000)
  to   space 2560K, 0% used [0x00000000ecc80000,0x00000000ecc80000,0x00000000ecf00000)
 ParOldGen       total 42496K, used 6800K [0x00000000c0000000, 0x00000000c2980000, 0x00000000eab00000)
  object space 42496K, 16% used [0x00000000c0000000,0x00000000c06a4190,0x00000000c2980000)
 Metaspace       used 6070K, capacity 7088K, committed 7296K, reserved 1056768K
  class space    used 589K, capacity 616K, committed 640K, reserved 1048576K
Event: 5.125 GC heap after
Heap after GC invocations=4 (full 0):
 PSYoungGen      total 34304K, used 2548K [0x00000000eab00000, 0x00000000eee00000, 0x0000000100000000)
  eden space 31744K, 0% used [0x00000000eab00000,0x00000000eab00000,0x00000000eca00000)
  from space 2560K, 99% used [0x00000000ecc80000,0x00000000ecefd028,0x00000000ecf00000)
  to   space 2560K, 0% used [0x00000000eca00000,0x00000000eca00000,0x00000000ecc80000)
 ParOldGen       total 42496K, used 12094K [0x00000000c0000000, 0x00000000c2980000, 0x00000000eab00000)
  object space 42496K, 28% used [0x00000000c0000000,0x00000000c0bcf800,0x00000000c2980000)
 Metaspace       used 6070K, capacity 7088K, committed 7296K, reserved 1056768K
  class space    used 589K, capacity 616K, committed 640K, reserved 1048576K
}
Event: 5.563 GC heap before
{Heap before GC invocations=5 (full 0):
 PSYoungGen      total 34304K, used 34292K [0x00000000eab00000, 0x00000000eee00000, 0x0000000100000000)
  eden space 31744K, 100% used [0x00000000eab00000,0x00000000eca00000,0x00000000eca00000)
  from space 2560K, 99% used [0x00000000ecc80000,0x00000000ecefd028,0x00000000ecf00000)
  to   space 2560K, 0% used [0x00000000eca00000,0x00000000eca00000,0x00000000ecc80000)
 ParOldGen       total 42496K, used 17923K [0x00000000c0000000, 0x00000000c2980000, 0x00000000eab00000)
  object space 42496K, 42% used [0x00000000c0000000,0x00000000c1180d80,0x00000000c2980000)
 Metaspace       used 6118K, capacity 7152K, committed 7296K, reserved 1056768K
  class space    used 589K, capacity 616K, committed 640K, reserved 1048576K
Event: 5.803 GC heap after
Heap after GC invocations=5 (full 0):
 PSYoungGen      total 34304K, used 2558K [0x00000000eab00000, 0x00000000efd00000, 0x0000000100000000)
  eden space 31744K, 0% used [0x00000000eab00000,0x00000000eab00000,0x00000000eca00000)
  from space 2560K, 99% used [0x00000000eca00000,0x00000000ecc7f958,0x00000000ecc80000)
  to   space 10240K, 0% used [0x00000000ef300000,0x00000000ef300000,0x00000000efd00000)
 ParOldGen       total 42496K, used 23166K [0x00000000c0000000, 0x00000000c2980000, 0x00000000eab00000)
  object space 42496K, 54% used [0x00000000c0000000,0x00000000c169fb28,0x00000000c2980000)
 Metaspace       used 6118K, capacity 7152K, committed 7296K, reserved 1056768K
  class space    used 589K, capacity 616K, committed 640K, reserved 1048576K
}
Event: 7.089 GC heap before
{Heap before GC invocations=6 (full 0):
 PSYoungGen      total 34304K, used 34302K [0x00000000eab00000, 0x00000000efd00000, 0x0000000100000000)
  eden space 31744K, 100% used [0x00000000eab00000,0x00000000eca00000,0x00000000eca00000)
  from space 2560K, 99% used [0x00000000eca00000,0x00000000ecc7f958,0x00000000ecc80000)
  to   space 10240K, 0% used [0x00000000ef300000,0x00000000ef300000,0x00000000efd00000)
 ParOldGen       total 42496K, used 23168K [0x00000000c0000000, 0x00000000c2980000, 0x00000000eab00000)
  object space 42496K, 54% used [0x00000000c0000000,0x00000000c16a0280,0x00000000c2980000)
 Metaspace       used 6152K, capacity 7152K, committed 7296K, reserved 1056768K
  class space    used 590K, capacity 616K, committed 640K, reserved 1048576K
Event: 7.121 GC heap after
Heap after GC invocations=6 (full 0):
 PSYoungGen      total 73728K, used 7394K [0x00000000eab00000, 0x00000000efd00000, 0x0000000100000000)
  eden space 63488K, 0% used [0x00000000eab00000,0x00000000eab00000,0x00000000ee900000)
  from space 10240K, 72% used [0x00000000ef300000,0x00000000efa388d0,0x00000000efd00000)
  to   space 10240K, 0% used [0x00000000ee900000,0x00000000ee900000,0x00000000ef300000)
 ParOldGen       total 42496K, used 23168K [0x00000000c0000000, 0x00000000c2980000, 0x00000000eab00000)
  object space 42496K, 54% used [0x00000000c0000000,0x00000000c16a0280,0x00000000c2980000)
 Metaspace       used 6152K, capacity 7152K, committed 7296K, reserved 1056768K
  class space    used 590K, capacity 616K, committed 640K, reserved 1048576K
}
Event: 9.101 GC heap before
{Heap before GC invocations=7 (full 0):
 PSYoungGen      total 73728K, used 70882K [0x00000000eab00000, 0x00000000efd00000, 0x0000000100000000)
  eden space 63488K, 100% used [0x00000000eab00000,0x00000000ee900000,0x00000000ee900000)
  from space 10240K, 72% used [0x00000000ef300000,0x00000000efa388d0,0x00000000efd00000)
  to   space 10240K, 0% used [0x00000000ee900000,0x00000000ee900000,0x00000000ef300000)
 ParOldGen       total 42496K, used 23168K [0x00000000c0000000, 0x00000000c2980000, 0x00000000eab00000)
  object space 42496K, 54% used [0x00000000c0000000,0x00000000c16a0280,0x00000000c2980000)
 Metaspace       used 6275K, capacity 7160K, committed 7296K, reserved 1056768K
  class space    used 610K, capacity 624K, committed 640K, reserved 1048576K
Event: 9.143 GC heap after
Heap after GC invocations=7 (full 0):
 PSYoungGen      total 73728K, used 10234K [0x00000000eab00000, 0x00000000f4400000, 0x0000000100000000)
  eden space 63488K, 0% used [0x00000000eab00000,0x00000000eab00000,0x00000000ee900000)
  from space 10240K, 99% used [0x00000000ee900000,0x00000000ef2fe950,0x00000000ef300000)
  to   space 14848K, 0% used [0x00000000f3580000,0x00000000f3580000,0x00000000f4400000)
 ParOldGen       total 42496K, used 29110K [0x00000000c0000000, 0x00000000c2980000, 0x00000000eab00000)
  object space 42496K, 68% used [0x00000000c0000000,0x00000000c1c6d9e8,0x00000000c2980000)
 Metaspace       used 6275K, capacity 7160K, committed 7296K, reserved 1056768K
  class space    used 610K, capacity 624K, committed 640K, reserved 1048576K
}

Deoptimization events (10 events):
Event: 8.192 Thread 0x0000000057200000 Uncommon trap: reason=unstable_if action=reinterpret pc=0x0000000002e5b4a4 method=com.android.dx.rop.code.BasicBlockList.preferredSuccessorOf(Lcom/android/dx/rop/code/BasicBlock;)Lcom/android/dx/rop/code/BasicBlock; @ 58
Event: 8.463 Thread 0x0000000057200000 Uncommon trap: reason=bimorphic action=maybe_recompile pc=0x0000000002e584d4 method=com.android.dx.ssa.LiteralOpUpgrader.tryReplacingWithConstant(Lcom/android/dx/ssa/NormalSsaInsn;)Z @ 62
Event: 8.701 Thread 0x00000000571ff800 Uncommon trap: reason=bimorphic action=maybe_recompile pc=0x0000000002e3b608 method=com.android.dx.cf.code.BytecodeArray.parseInstruction(ILcom/android/dx/cf/code/BytecodeArray$Visitor;)I @ 971
Event: 8.701 Thread 0x00000000571ff800 Uncommon trap: reason=bimorphic action=maybe_recompile pc=0x0000000002e3b608 method=com.android.dx.cf.code.BytecodeArray.parseInstruction(ILcom/android/dx/cf/code/BytecodeArray$Visitor;)I @ 971
Event: 8.707 Thread 0x00000000571ff800 Uncommon trap: reason=bimorphic action=maybe_recompile pc=0x0000000002e3b57c method=com.android.dx.cf.code.BytecodeArray.parseInstruction(ILcom/android/dx/cf/code/BytecodeArray$Visitor;)I @ 955
Event: 8.707 Thread 0x00000000571ff800 Uncommon trap: reason=bimorphic action=maybe_recompile pc=0x0000000002e3ba64 method=com.android.dx.cf.code.BytecodeArray.parseInstruction(ILcom/android/dx/cf/code/BytecodeArray$Visitor;)I @ 1130
Event: 8.707 Thread 0x00000000571ff800 Uncommon trap: reason=bimorphic action=maybe_recompile pc=0x0000000002e3ba64 method=com.android.dx.cf.code.BytecodeArray.parseInstruction(ILcom/android/dx/cf/code/BytecodeArray$Visitor;)I @ 1130
Event: 8.733 Thread 0x00000000571d7800 Uncommon trap: reason=bimorphic action=maybe_recompile pc=0x0000000002e584d4 method=com.android.dx.ssa.LiteralOpUpgrader.tryReplacingWithConstant(Lcom/android/dx/ssa/NormalSsaInsn;)Z @ 62
Event: 8.964 Thread 0x00000000571fd800 Uncommon trap: reason=unstable_if action=reinterpret pc=0x0000000002c5fbb0 method=com.android.dx.ssa.MoveParamCombiner$1.visitNonMoveInsn(Lcom/android/dx/ssa/NormalSsaInsn;)V @ 27
Event: 9.013 Thread 0x0000000057200000 Uncommon trap: reason=unstable_if action=reinterpret pc=0x0000000002dd0de0 method=com.android.dx.rop.code.DexTranslationAdvice.hasConstantOperation(Lcom/android/dx/rop/code/Rop;Lcom/android/dx/rop/code/RegisterSpec;Lcom/android/dx/rop/code/RegisterSpec;)Z 

Internal exceptions (6 events):
Event: 0.063 Thread 0x00000000001ae800 Exception <a 'java/lang/NoSuchMethodError': Method sun.misc.Unsafe.defineClass(Ljava/lang/String;[BII)Ljava/lang/Class; name or signature does not match> (0x00000000eab130d8) thrown at [D:\re\puppet\workspace\8-2-build-windows-amd64-cygwin\jdk8u73\6086\hot†Cèö=∞?
Event: 0.063 Thread 0x00000000001ae800 Exception <a 'java/lang/NoSuchMethodError': Method sun.misc.Unsafe.prefetchRead(Ljava/lang/Object;J)V name or signature does not match> (0x00000000eab133c0) thrown at [D:\re\puppet\workspace\8-2-build-windows-amd64-cygwin\jdk8u73\6086\hotspot\src\share\vm\èvE‰A@
Event: 3.032 Thread 0x00000000571ff800 Implicit null exception at 0x0000000002b686f3 to 0x0000000002b6b239
Event: 8.091 Thread 0x00000000571ff800 Exception <a 'java/lang/ArrayIndexOutOfBoundsException': 18> (0x00000000eba26938) thrown at [D:\re\puppet\workspace\8-2-build-windows-amd64-cygwin\jdk8u73\6086\hotspot\src\share\vm\interpreter\interpreterRuntime.cpp, line 366]
Event: 8.091 Thread 0x00000000571ff800 Exception <a 'java/lang/ArrayIndexOutOfBoundsException'> (0x00000000eba284b8) thrown at [D:\re\puppet\workspace\8-2-build-windows-amd64-cygwin\jdk8u73\6086\hotspot\src\share\vm\runtime\sharedRuntime.cpp, line 605]
Event: 8.092 Thread 0x00000000571ff800 Exception <a 'java/lang/ArrayIndexOutOfBoundsException'> (0x00000000eba297a0) thrown at [D:\re\puppet\workspace\8-2-build-windows-amd64-cygwin\jdk8u73\6086\hotspot\src\share\vm\runtime\sharedRuntime.cpp, line 605]

Events (10 events):
Event: 8.964 Thread 0x00000000571fd800 Uncommon trap: trap_request=0xffffff65 fr.pc=0x0000000002c5fbb0
Event: 8.964 Thread 0x00000000571fd800 DEOPT PACKING pc=0x0000000002c5fbb0 sp=0x00000000587eec30
Event: 8.964 Thread 0x00000000571fd800 DEOPT UNPACKING pc=0x00000000026d582a sp=0x00000000587eeb88 mode 2
Event: 9.013 Thread 0x0000000057200000 Uncommon trap: trap_request=0xffffff65 fr.pc=0x0000000002dd0de0
Event: 9.013 Thread 0x0000000057200000 DEOPT PACKING pc=0x0000000002dd0de0 sp=0x0000000058a3de10
Event: 9.013 Thread 0x0000000057200000 DEOPT UNPACKING pc=0x00000000026d582a sp=0x0000000058a3dd30 mode 2
Event: 9.014 Thread 0x0000000057200000 DEOPT PACKING pc=0x0000000002ae2719 sp=0x0000000058a3e5f0
Event: 9.014 Thread 0x0000000057200000 DEOPT UNPACKING pc=0x00000000026d787f sp=0x0000000058a3e420 mode 0
Event: 9.100 Executing VM operation: ParallelGCFailedAllocation
Event: 9.143 Executing VM operation: ParallelGCFailedAllocation done


Dynamic libraries:
0x000000013f330000 - 0x000000013f367000 	C:\Program Files\Java\jdk1.8.0_73\bin\java.exe
0x00000000774d0000 - 0x000000007767a000 	C:\Windows\SYSTEM32\ntdll.dll
0x00000000772b0000 - 0x00000000773cf000 	C:\Windows\system32\kernel32.dll
0x000007fefd550000 - 0x000007fefd5ba000 	C:\Windows\system32\KERNELBASE.dll
0x0000000074f00000 - 0x0000000074f87000 	C:\Windows\System32\SYSFER.DLL
0x000007fefef40000 - 0x000007feff01b000 	C:\Windows\system32\ADVAPI32.dll
0x000007feff6d0000 - 0x000007feff76f000 	C:\Windows\system32\msvcrt.dll
0x000007fefdf20000 - 0x000007fefdf3f000 	C:\Windows\SYSTEM32\sechost.dll
0x000007fefd830000 - 0x000007fefd95d000 	C:\Windows\system32\RPCRT4.dll
0x00000000773d0000 - 0x00000000774ca000 	C:\Windows\system32\USER32.dll
0x000007feff770000 - 0x000007feff7d7000 	C:\Windows\system32\GDI32.dll
0x000007fefdc30000 - 0x000007fefdc3e000 	C:\Windows\system32\LPK.dll
0x000007feff580000 - 0x000007feff64a000 	C:\Windows\system32\USP10.dll
0x000007fefc280000 - 0x000007fefc474000 	C:\Windows\WinSxS\amd64_microsoft.windows.common-controls_6595b64144ccf1df_6.0.7601.18837_none_fa3b1e3d17594757\COMCTL32.dll
0x000007feff280000 - 0x000007feff2f1000 	C:\Windows\system32\SHLWAPI.dll
0x000007feff020000 - 0x000007feff04e000 	C:\Windows\system32\IMM32.DLL
0x000007fefd6a0000 - 0x000007fefd7a9000 	C:\Windows\system32\MSCTF.dll
0x0000000055fd0000 - 0x00000000560a2000 	C:\Program Files\Java\jdk1.8.0_73\jre\bin\msvcr100.dll
0x00000000561d0000 - 0x0000000056a60000 	C:\Program Files\Java\jdk1.8.0_73\jre\bin\server\jvm.dll
0x000007fefacb0000 - 0x000007fefacb9000 	C:\Windows\system32\WSOCK32.dll
0x000007fefe160000 - 0x000007fefe1ad000 	C:\Windows\system32\WS2_32.dll
0x000007fefe150000 - 0x000007fefe158000 	C:\Windows\system32\NSI.dll
0x000007fefbb40000 - 0x000007fefbb7b000 	C:\Windows\system32\WINMM.dll
0x000007fefc620000 - 0x000007fefc62c000 	C:\Windows\system32\VERSION.dll
0x00000000776a0000 - 0x00000000776a7000 	C:\Windows\system32\PSAPI.DLL
0x0000000073d50000 - 0x0000000073d5f000 	C:\Program Files\Java\jdk1.8.0_73\jre\bin\verify.dll
0x0000000073610000 - 0x0000000073639000 	C:\Program Files\Java\jdk1.8.0_73\jre\bin\java.dll
0x0000000073650000 - 0x0000000073666000 	C:\Program Files\Java\jdk1.8.0_73\jre\bin\zip.dll
0x000007fefe1b0000 - 0x000007fefef3a000 	C:\Windows\system32\SHELL32.dll
0x000007fefdf40000 - 0x000007fefe143000 	C:\Windows\system32\ole32.dll
0x000007fefd210000 - 0x000007fefd21f000 	C:\Windows\system32\profapi.dll

VM Arguments:
jvm_args: -Djava.awt.headless=true -Xmx1024M -Dfile.encoding=windows-1251 -Duser.country=RU -Duser.language=ru -Duser.variant 
java_command: com.android.dx.command.Main --dex --force-jumbo --num-threads=4 --output C:\asp\NGS_vacancy\app\build\intermediates\pre-dexed\debug\com.android.support-appcompat-v7-24.2.1_b8fc76940b90b1bf31676be24080741d0a073b03.jar C:\asp\NGS_vacancy\app\build\intermediates\exploded-aar\com.android.support\appcompat-v7\24.2.1\jars\classes.jar
java_class_path (initial): C:\Users\avtseben\AppData\Local\Android\Sdk\build-tools\23.0.3\lib\dx.jar
Launcher Type: SUN_STANDARD

Environment Variables:
PATH=C:\Program Files\Broadcom\Broadcom 802.11;c:\Program Files (x86)\Intel\iCLS Client\;c:\Program Files\Intel\iCLS Client\;C:\ProgramData\Oracle\Java\javapath;C:\Windows\system32;C:\Windows;C:\Windows\System32\Wbem;C:\Windows\System32\WindowsPowerShell\v1.0\;C:\Program Files\Intel\Intel(R) Management Engine Components\DAL;C:\Program Files\Intel\Intel(R) Management Engine Components\IPT;C:\Program Files (x86)\Intel\Intel(R) Management Engine Components\DAL;C:\Program Files (x86)\Intel\Intel(R) Management Engine Components\IPT;c:\Program Files\WIDCOMM\Bluetooth Software\;c:\Program Files\WIDCOMM\Bluetooth Software\syswow64;C:\Program Files (x86)\Hewlett-Packard\HP ProtectTools Security Manager\Bin\;C:\Program Files (x86)\Skype\Phone\;C:\Program Files\OpenVPN\bin;C:\androidSDK\platform-tools\;C:\Program Files\Broadcom\Broadcom 802.11;c:\Program Files (x86)\Intel\iCLS Client\;c:\Program Files\Intel\iCLS Client\;C:\ProgramData\Oracle\Java\javapath;C:\Windows\system32;C:\Windows;C:\Windows\System32\Wbem;C:\Windows\System32\WindowsPowerShell\v1.0\;C:\Program Files\Intel\Intel(R) Management Engine Components\DAL;C:\Program Files\Intel\Intel(R) Management Engine Components\IPT;C:\Program Files (x86)\Intel\Intel(R) Management Engine Components\DAL;C:\Program Files (x86)\Intel\Intel(R) Management Engine Components\IPT;c:\Program Files\WIDCOMM\Bluetooth Software\;c:\Program Files\WIDCOMM\Bluetooth Software\syswow64;C:\Program Files (x86)\Hewlett-Packard\HP ProtectTools Security Manager\Bin\;C:\Program Files (x86)\Brackets\command;C:\Program Files (x86)\Skype\Phone\;C:\Program Files (x86)\ufs2tools-0.8\ufs2tools\;C:\Program Files\Git\bin\;C:\androidSDK\platform-tools;C:\gradle\bin
USERNAME=avtseben
OS=Windows_NT
PROCESSOR_IDENTIFIER=Intel64 Family 6 Model 58 Stepping 9, GenuineIntel



---------------  S Y S T E M  ---------------

OS: Windows 7 , 64 bit Build 7601 (6.1.7601.23569)

CPU:total 4 (2 cores per cpu, 2 threads per core) family 6 model 58 stepping 9, cmov, cx8, fxsr, mmx, sse, sse2, sse3, ssse3, sse4.1, sse4.2, popcnt, avx, aes, clmul, erms, ht, tsc, tscinvbit, tscinv

Memory: 4k page, physical 4056748k(589908k free), swap 5111208k(9552k free)

vm_info: Java HotSpot(TM) 64-Bit Server VM (25.73-b02) for windows-amd64 JRE (1.8.0_73-b02), built on Jan 29 2016 17:38:49 by "java_re" with MS VC++ 10.0 (VS2010)

time: Sun Dec 18 18:18:11 2016
elapsed time: 9 seconds (0d 0h 0m 9s)

