#
# There is insufficient memory for the Java Runtime Environment to continue.
# Native memory allocation (malloc) failed to allocate 32744 bytes for ChunkPool::allocate
# Possible reasons:
#   The system is out of physical RAM or swap space
#   In 32 bit mode, the process size limit was hit
# Possible solutions:
#   Reduce memory load on the system
#   Increase physical memory or swap space
#   Check if swap backing store is full
#   Use 64 bit Java on a 64 bit OS
#   Decrease Java heap size (-Xmx/-Xms)
#   Decrease number of Java threads
#   Decrease Java thread stack sizes (-Xss)
#   Set larger code cache with -XX:ReservedCodeCacheSize=
# This output file may be truncated or incomplete.
#
#  Out of Memory Error (allocation.cpp:273), pid=7636, tid=7612
#
# JRE version: Java(TM) SE Runtime Environment (8.0_73-b02) (build 1.8.0_73-b02)
# Java VM: Java HotSpot(TM) 64-Bit Server VM (25.73-b02 mixed mode windows-amd64 compressed oops)
# Failed to write core dump. Minidumps are not enabled by default on client versions of Windows
#

---------------  T H R E A D  ---------------

Current thread (0x0000000056eda000):  JavaThread "C2 CompilerThread1" daemon [_thread_in_native, id=7612, stack(0x0000000056aa0000,0x0000000056ba0000)]

Stack: [0x0000000056aa0000,0x0000000056ba0000]
[error occurred during error reporting (printing stack bounds), id 0xc0000005]

Native frames: (J=compiled Java code, j=interpreted, Vv=VM code, C=native code)


Current CompileTask:
C2:   6568 1345   !   4       com.android.dx.cf.cst.ConstantPoolParser::parse0 (731 bytes)


---------------  P R O C E S S  ---------------

Java Threads: ( => current thread )
  0x00000000571ba800 JavaThread "pool-1-thread-4" [_thread_in_Java, id=7260, stack(0x00000000579d0000,0x0000000057ad0000)]
  0x00000000571b9800 JavaThread "pool-1-thread-3" [_thread_blocked, id=6812, stack(0x0000000057f70000,0x0000000058070000)]
  0x00000000571b9000 JavaThread "pool-1-thread-2" [_thread_blocked, id=4320, stack(0x0000000057e40000,0x0000000057f40000)]
  0x00000000571b8000 JavaThread "pool-2-thread-1" [_thread_blocked, id=8088, stack(0x0000000057c70000,0x0000000057d70000)]
  0x00000000571b7800 JavaThread "pool-1-thread-1" [_thread_blocked, id=4116, stack(0x0000000057b40000,0x0000000057c40000)]
  0x0000000056f2c000 JavaThread "Service Thread" daemon [_thread_blocked, id=2380, stack(0x0000000057860000,0x0000000057960000)]
  0x0000000056f2b000 JavaThread "C1 CompilerThread2" daemon [_thread_blocked, id=6948, stack(0x00000000575f0000,0x00000000576f0000)]
=>0x0000000056eda000 JavaThread "C2 CompilerThread1" daemon [_thread_in_native, id=7612, stack(0x0000000056aa0000,0x0000000056ba0000)]
  0x0000000056ed4800 JavaThread "C2 CompilerThread0" daemon [_thread_blocked, id=1272, stack(0x0000000057450000,0x0000000057550000)]
  0x0000000056ed1800 JavaThread "Attach Listener" daemon [_thread_blocked, id=3516, stack(0x0000000057350000,0x0000000057450000)]
  0x00000000546e2800 JavaThread "Signal Dispatcher" daemon [_thread_blocked, id=6668, stack(0x0000000056ca0000,0x0000000056da0000)]
  0x0000000054682000 JavaThread "Finalizer" daemon [_thread_blocked, id=4308, stack(0x0000000056dd0000,0x0000000056ed0000)]
  0x0000000054680800 JavaThread "Reference Handler" daemon [_thread_blocked, id=6220, stack(0x0000000056ba0000,0x0000000056ca0000)]
  0x000000000075e800 JavaThread "main" [_thread_blocked, id=1760, stack(0x0000000002330000,0x0000000002430000)]

Other Threads:
  0x000000005467b000 VMThread [stack: 0x0000000056980000,0x0000000056a80000] [id=8060]
  0x0000000056f34000 WatcherThread [stack: 0x00000000576f0000,0x00000000577f0000] [id=7360]

VM state:not at safepoint (normal execution)

VM Mutex/Monitor currently owned by a thread: None

Heap:
 PSYoungGen      total 34304K, used 13858K [0x00000000eab00000, 0x00000000ecf00000, 0x0000000100000000)
  eden space 31744K, 35% used [0x00000000eab00000,0x00000000eb608b90,0x00000000eca00000)
  from space 2560K, 100% used [0x00000000ecc80000,0x00000000ecf00000,0x00000000ecf00000)
  to   space 2560K, 0% used [0x00000000eca00000,0x00000000eca00000,0x00000000ecc80000)
 ParOldGen       total 42496K, used 2677K [0x00000000c0000000, 0x00000000c2980000, 0x00000000eab00000)
  object space 42496K, 6% used [0x00000000c0000000,0x00000000c029d648,0x00000000c2980000)
 Metaspace       used 6002K, capacity 7024K, committed 7296K, reserved 1056768K
  class space    used 587K, capacity 616K, committed 640K, reserved 1048576K

Card table byte_map: [0x0000000011ac0000,0x0000000011cd0000] byte_map_base: 0x00000000114c0000

Marking Bits: (ParMarkBitMap*) 0x00000000557a0600
 Begin Bits: [0x00000000122f0000, 0x00000000132f0000)
 End Bits:   [0x00000000132f0000, 0x00000000142f0000)

Polling page: 0x0000000000440000

CodeCache: size=245760Kb used=5716Kb max_used=5729Kb free=240043Kb
 bounds [0x0000000002700000, 0x0000000002ca0000, 0x0000000011700000]
 total_blobs=1630 nmethods=1367 adapters=176
 compilation: enabled

Compilation events (10 events):
Event: 6.261 Thread 0x0000000056ed4800 1371       4       com.android.dx.rop.code.RopMethod::calcPredecessors (227 bytes)
Event: 6.301 Thread 0x0000000056ed4800 nmethod 1371 0x0000000002c9d450 code [0x0000000002c9d640, 0x0000000002c9e978]
Event: 6.301 Thread 0x0000000056ed4800 1337       4       com.android.dx.ssa.SsaMethod$2::visitNonMoveInsn (6 bytes)
Event: 6.302 Thread 0x0000000056ed4800 nmethod 1337 0x0000000002bedad0 code [0x0000000002bedc20, 0x0000000002bedc88]
Event: 6.302 Thread 0x0000000056ed4800 1351       4       com.android.dx.rop.code.RegisterSpec::make (7 bytes)
Event: 6.303 Thread 0x0000000056ed4800 nmethod 1351 0x0000000002c5f610 code [0x0000000002c5f760, 0x0000000002c5f7c8]
Event: 6.303 Thread 0x0000000056ed4800 1296       4       java.util.HashMap::newNode (13 bytes)
Event: 6.304 Thread 0x0000000056ed4800 nmethod 1296 0x0000000002c71a10 code [0x0000000002c71b60, 0x0000000002c71c58]
Event: 6.304 Thread 0x0000000056ed4800 1338       4       com.android.dx.rop.type.Type::isCategory2 (36 bytes)
Event: 6.304 Thread 0x0000000056ed4800 nmethod 1338 0x0000000002c4c950 code [0x0000000002c4ca80, 0x0000000002c4caf8]

GC Heap History (4 events):
Event: 1.388 GC heap before
{Heap before GC invocations=1 (full 0):
 PSYoungGen      total 18432K, used 15872K [0x00000000eab00000, 0x00000000ebf80000, 0x0000000100000000)
  eden space 15872K, 100% used [0x00000000eab00000,0x00000000eba80000,0x00000000eba80000)
  from space 2560K, 0% used [0x00000000ebd00000,0x00000000ebd00000,0x00000000ebf80000)
  to   space 2560K, 0% used [0x00000000eba80000,0x00000000eba80000,0x00000000ebd00000)
 ParOldGen       total 42496K, used 0K [0x00000000c0000000, 0x00000000c2980000, 0x00000000eab00000)
  object space 42496K, 0% used [0x00000000c0000000,0x00000000c0000000,0x00000000c2980000)
 Metaspace       used 5435K, capacity 6576K, committed 6784K, reserved 1056768K
  class space    used 577K, capacity 616K, committed 640K, reserved 1048576K
Event: 1.854 GC heap after
Heap after GC invocations=1 (full 0):
 PSYoungGen      total 18432K, used 2551K [0x00000000eab00000, 0x00000000ecf00000, 0x0000000100000000)
  eden space 15872K, 0% used [0x00000000eab00000,0x00000000eab00000,0x00000000eba80000)
  from space 2560K, 99% used [0x00000000eba80000,0x00000000ebcfde80,0x00000000ebd00000)
  to   space 2560K, 0% used [0x00000000ecc80000,0x00000000ecc80000,0x00000000ecf00000)
 ParOldGen       total 42496K, used 708K [0x00000000c0000000, 0x00000000c2980000, 0x00000000eab00000)
  object space 42496K, 1% used [0x00000000c0000000,0x00000000c00b1318,0x00000000c2980000)
 Metaspace       used 5435K, capacity 6576K, committed 6784K, reserved 1056768K
  class space    used 577K, capacity 616K, committed 640K, reserved 1048576K
}
Event: 3.440 GC heap before
{Heap before GC invocations=2 (full 0):
 PSYoungGen      total 18432K, used 18423K [0x00000000eab00000, 0x00000000ecf00000, 0x0000000100000000)
  eden space 15872K, 100% used [0x00000000eab00000,0x00000000eba80000,0x00000000eba80000)
  from space 2560K, 99% used [0x00000000eba80000,0x00000000ebcfde80,0x00000000ebd00000)
  to   space 2560K, 0% used [0x00000000ecc80000,0x00000000ecc80000,0x00000000ecf00000)
 ParOldGen       total 42496K, used 708K [0x00000000c0000000, 0x00000000c2980000, 0x00000000eab00000)
  object space 42496K, 1% used [0x00000000c0000000,0x00000000c00b1318,0x00000000c2980000)
 Metaspace       used 5822K, capacity 6896K, committed 7040K, reserved 1056768K
  class space    used 586K, capacity 616K, committed 640K, reserved 1048576K
Event: 5.171 GC heap after
Heap after GC invocations=2 (full 0):
 PSYoungGen      total 34304K, used 2560K [0x00000000eab00000, 0x00000000ecf00000, 0x0000000100000000)
  eden space 31744K, 0% used [0x00000000eab00000,0x00000000eab00000,0x00000000eca00000)
  from space 2560K, 100% used [0x00000000ecc80000,0x00000000ecf00000,0x00000000ecf00000)
  to   space 2560K, 0% used [0x00000000eca00000,0x00000000eca00000,0x00000000ecc80000)
 ParOldGen       total 42496K, used 2677K [0x00000000c0000000, 0x00000000c2980000, 0x00000000eab00000)
  object space 42496K, 6% used [0x00000000c0000000,0x00000000c029d648,0x00000000c2980000)
 Metaspace       used 5822K, capacity 6896K, committed 7040K, reserved 1056768K
  class space    used 586K, capacity 616K, committed 640K, reserved 1048576K
}

Deoptimization events (10 events):
Event: 2.362 Thread 0x00000000571b9000 Uncommon trap: reason=class_check action=maybe_recompile pc=0x0000000002ab15f0 method=com.android.dx.rop.type.Type.equals(Ljava/lang/Object;)Z @ 8
Event: 2.362 Thread 0x00000000571b9000 Uncommon trap: reason=class_check action=maybe_recompile pc=0x0000000002ab15f0 method=com.android.dx.rop.type.Type.equals(Ljava/lang/Object;)Z @ 8
Event: 2.366 Thread 0x00000000571b9000 Uncommon trap: reason=class_check action=maybe_recompile pc=0x0000000002ab15f0 method=com.android.dx.rop.type.Type.equals(Ljava/lang/Object;)Z @ 8
Event: 2.366 Thread 0x00000000571b9000 Uncommon trap: reason=class_check action=maybe_recompile pc=0x0000000002ab15f0 method=com.android.dx.rop.type.Type.equals(Ljava/lang/Object;)Z @ 8
Event: 2.370 Thread 0x00000000571b9000 Uncommon trap: reason=class_check action=maybe_recompile pc=0x0000000002aa1ed0 method=com.android.dx.rop.type.Type.equals(Ljava/lang/Object;)Z @ 8
Event: 2.414 Thread 0x00000000571b9000 Uncommon trap: reason=class_check action=maybe_recompile pc=0x00000000029d1074 method=com.android.dx.rop.type.Type.equals(Ljava/lang/Object;)Z @ 8
Event: 2.414 Thread 0x00000000571b9000 Uncommon trap: reason=unstable_if action=reinterpret pc=0x000000000290a98c method=java.util.HashMap.getNode(ILjava/lang/Object;)Ljava/util/HashMap$Node; @ 129
Event: 2.416 Thread 0x00000000571b9000 Uncommon trap: reason=unstable_if action=reinterpret pc=0x0000000002a05764 method=java.util.BitSet.ensureCapacity(I)V @ 6
Event: 2.417 Thread 0x00000000571b9000 Uncommon trap: reason=unstable_if action=reinterpret pc=0x00000000029229a0 method=java.util.BitSet.nextSetBit(I)I @ 87
Event: 5.968 Thread 0x000000000075e800 Uncommon trap: reason=null_check action=make_not_entrant pc=0x0000000002b7d810 method=com.android.dx.rop.type.Type.equals(Ljava/lang/Object;)Z @ 8

Internal exceptions (3 events):
Event: 0.165 Thread 0x000000000075e800 Exception <a 'java/lang/NoSuchMethodError': Method sun.misc.Unsafe.defineClass(Ljava/lang/String;[BII)Ljava/lang/Class; name or signature does not match> (0x00000000eab130d8) thrown at [D:\re\puppet\workspace\8-2-build-windows-amd64-cygwin\jdk8u73\6086\hot<í´ŒÁ!Å?
Event: 0.165 Thread 0x000000000075e800 Exception <a 'java/lang/NoSuchMethodError': Method sun.misc.Unsafe.prefetchRead(Ljava/lang/Object;J)V name or signature does not match> (0x00000000eab133c0) thrown at [D:\re\puppet\workspace\8-2-build-windows-amd64-cygwin\jdk8u73\6086\hotspot\src\share\vm\õù½÷Þ@
Event: 5.968 Thread 0x000000000075e800 Implicit null exception at 0x0000000002b7d712 to 0x0000000002b7d802

Events (10 events):
Event: 2.862 Executing VM operation: Deoptimize done
Event: 2.989 Executing VM operation: ParallelGCFailedAllocation
Event: 5.171 Executing VM operation: ParallelGCFailedAllocation done
Event: 5.902 loading class com/android/dx/cf/attrib/AttRuntimeInvisibleAnnotations
Event: 5.902 loading class com/android/dx/cf/attrib/AttRuntimeInvisibleAnnotations done
Event: 5.902 loading class com/android/dx/cf/attrib/BaseAnnotations
Event: 5.902 loading class com/android/dx/cf/attrib/BaseAnnotations done
Event: 5.968 Thread 0x000000000075e800 Uncommon trap: trap_request=0xfffffff4 fr.pc=0x0000000002b7d810
Event: 5.968 Thread 0x000000000075e800 DEOPT PACKING pc=0x0000000002b7d810 sp=0x000000000242e260
Event: 5.968 Thread 0x000000000075e800 DEOPT UNPACKING pc=0x000000000274582a sp=0x000000000242e1e8 mode 2


Dynamic libraries:
0x000000013fd20000 - 0x000000013fd57000 	C:\Program Files\Java\jdk1.8.0_73\bin\java.exe
0x0000000077540000 - 0x00000000776ea000 	C:\Windows\SYSTEM32\ntdll.dll
0x0000000077420000 - 0x000000007753f000 	C:\Windows\system32\kernel32.dll
0x000007fefd330000 - 0x000007fefd39a000 	C:\Windows\system32\KERNELBASE.dll
0x0000000074f70000 - 0x0000000074ff7000 	C:\Windows\System32\SYSFER.DLL
0x000007fefd630000 - 0x000007fefd70b000 	C:\Windows\system32\ADVAPI32.dll
0x000007fefeb80000 - 0x000007fefec1f000 	C:\Windows\system32\msvcrt.dll
0x000007feff620000 - 0x000007feff63f000 	C:\Windows\SYSTEM32\sechost.dll
0x000007fefe6d0000 - 0x000007fefe7fd000 	C:\Windows\system32\RPCRT4.dll
0x0000000077320000 - 0x000000007741a000 	C:\Windows\system32\USER32.dll
0x000007fefec70000 - 0x000007fefecd7000 	C:\Windows\system32\GDI32.dll
0x000007fefe880000 - 0x000007fefe88e000 	C:\Windows\system32\LPK.dll
0x000007feff550000 - 0x000007feff61a000 	C:\Windows\system32\USP10.dll
0x000007fefc1d0000 - 0x000007fefc3c4000 	C:\Windows\WinSxS\amd64_microsoft.windows.common-controls_6595b64144ccf1df_6.0.7601.18837_none_fa3b1e3d17594757\COMCTL32.dll
0x000007fefd820000 - 0x000007fefd891000 	C:\Windows\system32\SHLWAPI.dll
0x000007fefd7f0000 - 0x000007fefd81e000 	C:\Windows\system32\IMM32.DLL
0x000007fefeec0000 - 0x000007fefefc9000 	C:\Windows\system32\MSCTF.dll
0x0000000054990000 - 0x0000000054a62000 	C:\Program Files\Java\jdk1.8.0_73\jre\bin\msvcr100.dll
0x0000000054f90000 - 0x0000000055820000 	C:\Program Files\Java\jdk1.8.0_73\jre\bin\server\jvm.dll
0x000007feec600000 - 0x000007feec609000 	C:\Windows\system32\WSOCK32.dll
0x000007fefec20000 - 0x000007fefec6d000 	C:\Windows\system32\WS2_32.dll
0x000007fefeb70000 - 0x000007fefeb78000 	C:\Windows\system32\NSI.dll
0x000007fefbed0000 - 0x000007fefbf0b000 	C:\Windows\system32\WINMM.dll
0x000007fefc5b0000 - 0x000007fefc5bc000 	C:\Windows\system32\VERSION.dll
0x0000000077700000 - 0x0000000077707000 	C:\Windows\system32\PSAPI.DLL
0x0000000054f80000 - 0x0000000054f8f000 	C:\Program Files\Java\jdk1.8.0_73\jre\bin\verify.dll
0x0000000054f50000 - 0x0000000054f79000 	C:\Program Files\Java\jdk1.8.0_73\jre\bin\java.dll
0x0000000054f30000 - 0x0000000054f46000 	C:\Program Files\Java\jdk1.8.0_73\jre\bin\zip.dll
0x000007fefd8a0000 - 0x000007fefe62a000 	C:\Windows\system32\SHELL32.dll
0x000007feff640000 - 0x000007feff843000 	C:\Windows\system32\ole32.dll
0x000007fefd280000 - 0x000007fefd28f000 	C:\Windows\system32\profapi.dll

VM Arguments:
jvm_args: -Djava.awt.headless=true -Xmx1024M -Dfile.encoding=windows-1251 -Duser.country=RU -Duser.language=ru -Duser.variant 
java_command: com.android.dx.command.Main --dex --force-jumbo --num-threads=4 --output C:\asp\NGS_vacancy\app\build\intermediates\pre-dexed\debug\internal_impl-24.2.1_0236ed26d861c9b6b62f3a4e3f74dc6413c60737.jar C:\asp\NGS_vacancy\app\build\intermediates\exploded-aar\com.android.support\support-compat\24.2.1\jars\libs\internal_impl-24.2.1.jar
java_class_path (initial): C:\Users\avtseben\AppData\Local\Android\Sdk\build-tools\23.0.3\lib\dx.jar
Launcher Type: SUN_STANDARD

Environment Variables:
PATH=C:\Program Files\Broadcom\Broadcom 802.11;c:\Program Files (x86)\Intel\iCLS Client\;c:\Program Files\Intel\iCLS Client\;C:\ProgramData\Oracle\Java\javapath;C:\Windows\system32;C:\Windows;C:\Windows\System32\Wbem;C:\Windows\System32\WindowsPowerShell\v1.0\;C:\Program Files\Intel\Intel(R) Management Engine Components\DAL;C:\Program Files\Intel\Intel(R) Management Engine Components\IPT;C:\Program Files (x86)\Intel\Intel(R) Management Engine Components\DAL;C:\Program Files (x86)\Intel\Intel(R) Management Engine Components\IPT;c:\Program Files\WIDCOMM\Bluetooth Software\;c:\Program Files\WIDCOMM\Bluetooth Software\syswow64;C:\Program Files (x86)\Hewlett-Packard\HP ProtectTools Security Manager\Bin\;C:\Program Files (x86)\Skype\Phone\;C:\Program Files\OpenVPN\bin;C:\androidSDK\platform-tools\;C:\Program Files\Broadcom\Broadcom 802.11;c:\Program Files (x86)\Intel\iCLS Client\;c:\Program Files\Intel\iCLS Client\;C:\ProgramData\Oracle\Java\javapath;C:\Windows\system32;C:\Windows;C:\Windows\System32\Wbem;C:\Windows\System32\WindowsPowerShell\v1.0\;C:\Program Files\Intel\Intel(R) Management Engine Components\DAL;C:\Program Files\Intel\Intel(R) Management Engine Components\IPT;C:\Program Files (x86)\Intel\Intel(R) Management Engine Components\DAL;C:\Program Files (x86)\Intel\Intel(R) Management Engine Components\IPT;c:\Program Files\WIDCOMM\Bluetooth Software\;c:\Program Files\WIDCOMM\Bluetooth Software\syswow64;C:\Program Files (x86)\Hewlett-Packard\HP ProtectTools Security Manager\Bin\;C:\Program Files (x86)\Brackets\command;C:\Program Files (x86)\Skype\Phone\;C:\Program Files (x86)\ufs2tools-0.8\ufs2tools\;C:\Program Files\Git\bin\;C:\androidSDK\platform-tools;C:\gradle\bin
USERNAME=avtseben
OS=Windows_NT
PROCESSOR_IDENTIFIER=Intel64 Family 6 Model 58 Stepping 9, GenuineIntel



---------------  S Y S T E M  ---------------

OS: Windows 7 , 64 bit Build 7601 (6.1.7601.23572)

CPU:total 4 (2 cores per cpu, 2 threads per core) family 6 model 58 stepping 9, cmov, cx8, fxsr, mmx, sse, sse2, sse3, ssse3, sse4.1, sse4.2, popcnt, avx, aes, clmul, erms, ht, tsc, tscinvbit, tscinv

Memory: 4k page, physical 4056748k(111640k free), swap 5123076k(5152k free)

vm_info: Java HotSpot(TM) 64-Bit Server VM (25.73-b02) for windows-amd64 JRE (1.8.0_73-b02), built on Jan 29 2016 17:38:49 by "java_re" with MS VC++ 10.0 (VS2010)

time: Thu Dec 22 23:41:57 2016
elapsed time: 6 seconds (0d 0h 0m 6s)

